==137230== NVPROF is profiling process 137230, command: hotspot_offload 1024 1024 2 128 ../../data/hotspot/temp_1024 ../../data/hotspot/power_1024 output.out
==137230== Profiling application: hotspot_offload 1024 1024 2 128 ../../data/hotspot/temp_1024 ../../data/hotspot/power_1024 output.out
==137230== Profiling result:
            Type  Time(%)      Time     Calls       Avg       Min       Max  Name
                        %        ms                  ms        ms        ms
 GPU activities:    99.95  5.35e+03         1  5.35e+03  5.35e+03  5.35e+03  __omp_offloading_30_958188__Z17compute_tran_tempPfiS_S_ii_l183
                     0.04  1.928440         3  0.642813  1.70e-03  1.540666  [CUDA memcpy DtoH]
                     0.02  0.929308        11  0.084482  1.28e-03  0.355902  [CUDA memcpy HtoD]
      API calls:    93.72  5.35e+03         2  2.68e+03  2.875279  5.35e+03  cuMemcpyDtoHAsync
                     3.84  219.0705         1  219.0705  219.0705  219.0705  cuDevicePrimaryCtxRetain
                     1.73  98.64697         1  98.64697  98.64697  98.64697  cuDevicePrimaryCtxRelease
                     0.52  29.47614         1  29.47614  29.47614  29.47614  cuModuleLoadDataEx
                     0.10  5.890521         1  5.890521  5.890521  5.890521  cuModuleUnload
                     0.03  1.567231        11  0.142475  7.61e-03  0.393925  cuMemAlloc
                     0.02  1.207280        11  0.109752  6.16e-03  0.432302  cuMemcpyHtoDAsync
                     0.01  0.793976        32  0.024811  4.07e-03  0.341064  cuStreamCreate
                     0.01  0.734291         3  0.244763  0.202397  0.328841  cuMemFree
                     0.01  0.491950         1  0.491950  0.491950  0.491950  cuLaunchKernel
                     0.01  0.397956        32  0.012436  0.011410  0.030044  cuStreamDestroy
                     0.00  0.039942         1  0.039942  0.039942  0.039942  cuMemcpyDtoH
                     0.00  0.018693        36  5.19e-04  3.63e-04  1.59e-03  cuCtxSetCurrent
                     0.00  9.18e-03         1  9.18e-03  9.18e-03  9.18e-03  cuStreamSynchronize
                     0.00  8.33e-03         4  2.08e-03  1.10e-03  3.45e-03  cuDeviceGetPCIBusId
                     0.00  6.46e-03        15  4.30e-04  2.65e-04  1.51e-03  cuDeviceGetAttribute
                     0.00  4.06e-03         5  8.12e-04  4.44e-04  2.07e-03  cuDeviceGet
                     0.00  2.55e-03         2  1.27e-03  6.80e-04  1.87e-03  cuModuleGetGlobal
                     0.00  2.10e-03         1  2.10e-03  2.10e-03  2.10e-03  cuFuncGetAttribute
                     0.00  1.99e-03         1  1.99e-03  1.99e-03  1.99e-03  cuDevicePrimaryCtxGetState
                     0.00  1.38e-03         3  4.58e-04  3.64e-04  5.61e-04  cuDeviceGetCount
                     0.00  1.21e-03         1  1.21e-03  1.21e-03  1.21e-03  cuModuleGetFunction
                     0.00  6.64e-04         1  6.64e-04  6.64e-04  6.64e-04  cuCtxGetDevice
                     0.00  5.43e-04         1  5.43e-04  5.43e-04  5.43e-04  cuDevicePrimaryCtxSetFlags
