==136957== NVPROF is profiling process 136957, command: hotspot_offload 1024 1024 2 16 ../../data/hotspot/temp_1024 ../../data/hotspot/power_1024 output.out
==136957== Profiling application: hotspot_offload 1024 1024 2 16 ../../data/hotspot/temp_1024 ../../data/hotspot/power_1024 output.out
==136957== Profiling result:
            Type  Time(%)      Time     Calls       Avg       Min       Max  Name
                        %        ms                  ms        ms        ms
 GPU activities:    99.95  5.38e+03         1  5.38e+03  5.38e+03  5.38e+03  __omp_offloading_30_958188__Z17compute_tran_tempPfiS_S_ii_l183
                     0.04  1.950807         3  0.650269  1.70e-03  1.561913  [CUDA memcpy DtoH]
                     0.02  0.920028        11  0.083638  1.28e-03  0.349502  [CUDA memcpy HtoD]
      API calls:    94.32  5.39e+03         2  2.69e+03  2.926250  5.38e+03  cuMemcpyDtoHAsync
                     3.24  185.1334         1  185.1334  185.1334  185.1334  cuDevicePrimaryCtxRetain
                     1.73  98.90346         1  98.90346  98.90346  98.90346  cuDevicePrimaryCtxRelease
                     0.51  29.39897         1  29.39897  29.39897  29.39897  cuModuleLoadDataEx
                     0.10  5.831360         1  5.831360  5.831360  5.831360  cuModuleUnload
                     0.03  1.562480        11  0.142043  7.97e-03  0.392402  cuMemAlloc
                     0.02  1.201859        11  0.109259  6.13e-03  0.437254  cuMemcpyHtoDAsync
                     0.01  0.789292        32  0.024665  4.08e-03  0.336916  cuStreamCreate
                     0.01  0.698485         3  0.232828  0.197833  0.298921  cuMemFree
                     0.01  0.486879         1  0.486879  0.486879  0.486879  cuLaunchKernel
                     0.01  0.394078        32  0.012314  0.011527  0.024421  cuStreamDestroy
                     0.00  0.041856         1  0.041856  0.041856  0.041856  cuMemcpyDtoH
                     0.00  0.018294        36  5.08e-04  3.05e-04  1.49e-03  cuCtxSetCurrent
                     0.00  8.33e-03         4  2.08e-03  1.15e-03  3.31e-03  cuDeviceGetPCIBusId
                     0.00  7.93e-03         1  7.93e-03  7.93e-03  7.93e-03  cuStreamSynchronize
                     0.00  6.17e-03        15  4.11e-04  2.76e-04  1.11e-03  cuDeviceGetAttribute
                     0.00  4.00e-03         5  8.00e-04  4.24e-04  2.06e-03  cuDeviceGet
                     0.00  2.75e-03         2  1.37e-03  8.36e-04  1.91e-03  cuModuleGetGlobal
                     0.00  1.79e-03         1  1.79e-03  1.79e-03  1.79e-03  cuDevicePrimaryCtxGetState
                     0.00  1.58e-03         1  1.58e-03  1.58e-03  1.58e-03  cuFuncGetAttribute
                     0.00  1.47e-03         3  4.88e-04  4.04e-04  5.63e-04  cuDeviceGetCount
                     0.00  1.44e-03         1  1.44e-03  1.44e-03  1.44e-03  cuModuleGetFunction
                     0.00  5.84e-04         1  5.84e-04  5.84e-04  5.84e-04  cuDevicePrimaryCtxSetFlags
                     0.00  4.47e-04         1  4.47e-04  4.47e-04  4.47e-04  cuCtxGetDevice
