==27063== NVPROF is profiling process 27063, command: hotspot_offload 1024 1024 2 32 ../../data/hotspot/temp_1024 ../../data/hotspot/power_1024 output.out
==27063== Profiling application: hotspot_offload 1024 1024 2 32 ../../data/hotspot/temp_1024 ../../data/hotspot/power_1024 output.out
==27063== Profiling result:
            Type  Time(%)      Time     Calls       Avg       Min       Max  Name
                        %        ms                  ms        ms        ms
 GPU activities:    99.95  5.35e+03         1  5.35e+03  5.35e+03  5.35e+03  __omp_offloading_30_958188__Z17compute_tran_tempPfiS_S_ii_l183
                     0.03  1.759511         3  0.586503  1.70e-03  1.379577  [CUDA memcpy DtoH]
                     0.02  0.908443        11  0.082585  1.28e-03  0.341918  [CUDA memcpy HtoD]
      API calls:    94.40  5.35e+03         2  2.68e+03  2.688729  5.35e+03  cuMemcpyDtoHAsync
                     3.21  182.0325         1  182.0325  182.0325  182.0325  cuDevicePrimaryCtxRetain
                     1.68  95.32853         1  95.32853  95.32853  95.32853  cuDevicePrimaryCtxRelease
                     0.51  29.10546         1  29.10546  29.10546  29.10546  cuModuleLoadDataEx
                     0.11  6.003554         1  6.003554  6.003554  6.003554  cuModuleUnload
                     0.03  1.554052        11  0.141277  7.84e-03  0.387654  cuMemAlloc
                     0.02  1.218333        11  0.110757  5.44e-03  0.435321  cuMemcpyHtoDAsync
                     0.01  0.783772        32  0.024492  4.01e-03  0.339758  cuStreamCreate
                     0.01  0.774509         3  0.258169  0.201296  0.369034  cuMemFree
                     0.01  0.474453         1  0.474453  0.474453  0.474453  cuLaunchKernel
                     0.01  0.385653        32  0.012051  0.011140  0.024140  cuStreamDestroy
                     0.00  0.033188         1  0.033188  0.033188  0.033188  cuMemcpyDtoH
                     0.00  0.018479        36  5.13e-04  3.12e-04  1.17e-03  cuCtxSetCurrent
                     0.00  8.87e-03         1  8.87e-03  8.87e-03  8.87e-03  cuStreamSynchronize
                     0.00  8.41e-03         4  2.10e-03  1.13e-03  3.47e-03  cuDeviceGetPCIBusId
                     0.00  5.61e-03        15  3.74e-04  2.69e-04  6.23e-04  cuDeviceGetAttribute
                     0.00  4.04e-03         5  8.07e-04  4.57e-04  1.95e-03  cuDeviceGet
                     0.00  2.54e-03         2  1.27e-03  7.67e-04  1.77e-03  cuModuleGetGlobal
                     0.00  1.44e-03         3  4.79e-04  3.59e-04  5.80e-04  cuDeviceGetCount
                     0.00  1.38e-03         1  1.38e-03  1.38e-03  1.38e-03  cuModuleGetFunction
                     0.00  1.23e-03         1  1.23e-03  1.23e-03  1.23e-03  cuDevicePrimaryCtxGetState
                     0.00  1.00e-03         1  1.00e-03  1.00e-03  1.00e-03  cuFuncGetAttribute
                     0.00  5.72e-04         1  5.72e-04  5.72e-04  5.72e-04  cuDevicePrimaryCtxSetFlags
                     0.00  5.07e-04         1  5.07e-04  5.07e-04  5.07e-04  cuCtxGetDevice
