==137139== NVPROF is profiling process 137139, command: hotspot_offload 1024 1024 2 64 ../../data/hotspot/temp_1024 ../../data/hotspot/power_1024 output.out
==137139== Profiling application: hotspot_offload 1024 1024 2 64 ../../data/hotspot/temp_1024 ../../data/hotspot/power_1024 output.out
==137139== Profiling result:
            Type  Time(%)      Time     Calls       Avg       Min       Max  Name
                        %        ms                  ms        ms        ms
 GPU activities:    99.94  5.34e+03         1  5.34e+03  5.34e+03  5.34e+03  __omp_offloading_30_958188__Z17compute_tran_tempPfiS_S_ii_l183
                     0.04  2.164694         3  0.721564  1.66e-03  1.774200  [CUDA memcpy DtoH]
                     0.02  0.941468        11  0.085588  1.28e-03  0.353214  [CUDA memcpy HtoD]
      API calls:    94.27  5.35e+03         2  2.67e+03  3.308883  5.34e+03  cuMemcpyDtoHAsync
                     3.26  185.0275         1  185.0275  185.0275  185.0275  cuDevicePrimaryCtxRetain
                     1.75  99.35680         1  99.35680  99.35680  99.35680  cuDevicePrimaryCtxRelease
                     0.52  29.46709         1  29.46709  29.46709  29.46709  cuModuleLoadDataEx
                     0.10  5.866870         1  5.866870  5.866870  5.866870  cuModuleUnload
                     0.03  1.580579        11  0.143689  7.82e-03  0.397800  cuMemAlloc
                     0.02  1.242791        11  0.112981  6.11e-03  0.440679  cuMemcpyHtoDAsync
                     0.01  0.800453        32  0.025014  4.08e-03  0.343009  cuStreamCreate
                     0.01  0.723084         3  0.241028  0.201048  0.318698  cuMemFree
                     0.01  0.491441         1  0.491441  0.491441  0.491441  cuLaunchKernel
                     0.01  0.404164        32  0.012630  0.011617  0.028499  cuStreamDestroy
                     0.00  0.040574         1  0.040574  0.040574  0.040574  cuMemcpyDtoH
                     0.00  0.019343        36  5.37e-04  3.15e-04  1.83e-03  cuCtxSetCurrent
                     0.00  9.30e-03         1  9.30e-03  9.30e-03  9.30e-03  cuStreamSynchronize
                     0.00  8.23e-03         4  2.06e-03  1.13e-03  3.53e-03  cuDeviceGetPCIBusId
                     0.00  7.29e-03        15  4.86e-04  2.89e-04  1.22e-03  cuDeviceGetAttribute
                     0.00  3.86e-03         5  7.71e-04  4.86e-04  1.68e-03  cuDeviceGet
                     0.00  2.78e-03         2  1.39e-03  8.07e-04  1.97e-03  cuModuleGetGlobal
                     0.00  2.04e-03         1  2.04e-03  2.04e-03  2.04e-03  cuDevicePrimaryCtxGetState
                     0.00  1.45e-03         3  4.83e-04  3.67e-04  5.74e-04  cuDeviceGetCount
                     0.00  1.41e-03         1  1.41e-03  1.41e-03  1.41e-03  cuModuleGetFunction
                     0.00  1.21e-03         1  1.21e-03  1.21e-03  1.21e-03  cuFuncGetAttribute
                     0.00  6.52e-04         1  6.52e-04  6.52e-04  6.52e-04  cuDevicePrimaryCtxSetFlags
                     0.00  4.26e-04         1  4.26e-04  4.26e-04  4.26e-04  cuCtxGetDevice
