==123694== NVPROF is profiling process 123694, command: hotspot_offload 512 512 2 64 ../../data/hotspot/temp_512 ../../data/hotspot/power_512 output.out
==123694== Some kernel(s) will be replayed on device 0 in order to collect all events/metrics.
==123694== Profiling application: hotspot_offload 512 512 2 64 ../../data/hotspot/temp_512 ../../data/hotspot/power_512 output.out
==123694== Profiling result:
==123694== Event result:
Invocations                                Event Name         Min         Max         Avg       Total
Device "Tesla V100-SXM2-16GB (0)"
    Kernel: __omp_offloading_30_958188__Z17compute_tran_tempPfiS_S_ii_l183
          1                     fb_subp0_read_sectors       40074       40074       40074       40074
          1                     fb_subp1_read_sectors       40364       40364       40364       40364
          1                    fb_subp0_write_sectors       38365       38365       38365       38365
          1                    fb_subp1_write_sectors       38217       38217       38217       38217
          1              l2_subp0_write_sector_misses       39164       39164       39164       39164
          1              l2_subp1_write_sector_misses       39084       39084       39084       39084
          1               l2_subp0_read_sector_misses       41604       41604       41604       41604
          1               l2_subp1_read_sector_misses       41726       41726       41726       41726
          1          l2_subp0_read_tex_sector_queries       64848       64848       64848       64848
          1          l2_subp1_read_tex_sector_queries       64790       64790       64790       64790
          1         l2_subp0_write_tex_sector_queries      793255      793255      793255      793255
          1         l2_subp1_write_tex_sector_queries      944988      944988      944988      944988
          1             l2_subp0_read_tex_hit_sectors       48867       48867       48867       48867
          1             l2_subp1_read_tex_hit_sectors       48883       48883       48883       48883
          1            l2_subp0_write_tex_hit_sectors      940668      940668      940668      940668
          1            l2_subp1_write_tex_hit_sectors      789023      789023      789023      789023
          1        l2_subp0_total_read_sector_queries       96540       96540       96540       96540
          1        l2_subp1_total_read_sector_queries     6167992     6167992     6167992     6167992
          1       l2_subp0_total_write_sector_queries      945003      945003      945003      945003
          1       l2_subp1_total_write_sector_queries      793362      793362      793362      793362
          1       l2_subp0_read_sysmem_sector_queries           0           0           0           0
          1       l2_subp1_read_sysmem_sector_queries     6072097     6072097     6072097     6072097
          1      l2_subp0_write_sysmem_sector_queries           0           0           0           0
          1      l2_subp1_write_sysmem_sector_queries           5           5           5           5
          1                         elapsed_cycles_sm  1.6413e+11  1.6413e+11  1.6413e+11  1.6413e+11
          1                           prof_trigger_00           0           0           0           0
          1                           prof_trigger_01           0           0           0           0
          1                           prof_trigger_02           0           0           0           0
          1                           prof_trigger_03           0           0           0           0
          1                           prof_trigger_04           0           0           0           0
          1                           prof_trigger_05           0           0           0           0
          1                           prof_trigger_06           0           0           0           0
          1                           prof_trigger_07           0           0           0           0
          1                            warps_launched           2           2           2           2
          1                              inst_issued0  3969104761  3969104761  3969104761  3969104761
          1                              inst_issued1   126218266   126218266   126218266   126218266
          1                             inst_executed   126218234   126218234   126218234   126218234
          1                      thread_inst_executed   326743216   326743216   326743216   326743216
          1   not_predicated_off_thread_inst_executed   325542389   325542389   325542389   325542389
          1                             active_cycles  2047562286  2047562286  2047562286  2047562286
          1                              active_warps  7820107724  7820107724  7820107724  7820107724
          1                               shared_atom           0           0           0           0
          1                           sm_cta_launched           1           1           1           1
          1                           shared_atom_cas           0           0           0           0
          1                               shared_load           0           0           0           0
          1                              shared_store           0           0           0           0
          1                              generic_load    11570475    11570475    11570475    11570475
          1                             generic_store     1737773     1737773     1737773     1737773
          1                               global_load           0           0           0           0
          1                              global_store           0           0           0           0
          1                                local_load         466         466         466         466
          1                               local_store         464         464         464         464
          1                                atom_count           8           8           8           8
          1                                gred_count           0           0           0           0
          1                    shared_ld_transactions          82          82          82          82
          1                    shared_st_transactions         142         142         142         142
          1                   shared_ld_bank_conflict           0           0           0           0
          1                   shared_st_bank_conflict           0           0           0           0
          1                           global_atom_cas           0           0           0           0
          1                          active_cycles_pm  2050019759  2050019759  2050019759  2050019759
          1                           active_warps_pm  4095323064  4095323064  4095323064  4095323064
          1                         elapsed_cycles_pm  1.6415e+11  1.6415e+11  1.6415e+11  1.6415e+11
          1                inst_executed_fp16_pipe_s0           0           0           0           0
          1                inst_executed_fp16_pipe_s1           0           0           0           0
          1                inst_executed_fp16_pipe_s2           0           0           0           0
          1                inst_executed_fp16_pipe_s3           0           0           0           0
          1                inst_executed_fp64_pipe_s0           0           0           0           0
          1                inst_executed_fp64_pipe_s1           0           0           0           0
          1                inst_executed_fp64_pipe_s2       28560       28560       28560       28560
          1                inst_executed_fp64_pipe_s3           0           0           0           0
          1                 inst_executed_fma_pipe_s0     8005656     8005656     8005656     8005656
          1                 inst_executed_fma_pipe_s1         196         196         196         196
          1                 inst_executed_fma_pipe_s2           0           0           0           0
          1                 inst_executed_fma_pipe_s3           0           0           0           0
          1              tensor_pipe_active_cycles_s0           0           0           0           0
          1              tensor_pipe_active_cycles_s1           0           0           0           0
          1              tensor_pipe_active_cycles_s2           0           0           0           0
          1              tensor_pipe_active_cycles_s3           0           0           0           0
          1                      pcie_tx_active_pulse         105         105         105         105
          1                      pcie_rx_active_pulse         213         213         213         213
          1                         active_cycles_sys  1899773700  1899773700  1899773700  1899773700
          1                        elapsed_cycles_sys  1899773700  1899773700  1899773700  1899773700

==123694== Metric result:
Invocations                               Metric Name                                               Metric Description         Min         Max         Avg
Device "Tesla V100-SXM2-16GB (0)"
    Kernel: __omp_offloading_30_958188__Z17compute_tran_tempPfiS_S_ii_l183
          1                             inst_per_warp                                            Instructions per warp  1.6336e+08  1.6336e+08  1.6336e+08
          1                         branch_efficiency                                                Branch Efficiency     100.00%     100.00%     100.00%
          1                 warp_execution_efficiency                                        Warp Execution Efficiency       3.13%       3.13%       3.13%
          1         warp_nonpred_execution_efficiency                         Warp Non-Predicated Execution Efficiency       3.11%       3.11%       3.11%
          1                      inst_replay_overhead                                      Instruction Replay Overhead    0.000000    0.000000    0.000000
          1      shared_load_transactions_per_request                      Shared Memory Load Transactions Per Request    1.000000    1.000000    1.000000
          1     shared_store_transactions_per_request                     Shared Memory Store Transactions Per Request    1.000000    1.000000    1.000000
          1       local_load_transactions_per_request                       Local Memory Load Transactions Per Request    1.000009    1.000009    1.000009
          1      local_store_transactions_per_request                      Local Memory Store Transactions Per Request    1.000054    1.000054    1.000054
          1              gld_transactions_per_request                             Global Load Transactions Per Request    1.000000    1.000000    1.000000
          1              gst_transactions_per_request                            Global Store Transactions Per Request    1.000000    1.000000    1.000000
          1                 shared_store_transactions                                        Shared Store Transactions         142         142         142
          1                  shared_load_transactions                                         Shared Load Transactions          82          82          82
          1                   local_load_transactions                                          Local Load Transactions     5343059     5343059     5343059
          1                  local_store_transactions                                         Local Store Transactions     1213785     1213785     1213785
          1                          gld_transactions                                         Global Load Transactions     6227927     6227927     6227927
          1                          gst_transactions                                        Global Store Transactions      524458      524458      524458
          1                  sysmem_read_transactions                                  System Memory Read Transactions           9           9           9
          1                 sysmem_write_transactions                                 System Memory Write Transactions           5           5           5
          1                      l2_read_transactions                                             L2 Read Transactions     6264532     6264532     6264532
          1                     l2_write_transactions                                            L2 Write Transactions     1738365     1738365     1738365
          1                    dram_read_transactions                                  Device Memory Read Transactions       83330       83330       83330
          1                   dram_write_transactions                                 Device Memory Write Transactions       78248       78248       78248
          1                           global_hit_rate                                Global Hit Rate in unified l1/tex      97.84%      97.84%      97.84%
          1                            local_hit_rate                                                   Local Hit Rate      99.99%      99.99%      99.99%
          1                  gld_requested_throughput                                 Requested Global Load Throughput  22.076MB/s  22.076MB/s  22.076MB/s
          1                  gst_requested_throughput                                Requested Global Store Throughput  1.4952MB/s  1.4952MB/s  1.4952MB/s
          1                            gld_throughput                                           Global Load Throughput  142.00MB/s  142.00MB/s  142.00MB/s
          1                            gst_throughput                                          Global Store Throughput  11.958MB/s  11.958MB/s  11.958MB/s
          1                     local_memory_overhead                                            Local Memory Overhead      92.19%      92.19%      92.19%
          1                        tex_cache_hit_rate                                           Unified Cache Hit Rate      85.97%      85.97%      85.97%
          1                      l2_tex_read_hit_rate                                      L2 Hit Rate (Texture Reads)      75.40%      75.40%      75.40%
          1                     l2_tex_write_hit_rate                                     L2 Hit Rate (Texture Writes)      99.51%      99.51%      99.51%
          1                      dram_read_throughput                                    Device Memory Read Throughput  1.9000MB/s  1.9000MB/s  1.9000MB/s
          1                     dram_write_throughput                                   Device Memory Write Throughput  1.7841MB/s  1.7841MB/s  1.7841MB/s
          1                      tex_cache_throughput                       Unified cache to Multiprocessor throughput  1.0306GB/s  1.0306GB/s  1.0306GB/s
          1                    l2_tex_read_throughput                                    L2 Throughput (Texture Reads)  2.9559MB/s  2.9559MB/s  2.9559MB/s
          1                   l2_tex_write_throughput                                   L2 Throughput (Texture Writes)  39.634MB/s  39.634MB/s  39.634MB/s
          1                        l2_read_throughput                                            L2 Throughput (Reads)  142.84MB/s  142.84MB/s  142.84MB/s
          1                       l2_write_throughput                                           L2 Throughput (Writes)  39.637MB/s  39.637MB/s  39.637MB/s
          1                    sysmem_read_throughput                                    System Memory Read Throughput  215.000B/s  215.000B/s  214.000B/s
          1                   sysmem_write_throughput                                   System Memory Write Throughput  119.000B/s  119.000B/s  118.000B/s
          1                     local_load_throughput                                     Local Memory Load Throughput  121.83MB/s  121.83MB/s  121.83MB/s
          1                    local_store_throughput                                    Local Memory Store Throughput  27.676MB/s  27.676MB/s  27.676MB/s
          1                    shared_load_throughput                                    Shared Memory Load Throughput  7.6582KB/s  7.6582KB/s  7.6572KB/s
          1                   shared_store_throughput                                   Shared Memory Store Throughput  13.262KB/s  13.262KB/s  13.261KB/s
          1                            gld_efficiency                                    Global Memory Load Efficiency      15.55%      15.55%      15.55%
          1                            gst_efficiency                                   Global Memory Store Efficiency      12.50%      12.50%      12.50%
          1                    tex_cache_transactions                     Unified cache to Multiprocessor transactions    11571070    11571070    11571070
          1                             flop_count_dp                      Floating Point Operations(Double Precision)       28560       28560       28560
          1                         flop_count_dp_add                  Floating Point Operations(Double Precision Add)       20400       20400       20400
          1                         flop_count_dp_fma                  Floating Point Operations(Double Precision FMA)           0           0           0
          1                         flop_count_dp_mul                  Floating Point Operations(Double Precision Mul)        8160        8160        8160
          1                             flop_count_sp                      Floating Point Operations(Single Precision)     6535168     6535168     6535168
          1                         flop_count_sp_add                  Floating Point Operations(Single Precision Add)     4683776     4683776     4683776
          1                         flop_count_sp_fma                  Floating Point Operations(Single Precision FMA)           0           0           0
          1                         flop_count_sp_mul                   Floating Point Operation(Single Precision Mul)     1851392     1851392     1851392
          1                     flop_count_sp_special              Floating Point Operations(Single Precision Special)        4098        4098        4098
          1                             inst_executed                                            Instructions Executed   126218234   126218234   126218234
          1                               inst_issued                                              Instructions Issued   126218266   126218266   126218266
          1                          dram_utilization                                        Device Memory Utilization     Low (1)     Low (1)     Low (1)
          1                        sysmem_utilization                                        System Memory Utilization     Low (1)     Low (1)     Low (1)
          1                          stall_inst_fetch                         Issue Stall Reasons (Instructions Fetch)       0.53%       0.53%       0.53%
          1                     stall_exec_dependency                       Issue Stall Reasons (Execution Dependency)      43.83%      43.83%      43.83%
          1                   stall_memory_dependency                               Issue Stall Reasons (Data Request)       4.06%       4.06%       4.06%
          1                             stall_texture                                    Issue Stall Reasons (Texture)       0.00%       0.00%       0.00%
          1                                stall_sync                            Issue Stall Reasons (Synchronization)      51.59%      51.59%      51.59%
          1                               stall_other                                      Issue Stall Reasons (Other)       0.00%       0.00%       0.00%
          1          stall_constant_memory_dependency                         Issue Stall Reasons (Immediate constant)       0.00%       0.00%       0.00%
          1                           stall_pipe_busy                                  Issue Stall Reasons (Pipe Busy)       0.00%       0.00%       0.00%
          1                         shared_efficiency                                         Shared Memory Efficiency       4.58%       4.58%       4.58%
          1                                inst_fp_32                                          FP Instructions(Single)     6539266     6539266     6539266
          1                                inst_fp_64                                          FP Instructions(Double)       28560       28560       28560
          1                              inst_integer                                             Integer Instructions    33368792    33368792    33368792
          1                          inst_bit_convert                                         Bit-Convert Instructions       40836       40836       40836
          1                              inst_control                                        Control-Flow Instructions     4899768     4899768     4899768
          1                        inst_compute_ld_st                                          Load/Store Instructions    13310144    13310144    13310144
          1                                 inst_misc                                                Misc Instructions    66840630    66840630    66840630
          1           inst_inter_thread_communication                                        Inter-Thread Instructions           6           6           6
          1                               issue_slots                                                      Issue Slots   126218266   126218266   126218266
          1                                 cf_issued                                 Issued Control-Flow Instructions     5505931     5505931     5505931
          1                               cf_executed                               Executed Control-Flow Instructions     5505931     5505931     5505931
          1                               ldst_issued                                   Issued Load/Store Instructions    13903365    13903365    13903365
          1                             ldst_executed                                 Executed Load/Store Instructions    13903365    13903365    13903365
          1                       atomic_transactions                                              Atomic Transactions           8           8           8
          1           atomic_transactions_per_request                                  Atomic Transactions Per Request    1.000000    1.000000    1.000000
          1                      l2_atomic_throughput                                  L2 Throughput (Atomic requests)  191.000B/s  191.000B/s  190.000B/s
          1                    l2_atomic_transactions                                L2 Transactions (Atomic requests)          16          16          16
          1                  l2_tex_read_transactions                                  L2 Transactions (Texture Reads)      129638      129638      129638
          1                     stall_memory_throttle                            Issue Stall Reasons (Memory Throttle)       0.00%       0.00%       0.00%
          1                        stall_not_selected                               Issue Stall Reasons (Not Selected)       0.00%       0.00%       0.00%
          1                 l2_tex_write_transactions                                 L2 Transactions (Texture Writes)     1738243     1738243     1738243
          1             nvlink_total_data_transmitted                                    NVLink Total Data Transmitted      319984      319984      319984
          1                nvlink_total_data_received                                       NVLink Total Data Received      214816      214816      214816
          1              nvlink_user_data_transmitted                                     NVLink User Data Transmitted      103872      103872      103872
          1                 nvlink_user_data_received                                        NVLink User Data Received        5024        5024        5024
          1          nvlink_overhead_data_transmitted                                 NVLink Overhead Data Transmitted      67.54%      67.54%      67.54%
          1             nvlink_overhead_data_received                                    NVLink Overhead Data Received      97.66%      97.66%      97.66%
          1      nvlink_total_nratom_data_transmitted                             NVLink Total Nratom Data Transmitted           0           0           0
          1       nvlink_user_nratom_data_transmitted                              NVLink User Nratom Data Transmitted           0           0           0
          1       nvlink_total_ratom_data_transmitted                              NVLink Total Ratom Data Transmitted           0           0           0
          1        nvlink_user_ratom_data_transmitted                               NVLink User Ratom Data Transmitted           0           0           0
          1       nvlink_total_write_data_transmitted                              NVLink Total Write Data Transmitted      306080      306080      306080
          1        nvlink_user_write_data_transmitted                               NVLink User Write Data Transmitted      102080      102080      102080
          1                nvlink_transmit_throughput                                       NVLink Transmit Throughput  233.47KB/s  233.47KB/s  233.47KB/s
          1                 nvlink_receive_throughput                                        NVLink Receive Throughput  156.74KB/s  156.74KB/s  156.74KB/s
          1       nvlink_total_response_data_received                              NVLink Total Response Data Received        7632        7632        7632
          1        nvlink_user_response_data_received                               NVLink User Response Data Received        5280        5280        5280
          1                             flop_count_hp                        Floating Point Operations(Half Precision)           0           0           0
          1                         flop_count_hp_add                    Floating Point Operations(Half Precision Add)           0           0           0
          1                         flop_count_hp_mul                     Floating Point Operation(Half Precision Mul)           0           0           0
          1                         flop_count_hp_fma                    Floating Point Operations(Half Precision FMA)           0           0           0
          1                                inst_fp_16                                            HP Instructions(Half)           0           0           0
          1                                       ipc                                                     Executed IPC    0.083561    0.083561    0.083561
          1                                issued_ipc                                                       Issued IPC    0.061584    0.061584    0.061584
          1                    issue_slot_utilization                                           Issue Slot Utilization       1.54%       1.54%       1.54%
          1                             sm_efficiency                                          Multiprocessor Activity       1.25%       1.25%       1.25%
          1                        achieved_occupancy                                               Achieved Occupancy    0.031250    0.031250    0.031250
          1                  eligible_warps_per_cycle                                  Eligible Warps Per Active Cycle    0.061570    0.061570    0.061570
          1                        shared_utilization                                        Shared Memory Utilization     Low (1)     Low (1)     Low (1)
          1                            l2_utilization                                             L2 Cache Utilization     Low (1)     Low (1)     Low (1)
          1                           tex_utilization                                        Unified Cache Utilization     Low (1)     Low (1)     Low (1)
          1                       ldst_fu_utilization                             Load/Store Function Unit Utilization     Low (1)     Low (1)     Low (1)
          1                         cf_fu_utilization                           Control-Flow Function Unit Utilization     Low (1)     Low (1)     Low (1)
          1                        tex_fu_utilization                                Texture Function Unit Utilization     Low (1)     Low (1)     Low (1)
          1                    special_fu_utilization                                Special Function Unit Utilization     Low (1)     Low (1)     Low (1)
          1             half_precision_fu_utilization                         Half-Precision Function Unit Utilization    Idle (0)    Idle (0)    Idle (0)
          1           single_precision_fu_utilization                       Single-Precision Function Unit Utilization     Low (1)     Low (1)     Low (1)
          1           double_precision_fu_utilization                       Double-Precision Function Unit Utilization     Low (1)     Low (1)     Low (1)
          1                        flop_hp_efficiency                                       FLOP Efficiency(Peak Half)       0.00%       0.00%       0.00%
          1                        flop_sp_efficiency                                     FLOP Efficiency(Peak Single)       0.00%       0.00%       0.00%
          1                        flop_dp_efficiency                                     FLOP Efficiency(Peak Double)       0.00%       0.00%       0.00%
          1                   sysmem_read_utilization                                   System Memory Read Utilization     Low (1)     Low (1)     Low (1)
          1                  sysmem_write_utilization                                  System Memory Write Utilization     Low (1)     Low (1)     Low (1)
          1       nvlink_data_transmission_efficiency                              NVLink Data Transmission Efficiency       0.00%       0.00%       0.00%
          1            nvlink_data_receive_efficiency                                   NVLink Data Receive Efficiency       0.00%       0.00%       0.00%
          1                            stall_sleeping                                   Issue Stall Reasons (Sleeping)       0.00%       0.00%       0.00%
          1               pcie_total_data_transmitted                                      PCIe Total Data Transmitted       53760       53760       53760
          1                  pcie_total_data_received                                         PCIe Total Data Received      109056      109056      109056
          1                inst_executed_global_loads                         Warp level instructions for global loads     6227927     6227927     6227927
          1                 inst_executed_local_loads                          Warp level instructions for local loads     5343011     5343011     5343011
          1                inst_executed_shared_loads                         Warp level instructions for shared loads          82          82          82
          1               inst_executed_surface_loads                        Warp level instructions for surface loads           0           0           0
          1               inst_executed_global_stores                        Warp level instructions for global stores      524458      524458      524458
          1                inst_executed_local_stores                         Warp level instructions for local stores     1213719     1213719     1213719
          1               inst_executed_shared_stores                        Warp level instructions for shared stores         142         142         142
          1              inst_executed_surface_stores                       Warp level instructions for surface stores           0           0           0
          1              inst_executed_global_atomics             Warp level instructions for global atom and atom cas           8           8           8
          1           inst_executed_global_reductions                    Warp level instructions for global reductions           0           0           0
          1             inst_executed_surface_atomics            Warp level instructions for surface atom and atom cas           0           0           0
          1          inst_executed_surface_reductions                   Warp level instructions for surface reductions           0           0           0
          1              inst_executed_shared_atomics             Warp level shared instructions for atom and atom CAS           0           0           0
          1                     inst_executed_tex_ops                              Warp level instructions for texture           0           0           0
          1                           dram_read_bytes                           Total bytes read from DRAM to L2 cache     2666560     2666560     2666560
          1                          dram_write_bytes                        Total bytes written from L2 cache to DRAM     2503936     2503936     2503936
          1                      global_load_requests         Total number of global load requests from Multiprocessor     6227927     6227927     6227927
          1                       local_load_requests          Total number of local load requests from Multiprocessor     5343011     5343011     5343011
          1                     surface_load_requests        Total number of surface load requests from Multiprocessor           0           0           0
          1                     global_store_requests        Total number of global store requests from Multiprocessor      524458      524458      524458
          1                      local_store_requests         Total number of local store requests from Multiprocessor     1213719     1213719     1213719
          1                    surface_store_requests       Total number of surface store requests from Multiprocessor           0           0           0
          1                    global_atomic_requests       Total number of global atomic requests from Multiprocessor           8           8           8
          1                 global_reduction_requests    Total number of global reduction requests from Multiprocessor           0           0           0
          1                   surface_atomic_requests      Total number of surface atomic requests from Multiprocessor           0           0           0
          1                surface_reduction_requests   Total number of surface reduction requests from Multiprocessor           0           0           0
          1                      l2_global_load_bytes             Bytes read from L2 for misses in L1 for global loads     4140096     4140096     4140096
          1                       l2_local_load_bytes              Bytes read from L2 for misses in L1 for local loads        7968        7968        7968
          1                     l2_surface_load_bytes            Bytes read from L2 for misses in L1 for surface loads           0           0           0
          1              l2_global_atomic_store_bytes                   Bytes written to L2 from L1 for global atomics         256         256         256
          1               l2_local_global_store_bytes         Bytes written to L2 from L1 for local and global stores.    55623776    55623776    55623776
          1                    l2_surface_store_bytes           Bytes read from L2 for misses in L1 for surface stores           0           0           0
          1                         sysmem_read_bytes                                         System Memory Read Bytes         288         288         288
          1                        sysmem_write_bytes                                        System Memory Write Bytes         160         160         160
          1                           l2_tex_hit_rate                                                L2 Cache Hit Rate      97.83%      97.83%      97.83%
          1                     texture_load_requests        Total number of texture Load requests from Multiprocessor           0           0           0
          1           tensor_precision_fu_utilization                       Tensor-Precision Function Unit Utilization    Idle (0)    Idle (0)    Idle (0)
