==136874== NVPROF is profiling process 136874, command: hotspot_offload 1024 1024 2 8 ../../data/hotspot/temp_1024 ../../data/hotspot/power_1024 output.out
==136874== Profiling application: hotspot_offload 1024 1024 2 8 ../../data/hotspot/temp_1024 ../../data/hotspot/power_1024 output.out
==136874== Profiling result:
            Type  Time(%)      Time     Calls       Avg       Min       Max  Name
                        %        ms                  ms        ms        ms
 GPU activities:    99.95  5.37e+03         1  5.37e+03  5.37e+03  5.37e+03  __omp_offloading_30_958188__Z17compute_tran_tempPfiS_S_ii_l183
                     0.04  1.989399         3  0.663133  1.66e-03  1.600089  [CUDA memcpy DtoH]
                     0.02  0.954332        11  0.086757  1.31e-03  0.358111  [CUDA memcpy HtoD]
      API calls:    94.31  5.37e+03         2  2.69e+03  2.947415  5.37e+03  cuMemcpyDtoHAsync
                     3.24  184.6089         1  184.6089  184.6089  184.6089  cuDevicePrimaryCtxRetain
                     1.74  98.83762         1  98.83762  98.83762  98.83762  cuDevicePrimaryCtxRelease
                     0.52  29.42418         1  29.42418  29.42418  29.42418  cuModuleLoadDataEx
                     0.10  5.872910         1  5.872910  5.872910  5.872910  cuModuleUnload
                     0.03  1.568148        11  0.142558  7.96e-03  0.393491  cuMemAlloc
                     0.02  1.215724        11  0.110520  6.42e-03  0.432975  cuMemcpyHtoDAsync
                     0.01  0.793572        32  0.024799  4.09e-03  0.340515  cuStreamCreate
                     0.01  0.724094         3  0.241364  0.200235  0.320578  cuMemFree
                     0.01  0.484371         1  0.484371  0.484371  0.484371  cuLaunchKernel
                     0.01  0.396379        32  0.012386  0.011412  0.027980  cuStreamDestroy
                     0.00  0.039051         1  0.039051  0.039051  0.039051  cuMemcpyDtoH
                     0.00  0.019036        36  5.28e-04  3.13e-04  1.44e-03  cuCtxSetCurrent
                     0.00  9.24e-03         4  2.31e-03  1.19e-03  3.89e-03  cuDeviceGetPCIBusId
                     0.00  8.79e-03         1  8.79e-03  8.79e-03  8.79e-03  cuStreamSynchronize
                     0.00  7.22e-03        15  4.81e-04  2.74e-04  1.41e-03  cuDeviceGetAttribute
                     0.00  3.65e-03         5  7.29e-04  4.08e-04  1.60e-03  cuDeviceGet
                     0.00  2.67e-03         2  1.33e-03  7.95e-04  1.87e-03  cuModuleGetGlobal
                     0.00  2.05e-03         1  2.05e-03  2.05e-03  2.05e-03  cuDevicePrimaryCtxGetState
                     0.00  1.42e-03         3  4.74e-04  3.71e-04  5.33e-04  cuDeviceGetCount
                     0.00  1.33e-03         1  1.33e-03  1.33e-03  1.33e-03  cuFuncGetAttribute
                     0.00  1.27e-03         1  1.27e-03  1.27e-03  1.27e-03  cuModuleGetFunction
                     0.00  8.96e-04         1  8.96e-04  8.96e-04  8.96e-04  cuCtxGetDevice
                     0.00  6.76e-04         1  6.76e-04  6.76e-04  6.76e-04  cuDevicePrimaryCtxSetFlags
