==26893== NVPROF is profiling process 26893, command: hotspot_offload 1024 1024 2 8 ../../data/hotspot/temp_1024 ../../data/hotspot/power_1024 output.out
==26893== Profiling application: hotspot_offload 1024 1024 2 8 ../../data/hotspot/temp_1024 ../../data/hotspot/power_1024 output.out
==26893== Profiling result:
            Type  Time(%)      Time     Calls       Avg       Min       Max  Name
                        %        ms                  ms        ms        ms
 GPU activities:    99.95  5.37e+03         1  5.37e+03  5.37e+03  5.37e+03  __omp_offloading_30_958188__Z17compute_tran_tempPfiS_S_ii_l183
                     0.03  1.758552         3  0.586184  1.70e-03  1.371705  [CUDA memcpy DtoH]
                     0.02  0.890107        11  0.080918  1.28e-03  0.337758  [CUDA memcpy HtoD]
      API calls:    94.41  5.38e+03         2  2.69e+03  2.678005  5.38e+03  cuMemcpyDtoHAsync
                     3.23  183.8822         1  183.8822  183.8822  183.8822  cuDevicePrimaryCtxRetain
                     1.66  94.60220         1  94.60220  94.60220  94.60220  cuDevicePrimaryCtxRelease
                     0.51  29.03649         1  29.03649  29.03649  29.03649  cuModuleLoadDataEx
                     0.10  5.936490         1  5.936490  5.936490  5.936490  cuModuleUnload
                     0.03  1.545119        11  0.140465  7.94e-03  0.385020  cuMemAlloc
                     0.02  1.189575        11  0.108143  5.33e-03  0.427015  cuMemcpyHtoDAsync
                     0.01  0.786385        32  0.024574  4.04e-03  0.338694  cuStreamCreate
                     0.01  0.776328         3  0.258776  0.199993  0.372671  cuMemFree
                     0.01  0.472693         1  0.472693  0.472693  0.472693  cuLaunchKernel
                     0.01  0.381854        32  0.011932  0.011064  0.024044  cuStreamDestroy
                     0.00  0.033399         1  0.033399  0.033399  0.033399  cuMemcpyDtoH
                     0.00  0.018831        36  5.23e-04  3.61e-04  1.36e-03  cuCtxSetCurrent
                     0.00  8.39e-03         1  8.39e-03  8.39e-03  8.39e-03  cuStreamSynchronize
                     0.00  7.73e-03         4  1.93e-03  1.15e-03  3.02e-03  cuDeviceGetPCIBusId
                     0.00  5.94e-03        15  3.96e-04  2.66e-04  8.05e-04  cuDeviceGetAttribute
                     0.00  3.30e-03         5  6.59e-04  4.18e-04  1.41e-03  cuDeviceGet
                     0.00  2.49e-03         2  1.25e-03  8.89e-04  1.60e-03  cuModuleGetGlobal
                     0.00  1.40e-03         3  4.66e-04  3.75e-04  6.08e-04  cuDeviceGetCount
                     0.00  1.27e-03         1  1.27e-03  1.27e-03  1.27e-03  cuDevicePrimaryCtxGetState
                     0.00  1.25e-03         1  1.25e-03  1.25e-03  1.25e-03  cuModuleGetFunction
                     0.00  1.09e-03         1  1.09e-03  1.09e-03  1.09e-03  cuFuncGetAttribute
                     0.00  5.55e-04         1  5.55e-04  5.55e-04  5.55e-04  cuDevicePrimaryCtxSetFlags
                     0.00  4.83e-04         1  4.83e-04  4.83e-04  4.83e-04  cuCtxGetDevice
