==137241== NVPROF is profiling process 137241, command: gs_offload 16 512
==137241== Profiling application: gs_offload 16 512
==137241== Profiling result:
            Type  Time(%)      Time     Calls       Avg       Min       Max  Name
                        %        ms                  ms        ms        ms
 GPU activities:    97.70  14.59866       100  0.145986  0.145216  0.151936  __omp_offloading_2f_e763d4_main_l73
                     1.36  0.202656       101  2.01e-03  1.82e-03  2.53e-03  [CUDA memcpy DtoH]
                     0.94  0.140960       101  1.40e-03  1.38e-03  1.70e-03  [CUDA memcpy HtoD]
      API calls:    56.02  185.6228         1  185.6228  185.6228  185.6228  cuDevicePrimaryCtxRetain
                    29.15  96.58425         1  96.58425  96.58425  96.58425  cuDevicePrimaryCtxRelease
                     7.20  23.87325         1  23.87325  23.87325  23.87325  cuModuleLoadDataEx
                     4.67  15.47651       100  0.154765  0.152628  0.166854  cuMemcpyDtoHAsync
                     1.69  5.592924         1  5.592924  5.592924  5.592924  cuModuleUnload
                     0.35  1.145163       100  0.011451  0.010744  0.018701  cuLaunchKernel
                     0.24  0.795418        32  0.024856  4.08e-03  0.338030  cuStreamCreate
                     0.22  0.744525       101  7.37e-03  7.05e-03  0.011648  cuMemcpyHtoDAsync
                     0.17  0.549101       101  5.44e-03  5.19e-03  0.014742  cuStreamSynchronize
                     0.12  0.386564         2  0.193282  7.86e-03  0.378700  cuMemAlloc
                     0.11  0.373052        32  0.011657  0.011189  0.018079  cuStreamDestroy
                     0.04  0.140365       311  4.51e-04  3.05e-04  1.89e-03  cuCtxSetCurrent
                     0.01  0.040308         1  0.040308  0.040308  0.040308  cuMemcpyDtoH
                     0.00  8.63e-03         4  2.16e-03  1.16e-03  3.77e-03  cuDeviceGetPCIBusId
                     0.00  6.79e-03        15  4.52e-04  2.91e-04  1.09e-03  cuDeviceGetAttribute
                     0.00  2.78e-03         5  5.56e-04  4.26e-04  7.89e-04  cuDeviceGet
                     0.00  2.76e-03         2  1.38e-03  7.63e-04  2.00e-03  cuModuleGetGlobal
                     0.00  1.45e-03         3  4.83e-04  4.02e-04  5.78e-04  cuDeviceGetCount
                     0.00  1.28e-03         1  1.28e-03  1.28e-03  1.28e-03  cuFuncGetAttribute
                     0.00  1.17e-03         1  1.17e-03  1.17e-03  1.17e-03  cuDevicePrimaryCtxGetState
                     0.00  1.15e-03         1  1.15e-03  1.15e-03  1.15e-03  cuModuleGetFunction
                     0.00  9.92e-04         1  9.92e-04  9.92e-04  9.92e-04  cuDevicePrimaryCtxSetFlags
                     0.00  9.24e-04         1  9.24e-04  9.24e-04  9.24e-04  cuCtxGetDevice
