==137921== NVPROF is profiling process 137921, command: gs_offload 16 8192
==137921== Profiling application: gs_offload 16 8192
==137921== Profiling result:
            Type  Time(%)      Time     Calls       Avg       Min       Max  Name
                        %        ms                  ms        ms        ms
 GPU activities:    97.68  14.59779       100  0.145977  0.145440  0.151872  __omp_offloading_2f_e763d4_main_l73
                     1.38  0.206016       101  2.04e-03  1.82e-03  2.40e-03  [CUDA memcpy DtoH]
                     0.94  0.141056       101  1.40e-03  1.38e-03  1.70e-03  [CUDA memcpy HtoD]
      API calls:    55.78  184.9597         1  184.9597  184.9597  184.9597  cuDevicePrimaryCtxRetain
                    29.11  96.54063         1  96.54063  96.54063  96.54063  cuDevicePrimaryCtxRelease
                     7.47  24.77689         1  24.77689  24.77689  24.77689  cuModuleLoadDataEx
                     4.67  15.46915       100  0.154691  0.152604  0.166397  cuMemcpyDtoHAsync
                     1.70  5.640855         1  5.640855  5.640855  5.640855  cuModuleUnload
                     0.34  1.140766       100  0.011407  0.010660  0.019500  cuLaunchKernel
                     0.24  0.798425        32  0.024950  3.98e-03  0.341141  cuStreamCreate
                     0.23  0.747821       101  7.40e-03  7.07e-03  0.011915  cuMemcpyHtoDAsync
                     0.17  0.551821       101  5.46e-03  5.17e-03  0.015177  cuStreamSynchronize
                     0.12  0.382759         2  0.191379  7.74e-03  0.375019  cuMemAlloc
                     0.11  0.374163        32  0.011692  0.011191  0.018095  cuStreamDestroy
                     0.04  0.139875       311  4.49e-04  3.16e-04  1.66e-03  cuCtxSetCurrent
                     0.01  0.041967         1  0.041967  0.041967  0.041967  cuMemcpyDtoH
                     0.00  8.24e-03         4  2.06e-03  1.30e-03  3.40e-03  cuDeviceGetPCIBusId
                     0.00  8.09e-03        15  5.39e-04  3.25e-04  1.28e-03  cuDeviceGetAttribute
                     0.00  2.87e-03         2  1.44e-03  8.22e-04  2.05e-03  cuModuleGetGlobal
                     0.00  2.78e-03         5  5.56e-04  4.96e-04  6.12e-04  cuDeviceGet
                     0.00  1.50e-03         1  1.50e-03  1.50e-03  1.50e-03  cuFuncGetAttribute
                     0.00  1.47e-03         3  4.91e-04  3.59e-04  6.17e-04  cuDeviceGetCount
                     0.00  1.39e-03         1  1.39e-03  1.39e-03  1.39e-03  cuDevicePrimaryCtxGetState
                     0.00  1.25e-03         1  1.25e-03  1.25e-03  1.25e-03  cuModuleGetFunction
                     0.00  8.97e-04         1  8.97e-04  8.97e-04  8.97e-04  cuCtxGetDevice
                     0.00  7.26e-04         1  7.26e-04  7.26e-04  7.26e-04  cuDevicePrimaryCtxSetFlags
