==136933== NVPROF is profiling process 136933, command: gs_offload 32 128
==136933== Profiling application: gs_offload 32 128
==136933== Profiling result:
            Type  Time(%)      Time     Calls       Avg       Min       Max  Name
                        %        ms                  ms        ms        ms
 GPU activities:    98.00  16.10602       100  0.161060  0.160384  0.166304  __omp_offloading_2f_e763d4_main_l73
                     1.14  0.187712       101  1.86e-03  1.82e-03  2.11e-03  [CUDA memcpy DtoH]
                     0.86  0.141024       101  1.40e-03  1.38e-03  1.82e-03  [CUDA memcpy HtoD]
      API calls:    55.87  186.6232         1  186.6232  186.6232  186.6232  cuDevicePrimaryCtxRetain
                    28.86  96.40162         1  96.40162  96.40162  96.40162  cuDevicePrimaryCtxRelease
                     7.15  23.89131         1  23.89131  23.89131  23.89131  cuModuleLoadDataEx
                     5.15  17.19979       100  0.171997  0.162912  0.177471  cuMemcpyDtoHAsync
                     1.70  5.664349         1  5.664349  5.664349  5.664349  cuModuleUnload
                     0.35  1.152503       100  0.011525  0.010970  0.019421  cuLaunchKernel
                     0.24  0.792658        32  0.024770  3.98e-03  0.338294  cuStreamCreate
                     0.23  0.767142       101  7.59e-03  7.19e-03  0.017945  cuMemcpyHtoDAsync
                     0.17  0.554438       101  5.49e-03  5.15e-03  0.015435  cuStreamSynchronize
                     0.11  0.381947         2  0.190973  7.95e-03  0.373998  cuMemAlloc
                     0.11  0.374522        32  0.011703  0.011172  0.018216  cuStreamDestroy
                     0.04  0.140124       311  4.50e-04  3.22e-04  1.49e-03  cuCtxSetCurrent
                     0.01  0.040948         1  0.040948  0.040948  0.040948  cuMemcpyDtoH
                     0.00  9.59e-03         4  2.40e-03  1.26e-03  4.63e-03  cuDeviceGetPCIBusId
                     0.00  7.14e-03        15  4.76e-04  2.56e-04  1.21e-03  cuDeviceGetAttribute
                     0.00  2.84e-03         2  1.42e-03  7.67e-04  2.07e-03  cuModuleGetGlobal
                     0.00  2.73e-03         5  5.45e-04  4.57e-04  6.85e-04  cuDeviceGet
                     0.00  1.59e-03         1  1.59e-03  1.59e-03  1.59e-03  cuFuncGetAttribute
                     0.00  1.49e-03         3  4.97e-04  4.06e-04  5.93e-04  cuDeviceGetCount
                     0.00  1.30e-03         1  1.30e-03  1.30e-03  1.30e-03  cuModuleGetFunction
                     0.00  1.29e-03         1  1.29e-03  1.29e-03  1.29e-03  cuDevicePrimaryCtxGetState
                     0.00  8.28e-04         1  8.28e-04  8.28e-04  8.28e-04  cuDevicePrimaryCtxSetFlags
                     0.00  7.13e-04         1  7.13e-04  7.13e-04  7.13e-04  cuCtxGetDevice
