==137443== NVPROF is profiling process 137443, command: gs_offload 32 1024
==137443== Profiling application: gs_offload 32 1024
==137443== Profiling result:
            Type  Time(%)      Time     Calls       Avg       Min       Max  Name
                        %        ms                  ms        ms        ms
 GPU activities:    98.01  16.10794       100  0.161079  0.160384  0.166208  __omp_offloading_2f_e763d4_main_l73
                     1.13  0.186496       101  1.85e-03  1.82e-03  2.11e-03  [CUDA memcpy DtoH]
                     0.86  0.140672       101  1.39e-03  1.38e-03  1.82e-03  [CUDA memcpy HtoD]
      API calls:    55.72  185.9395         1  185.9395  185.9395  185.9395  cuDevicePrimaryCtxRetain
                    29.01  96.79931         1  96.79931  96.79931  96.79931  cuDevicePrimaryCtxRelease
                     7.16  23.90061         1  23.90061  23.90061  23.90061  cuModuleLoadDataEx
                     5.16  17.22953       100  0.172295  0.170871  0.177892  cuMemcpyDtoHAsync
                     1.68  5.608492         1  5.608492  5.608492  5.608492  cuModuleUnload
                     0.34  1.141805       100  0.011418  0.010603  0.019806  cuLaunchKernel
                     0.24  0.803965        32  0.025123  3.96e-03  0.342164  cuStreamCreate
                     0.23  0.755402       101  7.48e-03  7.17e-03  0.012551  cuMemcpyHtoDAsync
                     0.17  0.555694       101  5.50e-03  5.22e-03  0.015325  cuStreamSynchronize
                     0.11  0.380074         2  0.190037  8.16e-03  0.371914  cuMemAlloc
                     0.11  0.376734        32  0.011772  0.011195  0.019273  cuStreamDestroy
                     0.04  0.140812       311  4.52e-04  3.27e-04  1.45e-03  cuCtxSetCurrent
                     0.01  0.040177         1  0.040177  0.040177  0.040177  cuMemcpyDtoH
                     0.00  8.77e-03         4  2.19e-03  1.17e-03  3.82e-03  cuDeviceGetPCIBusId
                     0.00  7.11e-03        15  4.74e-04  3.38e-04  1.21e-03  cuDeviceGetAttribute
                     0.00  2.79e-03         5  5.58e-04  4.98e-04  6.27e-04  cuDeviceGet
                     0.00  2.37e-03         2  1.19e-03  7.15e-04  1.66e-03  cuModuleGetGlobal
                     0.00  1.46e-03         3  4.87e-04  4.16e-04  5.73e-04  cuDeviceGetCount
                     0.00  1.37e-03         1  1.37e-03  1.37e-03  1.37e-03  cuDevicePrimaryCtxGetState
                     0.00  1.31e-03         1  1.31e-03  1.31e-03  1.31e-03  cuFuncGetAttribute
                     0.00  1.30e-03         1  1.30e-03  1.30e-03  1.30e-03  cuModuleGetFunction
                     0.00  9.26e-04         1  9.26e-04  9.26e-04  9.26e-04  cuDevicePrimaryCtxSetFlags
                     0.00  7.23e-04         1  7.23e-04  7.23e-04  7.23e-04  cuCtxGetDevice
