==137623== NVPROF is profiling process 137623, command: gs_offload 32 2048
==137623== Profiling application: gs_offload 32 2048
==137623== Profiling result:
            Type  Time(%)      Time     Calls       Avg       Min       Max  Name
                        %        ms                  ms        ms        ms
 GPU activities:    98.01  16.10704       100  0.161070  0.160288  0.167232  __omp_offloading_2f_e763d4_main_l73
                     1.13  0.185760       101  1.84e-03  1.82e-03  2.37e-03  [CUDA memcpy DtoH]
                     0.86  0.141120       101  1.40e-03  1.38e-03  1.82e-03  [CUDA memcpy HtoD]
      API calls:    55.82  186.3934         1  186.3934  186.3934  186.3934  cuDevicePrimaryCtxRetain
                    28.90  96.48363         1  96.48363  96.48363  96.48363  cuDevicePrimaryCtxRelease
                     7.16  23.90415         1  23.90415  23.90415  23.90415  cuModuleLoadDataEx
                     5.16  17.21304       100  0.172130  0.164137  0.176180  cuMemcpyDtoHAsync
                     1.70  5.684347         1  5.684347  5.684347  5.684347  cuModuleUnload
                     0.34  1.128753       100  0.011287  0.010271  0.019656  cuLaunchKernel
                     0.24  0.798052        32  0.024939  3.96e-03  0.343163  cuStreamCreate
                     0.23  0.762959       101  7.55e-03  7.16e-03  0.011804  cuMemcpyHtoDAsync
                     0.17  0.551864       101  5.46e-03  5.22e-03  0.015029  cuStreamSynchronize
                     0.11  0.379898         2  0.189949  7.98e-03  0.371914  cuMemAlloc
                     0.11  0.376162        32  0.011755  0.011263  0.018224  cuStreamDestroy
                     0.04  0.141021       311  4.53e-04  3.42e-04  1.82e-03  cuCtxSetCurrent
                     0.01  0.049621         1  0.049621  0.049621  0.049621  cuMemcpyDtoH
                     0.00  9.18e-03         4  2.30e-03  1.22e-03  4.18e-03  cuDeviceGetPCIBusId
                     0.00  6.94e-03        15  4.62e-04  2.56e-04  1.17e-03  cuDeviceGetAttribute
                     0.00  2.70e-03         2  1.35e-03  7.48e-04  1.95e-03  cuModuleGetGlobal
                     0.00  2.64e-03         5  5.29e-04  4.55e-04  6.17e-04  cuDeviceGet
                     0.00  1.60e-03         1  1.60e-03  1.60e-03  1.60e-03  cuDevicePrimaryCtxGetState
                     0.00  1.49e-03         3  4.98e-04  3.87e-04  5.82e-04  cuDeviceGetCount
                     0.00  1.31e-03         1  1.31e-03  1.31e-03  1.31e-03  cuFuncGetAttribute
                     0.00  1.29e-03         1  1.29e-03  1.29e-03  1.29e-03  cuModuleGetFunction
                     0.00  9.58e-04         1  9.58e-04  9.58e-04  9.58e-04  cuDevicePrimaryCtxSetFlags
                     0.00  8.69e-04         1  8.69e-04  8.69e-04  8.69e-04  cuCtxGetDevice
