==136801== NVPROF is profiling process 136801, command: gs_offload 64 64
==136801== Profiling application: gs_offload 64 64
==136801== Profiling result:
            Type  Time(%)      Time     Calls       Avg       Min       Max  Name
                        %        ms                  ms        ms        ms
 GPU activities:    98.50  21.77875       100  0.217787  0.216832  0.229536  __omp_offloading_2f_e763d4_main_l73
                     0.85  0.188960       101  1.87e-03  1.82e-03  2.62e-03  [CUDA memcpy DtoH]
                     0.65  0.142656       101  1.41e-03  1.38e-03  3.20e-03  [CUDA memcpy HtoD]
      API calls:    54.31  184.5596         1  184.5596  184.5596  184.5596  cuDevicePrimaryCtxRetain
                    28.82  97.92595         1  97.92595  97.92595  97.92595  cuDevicePrimaryCtxRelease
                     7.29  24.77234         1  24.77234  24.77234  24.77234  cuModuleLoadDataEx
                     6.69  22.74815       100  0.227481  0.226029  0.240897  cuMemcpyDtoHAsync
                     1.65  5.596585         1  5.596585  5.596585  5.596585  cuModuleUnload
                     0.33  1.133989       100  0.011339  0.010422  0.019626  cuLaunchKernel
                     0.23  0.793380        32  0.024793  4.03e-03  0.338077  cuStreamCreate
                     0.22  0.751233       101  7.44e-03  7.04e-03  0.012818  cuMemcpyHtoDAsync
                     0.16  0.557982       101  5.52e-03  5.23e-03  0.014619  cuStreamSynchronize
                     0.11  0.380580         2  0.190290  7.85e-03  0.372733  cuMemAlloc
                     0.11  0.376483        32  0.011765  0.011212  0.018648  cuStreamDestroy
                     0.04  0.141745       312  4.54e-04  3.10e-04  1.63e-03  cuCtxSetCurrent
                     0.01  0.041012         1  0.041012  0.041012  0.041012  cuMemcpyDtoH
                     0.00  0.016627         1  0.016627  0.016627  0.016627  cuMemFree
                     0.00  9.09e-03         4  2.27e-03  1.23e-03  4.22e-03  cuDeviceGetPCIBusId
                     0.00  7.02e-03        15  4.68e-04  2.61e-04  1.27e-03  cuDeviceGetAttribute
                     0.00  2.94e-03         2  1.47e-03  8.28e-04  2.11e-03  cuModuleGetGlobal
                     0.00  2.68e-03         5  5.36e-04  4.59e-04  6.48e-04  cuDeviceGet
                     0.00  1.48e-03         3  4.94e-04  3.87e-04  5.66e-04  cuDeviceGetCount
                     0.00  1.24e-03         1  1.24e-03  1.24e-03  1.24e-03  cuFuncGetAttribute
                     0.00  1.15e-03         1  1.15e-03  1.15e-03  1.15e-03  cuDevicePrimaryCtxGetState
                     0.00  1.14e-03         1  1.14e-03  1.14e-03  1.14e-03  cuModuleGetFunction
                     0.00  7.35e-04         1  7.35e-04  7.35e-04  7.35e-04  cuDevicePrimaryCtxSetFlags
                     0.00  6.74e-04         1  6.74e-04  6.74e-04  6.74e-04  cuCtxGetDevice
