==137990== NVPROF is profiling process 137990, command: gs_offload 64 8192
==137990== Profiling application: gs_offload 64 8192
==137990== Profiling result:
            Type  Time(%)      Time     Calls       Avg       Min       Max  Name
                        %        ms                  ms        ms        ms
 GPU activities:    98.50  21.78489       100  0.217848  0.216896  0.227872  __omp_offloading_2f_e763d4_main_l73
                     0.85  0.188096       101  1.86e-03  1.82e-03  2.27e-03  [CUDA memcpy DtoH]
                     0.65  0.142880       101  1.41e-03  1.38e-03  3.20e-03  [CUDA memcpy HtoD]
      API calls:    54.77  184.7723         1  184.7723  184.7723  184.7723  cuDevicePrimaryCtxRetain
                    28.48  96.07015         1  96.07015  96.07015  96.07015  cuDevicePrimaryCtxRelease
                     7.08  23.87308         1  23.87308  23.87308  23.87308  cuModuleLoadDataEx
                     6.73  22.71186       100  0.227118  0.225944  0.241916  cuMemcpyDtoHAsync
                     1.69  5.691057         1  5.691057  5.691057  5.691057  cuModuleUnload
                     0.34  1.144960       100  0.011449  0.011064  0.019122  cuLaunchKernel
                     0.23  0.791963        32  0.024748  3.99e-03  0.337569  cuStreamCreate
                     0.22  0.746152       101  7.39e-03  7.06e-03  0.013148  cuMemcpyHtoDAsync
                     0.16  0.550837       101  5.45e-03  5.20e-03  0.014531  cuStreamSynchronize
                     0.11  0.377219         2  0.188609  7.83e-03  0.369385  cuMemAlloc
                     0.11  0.374585        32  0.011705  0.011234  0.018184  cuStreamDestroy
                     0.04  0.141027       312  4.52e-04  3.13e-04  1.30e-03  cuCtxSetCurrent
                     0.01  0.040420         1  0.040420  0.040420  0.040420  cuMemcpyDtoH
                     0.00  0.016706         1  0.016706  0.016706  0.016706  cuMemFree
                     0.00  8.44e-03         4  2.11e-03  1.23e-03  3.68e-03  cuDeviceGetPCIBusId
                     0.00  7.10e-03        15  4.73e-04  3.00e-04  9.71e-04  cuDeviceGetAttribute
                     0.00  2.79e-03         2  1.40e-03  9.20e-04  1.87e-03  cuModuleGetGlobal
                     0.00  2.43e-03         5  4.85e-04  4.18e-04  5.90e-04  cuDeviceGet
                     0.00  1.54e-03         1  1.54e-03  1.54e-03  1.54e-03  cuDevicePrimaryCtxGetState
                     0.00  1.44e-03         1  1.44e-03  1.44e-03  1.44e-03  cuModuleGetFunction
                     0.00  1.37e-03         3  4.58e-04  3.52e-04  5.57e-04  cuDeviceGetCount
                     0.00  1.31e-03         1  1.31e-03  1.31e-03  1.31e-03  cuFuncGetAttribute
                     0.00  7.48e-04         1  7.48e-04  7.48e-04  7.48e-04  cuDevicePrimaryCtxSetFlags
                     0.00  4.69e-04         1  4.69e-04  4.69e-04  4.69e-04  cuCtxGetDevice
