==137037== NVPROF is profiling process 137037, command: gs_offload 8 256
==137037== Profiling application: gs_offload 8 256
==137037== Profiling result:
            Type  Time(%)      Time     Calls       Avg       Min       Max  Name
                        %        ms                  ms        ms        ms
 GPU activities:    97.73  14.16989       100  0.141698  0.141120  0.147552  __omp_offloading_2f_e763d4_main_l73
                     1.29  0.187264       101  1.85e-03  1.82e-03  2.11e-03  [CUDA memcpy DtoH]
                     0.98  0.142528       101  1.41e-03  1.38e-03  1.70e-03  [CUDA memcpy HtoD]
      API calls:    56.18  186.8679         1  186.8679  186.8679  186.8679  cuDevicePrimaryCtxRetain
                    29.04  96.57404         1  96.57404  96.57404  96.57404  cuDevicePrimaryCtxRelease
                     7.19  23.90893         1  23.90893  23.90893  23.90893  cuModuleLoadDataEx
                     4.62  15.35429       100  0.153542  0.152438  0.157669  cuMemcpyDtoHAsync
                     1.71  5.675958         1  5.675958  5.675958  5.675958  cuModuleUnload
                     0.35  1.152472       100  0.011524  0.011077  0.019946  cuLaunchKernel
                     0.24  0.803878        32  0.025121  4.01e-03  0.343589  cuStreamCreate
                     0.22  0.745320       101  7.38e-03  7.05e-03  0.011339  cuMemcpyHtoDAsync
                     0.17  0.549570       101  5.44e-03  5.21e-03  0.015169  cuStreamSynchronize
                     0.12  0.382802         2  0.191401  0.010302  0.372500  cuMemAlloc
                     0.11  0.371443        32  0.011607  0.011042  0.018320  cuStreamDestroy
                     0.04  0.140048       311  4.50e-04  3.14e-04  1.33e-03  cuCtxSetCurrent
                     0.01  0.043693         1  0.043693  0.043693  0.043693  cuMemcpyDtoH
                     0.00  9.17e-03         4  2.29e-03  1.21e-03  3.87e-03  cuDeviceGetPCIBusId
                     0.00  7.08e-03        15  4.72e-04  2.62e-04  1.32e-03  cuDeviceGetAttribute
                     0.00  2.85e-03         5  5.70e-04  4.37e-04  8.22e-04  cuDeviceGet
                     0.00  2.72e-03         2  1.36e-03  7.29e-04  1.99e-03  cuModuleGetGlobal
                     0.00  1.56e-03         1  1.56e-03  1.56e-03  1.56e-03  cuFuncGetAttribute
                     0.00  1.41e-03         3  4.71e-04  3.15e-04  5.74e-04  cuDeviceGetCount
                     0.00  1.16e-03         1  1.16e-03  1.16e-03  1.16e-03  cuDevicePrimaryCtxGetState
                     0.00  1.13e-03         1  1.13e-03  1.13e-03  1.13e-03  cuModuleGetFunction
                     0.00  1.07e-03         1  1.07e-03  1.07e-03  1.07e-03  cuDevicePrimaryCtxSetFlags
                     0.00  6.62e-04         1  6.62e-04  6.62e-04  6.62e-04  cuCtxGetDevice
