==136704== NVPROF is profiling process 136704, command: gs_offload 8 64
==136704== Profiling application: gs_offload 8 64
==136704== Profiling result:
            Type  Time(%)      Time     Calls       Avg       Min       Max  Name
                        %        ms                  ms        ms        ms
 GPU activities:    97.73  14.17469       100  0.141746  0.141120  0.147712  __omp_offloading_2f_e763d4_main_l73
                     1.29  0.187392       101  1.85e-03  1.82e-03  2.14e-03  [CUDA memcpy DtoH]
                     0.98  0.142496       101  1.41e-03  1.38e-03  1.70e-03  [CUDA memcpy HtoD]
      API calls:    56.50  190.3011         1  190.3011  190.3011  190.3011  cuDevicePrimaryCtxRetain
                    28.87  97.23206         1  97.23206  97.23206  97.23206  cuDevicePrimaryCtxRelease
                     7.09  23.89051         1  23.89051  23.89051  23.89051  cuModuleLoadDataEx
                     4.55  15.33649       100  0.153364  0.151850  0.157407  cuMemcpyDtoHAsync
                     1.68  5.665977         1  5.665977  5.665977  5.665977  cuModuleUnload
                     0.34  1.140521       100  0.011405  0.010879  0.020884  cuLaunchKernel
                     0.24  0.798676        32  0.024958  3.97e-03  0.339071  cuStreamCreate
                     0.22  0.744022       101  7.37e-03  6.97e-03  0.014847  cuMemcpyHtoDAsync
                     0.16  0.550183       101  5.45e-03  5.16e-03  0.014865  cuStreamSynchronize
                     0.11  0.386171         2  0.193085  9.90e-03  0.376273  cuMemAlloc
                     0.11  0.372772        32  0.011649  0.011179  0.018027  cuStreamDestroy
                     0.06  0.203195         1  0.203195  0.203195  0.203195  cuMemcpyDtoH
                     0.04  0.140031       311  4.50e-04  3.13e-04  1.95e-03  cuCtxSetCurrent
                     0.00  9.60e-03         4  2.40e-03  1.21e-03  4.71e-03  cuDeviceGetPCIBusId
                     0.00  6.93e-03        15  4.61e-04  2.50e-04  1.21e-03  cuDeviceGetAttribute
                     0.00  3.09e-03         5  6.17e-04  4.86e-04  8.75e-04  cuDeviceGet
                     0.00  2.62e-03         2  1.31e-03  8.01e-04  1.82e-03  cuModuleGetGlobal
                     0.00  1.40e-03         1  1.40e-03  1.40e-03  1.40e-03  cuDevicePrimaryCtxGetState
                     0.00  1.38e-03         3  4.59e-04  4.08e-04  5.24e-04  cuDeviceGetCount
                     0.00  1.35e-03         1  1.35e-03  1.35e-03  1.35e-03  cuFuncGetAttribute
                     0.00  1.16e-03         1  1.16e-03  1.16e-03  1.16e-03  cuModuleGetFunction
                     0.00  7.93e-04         1  7.93e-04  7.93e-04  7.93e-04  cuDevicePrimaryCtxSetFlags
                     0.00  6.34e-04         1  6.34e-04  6.34e-04  6.34e-04  cuCtxGetDevice
