==137887== NVPROF is profiling process 137887, command: gs_offload 8 8192
==137887== Profiling application: gs_offload 8 8192
==137887== Profiling result:
            Type  Time(%)      Time     Calls       Avg       Min       Max  Name
                        %        ms                  ms        ms        ms
 GPU activities:    97.74  14.16912       100  0.141691  0.141088  0.147968  __omp_offloading_2f_e763d4_main_l73
                     1.28  0.185088       101  1.83e-03  1.82e-03  2.11e-03  [CUDA memcpy DtoH]
                     0.98  0.142464       101  1.41e-03  1.38e-03  1.66e-03  [CUDA memcpy HtoD]
      API calls:    55.93  184.8020         1  184.8020  184.8020  184.8020  cuDevicePrimaryCtxRetain
                    29.20  96.47477         1  96.47477  96.47477  96.47477  cuDevicePrimaryCtxRelease
                     7.23  23.90121         1  23.90121  23.90121  23.90121  cuModuleLoadDataEx
                     4.65  15.35816       100  0.153581  0.152243  0.157821  cuMemcpyDtoHAsync
                     1.72  5.675433         1  5.675433  5.675433  5.675433  cuModuleUnload
                     0.35  1.143182       100  0.011431  0.010298  0.020139  cuLaunchKernel
                     0.24  0.797321        32  0.024916  3.94e-03  0.340677  cuStreamCreate
                     0.23  0.746440       101  7.39e-03  7.11e-03  0.011714  cuMemcpyHtoDAsync
                     0.17  0.551403       101  5.46e-03  5.20e-03  0.015540  cuStreamSynchronize
                     0.12  0.382023         2  0.191011  0.010326  0.371697  cuMemAlloc
                     0.11  0.374791        32  0.011712  0.011153  0.019006  cuStreamDestroy
                     0.04  0.140227       311  4.50e-04  3.25e-04  1.34e-03  cuCtxSetCurrent
                     0.01  0.040368         1  0.040368  0.040368  0.040368  cuMemcpyDtoH
                     0.00  9.42e-03         4  2.36e-03  1.22e-03  4.18e-03  cuDeviceGetPCIBusId
                     0.00  7.64e-03        15  5.09e-04  3.14e-04  1.15e-03  cuDeviceGetAttribute
                     0.00  2.86e-03         5  5.71e-04  4.83e-04  7.09e-04  cuDeviceGet
                     0.00  2.80e-03         2  1.40e-03  7.17e-04  2.09e-03  cuModuleGetGlobal
                     0.00  1.72e-03         1  1.72e-03  1.72e-03  1.72e-03  cuFuncGetAttribute
                     0.00  1.63e-03         1  1.63e-03  1.63e-03  1.63e-03  cuDevicePrimaryCtxGetState
                     0.00  1.44e-03         3  4.80e-04  4.06e-04  5.61e-04  cuDeviceGetCount
                     0.00  1.19e-03         1  1.19e-03  1.19e-03  1.19e-03  cuModuleGetFunction
                     0.00  8.65e-04         1  8.65e-04  8.65e-04  8.65e-04  cuCtxGetDevice
                     0.00  7.60e-04         1  7.60e-04  7.60e-04  7.60e-04  cuDevicePrimaryCtxSetFlags
