==86015== NVPROF is profiling process 86015, command: saxpy_offload 128
==86015== Profiling application: saxpy_offload 128
==86015== Profiling result:
            Type  Time(%)      Time     Calls       Avg       Min       Max  Name
                        %        ms                  ms        ms        ms
 GPU activities:    57.45  811.3199         4  202.8300  1.66e-03  408.0372  [CUDA memcpy DtoH]
                    19.45  274.6622         1  274.6622  274.6622  274.6622  __omp_offloading_30_80d335_main_l25
                    17.87  252.3124         1  252.3124  252.3124  252.3124  __omp_offloading_30_80d335_main_l34
                     5.23  73.82041         5  14.76408  1.31e-03  36.99084  [CUDA memcpy HtoD]
      API calls:    46.59  814.2495         2  407.1248  404.7882  409.4614  cuMemcpyDtoHAsync
                    30.17  527.3376         9  58.59307  0.011388  274.7683  cuStreamSynchronize
                    10.55  184.3154         1  184.3154  184.3154  184.3154  cuDevicePrimaryCtxRetain
                     5.69  99.35844         1  99.35844  99.35844  99.35844  cuDevicePrimaryCtxRelease
                     4.23  73.97624         5  14.79525  7.25e-03  37.06927  cuMemcpyHtoDAsync
                     1.16  20.32724         1  20.32724  20.32724  20.32724  cuModuleLoadDataEx
                     1.08  18.94089         5  3.788177  9.29e-03  9.292420  cuMemAlloc
                     0.25  4.428456         1  4.428456  4.428456  4.428456  cuModuleUnload
                     0.20  3.415037         2  1.707518  1.582398  1.832639  cuMemFree
                     0.05  0.787964        32  0.024623  4.06e-03  0.337131  cuStreamCreate
                     0.02  0.388622        32  0.012144  0.011332  0.023391  cuStreamDestroy
                     0.00  0.065718         2  0.032859  0.025655  0.040063  cuMemcpyDtoH
                     0.00  0.040370         2  0.020185  0.015775  0.024595  cuLaunchKernel
                     0.00  0.015518        24  6.46e-04  3.01e-04  1.62e-03  cuCtxSetCurrent
                     0.00  9.94e-03         4  2.49e-03  1.32e-03  4.13e-03  cuDeviceGetPCIBusId
                     0.00  6.28e-03        15  4.18e-04  3.44e-04  7.07e-04  cuDeviceGetAttribute
                     0.00  3.41e-03         3  1.14e-03  7.07e-04  1.64e-03  cuModuleGetGlobal
                     0.00  2.70e-03         5  5.40e-04  4.78e-04  6.07e-04  cuDeviceGet
                     0.00  2.32e-03         2  1.16e-03  8.24e-04  1.50e-03  cuFuncGetAttribute
                     0.00  1.99e-03         2  9.97e-04  7.95e-04  1.20e-03  cuModuleGetFunction
                     0.00  1.44e-03         3  4.79e-04  3.77e-04  5.58e-04  cuDeviceGetCount
                     0.00  9.13e-04         1  9.13e-04  9.13e-04  9.13e-04  cuDevicePrimaryCtxGetState
                     0.00  5.78e-04         1  5.78e-04  5.78e-04  5.78e-04  cuDevicePrimaryCtxSetFlags
                     0.00  4.94e-04         1  4.94e-04  4.94e-04  4.94e-04  cuCtxGetDevice
