==9438== NVPROF is profiling process 9438, command: saxpy_offload 4
==9438== Profiling application: saxpy_offload 4
==9438== Profiling result:
            Type  Time(%)      Time     Calls       Avg       Min       Max  Name
                        %        ms                  ms        ms        ms
 GPU activities:    51.37  633.7177         4  158.4294  1.82e-03  317.7863  [CUDA memcpy DtoH]
                    22.29  274.9316         1  274.9316  274.9316  274.9316  __omp_offloading_30_3253403_main_l27
                    20.41  251.7743         1  251.7743  251.7743  251.7743  __omp_offloading_30_3253403_main_l37
                     5.94  73.24413         5  14.64883  1.41e-03  36.71110  [CUDA memcpy HtoD]
      API calls:    40.54  636.1091         2  318.0545  317.1345  318.9746  cuMemcpyDtoHAsync
                    33.59  527.0199         9  58.55776  9.08e-03  275.0341  cuStreamSynchronize
                    11.86  186.0744         1  186.0744  186.0744  186.0744  cuDevicePrimaryCtxRetain
                     6.00  94.09138         1  94.09138  94.09138  94.09138  cuDevicePrimaryCtxRelease
                     4.68  73.40706         5  14.68141  7.21e-03  36.78972  cuMemcpyHtoDAsync
                     1.41  22.19176         1  22.19176  22.19176  22.19176  cuModuleLoadDataEx
                     1.35  21.12857         5  4.225714  9.52e-03  10.40828  cuMemAlloc
                     0.28  4.436792         1  4.436792  4.436792  4.436792  cuModuleUnload
                     0.21  3.315519         2  1.657759  1.537492  1.778027  cuMemFree
                     0.05  0.778132        32  0.024316  4.05e-03  0.331805  cuStreamCreate
                     0.02  0.377189        32  0.011787  0.011129  0.019839  cuStreamDestroy
                     0.00  0.061594         2  0.030797  0.026854  0.034740  cuMemcpyDtoH
                     0.00  0.037615         2  0.018807  0.014620  0.022995  cuLaunchKernel
                     0.00  0.015171        24  6.32e-04  2.87e-04  1.60e-03  cuCtxSetCurrent
                     0.00  0.010044         4  2.51e-03  1.36e-03  4.15e-03  cuDeviceGetPCIBusId
                     0.00  6.85e-03        15  4.56e-04  2.60e-04  1.11e-03  cuDeviceGetAttribute
                     0.00  3.12e-03         3  1.04e-03  7.30e-04  1.34e-03  cuModuleGetGlobal
                     0.00  2.69e-03         5  5.38e-04  4.33e-04  6.89e-04  cuDeviceGet
                     0.00  1.95e-03         2  9.75e-04  7.93e-04  1.16e-03  cuFuncGetAttribute
                     0.00  1.84e-03         2  9.21e-04  7.68e-04  1.07e-03  cuModuleGetFunction
                     0.00  1.43e-03         3  4.78e-04  3.60e-04  6.07e-04  cuDeviceGetCount
                     0.00  1.24e-03         1  1.24e-03  1.24e-03  1.24e-03  cuDevicePrimaryCtxGetState
                     0.00  1.03e-03         1  1.03e-03  1.03e-03  1.03e-03  cuDevicePrimaryCtxSetFlags
                     0.00  8.67e-04         1  8.67e-04  8.67e-04  8.67e-04  cuCtxGetDevice
