==163240== NVPROF is profiling process 163240, command: jacobi_offload 128 2000
==163240== Profiling application: jacobi_offload 128 2000
==163240== Profiling result:
            Type  Time(%)      Time     Calls       Avg       Min       Max  Name
                        %        ms                  ms        ms        ms
 GPU activities:    86.71  2.84e+03      5000  0.568688  0.559453  0.575902  __omp_offloading_30_2debd81_main_l46
                    12.82  420.3643      5000  0.084072  0.081728  0.086592  __omp_offloading_30_2debd81_main_l62
                     0.27  8.744670      5003  1.75e-03  1.66e-03  4.70e-03  [CUDA memcpy DtoH]
                     0.20  6.572933      5001  1.31e-03  1.28e-03  6.69e-03  [CUDA memcpy HtoD]
      API calls:    69.56  2.89e+03      5001  0.577521  0.039403  1.493672  cuMemcpyDtoHAsync
                    19.16  795.4849     10002  0.079532  5.07e-03  1.295707  cuStreamSynchronize
                     4.47  185.7082         1  185.7082  185.7082  185.7082  cuDevicePrimaryCtxRetain
                     2.42  100.4766     10000  0.010047  9.54e-03  0.471987  cuLaunchKernel
                     2.29  94.90927         1  94.90927  94.90927  94.90927  cuDevicePrimaryCtxRelease
                     0.93  38.41951      5001  7.68e-03  7.05e-03  0.107752  cuMemcpyHtoDAsync
                     0.74  30.74523         1  30.74523  30.74523  30.74523  cuModuleLoadDataEx
                     0.22  9.043955     20015  4.51e-04  3.05e-04  0.091445  cuCtxSetCurrent
                     0.18  7.320045         1  7.320045  7.320045  7.320045  cuModuleUnload
                     0.02  0.776794        32  0.024274  4.10e-03  0.329880  cuStreamCreate
                     0.01  0.388266        32  0.012133  0.011334  0.024350  cuStreamDestroy
                     0.01  0.382407         3  0.127469  6.70e-03  0.367624  cuMemAlloc
                     0.00  0.075807         2  0.037903  0.035075  0.040732  cuMemFree
                     0.00  0.058900         2  0.029450  0.024733  0.034167  cuMemcpyDtoH
                     0.00  0.010163         4  2.54e-03  1.18e-03  4.41e-03  cuDeviceGetPCIBusId
                     0.00  6.33e-03        15  4.22e-04  2.67e-04  1.09e-03  cuDeviceGetAttribute
                     0.00  3.37e-03         3  1.12e-03  7.58e-04  1.45e-03  cuModuleGetGlobal
                     0.00  2.75e-03         5  5.50e-04  4.43e-04  6.78e-04  cuDeviceGet
                     0.00  2.24e-03         2  1.12e-03  9.61e-04  1.28e-03  cuModuleGetFunction
                     0.00  1.83e-03         2  9.14e-04  8.12e-04  1.02e-03  cuFuncGetAttribute
                     0.00  1.49e-03         3  4.95e-04  3.46e-04  6.64e-04  cuDeviceGetCount
                     0.00  1.39e-03         1  1.39e-03  1.39e-03  1.39e-03  cuDevicePrimaryCtxGetState
                     0.00  7.25e-04         1  7.25e-04  7.25e-04  7.25e-04  cuDevicePrimaryCtxSetFlags
                     0.00  5.37e-04         1  5.37e-04  5.37e-04  5.37e-04  cuCtxGetDevice
