==161917== NVPROF is profiling process 161917, command: jacobi_offload 128 1000
==161917== Profiling application: jacobi_offload 128 1000
==161917== Profiling result:
            Type  Time(%)      Time     Calls       Avg       Min       Max  Name
                        %        ms                  ms        ms        ms
 GPU activities:    86.61  2.84e+03      5000  0.567243  0.560478  0.575741  __omp_offloading_30_2debd81_main_l46
                    12.92  423.0736      5000  0.084614  0.082368  0.086975  __omp_offloading_30_2debd81_main_l62
                     0.27  8.778206      5003  1.75e-03  1.66e-03  4.64e-03  [CUDA memcpy DtoH]
                     0.20  6.500961      5001  1.30e-03  1.28e-03  6.94e-03  [CUDA memcpy HtoD]
      API calls:    69.54  2.88e+03      5001  0.576612  0.040780  1.310236  cuMemcpyDtoHAsync
                    19.18  795.2029     10002  0.079504  5.02e-03  1.524407  cuStreamSynchronize
                     4.33  179.7629         1  179.7629  179.7629  179.7629  cuDevicePrimaryCtxRetain
                     2.50  103.7142     10000  0.010371  9.77e-03  0.467337  cuLaunchKernel
                     2.30  95.30344         1  95.30344  95.30344  95.30344  cuDevicePrimaryCtxRelease
                     0.98  40.58207      5001  8.11e-03  7.45e-03  0.096236  cuMemcpyHtoDAsync
                     0.74  30.80985         1  30.80985  30.80985  30.80985  cuModuleLoadDataEx
                     0.22  8.984048     20015  4.48e-04  3.15e-04  0.080618  cuCtxSetCurrent
                     0.18  7.272590         1  7.272590  7.272590  7.272590  cuModuleUnload
                     0.02  0.788949        32  0.024654  4.03e-03  0.347391  cuStreamCreate
                     0.01  0.383626        32  0.011988  0.011124  0.024602  cuStreamDestroy
                     0.01  0.371451         3  0.123817  6.51e-03  0.357279  cuMemAlloc
                     0.00  0.074976         2  0.037488  0.035322  0.039654  cuMemFree
                     0.00  0.058503         2  0.029251  0.024613  0.033890  cuMemcpyDtoH
                     0.00  8.20e-03         4  2.05e-03  1.17e-03  3.29e-03  cuDeviceGetPCIBusId
                     0.00  6.92e-03        15  4.61e-04  2.46e-04  1.16e-03  cuDeviceGetAttribute
                     0.00  3.46e-03         3  1.15e-03  8.06e-04  1.53e-03  cuModuleGetGlobal
                     0.00  2.93e-03         5  5.86e-04  4.64e-04  8.46e-04  cuDeviceGet
                     0.00  2.25e-03         2  1.13e-03  9.84e-04  1.27e-03  cuModuleGetFunction
                     0.00  1.81e-03         2  9.04e-04  7.61e-04  1.05e-03  cuFuncGetAttribute
                     0.00  1.45e-03         3  4.84e-04  4.06e-04  6.09e-04  cuDeviceGetCount
                     0.00  1.25e-03         1  1.25e-03  1.25e-03  1.25e-03  cuDevicePrimaryCtxGetState
                     0.00  7.32e-04         1  7.32e-04  7.32e-04  7.32e-04  cuDevicePrimaryCtxSetFlags
                     0.00  4.92e-04         1  4.92e-04  4.92e-04  4.92e-04  cuCtxGetDevice
