==162986== NVPROF is profiling process 162986, command: jacobi_offload 128 1800
==162986== Profiling application: jacobi_offload 128 1800
==162986== Profiling result:
            Type  Time(%)      Time     Calls       Avg       Min       Max  Name
                        %        ms                  ms        ms        ms
 GPU activities:    86.70  2.84e+03      5000  0.568267  0.560478  0.577181  __omp_offloading_30_2debd81_main_l46
                    12.84  420.6657      5000  0.084133  0.081856  0.087040  __omp_offloading_30_2debd81_main_l62
                     0.26  8.657649      5003  1.73e-03  1.66e-03  4.70e-03  [CUDA memcpy DtoH]
                     0.20  6.501989      5001  1.30e-03  1.28e-03  7.17e-03  [CUDA memcpy HtoD]
      API calls:    68.88  2.89e+03      5001  0.577103  0.040323  0.585532  cuMemcpyDtoHAsync
                    19.94  835.5521     10002  0.083538  5.03e-03  3.015316  cuStreamSynchronize
                     4.32  181.0260         1  181.0260  181.0260  181.0260  cuDevicePrimaryCtxRetain
                     2.40  100.5396     10000  0.010053  9.55e-03  0.470910  cuLaunchKernel
                     2.33  97.45961         1  97.45961  97.45961  97.45961  cuDevicePrimaryCtxRelease
                     0.96  40.27319      5001  8.05e-03  7.22e-03  0.098977  cuMemcpyHtoDAsync
                     0.73  30.77168         1  30.77168  30.77168  30.77168  cuModuleLoadDataEx
                     0.22  9.084058     20015  4.53e-04  3.28e-04  0.088886  cuCtxSetCurrent
                     0.17  7.324457         1  7.324457  7.324457  7.324457  cuModuleUnload
                     0.02  0.774795        32  0.024212  4.08e-03  0.328481  cuStreamCreate
                     0.01  0.388425        32  0.012138  0.011280  0.025079  cuStreamDestroy
                     0.01  0.374557         3  0.124852  6.75e-03  0.359832  cuMemAlloc
                     0.00  0.076473         2  0.038236  0.035756  0.040717  cuMemFree
                     0.00  0.059242         2  0.029621  0.025050  0.034192  cuMemcpyDtoH
                     0.00  8.64e-03         4  2.16e-03  1.19e-03  3.73e-03  cuDeviceGetPCIBusId
                     0.00  7.06e-03        15  4.70e-04  2.67e-04  1.34e-03  cuDeviceGetAttribute
                     0.00  3.45e-03         3  1.15e-03  7.68e-04  1.55e-03  cuModuleGetGlobal
                     0.00  2.64e-03         5  5.27e-04  4.48e-04  6.72e-04  cuDeviceGet
                     0.00  2.06e-03         2  1.03e-03  8.89e-04  1.17e-03  cuModuleGetFunction
                     0.00  1.81e-03         2  9.05e-04  8.38e-04  9.73e-04  cuFuncGetAttribute
                     0.00  1.40e-03         3  4.67e-04  3.60e-04  5.78e-04  cuDeviceGetCount
                     0.00  1.33e-03         1  1.33e-03  1.33e-03  1.33e-03  cuDevicePrimaryCtxGetState
                     0.00  8.48e-04         1  8.48e-04  8.48e-04  8.48e-04  cuDevicePrimaryCtxSetFlags
                     0.00  7.36e-04         1  7.36e-04  7.36e-04  7.36e-04  cuCtxGetDevice
