==162453== NVPROF is profiling process 162453, command: jacobi_offload 128 1400
==162453== Profiling application: jacobi_offload 128 1400
==162453== Profiling result:
            Type  Time(%)      Time     Calls       Avg       Min       Max  Name
                        %        ms                  ms        ms        ms
 GPU activities:    86.59  2.80e+03      5000  0.559740  0.551262  0.566397  __omp_offloading_30_2debd81_main_l46
                    12.94  418.1986      5000  0.083639  0.081471  0.086080  __omp_offloading_30_2debd81_main_l62
                     0.27  8.778554      5003  1.75e-03  1.66e-03  4.74e-03  [CUDA memcpy DtoH]
                     0.20  6.565157      5001  1.31e-03  1.28e-03  6.53e-03  [CUDA memcpy HtoD]
      API calls:    68.64  2.85e+03      5001  0.569171  0.039464  1.759138  cuMemcpyDtoHAsync
                    20.09  833.0632     10002  0.083289  5.03e-03  3.131445  cuStreamSynchronize
                     4.36  180.9181         1  180.9181  180.9181  180.9181  cuDevicePrimaryCtxRetain
                     2.43  100.5830     10000  0.010058  9.53e-03  0.469191  cuLaunchKernel
                     2.33  96.67959         1  96.67959  96.67959  96.67959  cuDevicePrimaryCtxRelease
                     0.97  40.24672      5001  8.05e-03  7.16e-03  0.100529  cuMemcpyHtoDAsync
                     0.74  30.69729         1  30.69729  30.69729  30.69729  cuModuleLoadDataEx
                     0.22  9.015947     20015  4.50e-04  3.06e-04  0.083773  cuCtxSetCurrent
                     0.18  7.284972         1  7.284972  7.284972  7.284972  cuModuleUnload
                     0.02  0.775910        32  0.024247  4.06e-03  0.329921  cuStreamCreate
                     0.01  0.384283        32  0.012008  0.011123  0.025548  cuStreamDestroy
                     0.01  0.371732         3  0.123910  6.64e-03  0.357182  cuMemAlloc
                     0.00  0.075676         2  0.037838  0.035944  0.039732  cuMemFree
                     0.00  0.061211         2  0.030605  0.024882  0.036329  cuMemcpyDtoH
                     0.00  8.78e-03         4  2.19e-03  1.19e-03  3.77e-03  cuDeviceGetPCIBusId
                     0.00  6.77e-03        15  4.51e-04  2.46e-04  1.12e-03  cuDeviceGetAttribute
                     0.00  3.50e-03         3  1.17e-03  7.90e-04  1.61e-03  cuModuleGetGlobal
                     0.00  2.73e-03         5  5.45e-04  4.43e-04  6.64e-04  cuDeviceGet
                     0.00  2.14e-03         2  1.07e-03  8.91e-04  1.25e-03  cuModuleGetFunction
                     0.00  2.09e-03         2  1.04e-03  7.76e-04  1.31e-03  cuFuncGetAttribute
                     0.00  1.53e-03         3  5.11e-04  4.14e-04  6.34e-04  cuDeviceGetCount
                     0.00  1.18e-03         1  1.18e-03  1.18e-03  1.18e-03  cuDevicePrimaryCtxGetState
                     0.00  7.52e-04         1  7.52e-04  7.52e-04  7.52e-04  cuCtxGetDevice
                     0.00  7.48e-04         1  7.48e-04  7.48e-04  7.48e-04  cuDevicePrimaryCtxSetFlags
