==162718== NVPROF is profiling process 162718, command: jacobi_offload 128 1600
==162718== Profiling application: jacobi_offload 128 1600
==162718== Profiling result:
            Type  Time(%)      Time     Calls       Avg       Min       Max  Name
                        %        ms                  ms        ms        ms
 GPU activities:    86.48  2.79e+03      5000  0.558355  0.551837  0.566494  __omp_offloading_30_2debd81_main_l46
                    13.05  421.2474      5000  0.084249  0.081536  0.087039  __omp_offloading_30_2debd81_main_l62
                     0.27  8.689301      5003  1.74e-03  1.66e-03  4.61e-03  [CUDA memcpy DtoH]
                     0.20  6.495935      5001  1.30e-03  1.28e-03  6.62e-03  [CUDA memcpy HtoD]
      API calls:    68.61  2.84e+03      5001  0.568644  0.038854  1.622284  cuMemcpyDtoHAsync
                    20.18  836.5400     10002  0.083637  5.04e-03  1.880862  cuStreamSynchronize
                     4.32  179.1970         1  179.1970  179.1970  179.1970  cuDevicePrimaryCtxRetain
                     2.42  100.1335     10000  0.010013  9.51e-03  0.467685  cuLaunchKernel
                     2.32  96.22698         1  96.22698  96.22698  96.22698  cuDevicePrimaryCtxRelease
                     0.97  40.11182      5001  8.02e-03  7.15e-03  0.093994  cuMemcpyHtoDAsync
                     0.74  30.66524         1  30.66524  30.66524  30.66524  cuModuleLoadDataEx
                     0.22  9.158049     20015  4.57e-04  3.07e-04  0.080703  cuCtxSetCurrent
                     0.18  7.309129         1  7.309129  7.309129  7.309129  cuModuleUnload
                     0.02  0.767396        32  0.023981  4.06e-03  0.321591  cuStreamCreate
                     0.01  0.385221        32  0.012038  0.011230  0.023732  cuStreamDestroy
                     0.01  0.367970         3  0.122656  6.68e-03  0.353213  cuMemAlloc
                     0.00  0.075263         2  0.037631  0.035038  0.040225  cuMemFree
                     0.00  0.058751         2  0.029375  0.024966  0.033785  cuMemcpyDtoH
                     0.00  8.89e-03         4  2.22e-03  1.21e-03  3.69e-03  cuDeviceGetPCIBusId
                     0.00  7.72e-03        15  5.14e-04  3.28e-04  1.15e-03  cuDeviceGetAttribute
                     0.00  3.46e-03         3  1.15e-03  8.07e-04  1.49e-03  cuModuleGetGlobal
                     0.00  2.73e-03         5  5.46e-04  4.67e-04  6.44e-04  cuDeviceGet
                     0.00  2.09e-03         2  1.05e-03  8.50e-04  1.24e-03  cuModuleGetFunction
                     0.00  1.74e-03         2  8.68e-04  7.68e-04  9.69e-04  cuFuncGetAttribute
                     0.00  1.59e-03         3  5.30e-04  4.66e-04  6.43e-04  cuDeviceGetCount
                     0.00  1.40e-03         1  1.40e-03  1.40e-03  1.40e-03  cuDevicePrimaryCtxGetState
                     0.00  7.56e-04         1  7.56e-04  7.56e-04  7.56e-04  cuDevicePrimaryCtxSetFlags
                     0.00  4.89e-04         1  4.89e-04  4.89e-04  4.89e-04  cuCtxGetDevice
