==160742== NVPROF is profiling process 160742, command: jacobi_offload 128 200
==160742== Profiling application: jacobi_offload 128 200
==160742== Profiling result:
            Type  Time(%)      Time     Calls       Avg       Min       Max  Name
                        %        ms                  ms        ms        ms
 GPU activities:    86.60  2.84e+03      5000  0.567233  0.559613  0.574878  __omp_offloading_30_2debd81_main_l46
                    12.93  423.5339      5000  0.084706  0.082431  0.087968  __omp_offloading_30_2debd81_main_l62
                     0.26  8.657133      5003  1.73e-03  1.66e-03  4.67e-03  [CUDA memcpy DtoH]
                     0.20  6.570240      5001  1.31e-03  1.28e-03  7.01e-03  [CUDA memcpy HtoD]
      API calls:    66.58  2.89e+03      5001  0.577149  0.040221  1.694828  cuMemcpyDtoHAsync
                    22.63  981.3000     10002  0.098110  5.03e-03  35.62163  cuStreamSynchronize
                     4.21  182.3886         1  182.3886  182.3886  182.3886  cuDevicePrimaryCtxRetain
                     2.33  100.9264     10000  0.010092  9.57e-03  0.470322  cuLaunchKernel
                     2.20  95.18900         1  95.18900  95.18900  95.18900  cuDevicePrimaryCtxRelease
                     0.93  40.41902      5001  8.08e-03  7.18e-03  0.112214  cuMemcpyHtoDAsync
                     0.71  30.73835         1  30.73835  30.73835  30.73835  cuModuleLoadDataEx
                     0.21  9.085922     20015  4.53e-04  3.28e-04  0.100613  cuCtxSetCurrent
                     0.17  7.304115         1  7.304115  7.304115  7.304115  cuModuleUnload
                     0.02  0.776992        32  0.024281  4.08e-03  0.329292  cuStreamCreate
                     0.01  0.390503        32  0.012203  0.011339  0.025379  cuStreamDestroy
                     0.01  0.374465         3  0.124821  6.59e-03  0.359859  cuMemAlloc
                     0.00  0.077314         2  0.038657  0.036032  0.041282  cuMemFree
                     0.00  0.059423         2  0.029711  0.025030  0.034393  cuMemcpyDtoH
                     0.00  8.20e-03         4  2.05e-03  1.13e-03  3.60e-03  cuDeviceGetPCIBusId
                     0.00  6.52e-03        15  4.34e-04  2.99e-04  1.16e-03  cuDeviceGetAttribute
                     0.00  3.37e-03         3  1.12e-03  7.33e-04  1.52e-03  cuModuleGetGlobal
                     0.00  2.63e-03         5  5.26e-04  4.78e-04  6.33e-04  cuDeviceGet
                     0.00  2.22e-03         2  1.11e-03  9.30e-04  1.30e-03  cuModuleGetFunction
                     0.00  1.70e-03         2  8.48e-04  7.50e-04  9.46e-04  cuFuncGetAttribute
                     0.00  1.48e-03         1  1.48e-03  1.48e-03  1.48e-03  cuDevicePrimaryCtxGetState
                     0.00  1.44e-03         3  4.81e-04  3.69e-04  5.51e-04  cuDeviceGetCount
                     0.00  7.83e-04         1  7.83e-04  7.83e-04  7.83e-04  cuDevicePrimaryCtxSetFlags
                     0.00  5.30e-04         1  5.30e-04  5.30e-04  5.30e-04  cuCtxGetDevice
