==161013== NVPROF is profiling process 161013, command: jacobi_offload 128 400
==161013== Profiling application: jacobi_offload 128 400
==161013== Profiling result:
            Type  Time(%)      Time     Calls       Avg       Min       Max  Name
                        %        ms                  ms        ms        ms
 GPU activities:    86.71  2.84e+03      5000  0.568232  0.559646  0.577341  __omp_offloading_30_2debd81_main_l46
                    12.82  420.1328      5000  0.084026  0.081823  0.086432  __omp_offloading_30_2debd81_main_l62
                     0.26  8.630065      5003  1.72e-03  1.69e-03  4.74e-03  [CUDA memcpy DtoH]
                     0.20  6.567588      5001  1.31e-03  1.28e-03  7.01e-03  [CUDA memcpy HtoD]
      API calls:    69.75  2.89e+03      5001  0.577844  0.039641  1.345423  cuMemcpyDtoHAsync
                    19.00  787.1962     10002  0.078703  5.08e-03  1.262267  cuStreamSynchronize
                     4.32  179.1388         1  179.1388  179.1388  179.1388  cuDevicePrimaryCtxRetain
                     2.43  100.8154     10000  0.010081  9.48e-03  0.467580  cuLaunchKernel
                     2.34  96.95478         1  96.95478  96.95478  96.95478  cuDevicePrimaryCtxRelease
                     0.95  39.48412      5001  7.89e-03  7.04e-03  0.104335  cuMemcpyHtoDAsync
                     0.76  31.53661         1  31.53661  31.53661  31.53661  cuModuleLoadDataEx
                     0.22  9.101548     20015  4.54e-04  3.36e-04  0.093828  cuCtxSetCurrent
                     0.17  7.249792         1  7.249792  7.249792  7.249792  cuModuleUnload
                     0.02  0.766166        32  0.023942  4.03e-03  0.322275  cuStreamCreate
                     0.01  0.383765        32  0.011992  0.011150  0.023318  cuStreamDestroy
                     0.01  0.369601         3  0.123200  6.60e-03  0.354947  cuMemAlloc
                     0.00  0.076055         2  0.038027  0.034984  0.041071  cuMemFree
                     0.00  0.059079         2  0.029539  0.024622  0.034457  cuMemcpyDtoH
                     0.00  9.31e-03         4  2.33e-03  1.19e-03  4.42e-03  cuDeviceGetPCIBusId
                     0.00  7.25e-03        15  4.83e-04  2.57e-04  1.29e-03  cuDeviceGetAttribute
                     0.00  3.43e-03         3  1.14e-03  7.69e-04  1.51e-03  cuModuleGetGlobal
                     0.00  2.70e-03         5  5.41e-04  4.17e-04  6.82e-04  cuDeviceGet
                     0.00  2.52e-03         2  1.26e-03  9.12e-04  1.61e-03  cuModuleGetFunction
                     0.00  1.88e-03         2  9.41e-04  7.53e-04  1.13e-03  cuFuncGetAttribute
                     0.00  1.66e-03         3  5.54e-04  4.63e-04  6.27e-04  cuDeviceGetCount
                     0.00  1.14e-03         1  1.14e-03  1.14e-03  1.14e-03  cuDevicePrimaryCtxGetState
                     0.00  7.44e-04         1  7.44e-04  7.44e-04  7.44e-04  cuDevicePrimaryCtxSetFlags
                     0.00  7.22e-04         1  7.22e-04  7.22e-04  7.22e-04  cuCtxGetDevice
