==162188== NVPROF is profiling process 162188, command: jacobi_offload 128 1200
==162188== Profiling application: jacobi_offload 128 1200
==162188== Profiling result:
            Type  Time(%)      Time     Calls       Avg       Min       Max  Name
                        %        ms                  ms        ms        ms
 GPU activities:    86.52  2.80e+03      5000  0.559447  0.552318  0.569886  __omp_offloading_30_2debd81_main_l46
                    13.01  420.6007      5000  0.084120  0.081600  0.087200  __omp_offloading_30_2debd81_main_l62
                     0.27  8.616736      5003  1.72e-03  1.63e-03  4.64e-03  [CUDA memcpy DtoH]
                     0.20  6.569509      5001  1.31e-03  1.28e-03  6.46e-03  [CUDA memcpy HtoD]
      API calls:    69.85  2.84e+03      5001  0.568720  0.039582  1.479708  cuMemcpyDtoHAsync
                    18.78  764.8138     10002  0.076466  5.02e-03  1.001723  cuStreamSynchronize
                     4.40  179.0060         1  179.0060  179.0060  179.0060  cuDevicePrimaryCtxRetain
                     2.48  101.0825     10000  0.010108  9.43e-03  0.469279  cuLaunchKernel
                     2.32  94.58534         1  94.58534  94.58534  94.58534  cuDevicePrimaryCtxRelease
                     0.96  39.12889      5001  7.82e-03  7.10e-03  0.100019  cuMemcpyHtoDAsync
                     0.75  30.71550         1  30.71550  30.71550  30.71550  cuModuleLoadDataEx
                     0.22  9.028034     20015  4.51e-04  3.15e-04  0.077597  cuCtxSetCurrent
                     0.18  7.309970         1  7.309970  7.309970  7.309970  cuModuleUnload
                     0.02  0.773102        32  0.024159  4.07e-03  0.327776  cuStreamCreate
                     0.01  0.385856        32  0.012058  0.011224  0.024255  cuStreamDestroy
                     0.01  0.371351         3  0.123783  6.88e-03  0.356519  cuMemAlloc
                     0.00  0.075256         2  0.037628  0.034894  0.040362  cuMemFree
                     0.00  0.060904         2  0.030452  0.026376  0.034528  cuMemcpyDtoH
                     0.00  9.33e-03         4  2.33e-03  1.31e-03  3.73e-03  cuDeviceGetPCIBusId
                     0.00  8.07e-03        15  5.38e-04  3.62e-04  1.13e-03  cuDeviceGetAttribute
                     0.00  3.61e-03         3  1.20e-03  7.93e-04  1.66e-03  cuModuleGetGlobal
                     0.00  2.88e-03         5  5.75e-04  4.77e-04  6.59e-04  cuDeviceGet
                     0.00  2.27e-03         2  1.13e-03  9.74e-04  1.29e-03  cuModuleGetFunction
                     0.00  2.13e-03         2  1.07e-03  9.29e-04  1.20e-03  cuFuncGetAttribute
                     0.00  1.71e-03         3  5.68e-04  4.63e-04  6.51e-04  cuDeviceGetCount
                     0.00  1.25e-03         1  1.25e-03  1.25e-03  1.25e-03  cuDevicePrimaryCtxGetState
                     0.00  7.46e-04         1  7.46e-04  7.46e-04  7.46e-04  cuDevicePrimaryCtxSetFlags
                     0.00  6.95e-04         1  6.95e-04  6.95e-04  6.95e-04  cuCtxGetDevice
