==161266== NVPROF is profiling process 161266, command: jacobi_offload 128 600
==161266== Profiling application: jacobi_offload 128 600
==161266== Profiling result:
            Type  Time(%)      Time     Calls       Avg       Min       Max  Name
                        %        ms                  ms        ms        ms
 GPU activities:    86.53  2.80e+03      5000  0.559513  0.551582  0.570653  __omp_offloading_30_2debd81_main_l46
                    12.99  419.9717      5000  0.083994  0.081664  0.086592  __omp_offloading_30_2debd81_main_l62
                     0.28  8.988532      5003  1.80e-03  1.66e-03  4.67e-03  [CUDA memcpy DtoH]
                     0.20  6.497093      5001  1.30e-03  1.28e-03  6.72e-03  [CUDA memcpy HtoD]
      API calls:    67.77  2.84e+03      5001  0.568631  0.038807  1.867425  cuMemcpyDtoHAsync
                    20.35  853.9257     10002  0.085375  5.02e-03  34.54895  cuStreamSynchronize
                     5.11  214.2896         1  214.2896  214.2896  214.2896  cuDevicePrimaryCtxRetain
                     2.39  100.3280     10000  0.010032  9.43e-03  0.471997  cuLaunchKernel
                     2.31  96.74201         1  96.74201  96.74201  96.74201  cuDevicePrimaryCtxRelease
                     0.92  38.62595      5001  7.72e-03  7.07e-03  0.115753  cuMemcpyHtoDAsync
                     0.73  30.70568         1  30.70568  30.70568  30.70568  cuModuleLoadDataEx
                     0.22  9.046998     20015  4.52e-04  3.30e-04  0.093588  cuCtxSetCurrent
                     0.17  7.294952         1  7.294952  7.294952  7.294952  cuModuleUnload
                     0.02  0.773513        32  0.024172  4.06e-03  0.328317  cuStreamCreate
                     0.01  0.387040        32  0.012095  0.011281  0.025243  cuStreamDestroy
                     0.01  0.371933         3  0.123977  6.62e-03  0.357099  cuMemAlloc
                     0.00  0.075370         2  0.037685  0.034514  0.040856  cuMemFree
                     0.00  0.058766         2  0.029383  0.025159  0.033607  cuMemcpyDtoH
                     0.00  8.81e-03         4  2.20e-03  1.13e-03  3.85e-03  cuDeviceGetPCIBusId
                     0.00  7.30e-03        15  4.86e-04  3.30e-04  1.10e-03  cuDeviceGetAttribute
                     0.00  3.44e-03         3  1.15e-03  7.60e-04  1.54e-03  cuModuleGetGlobal
                     0.00  2.61e-03         5  5.21e-04  4.64e-04  6.11e-04  cuDeviceGet
                     0.00  2.23e-03         2  1.12e-03  9.61e-04  1.27e-03  cuModuleGetFunction
                     0.00  1.68e-03         2  8.42e-04  7.01e-04  9.84e-04  cuFuncGetAttribute
                     0.00  1.54e-03         1  1.54e-03  1.54e-03  1.54e-03  cuDevicePrimaryCtxGetState
                     0.00  1.50e-03         3  5.01e-04  3.92e-04  6.31e-04  cuDeviceGetCount
                     0.00  6.37e-04         1  6.37e-04  6.37e-04  6.37e-04  cuDevicePrimaryCtxSetFlags
                     0.00  4.89e-04         1  4.89e-04  4.89e-04  4.89e-04  cuCtxGetDevice
