==162034== NVPROF is profiling process 162034, command: jacobi_offload 16 1200
==162034== Profiling application: jacobi_offload 16 1200
==162034== Profiling result:
            Type  Time(%)      Time     Calls       Avg       Min       Max  Name
                        %        ms                  ms        ms        ms
 GPU activities:    80.61  198.6787       774  0.256690  0.254912  0.275263  __omp_offloading_30_2debd81_main_l46
                    18.43  45.41345       774  0.058673  0.058336  0.061280  __omp_offloading_30_2debd81_main_l62
                     0.55  1.346075       777  1.73e-03  1.66e-03  2.50e-03  [CUDA memcpy DtoH]
                     0.41  1.016572       775  1.31e-03  1.28e-03  1.76e-03  [CUDA memcpy HtoD]
      API calls:    32.67  207.1515       775  0.267292  0.020141  0.284557  cuMemcpyDtoHAsync
                    28.24  179.0550         1  179.0550  179.0550  179.0550  cuDevicePrimaryCtxRetain
                    14.97  94.92315         1  94.92315  94.92315  94.92315  cuDevicePrimaryCtxRelease
                    14.25  90.34897      1550  0.058289  4.99e-03  0.137506  cuStreamSynchronize
                     4.84  30.71892         1  30.71892  30.71892  30.71892  cuModuleLoadDataEx
                     2.53  16.07254      1548  0.010382  9.58e-03  0.465995  cuLaunchKernel
                     1.11  7.018933         1  7.018933  7.018933  7.018933  cuModuleUnload
                     0.91  5.756803       775  7.43e-03  6.89e-03  0.011171  cuMemcpyHtoDAsync
                     0.22  1.385228      3109  4.45e-04  3.66e-04  1.32e-03  cuCtxSetCurrent
                     0.12  0.772155        32  0.024129  4.13e-03  0.329214  cuStreamCreate
                     0.06  0.374406        32  0.011700  0.011029  0.016859  cuStreamDestroy
                     0.06  0.368837         3  0.122945  6.60e-03  0.354445  cuMemAlloc
                     0.01  0.059403         2  0.029701  0.025216  0.034187  cuMemcpyDtoH
                     0.00  9.24e-03         4  2.31e-03  1.19e-03  4.35e-03  cuDeviceGetPCIBusId
                     0.00  7.79e-03        15  5.19e-04  3.15e-04  1.27e-03  cuDeviceGetAttribute
                     0.00  3.44e-03         3  1.15e-03  7.67e-04  1.54e-03  cuModuleGetGlobal
                     0.00  2.80e-03         5  5.60e-04  4.48e-04  7.58e-04  cuDeviceGet
                     0.00  2.18e-03         2  1.09e-03  9.30e-04  1.25e-03  cuModuleGetFunction
                     0.00  1.68e-03         2  8.39e-04  7.48e-04  9.30e-04  cuFuncGetAttribute
                     0.00  1.43e-03         3  4.76e-04  3.52e-04  5.96e-04  cuDeviceGetCount
                     0.00  1.35e-03         1  1.35e-03  1.35e-03  1.35e-03  cuDevicePrimaryCtxGetState
                     0.00  7.46e-04         1  7.46e-04  7.46e-04  7.46e-04  cuDevicePrimaryCtxSetFlags
                     0.00  5.69e-04         1  5.69e-04  5.69e-04  5.69e-04  cuCtxGetDevice
