==160866== NVPROF is profiling process 160866, command: jacobi_offload 16 400
==160866== Profiling application: jacobi_offload 16 400
==160866== Profiling result:
            Type  Time(%)      Time     Calls       Avg       Min       Max  Name
                        %        ms                  ms        ms        ms
 GPU activities:    80.61  198.7797       774  0.256821  0.255423  0.275263  __omp_offloading_30_2debd81_main_l46
                    18.44  45.46689       774  0.058742  0.058431  0.062080  __omp_offloading_30_2debd81_main_l62
                     0.55  1.355965       777  1.75e-03  1.66e-03  2.40e-03  [CUDA memcpy DtoH]
                     0.41  1.006238       775  1.30e-03  1.28e-03  1.70e-03  [CUDA memcpy HtoD]
      API calls:    32.31  206.6984       775  0.266707  0.020154  0.283676  cuMemcpyDtoHAsync
                    28.04  179.3702         1  179.3702  179.3702  179.3702  cuDevicePrimaryCtxRetain
                    15.36  98.26958         1  98.26958  98.26958  98.26958  cuDevicePrimaryCtxRelease
                    14.53  92.93174      1550  0.059955  5.00e-03  1.003259  cuStreamSynchronize
                     4.80  30.71944         1  30.71944  30.71944  30.71944  cuModuleLoadDataEx
                     2.50  15.96897      1548  0.010315  9.57e-03  0.470224  cuLaunchKernel
                     1.11  7.124565         1  7.124565  7.124565  7.124565  cuModuleUnload
                     0.89  5.714189       775  7.37e-03  6.80e-03  0.011081  cuMemcpyHtoDAsync
                     0.21  1.372465      3109  4.41e-04  3.34e-04  1.40e-03  cuCtxSetCurrent
                     0.12  0.772421        32  0.024138  4.09e-03  0.328401  cuStreamCreate
                     0.06  0.376861         3  0.125620  6.95e-03  0.362082  cuMemAlloc
                     0.06  0.374315        32  0.011697  0.011076  0.017890  cuStreamDestroy
                     0.01  0.059000         2  0.029500  0.024810  0.034190  cuMemcpyDtoH
                     0.00  9.26e-03         4  2.31e-03  1.19e-03  4.13e-03  cuDeviceGetPCIBusId
                     0.00  7.54e-03        15  5.02e-04  3.47e-04  1.22e-03  cuDeviceGetAttribute
                     0.00  3.59e-03         3  1.19e-03  8.42e-04  1.49e-03  cuModuleGetGlobal
                     0.00  3.03e-03         5  6.06e-04  4.61e-04  9.22e-04  cuDeviceGet
                     0.00  2.00e-03         2  9.99e-04  8.52e-04  1.15e-03  cuModuleGetFunction
                     0.00  1.81e-03         2  9.05e-04  8.36e-04  9.75e-04  cuFuncGetAttribute
                     0.00  1.50e-03         3  4.99e-04  4.06e-04  6.19e-04  cuDeviceGetCount
                     0.00  1.22e-03         1  1.22e-03  1.22e-03  1.22e-03  cuDevicePrimaryCtxGetState
                     0.00  6.60e-04         1  6.60e-04  6.60e-04  6.60e-04  cuDevicePrimaryCtxSetFlags
                     0.00  5.39e-04         1  5.39e-04  5.39e-04  5.39e-04  cuCtxGetDevice
