==162599== NVPROF is profiling process 162599, command: jacobi_offload 32 1600
==162599== Profiling application: jacobi_offload 32 1600
==162599== Profiling result:
            Type  Time(%)      Time     Calls       Avg       Min       Max  Name
                        %        ms                  ms        ms        ms
 GPU activities:    82.70  945.7428      3205  0.295083  0.293502  0.317023  __omp_offloading_30_2debd81_main_l46
                    16.44  188.0219      3205  0.058665  0.058591  0.061664  __omp_offloading_30_2debd81_main_l62
                     0.49  5.636776      3208  1.76e-03  1.66e-03  2.50e-03  [CUDA memcpy DtoH]
                     0.36  4.165998      3206  1.30e-03  1.28e-03  2.05e-03  [CUDA memcpy HtoD]
      API calls:    53.11  970.4596      3206  0.302701  0.021870  0.339213  cuMemcpyDtoHAsync
                    24.56  448.8014      6412  0.069993  5.03e-03  1.342889  cuStreamSynchronize
                     9.78  178.6834         1  178.6834  178.6834  178.6834  cuDevicePrimaryCtxRetain
                     5.18  94.66994         1  94.66994  94.66994  94.66994  cuDevicePrimaryCtxRelease
                     3.53  64.57845      6410  0.010074  9.56e-03  0.470997  cuLaunchKernel
                     1.68  30.70842         1  30.70842  30.70842  30.70842  cuModuleLoadDataEx
                     1.35  24.64339      3206  7.69e-03  6.94e-03  0.028198  cuMemcpyHtoDAsync
                     0.40  7.293885         1  7.293885  7.293885  7.293885  cuModuleUnload
                     0.32  5.868662     12833  4.57e-04  3.41e-04  0.083229  cuCtxSetCurrent
                     0.04  0.774394        32  0.024199  4.04e-03  0.327878  cuStreamCreate
                     0.02  0.379059        32  0.011845  0.010969  0.023686  cuStreamDestroy
                     0.02  0.373946         3  0.124648  6.86e-03  0.359164  cuMemAlloc
                     0.00  0.059203         2  0.029601  0.024989  0.034214  cuMemcpyDtoH
                     0.00  8.41e-03         4  2.10e-03  1.26e-03  3.15e-03  cuDeviceGetPCIBusId
                     0.00  6.79e-03        15  4.52e-04  2.64e-04  1.15e-03  cuDeviceGetAttribute
                     0.00  3.32e-03         3  1.11e-03  7.89e-04  1.46e-03  cuModuleGetGlobal
                     0.00  2.84e-03         5  5.67e-04  3.96e-04  9.00e-04  cuDeviceGet
                     0.00  2.08e-03         2  1.04e-03  8.73e-04  1.20e-03  cuModuleGetFunction
                     0.00  1.99e-03         2  9.93e-04  8.52e-04  1.13e-03  cuFuncGetAttribute
                     0.00  1.42e-03         3  4.73e-04  3.26e-04  6.21e-04  cuDeviceGetCount
                     0.00  1.27e-03         1  1.27e-03  1.27e-03  1.27e-03  cuDevicePrimaryCtxSetFlags
                     0.00  1.21e-03         1  1.21e-03  1.21e-03  1.21e-03  cuDevicePrimaryCtxGetState
                     0.00  5.55e-04         1  5.55e-04  5.55e-04  5.55e-04  cuCtxGetDevice
