==161806== NVPROF is profiling process 161806, command: jacobi_offload 32 1000
==161806== Profiling application: jacobi_offload 32 1000
==161806== Profiling result:
            Type  Time(%)      Time     Calls       Avg       Min       Max  Name
                        %        ms                  ms        ms        ms
 GPU activities:    82.65  942.3171      3205  0.294014  0.291935  0.312607  __omp_offloading_30_2debd81_main_l46
                    16.50  188.0697      3205  0.058680  0.058592  0.061248  __omp_offloading_30_2debd81_main_l62
                     0.48  5.511463      3208  1.72e-03  1.66e-03  2.69e-03  [CUDA memcpy DtoH]
                     0.37  4.162892      3206  1.30e-03  1.28e-03  2.05e-03  [CUDA memcpy HtoD]
      API calls:    52.91  969.9683      3206  0.302547  0.021686  1.393769  cuMemcpyDtoHAsync
                    24.69  452.6312      6412  0.070591  5.00e-03  1.001849  cuStreamSynchronize
                     9.77  179.0866         1  179.0866  179.0866  179.0866  cuDevicePrimaryCtxRetain
                     5.29  96.98797         1  96.98797  96.98797  96.98797  cuDevicePrimaryCtxRelease
                     3.51  64.35753      6410  0.010040  9.49e-03  0.470306  cuLaunchKernel
                     1.67  30.60915         1  30.60915  30.60915  30.60915  cuModuleLoadDataEx
                     1.35  24.74301      3206  7.72e-03  6.91e-03  0.023406  cuMemcpyHtoDAsync
                     0.40  7.296412         1  7.296412  7.296412  7.296412  cuModuleUnload
                     0.32  5.821935     12833  4.53e-04  3.10e-04  0.093568  cuCtxSetCurrent
                     0.04  0.792586        32  0.024768  4.06e-03  0.347596  cuStreamCreate
                     0.02  0.385323        32  0.012041  0.011240  0.024913  cuStreamDestroy
                     0.02  0.374554         3  0.124851  6.87e-03  0.360363  cuMemAlloc
                     0.00  0.058484         2  0.029242  0.024923  0.033561  cuMemcpyDtoH
                     0.00  8.96e-03         4  2.24e-03  1.12e-03  3.40e-03  cuDeviceGetPCIBusId
                     0.00  7.53e-03        15  5.01e-04  3.52e-04  1.09e-03  cuDeviceGetAttribute
                     0.00  3.48e-03         3  1.16e-03  8.08e-04  1.49e-03  cuModuleGetGlobal
                     0.00  2.79e-03         5  5.57e-04  4.45e-04  6.82e-04  cuDeviceGet
                     0.00  2.26e-03         2  1.13e-03  9.55e-04  1.30e-03  cuModuleGetFunction
                     0.00  1.73e-03         2  8.63e-04  7.55e-04  9.72e-04  cuFuncGetAttribute
                     0.00  1.43e-03         3  4.78e-04  3.84e-04  5.92e-04  cuDeviceGetCount
                     0.00  1.27e-03         1  1.27e-03  1.27e-03  1.27e-03  cuDevicePrimaryCtxGetState
                     0.00  7.66e-04         1  7.66e-04  7.66e-04  7.66e-04  cuCtxGetDevice
                     0.00  7.58e-04         1  7.58e-04  7.58e-04  7.58e-04  cuDevicePrimaryCtxSetFlags
