==162077== NVPROF is profiling process 162077, command: jacobi_offload 32 1200
==162077== Profiling application: jacobi_offload 32 1200
==162077== Profiling result:
            Type  Time(%)      Time     Calls       Avg       Min       Max  Name
                        %        ms                  ms        ms        ms
 GPU activities:    82.69  944.3835      3205  0.294659  0.293310  0.316159  __omp_offloading_30_2debd81_main_l46
                    16.45  187.8631      3205  0.058615  0.058527  0.061824  __omp_offloading_30_2debd81_main_l62
                     0.49  5.618377      3208  1.75e-03  1.66e-03  2.53e-03  [CUDA memcpy DtoH]
                     0.36  4.161968      3206  1.30e-03  1.28e-03  2.05e-03  [CUDA memcpy HtoD]
      API calls:    55.06  968.9844      3206  0.302240  0.021069  1.589213  cuMemcpyDtoHAsync
                    21.89  385.3039      6412  0.060091  5.02e-03  1.069972  cuStreamSynchronize
                    10.12  178.1127         1  178.1127  178.1127  178.1127  cuDevicePrimaryCtxRetain
                     5.33  93.72233         1  93.72233  93.72233  93.72233  cuDevicePrimaryCtxRelease
                     3.68  64.74708      6410  0.010100  9.48e-03  0.466897  cuLaunchKernel
                     1.75  30.72273         1  30.72273  30.72273  30.72273  cuModuleLoadDataEx
                     1.35  23.69384      3206  7.39e-03  6.87e-03  0.022400  cuMemcpyHtoDAsync
                     0.42  7.319078         1  7.319078  7.319078  7.319078  cuModuleUnload
                     0.33  5.799717     12833  4.51e-04  3.32e-04  0.086555  cuCtxSetCurrent
                     0.04  0.769036        32  0.024032  4.14e-03  0.326437  cuStreamCreate
                     0.02  0.383305        32  0.011978  0.011120  0.023025  cuStreamDestroy
                     0.02  0.369252         3  0.123084  6.63e-03  0.354586  cuMemAlloc
                     0.00  0.059183         2  0.029591  0.025054  0.034129  cuMemcpyDtoH
                     0.00  8.40e-03         4  2.10e-03  1.14e-03  3.76e-03  cuDeviceGetPCIBusId
                     0.00  7.70e-03        15  5.13e-04  3.48e-04  1.41e-03  cuDeviceGetAttribute
                     0.00  3.37e-03         3  1.12e-03  8.08e-04  1.43e-03  cuModuleGetGlobal
                     0.00  2.69e-03         5  5.37e-04  4.80e-04  6.44e-04  cuDeviceGet
                     0.00  2.14e-03         2  1.07e-03  8.98e-04  1.24e-03  cuModuleGetFunction
                     0.00  1.76e-03         2  8.81e-04  7.83e-04  9.79e-04  cuFuncGetAttribute
                     0.00  1.38e-03         1  1.38e-03  1.38e-03  1.38e-03  cuDevicePrimaryCtxGetState
                     0.00  1.38e-03         3  4.60e-04  3.16e-04  6.37e-04  cuDeviceGetCount
                     0.00  7.44e-04         1  7.44e-04  7.44e-04  7.44e-04  cuDevicePrimaryCtxSetFlags
                     0.00  5.65e-04         1  5.65e-04  5.65e-04  5.65e-04  cuCtxGetDevice
