==162860== NVPROF is profiling process 162860, command: jacobi_offload 32 1800
==162860== Profiling application: jacobi_offload 32 1800
==162860== Profiling result:
            Type  Time(%)      Time     Calls       Avg       Min       Max  Name
                        %        ms                  ms        ms        ms
 GPU activities:    82.69  945.2516      3205  0.294930  0.293151  0.316799  __omp_offloading_30_2debd81_main_l46
                    16.45  188.0982      3205  0.058688  0.058591  0.061664  __omp_offloading_30_2debd81_main_l62
                     0.49  5.618893      3208  1.75e-03  1.66e-03  2.53e-03  [CUDA memcpy DtoH]
                     0.36  4.167120      3206  1.30e-03  1.28e-03  2.05e-03  [CUDA memcpy HtoD]
      API calls:    51.11  972.4380      3206  0.303318  0.022167  1.617878  cuMemcpyDtoHAsync
                    25.36  482.4930      6412  0.075248  4.99e-03  30.11131  cuStreamSynchronize
                     9.51  180.8471         1  180.8471  180.8471  180.8471  cuDevicePrimaryCtxRetain
                     6.92  131.6813         1  131.6813  131.6813  131.6813  cuDevicePrimaryCtxRelease
                     3.40  64.73521      6410  0.010099  9.58e-03  0.467808  cuLaunchKernel
                     1.61  30.69891         1  30.69891  30.69891  30.69891  cuModuleLoadDataEx
                     1.31  24.84311      3206  7.75e-03  6.94e-03  0.023208  cuMemcpyHtoDAsync
                     0.39  7.326912         1  7.326912  7.326912  7.326912  cuModuleUnload
                     0.31  5.883742     12833  4.58e-04  3.44e-04  0.085594  cuCtxSetCurrent
                     0.04  0.772497        32  0.024140  4.11e-03  0.328503  cuStreamCreate
                     0.02  0.383398        32  0.011981  0.011121  0.023380  cuStreamDestroy
                     0.02  0.382741         3  0.127580  6.84e-03  0.367956  cuMemAlloc
                     0.00  0.058597         2  0.029298  0.024796  0.033801  cuMemcpyDtoH
                     0.00  8.18e-03         4  2.04e-03  1.14e-03  3.31e-03  cuDeviceGetPCIBusId
                     0.00  6.88e-03        15  4.58e-04  2.58e-04  1.36e-03  cuDeviceGetAttribute
                     0.00  3.46e-03         3  1.15e-03  8.01e-04  1.51e-03  cuModuleGetGlobal
                     0.00  2.73e-03         5  5.46e-04  4.69e-04  6.39e-04  cuDeviceGet
                     0.00  2.31e-03         2  1.15e-03  9.64e-04  1.34e-03  cuModuleGetFunction
                     0.00  1.84e-03         2  9.22e-04  8.21e-04  1.02e-03  cuFuncGetAttribute
                     0.00  1.56e-03         3  5.19e-04  4.18e-04  6.47e-04  cuDeviceGetCount
                     0.00  1.29e-03         1  1.29e-03  1.29e-03  1.29e-03  cuDevicePrimaryCtxGetState
                     0.00  1.10e-03         1  1.10e-03  1.10e-03  1.10e-03  cuDevicePrimaryCtxSetFlags
                     0.00  5.14e-04         1  5.14e-04  5.14e-04  5.14e-04  cuCtxGetDevice
