==160626== NVPROF is profiling process 160626, command: jacobi_offload 32 200
==160626== Profiling application: jacobi_offload 32 200
==160626== Profiling result:
            Type  Time(%)      Time     Calls       Avg       Min       Max  Name
                        %        ms                  ms        ms        ms
 GPU activities:    82.70  944.3637      3205  0.294653  0.293214  0.316095  __omp_offloading_30_2debd81_main_l46
                    16.45  187.7951      3205  0.058594  0.058432  0.061728  __omp_offloading_30_2debd81_main_l62
                     0.49  5.583623      3208  1.74e-03  1.66e-03  2.53e-03  [CUDA memcpy DtoH]
                     0.36  4.162062      3206  1.30e-03  1.28e-03  2.05e-03  [CUDA memcpy HtoD]
      API calls:    54.70  969.4409      3206  0.302383  0.021001  0.327442  cuMemcpyDtoHAsync
                    22.28  394.7863      6412  0.061569  5.00e-03  14.66351  cuStreamSynchronize
                    10.14  179.7845         1  179.7845  179.7845  179.7845  cuDevicePrimaryCtxRetain
                     5.30  93.92588         1  93.92588  93.92588  93.92588  cuDevicePrimaryCtxRelease
                     3.68  65.18508      6410  0.010169  9.53e-03  0.467473  cuLaunchKernel
                     1.73  30.73969         1  30.73969  30.73969  30.73969  cuModuleLoadDataEx
                     1.34  23.66787      3206  7.38e-03  6.86e-03  0.045860  cuMemcpyHtoDAsync
                     0.41  7.290613         1  7.290613  7.290613  7.290613  cuModuleUnload
                     0.33  5.768413     12833  4.49e-04  3.30e-04  0.096908  cuCtxSetCurrent
                     0.04  0.772360        32  0.024136  3.99e-03  0.328543  cuStreamCreate
                     0.02  0.388326         3  0.129442  6.65e-03  0.373905  cuMemAlloc
                     0.02  0.382977        32  0.011968  0.011202  0.023695  cuStreamDestroy
                     0.00  0.059239         2  0.029619  0.024909  0.034330  cuMemcpyDtoH
                     0.00  8.63e-03         4  2.16e-03  1.19e-03  3.63e-03  cuDeviceGetPCIBusId
                     0.00  7.42e-03        15  4.94e-04  2.79e-04  1.15e-03  cuDeviceGetAttribute
                     0.00  3.39e-03         3  1.13e-03  7.86e-04  1.53e-03  cuModuleGetGlobal
                     0.00  2.61e-03         5  5.22e-04  4.33e-04  6.15e-04  cuDeviceGet
                     0.00  2.26e-03         2  1.13e-03  9.67e-04  1.29e-03  cuModuleGetFunction
                     0.00  1.68e-03         2  8.42e-04  7.50e-04  9.35e-04  cuFuncGetAttribute
                     0.00  1.55e-03         3  5.16e-04  3.86e-04  6.03e-04  cuDeviceGetCount
                     0.00  1.44e-03         1  1.44e-03  1.44e-03  1.44e-03  cuDevicePrimaryCtxGetState
                     0.00  7.07e-04         1  7.07e-04  7.07e-04  7.07e-04  cuDevicePrimaryCtxSetFlags
                     0.00  5.23e-04         1  5.23e-04  5.23e-04  5.23e-04  cuCtxGetDevice
