==161552== NVPROF is profiling process 161552, command: jacobi_offload 32 800
==161552== Profiling application: jacobi_offload 32 800
==161552== Profiling result:
            Type  Time(%)      Time     Calls       Avg       Min       Max  Name
                        %        ms                  ms        ms        ms
 GPU activities:    82.70  944.1506      3205  0.294586  0.293438  0.315519  __omp_offloading_30_2debd81_main_l46
                    16.45  187.8460      3205  0.058610  0.058527  0.061311  __omp_offloading_30_2debd81_main_l62
                     0.48  5.505290      3208  1.72e-03  1.66e-03  2.53e-03  [CUDA memcpy DtoH]
                     0.36  4.162984      3206  1.30e-03  1.28e-03  2.05e-03  [CUDA memcpy HtoD]
      API calls:    53.12  969.4975      3206  0.302400  0.021472  0.326901  cuMemcpyDtoHAsync
                    24.37  444.8625      6412  0.069379  5.00e-03  2.452932  cuStreamSynchronize
                     9.81  179.1084         1  179.1084  179.1084  179.1084  cuDevicePrimaryCtxRetain
                     5.32  97.00803         1  97.00803  97.00803  97.00803  cuDevicePrimaryCtxRelease
                     3.54  64.58999      6410  0.010076  9.57e-03  0.469876  cuLaunchKernel
                     1.68  30.71574         1  30.71574  30.71574  30.71574  cuModuleLoadDataEx
                     1.35  24.57501      3206  7.66e-03  6.79e-03  0.011400  cuMemcpyHtoDAsync
                     0.40  7.326250         1  7.326250  7.326250  7.326250  cuModuleUnload
                     0.32  5.781904     12833  4.50e-04  3.19e-04  0.091684  cuCtxSetCurrent
                     0.04  0.772572        32  0.024142  4.06e-03  0.328321  cuStreamCreate
                     0.02  0.383720        32  0.011991  0.011230  0.023151  cuStreamDestroy
                     0.02  0.372048         3  0.124016  6.70e-03  0.357398  cuMemAlloc
                     0.00  0.058285         2  0.029142  0.024995  0.033290  cuMemcpyDtoH
                     0.00  9.62e-03         4  2.40e-03  1.11e-03  4.12e-03  cuDeviceGetPCIBusId
                     0.00  6.40e-03        15  4.26e-04  2.68e-04  1.07e-03  cuDeviceGetAttribute
                     0.00  3.36e-03         3  1.12e-03  7.71e-04  1.46e-03  cuModuleGetGlobal
                     0.00  2.58e-03         5  5.16e-04  3.71e-04  6.10e-04  cuDeviceGet
                     0.00  2.49e-03         2  1.25e-03  9.60e-04  1.53e-03  cuModuleGetFunction
                     0.00  1.74e-03         2  8.69e-04  7.77e-04  9.61e-04  cuFuncGetAttribute
                     0.00  1.43e-03         3  4.78e-04  3.85e-04  6.27e-04  cuDeviceGetCount
                     0.00  1.24e-03         1  1.24e-03  1.24e-03  1.24e-03  cuDevicePrimaryCtxGetState
                     0.00  8.01e-04         1  8.01e-04  8.01e-04  8.01e-04  cuDevicePrimaryCtxSetFlags
                     0.00  4.98e-04         1  4.98e-04  4.98e-04  4.98e-04  cuCtxGetDevice
