==162910== NVPROF is profiling process 162910, command: jacobi_offload 64 1800
==162910== Profiling application: jacobi_offload 64 1800
==162910== Profiling result:
            Type  Time(%)      Time     Calls       Avg       Min       Max  Name
                        %        ms                  ms        ms        ms
 GPU activities:    84.98  1.89e+03      5000  0.377522  0.373822  0.391070  __omp_offloading_30_2debd81_main_l46
                    14.34  318.4564      5000  0.063691  0.062624  0.065216  __omp_offloading_30_2debd81_main_l62
                     0.38  8.550997      5003  1.71e-03  1.66e-03  2.56e-03  [CUDA memcpy DtoH]
                     0.29  6.500497      5001  1.30e-03  1.28e-03  4.38e-03  [CUDA memcpy HtoD]
      API calls:    63.11  1.94e+03      5001  0.387572  0.026516  1.544096  cuMemcpyDtoHAsync
                    21.65  664.8482     10002  0.066471  4.99e-03  1.890932  cuStreamSynchronize
                     5.86  179.8650         1  179.8650  179.8650  179.8650  cuDevicePrimaryCtxRetain
                     3.32  101.8445     10000  0.010184  9.50e-03  0.472700  cuLaunchKernel
                     3.16  96.93666         1  96.93666  96.93666  96.93666  cuDevicePrimaryCtxRelease
                     1.26  38.60003      5001  7.72e-03  6.88e-03  0.112386  cuMemcpyHtoDAsync
                     1.06  32.43093         1  32.43093  32.43093  32.43093  cuModuleLoadDataEx
                     0.30  9.065913     20015  4.52e-04  2.97e-04  0.089491  cuCtxSetCurrent
                     0.24  7.278906         1  7.278906  7.278906  7.278906  cuModuleUnload
                     0.04  1.088688        32  0.034021  4.05e-03  0.475417  cuStreamCreate
                     0.01  0.384990        32  0.012030  0.011165  0.026095  cuStreamDestroy
                     0.01  0.376009         3  0.125336  6.57e-03  0.361392  cuMemAlloc
                     0.00  0.068712         2  0.034356  0.028268  0.040444  cuMemFree
                     0.00  0.058591         2  0.029295  0.024532  0.034059  cuMemcpyDtoH
                     0.00  9.24e-03         4  2.31e-03  1.20e-03  3.74e-03  cuDeviceGetPCIBusId
                     0.00  7.77e-03        15  5.18e-04  3.48e-04  1.14e-03  cuDeviceGetAttribute
                     0.00  3.61e-03         3  1.20e-03  8.87e-04  1.55e-03  cuModuleGetGlobal
                     0.00  2.94e-03         5  5.88e-04  4.83e-04  8.40e-04  cuDeviceGet
                     0.00  2.23e-03         2  1.11e-03  8.54e-04  1.37e-03  cuModuleGetFunction
                     0.00  1.79e-03         2  8.95e-04  7.91e-04  1.00e-03  cuFuncGetAttribute
                     0.00  1.48e-03         3  4.92e-04  4.20e-04  5.60e-04  cuDeviceGetCount
                     0.00  1.34e-03         1  1.34e-03  1.34e-03  1.34e-03  cuDevicePrimaryCtxGetState
                     0.00  8.34e-04         1  8.34e-04  8.34e-04  8.34e-04  cuDevicePrimaryCtxSetFlags
                     0.00  7.68e-04         1  7.68e-04  7.68e-04  7.68e-04  cuCtxGetDevice
