==162122== NVPROF is profiling process 162122, command: jacobi_offload 64 1200
==162122== Profiling application: jacobi_offload 64 1200
==162122== Profiling result:
            Type  Time(%)      Time     Calls       Avg       Min       Max  Name
                        %        ms                  ms        ms        ms
 GPU activities:    85.35  1.92e+03      5000  0.383820  0.380479  0.398462  __omp_offloading_30_2debd81_main_l46
                    13.96  313.9706      5000  0.062794  0.061600  0.064447  __omp_offloading_30_2debd81_main_l62
                     0.39  8.847098      5003  1.77e-03  1.66e-03  2.53e-03  [CUDA memcpy DtoH]
                     0.29  6.563810      5001  1.31e-03  1.28e-03  4.42e-03  [CUDA memcpy HtoD]
      API calls:    62.52  1.96e+03      5001  0.392634  0.025651  1.647637  cuMemcpyDtoHAsync
                    22.68  712.1432     10002  0.071200  5.03e-03  1.862626  cuStreamSynchronize
                     5.67  178.1408         1  178.1408  178.1408  178.1408  cuDevicePrimaryCtxRetain
                     3.20  100.3782     10000  0.010037  9.42e-03  0.469939  cuLaunchKernel
                     3.09  96.91871         1  96.91871  96.91871  96.91871  cuDevicePrimaryCtxRelease
                     1.27  39.79177      5001  7.96e-03  6.98e-03  0.096984  cuMemcpyHtoDAsync
                     1.01  31.64354         1  31.64354  31.64354  31.64354  cuModuleLoadDataEx
                     0.29  9.053255     20015  4.52e-04  3.16e-04  0.085049  cuCtxSetCurrent
                     0.23  7.307157         1  7.307157  7.307157  7.307157  cuModuleUnload
                     0.02  0.774728        32  0.024210  4.14e-03  0.327626  cuStreamCreate
                     0.01  0.382863         3  0.127621  6.76e-03  0.368107  cuMemAlloc
                     0.01  0.382754        32  0.011961  0.011004  0.025760  cuStreamDestroy
                     0.00  0.071597         2  0.035798  0.028600  0.042997  cuMemFree
                     0.00  0.058040         2  0.029020  0.024305  0.033735  cuMemcpyDtoH
                     0.00  8.52e-03         4  2.13e-03  1.19e-03  3.72e-03  cuDeviceGetPCIBusId
                     0.00  6.76e-03        15  4.51e-04  2.75e-04  1.09e-03  cuDeviceGetAttribute
                     0.00  3.22e-03         3  1.07e-03  7.28e-04  1.42e-03  cuModuleGetGlobal
                     0.00  2.79e-03         5  5.57e-04  4.27e-04  7.05e-04  cuDeviceGet
                     0.00  2.17e-03         2  1.09e-03  8.57e-04  1.32e-03  cuModuleGetFunction
                     0.00  1.79e-03         2  8.95e-04  7.85e-04  1.01e-03  cuFuncGetAttribute
                     0.00  1.35e-03         1  1.35e-03  1.35e-03  1.35e-03  cuDevicePrimaryCtxGetState
                     0.00  1.30e-03         3  4.34e-04  3.44e-04  5.80e-04  cuDeviceGetCount
                     0.00  8.28e-04         1  8.28e-04  8.28e-04  8.28e-04  cuDevicePrimaryCtxSetFlags
                     0.00  7.23e-04         1  7.23e-04  7.23e-04  7.23e-04  cuCtxGetDevice
