==162376== NVPROF is profiling process 162376, command: jacobi_offload 64 1400
==162376== Profiling application: jacobi_offload 64 1400
==162376== Profiling result:
            Type  Time(%)      Time     Calls       Avg       Min       Max  Name
                        %        ms                  ms        ms        ms
 GPU activities:    85.17  1.92e+03      5000  0.383822  0.379934  0.396511  __omp_offloading_30_2debd81_main_l46
                    14.16  319.0285      5000  0.063805  0.062144  0.065216  __omp_offloading_30_2debd81_main_l62
                     0.38  8.649334      5003  1.73e-03  1.69e-03  2.50e-03  [CUDA memcpy DtoH]
                     0.29  6.495049      5001  1.30e-03  1.28e-03  4.54e-03  [CUDA memcpy HtoD]
      API calls:    59.70  1.97e+03      5001  0.393958  0.026356  1.516210  cuMemcpyDtoHAsync
                    26.18  863.9164     10002  0.086374  4.99e-03  31.14284  cuStreamSynchronize
                     5.44  179.5685         1  179.5685  179.5685  179.5685  cuDevicePrimaryCtxRetain
                     3.05  100.6402     10000  0.010064  9.58e-03  0.468752  cuLaunchKernel
                     2.95  97.40069         1  97.40069  97.40069  97.40069  cuDevicePrimaryCtxRelease
                     1.20  39.51027      5001  7.90e-03  6.94e-03  0.097039  cuMemcpyHtoDAsync
                     0.93  30.72195         1  30.72195  30.72195  30.72195  cuModuleLoadDataEx
                     0.27  9.032028     20015  4.51e-04  3.28e-04  0.083038  cuCtxSetCurrent
                     0.22  7.318789         1  7.318789  7.318789  7.318789  cuModuleUnload
                     0.02  0.779446        32  0.024357  4.02e-03  0.328708  cuStreamCreate
                     0.01  0.383978        32  0.011999  0.011142  0.026794  cuStreamDestroy
                     0.01  0.382047         3  0.127349  6.46e-03  0.367614  cuMemAlloc
                     0.00  0.071172         2  0.035586  0.028784  0.042388  cuMemFree
                     0.00  0.058855         2  0.029427  0.024761  0.034094  cuMemcpyDtoH
                     0.00  8.51e-03         4  2.13e-03  1.14e-03  3.62e-03  cuDeviceGetPCIBusId
                     0.00  7.05e-03        15  4.70e-04  2.69e-04  1.16e-03  cuDeviceGetAttribute
                     0.00  3.43e-03         3  1.14e-03  7.76e-04  1.57e-03  cuModuleGetGlobal
                     0.00  2.78e-03         5  5.56e-04  4.07e-04  8.52e-04  cuDeviceGet
                     0.00  2.15e-03         2  1.07e-03  8.54e-04  1.30e-03  cuModuleGetFunction
                     0.00  1.78e-03         2  8.89e-04  7.56e-04  1.02e-03  cuFuncGetAttribute
                     0.00  1.53e-03         3  5.11e-04  4.67e-04  5.66e-04  cuDeviceGetCount
                     0.00  1.25e-03         1  1.25e-03  1.25e-03  1.25e-03  cuDevicePrimaryCtxGetState
                     0.00  1.13e-03         1  1.13e-03  1.13e-03  1.13e-03  cuDevicePrimaryCtxSetFlags
                     0.00  7.07e-04         1  7.07e-04  7.07e-04  7.07e-04  cuCtxGetDevice
