==160678== NVPROF is profiling process 160678, command: jacobi_offload 64 200
==160678== Profiling application: jacobi_offload 64 200
==160678== Profiling result:
            Type  Time(%)      Time     Calls       Avg       Min       Max  Name
                        %        ms                  ms        ms        ms
 GPU activities:    85.30  1.92e+03      5000  0.383176  0.379903  0.398303  __omp_offloading_30_2debd81_main_l46
                    14.02  314.8605      5000  0.062972  0.061823  0.064064  __omp_offloading_30_2debd81_main_l62
                     0.39  8.847222      5003  1.77e-03  1.69e-03  2.53e-03  [CUDA memcpy DtoH]
                     0.29  6.562909      5001  1.31e-03  1.28e-03  4.64e-03  [CUDA memcpy HtoD]
      API calls:    62.39  1.96e+03      5001  0.392209  0.025601  0.408466  cuMemcpyDtoHAsync
                    22.85  718.3347     10002  0.071819  5.00e-03  1.291322  cuStreamSynchronize
                     5.72  179.6736         1  179.6736  179.6736  179.6736  cuDevicePrimaryCtxRetain
                     3.21  100.8675     10000  0.010086  9.51e-03  0.469468  cuLaunchKernel
                     3.01  94.57590         1  94.57590  94.57590  94.57590  cuDevicePrimaryCtxRelease
                     1.27  39.90972      5001  7.98e-03  7.07e-03  0.118339  cuMemcpyHtoDAsync
                     0.98  30.71803         1  30.71803  30.71803  30.71803  cuModuleLoadDataEx
                     0.29  9.075947     20015  4.53e-04  3.04e-04  0.096492  cuCtxSetCurrent
                     0.23  7.303006         1  7.303006  7.303006  7.303006  cuModuleUnload
                     0.02  0.766885        32  0.023965  4.07e-03  0.323478  cuStreamCreate
                     0.01  0.385053        32  0.012032  0.011007  0.027161  cuStreamDestroy
                     0.01  0.384038         3  0.128012  6.50e-03  0.369712  cuMemAlloc
                     0.00  0.070735         2  0.035367  0.028385  0.042350  cuMemFree
                     0.00  0.058507         2  0.029253  0.024772  0.033735  cuMemcpyDtoH
                     0.00  8.73e-03         4  2.18e-03  1.22e-03  4.02e-03  cuDeviceGetPCIBusId
                     0.00  7.16e-03        15  4.77e-04  2.83e-04  1.21e-03  cuDeviceGetAttribute
                     0.00  3.63e-03         3  1.21e-03  7.36e-04  1.68e-03  cuModuleGetGlobal
                     0.00  2.64e-03         5  5.28e-04  4.51e-04  6.43e-04  cuDeviceGet
                     0.00  2.22e-03         2  1.11e-03  9.32e-04  1.29e-03  cuModuleGetFunction
                     0.00  1.68e-03         2  8.38e-04  7.46e-04  9.31e-04  cuFuncGetAttribute
                     0.00  1.54e-03         3  5.11e-04  4.16e-04  5.80e-04  cuDeviceGetCount
                     0.00  1.42e-03         1  1.42e-03  1.42e-03  1.42e-03  cuDevicePrimaryCtxGetState
                     0.00  7.48e-04         1  7.48e-04  7.48e-04  7.48e-04  cuDevicePrimaryCtxSetFlags
                     0.00  5.50e-04         1  5.50e-04  5.50e-04  5.50e-04  cuCtxGetDevice
