==163179== NVPROF is profiling process 163179, command: jacobi_offload 64 2000
==163179== Profiling application: jacobi_offload 64 2000
==163179== Profiling result:
            Type  Time(%)      Time     Calls       Avg       Min       Max  Name
                        %        ms                  ms        ms        ms
 GPU activities:    85.27  1.92e+03      5000  0.384450  0.380703  0.397598  __omp_offloading_30_2debd81_main_l46
                    14.05  316.6915      5000  0.063338  0.061920  0.064927  __omp_offloading_30_2debd81_main_l62
                     0.39  8.772012      5003  1.75e-03  1.66e-03  2.53e-03  [CUDA memcpy DtoH]
                     0.29  6.562240      5001  1.31e-03  1.28e-03  4.64e-03  [CUDA memcpy HtoD]
      API calls:    63.83  1.97e+03      5001  0.394248  0.025987  1.430298  cuMemcpyDtoHAsync
                    21.09  651.4925     10002  0.065136  4.98e-03  1.420386  cuStreamSynchronize
                     5.78  178.4687         1  178.4687  178.4687  178.4687  cuDevicePrimaryCtxRetain
                     3.29  101.6014     10000  0.010160  9.46e-03  0.467650  cuLaunchKernel
                     3.20  98.73363         1  98.73363  98.73363  98.73363  cuDevicePrimaryCtxRelease
                     1.24  38.44850      5001  7.69e-03  6.91e-03  0.089296  cuMemcpyHtoDAsync
                     0.99  30.64866         1  30.64866  30.64866  30.64866  cuModuleLoadDataEx
                     0.29  8.999741     20015  4.49e-04  3.14e-04  0.071863  cuCtxSetCurrent
                     0.23  7.200530         1  7.200530  7.200530  7.200530  cuModuleUnload
                     0.03  0.774549        32  0.024204  4.05e-03  0.329594  cuStreamCreate
                     0.01  0.381908        32  0.011934  0.011045  0.027155  cuStreamDestroy
                     0.01  0.370012         3  0.123337  6.37e-03  0.355652  cuMemAlloc
                     0.00  0.069889         2  0.034944  0.028170  0.041719  cuMemFree
                     0.00  0.059273         2  0.029636  0.024796  0.034477  cuMemcpyDtoH
                     0.00  9.23e-03         4  2.31e-03  1.18e-03  4.12e-03  cuDeviceGetPCIBusId
                     0.00  6.89e-03        15  4.59e-04  2.77e-04  1.09e-03  cuDeviceGetAttribute
                     0.00  3.45e-03         3  1.15e-03  8.51e-04  1.43e-03  cuModuleGetGlobal
                     0.00  2.82e-03         5  5.63e-04  4.59e-04  7.93e-04  cuDeviceGet
                     0.00  2.17e-03         2  1.08e-03  9.24e-04  1.24e-03  cuModuleGetFunction
                     0.00  1.76e-03         2  8.79e-04  7.68e-04  9.91e-04  cuFuncGetAttribute
                     0.00  1.59e-03         3  5.30e-04  4.59e-04  5.93e-04  cuDeviceGetCount
                     0.00  1.15e-03         1  1.15e-03  1.15e-03  1.15e-03  cuDevicePrimaryCtxGetState
                     0.00  7.32e-04         1  7.32e-04  7.32e-04  7.32e-04  cuCtxGetDevice
                     0.00  7.09e-04         1  7.09e-04  7.09e-04  7.09e-04  cuDevicePrimaryCtxSetFlags
