==160947== NVPROF is profiling process 160947, command: jacobi_offload 64 400
==160947== Profiling application: jacobi_offload 64 400
==160947== Profiling result:
            Type  Time(%)      Time     Calls       Avg       Min       Max  Name
                        %        ms                  ms        ms        ms
 GPU activities:    84.99  1.89e+03      5000  0.378730  0.375262  0.394494  __omp_offloading_30_2debd81_main_l46
                    14.33  319.2668      5000  0.063853  0.062560  0.065184  __omp_offloading_30_2debd81_main_l62
                     0.39  8.697305      5003  1.74e-03  1.66e-03  2.59e-03  [CUDA memcpy DtoH]
                     0.29  6.518471      5001  1.30e-03  1.28e-03  4.38e-03  [CUDA memcpy HtoD]
      API calls:    63.01  1.94e+03      5001  0.387912  0.026925  1.342852  cuMemcpyDtoHAsync
                    21.62  665.6108     10002  0.066547  5.00e-03  1.007874  cuStreamSynchronize
                     5.99  184.3985         1  184.3985  184.3985  184.3985  cuDevicePrimaryCtxRetain
                     3.32  102.0790     10000  0.010207  9.49e-03  0.471403  cuLaunchKernel
                     3.19  98.29011         1  98.29011  98.29011  98.29011  cuDevicePrimaryCtxRelease
                     1.28  39.47420      5001  7.89e-03  7.03e-03  0.105885  cuMemcpyHtoDAsync
                     1.00  30.75098         1  30.75098  30.75098  30.75098  cuModuleLoadDataEx
                     0.30  9.130423     20015  4.56e-04  3.19e-04  0.098139  cuCtxSetCurrent
                     0.24  7.299753         1  7.299753  7.299753  7.299753  cuModuleUnload
                     0.03  0.777096        32  0.024284  4.09e-03  0.329022  cuStreamCreate
                     0.01  0.386207        32  0.012068  0.011171  0.025436  cuStreamDestroy
                     0.01  0.373228         3  0.124409  6.52e-03  0.358801  cuMemAlloc
                     0.00  0.069054         2  0.034527  0.027784  0.041270  cuMemFree
                     0.00  0.059556         2  0.029778  0.024811  0.034745  cuMemcpyDtoH
                     0.00  7.95e-03         4  1.99e-03  1.14e-03  3.06e-03  cuDeviceGetPCIBusId
                     0.00  6.58e-03        15  4.38e-04  2.54e-04  1.27e-03  cuDeviceGetAttribute
                     0.00  3.46e-03         3  1.15e-03  8.30e-04  1.45e-03  cuModuleGetGlobal
                     0.00  2.62e-03         5  5.23e-04  4.12e-04  6.38e-04  cuDeviceGet
                     0.00  2.19e-03         2  1.09e-03  9.22e-04  1.26e-03  cuModuleGetFunction
                     0.00  1.77e-03         2  8.82e-04  7.99e-04  9.66e-04  cuFuncGetAttribute
                     0.00  1.47e-03         3  4.90e-04  3.81e-04  6.11e-04  cuDeviceGetCount
                     0.00  1.28e-03         1  1.28e-03  1.28e-03  1.28e-03  cuDevicePrimaryCtxGetState
                     0.00  7.84e-04         1  7.84e-04  7.84e-04  7.84e-04  cuDevicePrimaryCtxSetFlags
                     0.00  5.37e-04         1  5.37e-04  5.37e-04  5.37e-04  cuCtxGetDevice
