==161208== NVPROF is profiling process 161208, command: jacobi_offload 64 600
==161208== Profiling application: jacobi_offload 64 600
==161208== Profiling result:
            Type  Time(%)      Time     Calls       Avg       Min       Max  Name
                        %        ms                  ms        ms        ms
 GPU activities:    85.31  1.92e+03      5000  0.383980  0.380318  0.859036  __omp_offloading_30_2debd81_main_l46
                    14.00  315.0225      5000  0.063004  0.061632  0.066080  __omp_offloading_30_2debd81_main_l62
                     0.39  8.880034      5003  1.77e-03  1.66e-03  2.56e-03  [CUDA memcpy DtoH]
                     0.29  6.566629      5001  1.31e-03  1.28e-03  4.45e-03  [CUDA memcpy HtoD]
      API calls:    63.65  1.97e+03      5001  0.392960  0.023603  1.625723  cuMemcpyDtoHAsync
                    20.64  637.1810     10002  0.063705  5.02e-03  1.932711  cuStreamSynchronize
                     5.80  179.1477         1  179.1477  179.1477  179.1477  cuDevicePrimaryCtxRetain
                     3.76  115.9897     10000  0.011598  9.61e-03  0.469163  cuLaunchKernel
                     3.22  99.44275         1  99.44275  99.44275  99.44275  cuDevicePrimaryCtxRelease
                     1.30  40.25252      5001  8.05e-03  6.97e-03  0.099850  cuMemcpyHtoDAsync
                     1.03  31.91941         1  31.91941  31.91941  31.91941  cuModuleLoadDataEx
                     0.31  9.435968     20015  4.71e-04  3.35e-04  0.106221  cuCtxSetCurrent
                     0.24  7.325574         1  7.325574  7.325574  7.325574  cuModuleUnload
                     0.02  0.764809        32  0.023900  4.09e-03  0.324040  cuStreamCreate
                     0.01  0.462158         3  0.154052  6.47e-03  0.443444  cuMemAlloc
                     0.01  0.384846        32  0.012026  0.011101  0.025766  cuStreamDestroy
                     0.00  0.072025         2  0.036012  0.031339  0.040686  cuMemcpyDtoH
                     0.00  0.069784         2  0.034892  0.028471  0.041313  cuMemFree
                     0.00  9.83e-03        15  6.55e-04  3.38e-04  1.31e-03  cuDeviceGetAttribute
                     0.00  8.47e-03         4  2.12e-03  1.17e-03  4.12e-03  cuDeviceGetPCIBusId
                     0.00  4.27e-03         3  1.42e-03  1.07e-03  1.83e-03  cuModuleGetGlobal
                     0.00  3.57e-03         5  7.13e-04  6.46e-04  8.18e-04  cuDeviceGet
                     0.00  3.26e-03         2  1.63e-03  1.00e-03  2.26e-03  cuModuleGetFunction
                     0.00  2.25e-03         2  1.13e-03  1.09e-03  1.16e-03  cuFuncGetAttribute
                     0.00  1.69e-03         3  5.62e-04  4.16e-04  6.70e-04  cuDeviceGetCount
                     0.00  1.47e-03         1  1.47e-03  1.47e-03  1.47e-03  cuDevicePrimaryCtxGetState
                     0.00  7.62e-04         1  7.62e-04  7.62e-04  7.62e-04  cuDevicePrimaryCtxSetFlags
                     0.00  6.95e-04         1  6.95e-04  6.95e-04  6.95e-04  cuCtxGetDevice
