==162259== NVPROF is profiling process 162259, command: jacobi_offload 8 1400
==162259== Profiling application: jacobi_offload 8 1400
==162259== Profiling result:
            Type  Time(%)      Time     Calls       Avg       Min       Max  Name
                        %        ms                  ms        ms        ms
 GPU activities:    79.80  42.95838       179  0.239990  0.237951  0.256736  __omp_offloading_30_2debd81_main_l46
                    19.17  10.31848       179  0.057645  0.057568  0.060608  __omp_offloading_30_2debd81_main_l62
                     0.59  0.320064       182  1.76e-03  1.66e-03  2.24e-03  [CUDA memcpy DtoH]
                     0.44  0.236574       180  1.31e-03  1.28e-03  1.66e-03  [CUDA memcpy HtoD]
      API calls:    46.26  179.0865         1  179.0865  179.0865  179.0865  cuDevicePrimaryCtxRetain
                    24.44  94.64068         1  94.64068  94.64068  94.64068  cuDevicePrimaryCtxRelease
                    11.59  44.85972       180  0.249220  0.021323  0.267378  cuMemcpyDtoHAsync
                     8.55  33.09793         1  33.09793  33.09793  33.09793  cuModuleLoadDataEx
                     5.43  21.04023       360  0.058445  5.05e-03  0.128266  cuStreamSynchronize
                     1.83  7.075487         1  7.075487  7.075487  7.075487  cuModuleUnload
                     1.06  4.087550       358  0.011417  9.56e-03  0.470114  cuLaunchKernel
                     0.35  1.337582       180  7.43e-03  6.93e-03  0.010389  cuMemcpyHtoDAsync
                     0.20  0.782405        32  0.024450  4.06e-03  0.332725  cuStreamCreate
                     0.10  0.373319         3  0.124439  7.34e-03  0.357708  cuMemAlloc
                     0.10  0.369206        32  0.011537  0.010984  0.016418  cuStreamDestroy
                     0.08  0.321553       729  4.41e-04  3.20e-04  1.33e-03  cuCtxSetCurrent
                     0.02  0.058788         2  0.029394  0.024858  0.033930  cuMemcpyDtoH
                     0.00  8.45e-03         4  2.11e-03  1.11e-03  3.47e-03  cuDeviceGetPCIBusId
                     0.00  7.00e-03        15  4.66e-04  2.82e-04  1.42e-03  cuDeviceGetAttribute
                     0.00  3.33e-03         3  1.11e-03  7.30e-04  1.45e-03  cuModuleGetGlobal
                     0.00  2.74e-03         5  5.48e-04  4.02e-04  6.76e-04  cuDeviceGet
                     0.00  2.40e-03         2  1.20e-03  1.11e-03  1.29e-03  cuModuleGetFunction
                     0.00  1.73e-03         2  8.64e-04  7.75e-04  9.53e-04  cuFuncGetAttribute
                     0.00  1.48e-03         3  4.92e-04  3.90e-04  6.11e-04  cuDeviceGetCount
                     0.00  1.25e-03         1  1.25e-03  1.25e-03  1.25e-03  cuDevicePrimaryCtxGetState
                     0.00  7.63e-04         1  7.63e-04  7.63e-04  7.63e-04  cuDevicePrimaryCtxSetFlags
                     0.00  6.21e-04         1  6.21e-04  6.21e-04  6.21e-04  cuCtxGetDevice
