==162787== NVPROF is profiling process 162787, command: jacobi_offload 8 1800
==162787== Profiling application: jacobi_offload 8 1800
==162787== Profiling result:
            Type  Time(%)      Time     Calls       Avg       Min       Max  Name
                        %        ms                  ms        ms        ms
 GPU activities:    79.77  42.90244       179  0.239678  0.237855  0.256416  __omp_offloading_30_2debd81_main_l46
                    19.19  10.31963       179  0.057651  0.057599  0.060991  __omp_offloading_30_2debd81_main_l62
                     0.60  0.322496       182  1.77e-03  1.66e-03  2.43e-03  [CUDA memcpy DtoH]
                     0.44  0.236800       180  1.32e-03  1.28e-03  1.66e-03  [CUDA memcpy HtoD]
      API calls:    46.86  181.6570         1  181.6570  181.6570  181.6570  cuDevicePrimaryCtxRetain
                    24.41  94.63014         1  94.63014  94.63014  94.63014  cuDevicePrimaryCtxRelease
                    11.56  44.82558       180  0.249031  0.020786  0.265345  cuMemcpyDtoHAsync
                     8.03  31.14836         1  31.14836  31.14836  31.14836  cuModuleLoadDataEx
                     5.39  20.90559       360  0.058071  5.06e-03  0.757383  cuStreamSynchronize
                     1.83  7.082391         1  7.082391  7.082391  7.082391  cuModuleUnload
                     1.07  4.162318       358  0.011626  9.68e-03  0.471509  cuLaunchKernel
                     0.34  1.337479       180  7.43e-03  6.87e-03  0.010540  cuMemcpyHtoDAsync
                     0.20  0.774296        32  0.024196  4.02e-03  0.328415  cuStreamCreate
                     0.10  0.379810         3  0.126603  7.03e-03  0.364812  cuMemAlloc
                     0.10  0.370090        32  0.011565  0.011098  0.016384  cuStreamDestroy
                     0.08  0.328240       729  4.50e-04  3.46e-04  1.57e-03  cuCtxSetCurrent
                     0.02  0.059801         2  0.029900  0.024544  0.035257  cuMemcpyDtoH
                     0.00  8.71e-03         4  2.18e-03  1.17e-03  3.82e-03  cuDeviceGetPCIBusId
                     0.00  7.04e-03        15  4.69e-04  2.52e-04  1.36e-03  cuDeviceGetAttribute
                     0.00  3.39e-03         3  1.13e-03  7.34e-04  1.53e-03  cuModuleGetGlobal
                     0.00  2.57e-03         5  5.14e-04  4.61e-04  6.39e-04  cuDeviceGet
                     0.00  2.39e-03         2  1.20e-03  9.85e-04  1.41e-03  cuModuleGetFunction
                     0.00  1.79e-03         2  8.94e-04  8.09e-04  9.80e-04  cuFuncGetAttribute
                     0.00  1.65e-03         1  1.65e-03  1.65e-03  1.65e-03  cuDevicePrimaryCtxGetState
                     0.00  1.46e-03         3  4.85e-04  3.75e-04  5.98e-04  cuDeviceGetCount
                     0.00  7.21e-04         1  7.21e-04  7.21e-04  7.21e-04  cuDevicePrimaryCtxSetFlags
                     0.00  5.33e-04         1  5.33e-04  5.33e-04  5.33e-04  cuCtxGetDevice
