Hierarchy Level	Metric Name	Metric Value
0	Elapsed Time	1.527142
1	Paused Time	0.0
0	Effective CPU Utilization	0.3% (0.191 out of 72 logical CPUs)
1	OpenMP Analysis. Collection Time	1.527142
2	Serial Time (outside parallel regions)	1.424s (93.3%)
3	Top Serial Hotspots (outside parallel regions)	
3	Function	Module	Serial CPU Time
3	__kmp_get_global_thread_id_reg	libomp.so	0.040000
2	Parallel Region Time	0.103s (6.7%)
3	Estimated Ideal Time	0.020s (1.3%)
3	OpenMP Potential Gain	0.083s (5.4%)
1	Total Thread Count	128
2	Thread Oversubscription	16.800s (99.3% of CPU Time)
1	Wait Time with poor CPU Utilization	58.403s (100.0% of Wait Time)
2	Top Waiting Objects	
2	Sync Object	Wait Time with poor CPU Utilization	(% from Object Wait Time)(%)	Wait Count
2	Condition Variable 0x9fdd82ab	58.397231	100.0	185
2	Mutex 0x2eb8d0d7	0.003642	100.0	25
2	Stream ../../data/bfs/graph8k.txt 0xd6f82508	0.001789	100.0	1
2	Stream /proc/cpuinfo 0x1ec323d1	0.000051	100.0	1
2	Stream /proc/meminfo 0xf9fc58e6	0.000030	100.0	1
1	Spin and Overhead Time	16.669s (98.5% of CPU Time)
2	Top Functions with Spin or Overhead Time	
2	Function	Module	Spin and Overhead Time	(% from CPU Time)(%)
2	sched_yield	libc.so.6	15.978478	94.4
2	__kmp_yield	libomp.so	0.530423	3.1
2	__kmp_suspend_64	libomp.so	0.060000	0.4
2	__kmp_get_global_thread_id_reg	libomp.so	0.040000	0.2
2	__kmp_hardware_timestamp	libomp.so	0.039967	0.2
2	[Others]	N/A	0.020000	0.1
0	Collection and Platform Info	
1	Application Command Line	bfs "128" "../../data/bfs/graph8k.txt" 
1	Operating System	3.10.0-1160.15.2.1chaos.ch6.x86_64 NAME="Red Hat Enterprise Linux Server" VERSION="7.9 (Maipo)" ID="rhel" ID_LIKE="fedora" VARIANT="Server" VARIANT_ID="server" VERSION_ID="7.9" PRETTY_NAME="Red Hat Enterprise Linux Server 7.9 (Maipo)" ANSI_COLOR="0;31" CPE_NAME="cpe:/o:redhat:enterprise_linux:7.9:GA:server" HOME_URL="https://www.redhat.com/" BUG_REPORT_URL="https://bugzilla.redhat.com/"  REDHAT_BUGZILLA_PRODUCT="Red Hat Enterprise Linux 7" REDHAT_BUGZILLA_PRODUCT_VERSION=7.9 REDHAT_SUPPORT_PRODUCT="Red Hat Enterprise Linux" REDHAT_SUPPORT_PRODUCT_VERSION="7.9"
1	Computer Name	quartz2892
1	Result Size	5903601
1	Collection start time	03:32:13 13/03/2021 UTC
1	Collection stop time	03:32:15 13/03/2021 UTC
1	Collector Type	User-mode sampling and tracing
1	CPU	
2	Name	Intel(R) Xeon(R) Processor code named Broadwell
2	Frequency	2095147772
2	Logical CPU Count	72
