Hierarchy Level	Metric Name	Metric Value
0	Elapsed Time	1.835919
1	Paused Time	0.0
0	Effective CPU Utilization	1.9% (1.349 out of 72 logical CPUs)
1	OpenMP Analysis. Collection Time	1.835919
2	Serial Time (outside parallel regions)	1.653s (90.0%)
3	Top Serial Hotspots (outside parallel regions)	
3	Function	Module	Serial CPU Time
3	fscanf	libc.so.6	0.070000
3	__kmp_get_global_thread_id_reg	libomp.so	0.040000
3	BFSGraph	bfs	0.010000
3	__pthread_create_2_1	libpthread.so.0	0.010000
2	Parallel Region Time	0.183s (10.0%)
3	Estimated Ideal Time	0.034s (1.9%)
3	OpenMP Potential Gain	0.148s (8.1%)
1	Total Thread Count	128
2	Thread Oversubscription	22.500s (98.8% of CPU Time)
1	Wait Time with poor CPU Utilization	68.098s (100.0% of Wait Time)
2	Top Waiting Objects	
2	Sync Object	Wait Time with poor CPU Utilization	(% from Object Wait Time)(%)	Wait Count
2	Condition Variable 0x9fdd82ab	68.080150	100.0	188
2	Mutex 0x2eb8d0d7	0.017122	100.0	22
2	Stream ../../data/bfs/graph65536.txt 0xd6f82508	0.000557	100.0	1
2	Stream /proc/cpuinfo 0x1ec323d1	0.000051	100.0	1
2	Stream /proc/meminfo 0xf9fc58e6	0.000016	100.0	1
1	Spin and Overhead Time	20.630s (90.6% of CPU Time)
2	Top Functions with Spin or Overhead Time	
2	Function	Module	Spin and Overhead Time	(% from CPU Time)(%)
2	sched_yield	libc.so.6	12.908897	56.7
2	__kmp_yield	libomp.so	7.070455	31.1
2	__kmp_hardware_timestamp	libomp.so	0.509956	2.2
2	__kmp_get_global_thread_id_reg	libomp.so	0.040000	0.2
2	__kmp_suspend_64	libomp.so	0.035599	0.2
2	[Others]	N/A	0.064748	0.3
0	Collection and Platform Info	
1	Application Command Line	bfs "128" "../../data/bfs/graph65536.txt" 
1	Operating System	3.10.0-1160.15.2.1chaos.ch6.x86_64 NAME="Red Hat Enterprise Linux Server" VERSION="7.9 (Maipo)" ID="rhel" ID_LIKE="fedora" VARIANT="Server" VARIANT_ID="server" VERSION_ID="7.9" PRETTY_NAME="Red Hat Enterprise Linux Server 7.9 (Maipo)" ANSI_COLOR="0;31" CPE_NAME="cpe:/o:redhat:enterprise_linux:7.9:GA:server" HOME_URL="https://www.redhat.com/" BUG_REPORT_URL="https://bugzilla.redhat.com/"  REDHAT_BUGZILLA_PRODUCT="Red Hat Enterprise Linux 7" REDHAT_BUGZILLA_PRODUCT_VERSION=7.9 REDHAT_SUPPORT_PRODUCT="Red Hat Enterprise Linux" REDHAT_SUPPORT_PRODUCT_VERSION="7.9"
1	Computer Name	quartz2892
1	Result Size	6197612
1	Collection start time	03:29:35 13/03/2021 UTC
1	Collection stop time	03:29:37 13/03/2021 UTC
1	Collector Type	User-mode sampling and tracing
1	CPU	
2	Name	Intel(R) Xeon(R) Processor code named Broadwell
2	Frequency	2095147752
2	Logical CPU Count	72
