Hierarchy Level	Metric Name	Metric Value
0	Elapsed Time	1.915120
1	Paused Time	0.0
0	Effective CPU Utilization	0.5% (0.391 out of 72 logical CPUs)
1	OpenMP Analysis. Collection Time	1.915120
2	Serial Time (outside parallel regions)	1.801s (94.0%)
3	Top Serial Hotspots (outside parallel regions)	
3	Function	Module	Serial CPU Time
3	fscanf	libc.so.6	0.130000
3	__kmp_get_global_thread_id_reg	libomp.so	0.030000
3	BFSGraph	bfs	0.010000
2	Parallel Region Time	0.114s (6.0%)
3	Estimated Ideal Time	0.035s (1.8%)
3	OpenMP Potential Gain	0.079s (4.1%)
1	Total Thread Count	128
2	Thread Oversubscription	17.710s (98.3% of CPU Time)
1	Wait Time with poor CPU Utilization	71.024s (100.0% of Wait Time)
2	Top Waiting Objects	
2	Sync Object	Wait Time with poor CPU Utilization	(% from Object Wait Time)(%)	Wait Count
2	Condition Variable 0x9fdd82ab	70.471687	100.0	191
2	Condition Variable	0.545623	100.0	2
2	Mutex 0x2eb8d0d7	0.006339	100.0	27
2	Stream ../../data/bfs/graph128k.txt 0xd6f82508	0.000656	100.0	1
2	Stream /proc/cpuinfo 0x1ec323d1	0.000060	100.0	1
2	[Others]	0.000060	100.0	2
1	Spin and Overhead Time	17.379s (96.4% of CPU Time)
2	Top Functions with Spin or Overhead Time	
2	Function	Module	Spin and Overhead Time	(% from CPU Time)(%)
2	sched_yield	libc.so.6	16.808835	93.3
2	__kmp_yield	libomp.so	0.429954	2.4
2	__kmp_suspend_64	libomp.so	0.050000	0.3
2	__kmp_get_global_thread_id_reg	libomp.so	0.030000	0.2
2	[OpenMP worker]	libomp.so	0.030000	0.2
2	[Others]	N/A	0.030134	0.2
0	Collection and Platform Info	
1	Application Command Line	bfs "128" "../../data/bfs/graph128k.txt" 
1	Operating System	3.10.0-1160.15.2.1chaos.ch6.x86_64 NAME="Red Hat Enterprise Linux Server" VERSION="7.9 (Maipo)" ID="rhel" ID_LIKE="fedora" VARIANT="Server" VARIANT_ID="server" VERSION_ID="7.9" PRETTY_NAME="Red Hat Enterprise Linux Server 7.9 (Maipo)" ANSI_COLOR="0;31" CPE_NAME="cpe:/o:redhat:enterprise_linux:7.9:GA:server" HOME_URL="https://www.redhat.com/" BUG_REPORT_URL="https://bugzilla.redhat.com/"  REDHAT_BUGZILLA_PRODUCT="Red Hat Enterprise Linux 7" REDHAT_BUGZILLA_PRODUCT_VERSION=7.9 REDHAT_SUPPORT_PRODUCT="Red Hat Enterprise Linux" REDHAT_SUPPORT_PRODUCT_VERSION="7.9"
1	Computer Name	quartz2892
1	Result Size	6138531
1	Collection start time	02:59:44 13/03/2021 UTC
1	Collection stop time	02:59:46 13/03/2021 UTC
1	Collector Type	User-mode sampling and tracing
1	CPU	
2	Name	Intel(R) Xeon(R) Processor code named Broadwell
2	Frequency	2095147745
2	Logical CPU Count	72
