Hierarchy Level	Metric Name	Metric Value
0	Elapsed Time	0.849029
1	Paused Time	0.0
0	Effective CPU Utilization	3.1% (2.258 out of 72 logical CPUs)
1	OpenMP Analysis. Collection Time	0.849029
2	Serial Time (outside parallel regions)	0.830s (97.7%)
3	Top Serial Hotspots (outside parallel regions)	
3	Function	Module	Serial CPU Time
3	fscanf	libc.so.6	0.500000
3	__kmp_get_global_thread_id_reg	libomp.so	0.030000
3	BFSGraph	bfs	0.020000
3	[Outside any known module]	[Unknown]	0.010000
3	_int_free	libc.so.6	0.010000
2	Parallel Region Time	0.019s (2.3%)
3	Estimated Ideal Time	0.010s (1.1%)
3	OpenMP Potential Gain	0.009s (1.1%)
1	Total Thread Count	32
2	Thread Oversubscription	0s (0.0% of CPU Time)
1	Wait Time with poor CPU Utilization	1.304s (100.0% of Wait Time)
2	Top Waiting Objects	
2	Sync Object	Wait Time with poor CPU Utilization	(% from Object Wait Time)(%)	Wait Count
2	Condition Variable 0x9fdd82ab	1.303108	100.0	26
2	Stream ../../data/bfs/graph512k.txt 0xd6f82508	0.000608	100.0	1
2	Stream /proc/cpuinfo 0x1ec323d1	0.000100	100.0	2
2	Stream 0x3d69a5fa	0.000065	100.0	1
2	Stream /proc/meminfo 0xf9fc58e6	0.000032	100.0	1
2	Mutex 0x2eb8d0d7	0.000029	100.0	2
1	Spin and Overhead Time	1.260s (39.7% of CPU Time)
2	Top Functions with Spin or Overhead Time	
2	Function	Module	Spin and Overhead Time	(% from CPU Time)(%)
2	__kmp_hardware_timestamp	libomp.so	0.790032	24.9
2	sched_yield	libc.so.6	0.409952	12.9
2	__kmp_get_global_thread_id_reg	libomp.so	0.030000	0.9
2	__kmp_yield	libomp.so	0.020011	0.6
2	__kmp_suspend_64	libomp.so	0.010000	0.3
0	Collection and Platform Info	
1	Application Command Line	bfs "32" "../../data/bfs/graph512k.txt" 
1	Operating System	3.10.0-1160.15.2.1chaos.ch6.x86_64 NAME="Red Hat Enterprise Linux Server" VERSION="7.9 (Maipo)" ID="rhel" ID_LIKE="fedora" VARIANT="Server" VARIANT_ID="server" VERSION_ID="7.9" PRETTY_NAME="Red Hat Enterprise Linux Server 7.9 (Maipo)" ANSI_COLOR="0;31" CPE_NAME="cpe:/o:redhat:enterprise_linux:7.9:GA:server" HOME_URL="https://www.redhat.com/" BUG_REPORT_URL="https://bugzilla.redhat.com/"  REDHAT_BUGZILLA_PRODUCT="Red Hat Enterprise Linux 7" REDHAT_BUGZILLA_PRODUCT_VERSION=7.9 REDHAT_SUPPORT_PRODUCT="Red Hat Enterprise Linux" REDHAT_SUPPORT_PRODUCT_VERSION="7.9"
1	Computer Name	quartz2892
1	Result Size	3959324
1	Collection start time	03:23:11 13/03/2021 UTC
1	Collection stop time	03:23:13 13/03/2021 UTC
1	Collector Type	User-mode sampling and tracing
1	CPU	
2	Name	Intel(R) Xeon(R) Processor code named Broadwell
2	Frequency	2095148529
2	Logical CPU Count	72
