Hierarchy Level	Metric Name	Metric Value
0	Elapsed Time	0.306309
1	Paused Time	0.0
0	Effective CPU Utilization	5.7% (4.094 out of 72 logical CPUs)
1	OpenMP Analysis. Collection Time	0.306309
2	Serial Time (outside parallel regions)	0.289s (94.2%)
3	Top Serial Hotspots (outside parallel regions)	
3	Function	Module	Serial CPU Time
3	__kmp_get_global_thread_id_reg	libomp.so	0.030000
3	syscall	libc.so.6	0.010000
2	Parallel Region Time	0.018s (5.8%)
3	Estimated Ideal Time	0.011s (3.6%)
3	OpenMP Potential Gain	0.007s (2.2%)
1	Total Thread Count	32
2	Thread Oversubscription	0s (0.0% of CPU Time)
1	Wait Time with poor CPU Utilization	1.335s (100.0% of Wait Time)
2	Top Waiting Objects	
2	Sync Object	Wait Time with poor CPU Utilization	(% from Object Wait Time)(%)	Wait Count
2	Condition Variable 0x9fdd82ab	1.333801	100.0	28
2	Stream ../../data/bfs/graph1k.txt 0xd6f82508	0.000662	100.0	1
2	Stream /proc/cpuinfo 0x1ec323d1	0.000057	100.0	1
2	Stream /proc/meminfo 0xf9fc58e6	0.000012	100.0	1
2	Mutex 0x2eb8d0d7	0.000012	100.0	1
1	Spin and Overhead Time	0.960s (43.6% of CPU Time)
2	Top Functions with Spin or Overhead Time	
2	Function	Module	Spin and Overhead Time	(% from CPU Time)(%)
2	__kmp_hardware_timestamp	libomp.so	0.549973	25.0
2	sched_yield	libc.so.6	0.359996	16.4
2	__kmp_get_global_thread_id_reg	libomp.so	0.030000	1.4
2	__kmp_suspend_64	libomp.so	0.010000	0.5
2	__kmp_yield	libomp.so	0.009990	0.5
0	Collection and Platform Info	
1	Application Command Line	bfs "32" "../../data/bfs/graph1k.txt" 
1	Operating System	3.10.0-1160.15.2.1chaos.ch6.x86_64 NAME="Red Hat Enterprise Linux Server" VERSION="7.9 (Maipo)" ID="rhel" ID_LIKE="fedora" VARIANT="Server" VARIANT_ID="server" VERSION_ID="7.9" PRETTY_NAME="Red Hat Enterprise Linux Server 7.9 (Maipo)" ANSI_COLOR="0;31" CPE_NAME="cpe:/o:redhat:enterprise_linux:7.9:GA:server" HOME_URL="https://www.redhat.com/" BUG_REPORT_URL="https://bugzilla.redhat.com/"  REDHAT_BUGZILLA_PRODUCT="Red Hat Enterprise Linux 7" REDHAT_BUGZILLA_PRODUCT_VERSION=7.9 REDHAT_SUPPORT_PRODUCT="Red Hat Enterprise Linux" REDHAT_SUPPORT_PRODUCT_VERSION="7.9"
1	Computer Name	quartz2892
1	Result Size	3726646
1	Collection start time	03:07:03 13/03/2021 UTC
1	Collection stop time	03:07:03 13/03/2021 UTC
1	Collector Type	User-mode sampling and tracing
1	CPU	
2	Name	Intel(R) Xeon(R) Processor code named Broadwell
2	Frequency	2095147429
2	Logical CPU Count	72
