Hierarchy Level	Metric Name	Metric Value
0	Elapsed Time	0.581459
1	SP GFLOPS	0.0
1	DP GFLOPS	0.0
1	x87 GFLOPS	0.0
1	CPI Rate	0.628986
1	Average CPU Frequency	2789247528.251534
1	Total Thread Count	32
0	Effective Physical Core Utilization	3.4% (1.241 out of 36)
1	Effective Logical Core Utilization	1.7% (1.241 out of 72)
1	Serial Time (outside parallel regions)	0.576s (99.0%)
2	Top Serial Hotspots (outside parallel regions)	
2	Function	Module	Serial CPU Time
2	_IO_vfscanf	libc-2.17.so	0.200463
2	[Outside any known module]	[Unknown]	0.190440
2	[Loop@0x3b14d in __GI_____strtoll_l_internal]	libc-2.17.so	0.035081
2	__GI_____strtoll_l_internal	libc-2.17.so	0.025058
2	[Loop@0x59eb0 in _IO_vfscanf]	libc-2.17.so	0.015035
2	[Others]	N/A	0.045104
1	Parallel Region Time	0.006s (1.0%)
2	Estimated Ideal Time	0.002s (0.4%)
2	OpenMP Potential Gain	0.004s (0.6%)
0	Memory Bound	30.7
1	Cache Bound	15.8
1	DRAM Bound	0.0
1	NUMA: % of Remote Accesses	0.0
0	Vectorization	0.0
1	Instruction Mix	
2	SP FLOPs	0.0
3	Packed	0.0
4	128-bit	0.0
4	256-bit	0.0
3	Scalar	0.0
2	DP FLOPs	0.0
3	Packed	0.0
4	128-bit	0.0
4	256-bit	0.0
3	Scalar	0.0
2	x87 FLOPs	0.0
2	Non-FP	100.0
1	FP Arith/Mem Rd Instr. Ratio	0.0
1	FP Arith/Mem Wr Instr. Ratio	0.0
0	Collection and Platform Info	
1	Application Command Line	bfs "32" "../../data/bfs/graph256k.txt" 
1	Operating System	3.10.0-1160.15.2.1chaos.ch6.x86_64 NAME="Red Hat Enterprise Linux Server" VERSION="7.9 (Maipo)" ID="rhel" ID_LIKE="fedora" VARIANT="Server" VARIANT_ID="server" VERSION_ID="7.9" PRETTY_NAME="Red Hat Enterprise Linux Server 7.9 (Maipo)" ANSI_COLOR="0;31" CPE_NAME="cpe:/o:redhat:enterprise_linux:7.9:GA:server" HOME_URL="https://www.redhat.com/" BUG_REPORT_URL="https://bugzilla.redhat.com/"  REDHAT_BUGZILLA_PRODUCT="Red Hat Enterprise Linux 7" REDHAT_BUGZILLA_PRODUCT_VERSION=7.9 REDHAT_SUPPORT_PRODUCT="Red Hat Enterprise Linux" REDHAT_SUPPORT_PRODUCT_VERSION="7.9"
1	Computer Name	quartz2892
1	Result Size	4001010
1	Collection start time	03:09:59 13/03/2021 UTC
1	Collection stop time	03:10:00 13/03/2021 UTC
1	Collector Type	Driverless Perf per-process sampling
1	CPU	
2	Name	Intel(R) Xeon(R) Processor code named Broadwell
2	Frequency	2095149065
2	Logical CPU Count	72
