Hierarchy Level	Metric Name	Metric Value
0	Elapsed Time	0.489370
1	SP GFLOPS	0.0
1	DP GFLOPS	0.0
1	x87 GFLOPS	0.0
1	CPI Rate	1.142241
1	Average CPU Frequency	2876758719.145078
1	Total Thread Count	64
0	Effective Physical Core Utilization	5.0% (1.802 out of 36)
1	Effective Logical Core Utilization	2.3% (1.639 out of 72)
1	Serial Time (outside parallel regions)	0.475s (97.1%)
2	Top Serial Hotspots (outside parallel regions)	
2	Function	Module	Serial CPU Time
2	[Outside any known module]	[Unknown]	0.280648
2	_IO_vfscanf	libc-2.17.so	0.055127
2	_pthread_cleanup_pop_restore	libpthread-2.17.so	0.005012
2	func@0x7efe0	libittnotify_collector.so	0.005012
2	lseek	libpthread-2.17.so	0.005012
2	[Others]	N/A	0.025058
1	Parallel Region Time	0.014s (2.9%)
2	Estimated Ideal Time	0.002s (0.3%)
2	OpenMP Potential Gain	0.013s (2.6%)
0	Memory Bound	46.0
1	Cache Bound	12.9
1	DRAM Bound	0.0
1	NUMA: % of Remote Accesses	0.0
0	Vectorization	0.0
1	Instruction Mix	
2	SP FLOPs	0.0
3	Packed	0.0
4	128-bit	0.0
4	256-bit	0.0
3	Scalar	0.0
2	DP FLOPs	0.0
3	Packed	0.0
4	128-bit	0.0
4	256-bit	0.0
3	Scalar	0.0
2	x87 FLOPs	0.0
2	Non-FP	100.0
1	FP Arith/Mem Rd Instr. Ratio	0.0
1	FP Arith/Mem Wr Instr. Ratio	0.0
0	Collection and Platform Info	
1	Application Command Line	bfs "64" "../../data/bfs/graph64k.txt" 
1	Operating System	3.10.0-1160.15.2.1chaos.ch6.x86_64 NAME="Red Hat Enterprise Linux Server" VERSION="7.9 (Maipo)" ID="rhel" ID_LIKE="fedora" VARIANT="Server" VARIANT_ID="server" VERSION_ID="7.9" PRETTY_NAME="Red Hat Enterprise Linux Server 7.9 (Maipo)" ANSI_COLOR="0;31" CPE_NAME="cpe:/o:redhat:enterprise_linux:7.9:GA:server" HOME_URL="https://www.redhat.com/" BUG_REPORT_URL="https://bugzilla.redhat.com/"  REDHAT_BUGZILLA_PRODUCT="Red Hat Enterprise Linux 7" REDHAT_BUGZILLA_PRODUCT_VERSION=7.9 REDHAT_SUPPORT_PRODUCT="Red Hat Enterprise Linux" REDHAT_SUPPORT_PRODUCT_VERSION="7.9"
1	Computer Name	quartz2892
1	Result Size	4002505
1	Collection start time	03:26:39 13/03/2021 UTC
1	Collection stop time	03:26:40 13/03/2021 UTC
1	Collector Type	Driverless Perf per-process sampling
1	CPU	
2	Name	Intel(R) Xeon(R) Processor code named Broadwell
2	Frequency	2095148803
2	Logical CPU Count	72
