Hierarchy Level	Metric Name	Metric Value
0	Elapsed Time	0.675560
1	Paused Time	0.0
0	Effective CPU Utilization	9.6% (6.890 out of 72 logical CPUs)
1	OpenMP Analysis. Collection Time	0.675560
2	Serial Time (outside parallel regions)	0.649s (96.0%)
3	Top Serial Hotspots (outside parallel regions)	
3	Function	Module	Serial CPU Time
3	__kmp_get_global_thread_id_reg	libomp.so	0.030000
3	__pthread_create_2_1	libpthread.so.0	0.020000
3	__memset_sse2	libc.so.6	0.010000
2	Parallel Region Time	0.027s (4.0%)
3	Estimated Ideal Time	0.011s (1.6%)
3	OpenMP Potential Gain	0.016s (2.4%)
1	Total Thread Count	64
2	Thread Oversubscription	0s (0.0% of CPU Time)
1	Wait Time with poor CPU Utilization	7.159s (100.0% of Wait Time)
2	Top Waiting Objects	
2	Sync Object	Wait Time with poor CPU Utilization	(% from Object Wait Time)(%)	Wait Count
2	Condition Variable 0x9fdd82ab	7.158125	100.0	68
2	Stream ../../data/bfs/graph4096.txt 0xd6f82508	0.000657	100.0	1
2	Mutex 0x2eb8d0d7	0.000302	100.0	12
2	Stream /proc/cpuinfo 0x1ec323d1	0.000065	100.0	1
2	Stream /proc/meminfo 0xf9fc58e6	0.000016	100.0	1
1	Spin and Overhead Time	3.821s (49.9% of CPU Time)
2	Top Functions with Spin or Overhead Time	
2	Function	Module	Spin and Overhead Time	(% from CPU Time)(%)
2	__kmp_hardware_timestamp	libomp.so	1.840888	24.1
2	sched_yield	libc.so.6	1.810030	23.7
2	__kmp_yield	libomp.so	0.109979	1.4
2	__kmp_get_global_thread_id_reg	libomp.so	0.030000	0.4
2	__pthread_create_2_1	libpthread.so.0	0.020000	0.3
2	__kmp_suspend_64	libomp.so	0.010000	0.1
0	Collection and Platform Info	
1	Application Command Line	bfs "64" "../../data/bfs/graph4096.txt" 
1	Operating System	3.10.0-1160.15.2.1chaos.ch6.x86_64 NAME="Red Hat Enterprise Linux Server" VERSION="7.9 (Maipo)" ID="rhel" ID_LIKE="fedora" VARIANT="Server" VARIANT_ID="server" VERSION_ID="7.9" PRETTY_NAME="Red Hat Enterprise Linux Server 7.9 (Maipo)" ANSI_COLOR="0;31" CPE_NAME="cpe:/o:redhat:enterprise_linux:7.9:GA:server" HOME_URL="https://www.redhat.com/" BUG_REPORT_URL="https://bugzilla.redhat.com/"  REDHAT_BUGZILLA_PRODUCT="Red Hat Enterprise Linux 7" REDHAT_BUGZILLA_PRODUCT_VERSION=7.9 REDHAT_SUPPORT_PRODUCT="Red Hat Enterprise Linux" REDHAT_SUPPORT_PRODUCT_VERSION="7.9"
1	Computer Name	quartz2892
1	Result Size	4175010
1	Collection start time	03:18:16 13/03/2021 UTC
1	Collection stop time	03:18:17 13/03/2021 UTC
1	Collector Type	User-mode sampling and tracing
1	CPU	
2	Name	Intel(R) Xeon(R) Processor code named Broadwell
2	Frequency	2095148432
2	Logical CPU Count	72
