Hierarchy Level	Metric Name	Metric Value
0	Elapsed Time	0.267262
1	Paused Time	0.0
0	Effective CPU Utilization	1.1% (0.759 out of 72 logical CPUs)
1	OpenMP Analysis. Collection Time	0.267262
2	Serial Time (outside parallel regions)	0.256s (95.7%)
3	Top Serial Hotspots (outside parallel regions)	
3	Function	Module	Serial CPU Time
3	fscanf	libc.so.6	0.080000
3	__kmp_get_global_thread_id_reg	libomp.so	0.030000
3	[Outside any known module]	[Unknown]	0.010000
3	syscall	libc.so.6	0.010000
2	Parallel Region Time	0.011s (4.3%)
3	Estimated Ideal Time	0.006s (2.4%)
3	OpenMP Potential Gain	0.005s (1.8%)
1	Total Thread Count	8
2	Thread Oversubscription	0s (0.0% of CPU Time)
1	Wait Time with poor CPU Utilization	0.077s (100.0% of Wait Time)
2	Top Waiting Objects	
2	Sync Object	Wait Time with poor CPU Utilization	(% from Object Wait Time)(%)	Wait Count
2	Stream 0xd28f80de	0.052960	100.0	10
2	Condition Variable 0x9fdd82ab	0.021580	100.0	3
2	Stream ../../data/bfs/graph65536.txt 0xd6f82508	0.001978	100.0	1
2	Stream /proc/cpuinfo 0x1ec323d1	0.000134	100.0	3
2	Stream /proc/meminfo 0xf9fc58e6	0.000017	100.0	1
1	Spin and Overhead Time	0.100s (33.3% of CPU Time)
2	Top Functions with Spin or Overhead Time	
2	Function	Module	Spin and Overhead Time	(% from CPU Time)(%)
2	sched_yield	libc.so.6	0.039963	13.3
2	__kmp_get_global_thread_id_reg	libomp.so	0.030000	10.0
2	__kmp_hardware_timestamp	libomp.so	0.030000	10.0
0	Collection and Platform Info	
1	Application Command Line	bfs "8" "../../data/bfs/graph65536.txt" 
1	Operating System	3.10.0-1160.15.2.1chaos.ch6.x86_64 NAME="Red Hat Enterprise Linux Server" VERSION="7.9 (Maipo)" ID="rhel" ID_LIKE="fedora" VARIANT="Server" VARIANT_ID="server" VERSION_ID="7.9" PRETTY_NAME="Red Hat Enterprise Linux Server 7.9 (Maipo)" ANSI_COLOR="0;31" CPE_NAME="cpe:/o:redhat:enterprise_linux:7.9:GA:server" HOME_URL="https://www.redhat.com/" BUG_REPORT_URL="https://bugzilla.redhat.com/"  REDHAT_BUGZILLA_PRODUCT="Red Hat Enterprise Linux 7" REDHAT_BUGZILLA_PRODUCT_VERSION=7.9 REDHAT_SUPPORT_PRODUCT="Red Hat Enterprise Linux" REDHAT_SUPPORT_PRODUCT_VERSION="7.9"
1	Computer Name	quartz2892
1	Result Size	3716361
1	Collection start time	03:27:34 13/03/2021 UTC
1	Collection stop time	03:27:34 13/03/2021 UTC
1	Collector Type	User-mode sampling and tracing
1	CPU	
2	Name	Intel(R) Xeon(R) Processor code named Broadwell
2	Frequency	2095148716
2	Logical CPU Count	72
