==105502== NVPROF is profiling process 105502, command: bfs_offload 128 ../../data/bfs/graph256k.txt
==105502== Profiling application: bfs_offload 128 ../../data/bfs/graph256k.txt
==105502== Profiling result:
            Type  Time(%)      Time     Calls       Avg       Min       Max  Name
                        %        ms                  ms        ms        ms
 GPU activities:    76.88  213.8315        11  19.43922  4.958126  54.19209  __omp_offloading_30_13579bc__Z8BFSGraphiPPc_l147
                    22.88  63.64831        11  5.786209  5.021773  6.996422  __omp_offloading_30_13579bc__Z8BFSGraphiPPc_l169
                     0.22  0.618782        18  0.034376  1.28e-03  0.446174  [CUDA memcpy HtoD]
                     0.01  0.040736        14  2.91e-03  1.66e-03  0.017632  [CUDA memcpy DtoH]
      API calls:    37.10  214.9165        30  7.163883  5.20e-03  54.28033  cuStreamSynchronize
                    30.81  178.4551         1  178.4551  178.4551  178.4551  cuDevicePrimaryCtxRetain
                    16.12  93.37646         1  93.37646  93.37646  93.37646  cuDevicePrimaryCtxRelease
                    11.03  63.87200        12  5.322666  0.110075  7.004041  cuMemcpyDtoHAsync
                     3.49  20.23515         1  20.23515  20.23515  20.23515  cuModuleLoadDataEx
                     0.76  4.383695         1  4.383695  4.383695  4.383695  cuModuleUnload
                     0.21  1.216577         8  0.152072  9.95e-03  0.430595  cuMemAlloc
                     0.17  0.984766        18  0.054709  7.72e-03  0.516061  cuMemcpyHtoDAsync
                     0.13  0.769097        32  0.024034  4.06e-03  0.329035  cuStreamCreate
                     0.06  0.375120        32  0.011722  0.011155  0.017213  cuStreamDestroy
                     0.05  0.314373         6  0.052395  0.011548  0.248051  cuMemFree
                     0.04  0.244238        22  0.011101  9.80e-03  0.022039  cuLaunchKernel
                     0.01  0.058914         2  0.029457  0.025054  0.033860  cuMemcpyDtoH
                     0.01  0.034665        74  4.68e-04  2.97e-04  1.27e-03  cuCtxSetCurrent
                     0.00  8.10e-03         4  2.02e-03  1.09e-03  3.29e-03  cuDeviceGetPCIBusId
                     0.00  6.02e-03        15  4.01e-04  3.28e-04  7.38e-04  cuDeviceGetAttribute
                     0.00  3.85e-03         5  7.70e-04  5.12e-04  1.42e-03  cuDeviceGet
                     0.00  3.62e-03         3  1.21e-03  7.73e-04  1.68e-03  cuModuleGetGlobal
                     0.00  2.13e-03         2  1.07e-03  9.26e-04  1.20e-03  cuModuleGetFunction
                     0.00  1.90e-03         2  9.48e-04  6.21e-04  1.27e-03  cuFuncGetAttribute
                     0.00  1.47e-03         3  4.90e-04  3.49e-04  6.13e-04  cuDeviceGetCount
                     0.00  1.12e-03         1  1.12e-03  1.12e-03  1.12e-03  cuDevicePrimaryCtxGetState
                     0.00  6.12e-04         1  6.12e-04  6.12e-04  6.12e-04  cuDevicePrimaryCtxSetFlags
                     0.00  5.14e-04         1  5.14e-04  5.14e-04  5.14e-04  cuCtxGetDevice
