==106779== NVPROF is profiling process 106779, command: bfs_offload 128 ../../data/bfs/graph65536.txt
==106779== Profiling application: bfs_offload 128 ../../data/bfs/graph65536.txt
==106779== Profiling result:
            Type  Time(%)      Time     Calls       Avg       Min       Max  Name
                        %        ms                  ms        ms        ms
 GPU activities:    78.14  53.59568        10  5.359568  1.271037  14.51357  __omp_offloading_30_13579bc__Z8BFSGraphiPPc_l147
                    21.64  14.84525        10  1.484524  1.277117  1.773116  __omp_offloading_30_13579bc__Z8BFSGraphiPPc_l169
                     0.18  0.121632        17  7.15e-03  1.28e-03  0.060448  [CUDA memcpy HtoD]
                     0.04  0.027136        13  2.09e-03  1.66e-03  5.73e-03  [CUDA memcpy DtoH]
      API calls:    48.15  178.6218         1  178.6218  178.6218  178.6218  cuDevicePrimaryCtxRetain
                    25.76  95.54499         1  95.54499  95.54499  95.54499  cuDevicePrimaryCtxRelease
                    14.70  54.54628        28  1.948081  5.15e-03  14.60052  cuStreamSynchronize
                     5.44  20.17500         1  20.17500  20.17500  20.17500  cuModuleLoadDataEx
                     4.04  14.98466        11  1.362241  0.043129  1.785294  cuMemcpyDtoHAsync
                     1.18  4.388735         1  4.388735  4.388735  4.388735  cuModuleUnload
                     0.21  0.782385         8  0.097798  6.68e-03  0.370756  cuMemAlloc
                     0.21  0.771158        32  0.024098  4.01e-03  0.327858  cuStreamCreate
                     0.10  0.368988        32  0.011530  0.011058  0.016396  cuStreamDestroy
                     0.10  0.361537        17  0.021266  7.89e-03  0.142654  cuMemcpyHtoDAsync
                     0.06  0.219149        20  0.010957  9.79e-03  0.019186  cuLaunchKernel
                     0.02  0.072513         6  0.012085  0.010827  0.012921  cuMemFree
                     0.02  0.057290         2  0.028645  0.024588  0.032702  cuMemcpyDtoH
                     0.01  0.032391        70  4.62e-04  3.46e-04  1.26e-03  cuCtxSetCurrent
                     0.00  8.39e-03         4  2.10e-03  1.15e-03  3.73e-03  cuDeviceGetPCIBusId
                     0.00  5.98e-03        15  3.98e-04  2.69e-04  7.49e-04  cuDeviceGetAttribute
                     0.00  3.45e-03         3  1.15e-03  7.21e-04  1.56e-03  cuModuleGetGlobal
                     0.00  3.00e-03         5  5.99e-04  4.78e-04  8.00e-04  cuDeviceGet
                     0.00  2.01e-03         2  1.00e-03  8.44e-04  1.16e-03  cuModuleGetFunction
                     0.00  1.77e-03         2  8.85e-04  7.65e-04  1.01e-03  cuFuncGetAttribute
                     0.00  1.51e-03         3  5.04e-04  4.43e-04  5.43e-04  cuDeviceGetCount
                     0.00  1.20e-03         1  1.20e-03  1.20e-03  1.20e-03  cuDevicePrimaryCtxGetState
                     0.00  5.23e-04         1  5.23e-04  5.23e-04  5.23e-04  cuDevicePrimaryCtxSetFlags
                     0.00  5.12e-04         1  5.12e-04  5.12e-04  5.12e-04  cuCtxGetDevice
