==125690== NVPROF is profiling process 125690, command: bfs_offload 128 ../../data/bfs/graph8k.txt
==125690== Profiling application: bfs_offload 128 ../../data/bfs/graph8k.txt
==125690== Profiling result:
            Type  Time(%)      Time     Calls       Avg       Min       Max  Name
                        %        ms                  ms        ms        ms
 GPU activities:    76.96  6.562895         9  0.729210  0.185951  1.589236  __omp_offloading_30_13579bc__Z8BFSGraphiPPc_l147
                    22.33  1.904083         9  0.211564  0.180671  0.242590  __omp_offloading_30_13579bc__Z8BFSGraphiPPc_l169
                     0.46  0.039232        16  2.45e-03  1.28e-03  7.62e-03  [CUDA memcpy HtoD]
                     0.25  0.021152        12  1.76e-03  1.66e-03  2.30e-03  [CUDA memcpy DtoH]
      API calls:    57.71  180.0759         1  180.0759  180.0759  180.0759  cuDevicePrimaryCtxRetain
                    30.78  96.02740         1  96.02740  96.02740  96.02740  cuDevicePrimaryCtxRelease
                     6.48  20.20646         1  20.20646  20.20646  20.20646  cuModuleLoadDataEx
                     2.32  7.234323        26  0.278243  5.21e-03  1.644041  cuStreamSynchronize
                     1.41  4.389505         1  4.389505  4.389505  4.389505  cuModuleUnload
                     0.65  2.017760        10  0.201776  0.023747  0.253505  cuMemcpyDtoHAsync
                     0.25  0.770629        32  0.024082  3.95e-03  0.330385  cuStreamCreate
                     0.13  0.414126         8  0.051765  6.32e-03  0.361313  cuMemAlloc
                     0.12  0.369343        32  0.011541  0.011079  0.015748  cuStreamDestroy
                     0.06  0.199979        18  0.011109  9.75e-03  0.017257  cuLaunchKernel
                     0.05  0.158029        16  9.88e-03  7.45e-03  0.028237  cuMemcpyHtoDAsync
                     0.02  0.056749         2  0.028374  0.023378  0.033371  cuMemcpyDtoH
                     0.01  0.036615         3  0.012205  0.011728  0.012589  cuMemFree
                     0.01  0.029992        63  4.76e-04  3.14e-04  1.30e-03  cuCtxSetCurrent
                     0.00  8.49e-03         4  2.12e-03  1.25e-03  3.61e-03  cuDeviceGetPCIBusId
                     0.00  5.95e-03        15  3.96e-04  3.12e-04  8.26e-04  cuDeviceGetAttribute
                     0.00  3.35e-03         3  1.12e-03  6.80e-04  1.54e-03  cuModuleGetGlobal
                     0.00  2.53e-03         5  5.05e-04  3.89e-04  6.45e-04  cuDeviceGet
                     0.00  2.06e-03         2  1.03e-03  8.32e-04  1.23e-03  cuModuleGetFunction
                     0.00  1.69e-03         2  8.44e-04  7.22e-04  9.66e-04  cuFuncGetAttribute
                     0.00  1.38e-03         3  4.60e-04  3.86e-04  5.82e-04  cuDeviceGetCount
                     0.00  1.03e-03         1  1.03e-03  1.03e-03  1.03e-03  cuDevicePrimaryCtxGetState
                     0.00  6.32e-04         1  6.32e-04  6.32e-04  6.32e-04  cuDevicePrimaryCtxSetFlags
                     0.00  4.02e-04         1  4.02e-04  4.02e-04  4.02e-04  cuCtxGetDevice
