==106199== NVPROF is profiling process 106199, command: bfs_offload 128 ../../data/bfs/graph4k.txt
==106199== Profiling application: bfs_offload 128 ../../data/bfs/graph4k.txt
==106199== Profiling result:
            Type  Time(%)      Time     Calls       Avg       Min       Max  Name
                        %        ms                  ms        ms        ms
 GPU activities:    76.58  3.828636         8  0.478579  0.134368  0.954750  __omp_offloading_30_13579bc__Z8BFSGraphiPPc_l147
                    22.34  1.116797         8  0.139599  0.119680  0.156032  __omp_offloading_30_13579bc__Z8BFSGraphiPPc_l169
                     0.67  0.033376        15  2.22e-03  1.38e-03  6.43e-03  [CUDA memcpy HtoD]
                     0.42  0.020863        11  1.90e-03  1.82e-03  2.34e-03  [CUDA memcpy DtoH]
      API calls:    58.60  179.4278         1  179.4278  179.4278  179.4278  cuDevicePrimaryCtxRetain
                    30.19  92.43183         1  92.43183  92.43183  92.43183  cuDevicePrimaryCtxRelease
                     7.28  22.28053         1  22.28053  22.28053  22.28053  cuModuleLoadDataEx
                     1.44  4.419298         1  4.419298  4.419298  4.419298  cuModuleUnload
                     1.43  4.373596        24  0.182233  5.14e-03  1.005736  cuStreamSynchronize
                     0.41  1.248467         9  0.138718  0.021612  0.170678  cuMemcpyDtoHAsync
                     0.25  0.773136        32  0.024160  3.83e-03  0.328393  cuStreamCreate
                     0.14  0.423703         8  0.052962  6.47e-03  0.369997  cuMemAlloc
                     0.12  0.372132        32  0.011629  0.011154  0.016068  cuStreamDestroy
                     0.06  0.177276        16  0.011079  9.74e-03  0.017203  cuLaunchKernel
                     0.04  0.136648        15  9.11e-03  6.69e-03  0.022237  cuMemcpyHtoDAsync
                     0.02  0.058706         2  0.029353  0.025450  0.033256  cuMemcpyDtoH
                     0.01  0.037811         3  0.012603  0.012146  0.013252  cuMemFree
                     0.01  0.027881        59  4.72e-04  3.06e-04  1.30e-03  cuCtxSetCurrent
                     0.00  8.22e-03         4  2.05e-03  1.19e-03  3.28e-03  cuDeviceGetPCIBusId
                     0.00  5.84e-03        15  3.89e-04  2.80e-04  8.79e-04  cuDeviceGetAttribute
                     0.00  3.31e-03         3  1.10e-03  8.14e-04  1.48e-03  cuModuleGetGlobal
                     0.00  2.65e-03         5  5.29e-04  4.42e-04  6.71e-04  cuDeviceGet
                     0.00  2.05e-03         2  1.03e-03  8.06e-04  1.25e-03  cuModuleGetFunction
                     0.00  1.68e-03         2  8.42e-04  8.05e-04  8.79e-04  cuFuncGetAttribute
                     0.00  1.43e-03         3  4.78e-04  3.83e-04  5.92e-04  cuDeviceGetCount
                     0.00  8.17e-04         1  8.17e-04  8.17e-04  8.17e-04  cuDevicePrimaryCtxGetState
                     0.00  5.45e-04         1  5.45e-04  5.45e-04  5.45e-04  cuDevicePrimaryCtxSetFlags
                     0.00  5.06e-04         1  5.06e-04  5.06e-04  5.06e-04  cuCtxGetDevice
