==125226== NVPROF is profiling process 125226, command: bfs_offload 16 ../../data/bfs/graph64k.txt
==125226== Profiling application: bfs_offload 16 ../../data/bfs/graph64k.txt
==125226== Profiling result:
            Type  Time(%)      Time     Calls       Avg       Min       Max  Name
                        %        ms                  ms        ms        ms
 GPU activities:    77.65  52.29172        10  5.229171  1.274581  12.84319  __omp_offloading_30_13579bc__Z8BFSGraphiPPc_l147
                    22.13  14.90215        10  1.490214  1.277429  1.773585  __omp_offloading_30_13579bc__Z8BFSGraphiPPc_l169
                     0.18  0.119903        17  7.05e-03  1.28e-03  0.059807  [CUDA memcpy HtoD]
                     0.04  0.027520        13  2.12e-03  1.66e-03  5.92e-03  [CUDA memcpy DtoH]
      API calls:    48.05  180.6811         1  180.6811  180.6811  180.6811  cuDevicePrimaryCtxRetain
                    26.37  99.17184         1  99.17184  99.17184  99.17184  cuDevicePrimaryCtxRelease
                    14.10  53.01395        28  1.893355  5.07e-03  12.89845  cuStreamSynchronize
                     5.47  20.57642         1  20.57642  20.57642  20.57642  cuModuleLoadDataEx
                     4.00  15.03717        11  1.367015  0.046387  1.784501  cuMemcpyDtoHAsync
                     1.24  4.671495         1  4.671495  4.671495  4.671495  cuModuleUnload
                     0.23  0.874191         8  0.109273  6.83e-03  0.447681  cuMemAlloc
                     0.21  0.789667        32  0.024677  3.98e-03  0.346452  cuStreamCreate
                     0.10  0.379479        17  0.022322  7.71e-03  0.141466  cuMemcpyHtoDAsync
                     0.10  0.371587        32  0.011612  0.010995  0.016235  cuStreamDestroy
                     0.07  0.261169        20  0.013058  0.010249  0.027399  cuLaunchKernel
                     0.02  0.077741         6  0.012956  0.010808  0.017343  cuMemFree
                     0.02  0.071875         2  0.035937  0.030369  0.041506  cuMemcpyDtoH
                     0.01  0.035435        70  5.06e-04  3.34e-04  1.35e-03  cuCtxSetCurrent
                     0.00  7.34e-03         4  1.84e-03  1.16e-03  2.90e-03  cuDeviceGetPCIBusId
                     0.00  5.85e-03        15  3.89e-04  3.09e-04  7.30e-04  cuDeviceGetAttribute
                     0.00  4.27e-03         3  1.42e-03  9.57e-04  2.01e-03  cuModuleGetGlobal
                     0.00  2.90e-03         5  5.79e-04  4.41e-04  7.73e-04  cuDeviceGet
                     0.00  2.67e-03         2  1.34e-03  1.00e-03  1.67e-03  cuModuleGetFunction
                     0.00  2.02e-03         2  1.01e-03  7.84e-04  1.24e-03  cuFuncGetAttribute
                     0.00  1.62e-03         3  5.40e-04  4.61e-04  6.60e-04  cuDeviceGetCount
                     0.00  9.87e-04         1  9.87e-04  9.87e-04  9.87e-04  cuDevicePrimaryCtxGetState
                     0.00  5.96e-04         1  5.96e-04  5.96e-04  5.96e-04  cuDevicePrimaryCtxSetFlags
                     0.00  4.78e-04         1  4.78e-04  4.78e-04  4.78e-04  cuCtxGetDevice
