==105576== NVPROF is profiling process 105576, command: bfs_offload 16 ../../data/bfs/graph2k.txt
==105576== Profiling application: bfs_offload 16 ../../data/bfs/graph2k.txt
==105576== Profiling result:
            Type  Time(%)      Time     Calls       Avg       Min       Max  Name
                        %        ms                  ms        ms        ms
 GPU activities:    75.98  1.770718         7  0.252959  0.080992  0.426047  __omp_offloading_30_13579bc__Z8BFSGraphiPPc_l147
                    22.16  0.516544         7  0.073792  0.063232  0.078784  __omp_offloading_30_13579bc__Z8BFSGraphiPPc_l169
                     1.12  0.026144        14  1.87e-03  1.31e-03  5.89e-03  [CUDA memcpy HtoD]
                     0.74  0.017152        10  1.72e-03  1.66e-03  1.92e-03  [CUDA memcpy DtoH]
      API calls:    59.62  180.1631         1  180.1631  180.1631  180.1631  cuDevicePrimaryCtxRetain
                    30.69  92.75622         1  92.75622  92.75622  92.75622  cuDevicePrimaryCtxRelease
                     6.68  20.17449         1  20.17449  20.17449  20.17449  cuModuleLoadDataEx
                     1.44  4.356306         1  4.356306  4.356306  4.356306  cuModuleUnload
                     0.72  2.177319        22  0.098969  5.15e-03  0.467282  cuStreamSynchronize
                     0.25  0.766892        32  0.023965  3.96e-03  0.324481  cuStreamCreate
                     0.20  0.603643         8  0.075455  0.020712  0.089473  cuMemcpyDtoHAsync
                     0.14  0.414757         8  0.051844  6.19e-03  0.362382  cuMemAlloc
                     0.12  0.368102        32  0.011503  0.010968  0.015976  cuStreamDestroy
                     0.05  0.156503        14  0.011178  9.76e-03  0.017673  cuLaunchKernel
                     0.04  0.115181        14  8.23e-03  6.39e-03  0.011416  cuMemcpyHtoDAsync
                     0.02  0.058528         2  0.029264  0.025319  0.033209  cuMemcpyDtoH
                     0.01  0.028081         2  0.014040  0.012974  0.015107  cuMemFree
                     0.01  0.026236        54  4.85e-04  3.73e-04  1.24e-03  cuCtxSetCurrent
                     0.00  8.36e-03         4  2.09e-03  1.15e-03  3.68e-03  cuDeviceGetPCIBusId
                     0.00  6.27e-03        15  4.17e-04  3.53e-04  8.38e-04  cuDeviceGetAttribute
                     0.00  3.32e-03         3  1.11e-03  7.65e-04  1.52e-03  cuModuleGetGlobal
                     0.00  2.59e-03         5  5.18e-04  4.24e-04  6.44e-04  cuDeviceGet
                     0.00  2.22e-03         2  1.11e-03  8.07e-04  1.41e-03  cuModuleGetFunction
                     0.00  1.68e-03         2  8.40e-04  7.41e-04  9.40e-04  cuFuncGetAttribute
                     0.00  1.59e-03         3  5.29e-04  3.92e-04  7.01e-04  cuDeviceGetCount
                     0.00  6.84e-04         1  6.84e-04  6.84e-04  6.84e-04  cuDevicePrimaryCtxGetState
                     0.00  6.14e-04         1  6.14e-04  6.14e-04  6.14e-04  cuDevicePrimaryCtxSetFlags
                     0.00  5.55e-04         1  5.55e-04  5.55e-04  5.55e-04  cuCtxGetDevice
