==124652== NVPROF is profiling process 124652, command: bfs_offload 16 ../../data/bfs/graph4096.txt
==124652== Profiling application: bfs_offload 16 ../../data/bfs/graph4096.txt
==124652== Profiling result:
            Type  Time(%)      Time     Calls       Avg       Min       Max  Name
                        %        ms                  ms        ms        ms
 GPU activities:    77.86  3.571846         8  0.446480  0.107583  0.932441  __omp_offloading_30_13579bc__Z8BFSGraphiPPc_l147
                    21.06  0.966104         8  0.120763  0.102623  0.133695  __omp_offloading_30_13579bc__Z8BFSGraphiPPc_l169
                     0.67  0.030624        15  2.04e-03  1.28e-03  6.02e-03  [CUDA memcpy HtoD]
                     0.41  0.018944        11  1.72e-03  1.66e-03  2.18e-03  [CUDA memcpy DtoH]
      API calls:    58.80  180.5348         1  180.5348  180.5348  180.5348  cuDevicePrimaryCtxRetain
                    30.87  94.78305         1  94.78305  94.78305  94.78305  cuDevicePrimaryCtxRelease
                     6.56  20.14920         1  20.14920  20.14920  20.14920  cuModuleLoadDataEx
                     1.43  4.393483         1  4.393483  4.393483  4.393483  cuModuleUnload
                     1.33  4.076761        24  0.169865  5.17e-03  0.978294  cuStreamSynchronize
                     0.35  1.071392         9  0.119043  0.021017  0.146147  cuMemcpyDtoHAsync
                     0.25  0.773501        32  0.024171  3.96e-03  0.331349  cuStreamCreate
                     0.13  0.407674         8  0.050959  5.82e-03  0.359227  cuMemAlloc
                     0.12  0.369347        32  0.011542  0.011069  0.016363  cuStreamDestroy
                     0.06  0.178915        16  0.011182  9.63e-03  0.017226  cuLaunchKernel
                     0.04  0.136102        15  9.07e-03  7.25e-03  0.021241  cuMemcpyHtoDAsync
                     0.02  0.057722         2  0.028861  0.024544  0.033178  cuMemcpyDtoH
                     0.01  0.034880         3  0.011626  0.010819  0.012099  cuMemFree
                     0.01  0.028029        59  4.75e-04  3.06e-04  1.24e-03  cuCtxSetCurrent
                     0.00  7.69e-03         4  1.92e-03  1.10e-03  3.31e-03  cuDeviceGetPCIBusId
                     0.00  6.55e-03        15  4.36e-04  3.43e-04  1.03e-03  cuDeviceGetAttribute
                     0.00  3.48e-03         3  1.16e-03  7.32e-04  1.59e-03  cuModuleGetGlobal
                     0.00  2.77e-03         5  5.54e-04  4.46e-04  6.72e-04  cuDeviceGet
                     0.00  2.07e-03         2  1.03e-03  9.10e-04  1.16e-03  cuModuleGetFunction
                     0.00  1.60e-03         2  7.98e-04  6.59e-04  9.38e-04  cuFuncGetAttribute
                     0.00  1.41e-03         3  4.71e-04  3.78e-04  5.45e-04  cuDeviceGetCount
                     0.00  8.68e-04         1  8.68e-04  8.68e-04  8.68e-04  cuDevicePrimaryCtxGetState
                     0.00  6.33e-04         1  6.33e-04  6.33e-04  6.33e-04  cuCtxGetDevice
                     0.00  6.11e-04         1  6.11e-04  6.11e-04  6.11e-04  cuDevicePrimaryCtxSetFlags
