==104458== NVPROF is profiling process 104458, command: bfs_offload 32 ../../data/bfs/graph128k.txt
==104458== Profiling application: bfs_offload 32 ../../data/bfs/graph128k.txt
==104458== Profiling result:
            Type  Time(%)      Time     Calls       Avg       Min       Max  Name
                        %        ms                  ms        ms        ms
 GPU activities:    77.81  104.2872        10  10.42872  2.535832  26.23547  __omp_offloading_30_13579bc__Z8BFSGraphiPPc_l147
                    21.97  29.44330        10  2.944329  2.530840  3.521812  __omp_offloading_30_13579bc__Z8BFSGraphiPPc_l169
                     0.20  0.264990        17  0.015587  1.31e-03  0.194879  [CUDA memcpy HtoD]
                     0.02  0.030303        13  2.33e-03  1.66e-03  9.44e-03  [CUDA memcpy DtoH]
      API calls:    41.17  178.3653         1  178.3653  178.3653  178.3653  cuDevicePrimaryCtxRetain
                    24.26  105.0903        28  3.753225  5.23e-03  26.30122  cuStreamSynchronize
                    21.35  92.50132         1  92.50132  92.50132  92.50132  cuDevicePrimaryCtxRelease
                     6.83  29.60386        11  2.691259  0.063267  3.530815  cuMemcpyDtoHAsync
                     4.66  20.17670         1  20.17670  20.17670  20.17670  cuModuleLoadDataEx
                     1.00  4.346186         1  4.346186  4.346186  4.346186  cuModuleUnload
                     0.19  0.812324         8  0.101540  7.09e-03  0.396773  cuMemAlloc
                     0.18  0.768958        32  0.024029  3.98e-03  0.325934  cuStreamCreate
                     0.13  0.570306        17  0.033547  7.88e-03  0.267216  cuMemcpyHtoDAsync
                     0.09  0.370565        32  0.011580  0.011031  0.017124  cuStreamDestroy
                     0.07  0.296700         6  0.049450  0.010783  0.233976  cuMemFree
                     0.05  0.228239        20  0.011411  0.010138  0.021229  cuLaunchKernel
                     0.01  0.057841         2  0.028920  0.024782  0.033059  cuMemcpyDtoH
                     0.01  0.032545        70  4.64e-04  2.93e-04  1.33e-03  cuCtxSetCurrent
                     0.00  7.77e-03         4  1.94e-03  1.09e-03  3.31e-03  cuDeviceGetPCIBusId
                     0.00  5.76e-03        15  3.84e-04  2.69e-04  7.52e-04  cuDeviceGetAttribute
                     0.00  3.47e-03         3  1.16e-03  7.54e-04  1.54e-03  cuModuleGetGlobal
                     0.00  2.85e-03         5  5.69e-04  4.50e-04  7.18e-04  cuDeviceGet
                     0.00  1.96e-03         2  9.78e-04  8.50e-04  1.11e-03  cuModuleGetFunction
                     0.00  1.67e-03         2  8.37e-04  7.32e-04  9.43e-04  cuFuncGetAttribute
                     0.00  1.38e-03         3  4.60e-04  3.36e-04  5.96e-04  cuDeviceGetCount
                     0.00  1.02e-03         1  1.02e-03  1.02e-03  1.02e-03  cuDevicePrimaryCtxGetState
                     0.00  6.25e-04         1  6.25e-04  6.25e-04  6.25e-04  cuCtxGetDevice
                     0.00  6.04e-04         1  6.04e-04  6.04e-04  6.04e-04  cuDevicePrimaryCtxSetFlags
