==154802== NVPROF is profiling process 154802, command: bfs_offload 32 ../../data/bfs/graph1k.txt
==154802== Some kernel(s) will be replayed on device 0 in order to collect all events/metrics.
==154802== Profiling application: bfs_offload 32 ../../data/bfs/graph1k.txt
==154802== Profiling result:
==154802== Event result:
Invocations                                Event Name         Min         Max         Avg       Total
Device "Tesla V100-SXM2-16GB (0)"
    Kernel: __omp_offloading_30_13579bc__Z8BFSGraphiPPc_l147
          8                     fb_subp0_read_sectors          84        1234         505        4044
          8                     fb_subp1_read_sectors          40        1144         441        3532
          8                    fb_subp0_write_sectors         324        1837        1199        9599
          8                    fb_subp1_write_sectors         356        1765        1181        9452
          8              l2_subp0_write_sector_misses         272        1588         988        7904
          8              l2_subp1_write_sector_misses         292        1557         996        7969
          8               l2_subp0_read_sector_misses          56        1510         710        5684
          8               l2_subp1_read_sector_misses          70        1470         699        5594
          8          l2_subp0_read_tex_sector_queries          21         544         186        1488
          8          l2_subp1_read_tex_sector_queries          19         530         184        1473
          8         l2_subp0_write_tex_sector_queries        1903        4807        2860       22883
          8         l2_subp1_write_tex_sector_queries        1997        3053        2230       17847
          8             l2_subp0_read_tex_hit_sectors           9         136          50         402
          8             l2_subp1_read_tex_hit_sectors           8         114          47         380
          8            l2_subp0_write_tex_hit_sectors         712        3567        1647       13181
          8            l2_subp1_write_tex_hit_sectors         800        1837        1024        8197
          8        l2_subp0_total_read_sector_queries          71        1144         571        4570
          8        l2_subp1_total_read_sector_queries         308        2100        1198        9588
          8       l2_subp0_total_write_sector_queries        1911        4819        2875       23003
          8       l2_subp1_total_write_sector_queries        2011        3066        2248       17989
          8       l2_subp0_read_sysmem_sector_queries           0           0           0           0
          8       l2_subp1_read_sysmem_sector_queries         237        1051         634        5077
          8      l2_subp0_write_sysmem_sector_queries           0           4           2          16
          8      l2_subp1_write_sysmem_sector_queries           1           5           3          24
          8                         elapsed_cycles_sm     7208164    36824734    21396097   171168776
          8                           prof_trigger_00           0           0           0           0
          8                           prof_trigger_01           0           0           0           0
          8                           prof_trigger_02           0           0           0           0
          8                           prof_trigger_03           0           0           0           0
          8                           prof_trigger_04           0           0           0           0
          8                           prof_trigger_05           0           0           0           0
          8                           prof_trigger_06           0           0           0           0
          8                           prof_trigger_07           0           0           0           0
          8                            warps_launched           4           4           4          32
          8                              inst_issued0      274374     1270470      710531     5684251
          8                              inst_issued1       16315       77472       42439      339513
          8                             inst_executed       16307      140621       61676      493414
          8                      thread_inst_executed     2098901     3444439     2473575    19788605
          8   not_predicated_off_thread_inst_executed     2024864     3332974     2389956    19119653
          8                             active_cycles       91461      456601      262201     2097615
          8                              active_warps      862434     2939502     1762389    14099116
          8                               shared_atom           0           0           0           0
          8                           sm_cta_launched           1           1           1           8
          8                           shared_atom_cas           0           0           0           0
          8                               shared_load           0           0           0           0
          8                              shared_store           0           0           0           0
          8                              generic_load         880        6268        3204       25634
          8                             generic_store         433        1609         919        7352
          8                               global_load           0           0           0           0
          8                              global_store           0           0           0           0
          8                                local_load         380         380         380        3040
          8                               local_store         380         380         380        3040
          8                                atom_count           0           0           0           0
          8                                gred_count           0           0           0           0
          8                    shared_ld_transactions           8           8           8          64
          8                    shared_st_transactions           9           9           9          72
          8                   shared_ld_bank_conflict           0           0           0           0
          8                   shared_st_bank_conflict           0           0           0           0
          8                           global_atom_cas           0           0           0           0
          8                          active_cycles_pm       82505      345388      208558     1668470
          8                           active_warps_pm      290954     1348018      753044     6024358
          8                         elapsed_cycles_pm     7207130    28261078    17308146   138465172
          8                inst_executed_fp16_pipe_s0           0           0           0           0
          8                inst_executed_fp16_pipe_s1           0           0           0           0
          8                inst_executed_fp16_pipe_s2           0           0           0           0
          8                inst_executed_fp16_pipe_s3           0           0           0           0
          8                inst_executed_fp64_pipe_s0           0           0           0           0
          8                inst_executed_fp64_pipe_s1           0           0           0           0
          8                inst_executed_fp64_pipe_s2           0           0           0           0
          8                inst_executed_fp64_pipe_s3           0           0           0           0
          8                 inst_executed_fma_pipe_s0          10          10          10          80
          8                 inst_executed_fma_pipe_s1          10          12          11          88
          8                 inst_executed_fma_pipe_s2          10          12          10          84
          8                 inst_executed_fma_pipe_s3          10          12          10          84
          8              tensor_pipe_active_cycles_s0           0           0           0           0
          8              tensor_pipe_active_cycles_s1           0           0           0           0
          8              tensor_pipe_active_cycles_s2           0           0           0           0
          8              tensor_pipe_active_cycles_s3           0           0           0           0
          8                      pcie_tx_active_pulse           0           0           0           0
          8                      pcie_rx_active_pulse           0           0           0           0
          8                         active_cycles_sys       83400      326996      200257     1602059
          8                        elapsed_cycles_sys       83400      326996      200257     1602059
    Kernel: __omp_offloading_30_13579bc__Z8BFSGraphiPPc_l169
          8                     fb_subp0_read_sectors         112         912         405        3240
          8                     fb_subp1_read_sectors          16         816         317        2536
          8                    fb_subp0_write_sectors         276        1012         721        5768
          8                    fb_subp1_write_sectors         264         953         646        5168
          8              l2_subp0_write_sector_misses         268         984         654        5236
          8              l2_subp1_write_sector_misses         264         977         632        5060
          8               l2_subp0_read_sector_misses          54         872         462        3696
          8               l2_subp1_read_sector_misses          70         840         453        3628
          8          l2_subp0_read_tex_sector_queries          21          21          21         168
          8          l2_subp1_read_tex_sector_queries          29          29          29         232
          8         l2_subp0_write_tex_sector_queries        1596        1676        1641       13134
          8         l2_subp1_write_tex_sector_queries        1588        1636        1614       12914
          8             l2_subp0_read_tex_hit_sectors           8           9           8          68
          8             l2_subp1_read_tex_hit_sectors           8           9           8          68
          8            l2_subp0_write_tex_hit_sectors         728         799         767        6137
          8            l2_subp1_write_tex_hit_sectors         776         816         797        6376
          8        l2_subp0_total_read_sector_queries          61         877         570        4564
          8        l2_subp1_total_read_sector_queries         284        1131         805        6440
          8       l2_subp0_total_write_sector_queries        1608        1723        1655       13246
          8       l2_subp1_total_write_sector_queries        1601        1680        1634       13072
          8       l2_subp0_read_sysmem_sector_queries           0           0           0           0
          8       l2_subp1_read_sysmem_sector_queries         189         287         230        1847
          8      l2_subp0_write_sysmem_sector_queries           0           4           2          16
          8      l2_subp1_write_sysmem_sector_queries           1           5           3          24
          8                         elapsed_cycles_sm     5895794     7578484     6638588    53108710
          8                           prof_trigger_00           0           0           0           0
          8                           prof_trigger_01           0           0           0           0
          8                           prof_trigger_02           0           0           0           0
          8                           prof_trigger_03           0           0           0           0
          8                           prof_trigger_04           0           0           0           0
          8                           prof_trigger_05           0           0           0           0
          8                           prof_trigger_06           0           0           0           0
          8                           prof_trigger_07           0           0           0           0
          8                            warps_launched           4           4           4          32
          8                              inst_issued0      250084      323957      283329     2266634
          8                              inst_issued1       14821       17829       16513      132104
          8                             inst_executed       16035       67469       36031      288250
          8                      thread_inst_executed     2072387     2171981     2097706    16781650
          8   not_predicated_off_thread_inst_executed     1998362     2095569     2023113    16184911
          8                             active_cycles       69048      205889       93838      750705
          8                              active_warps      823492      902608      861934     6895472
          8                               shared_atom           0           0           0           0
          8                           sm_cta_launched           1           1           1           8
          8                           shared_atom_cas           0           0           0           0
          8                               shared_load           0           0           0           0
          8                              shared_store           0           0           0           0
          8                              generic_load         776         968         884        7072
          8                             generic_store         373         501         445        3560
          8                               global_load           0           0           0           0
          8                              global_store           0           0           0           0
          8                                local_load         328         328         328        2624
          8                               local_store         328         328         328        2624
          8                                atom_count           0           0           0           0
          8                                gred_count           0           0           0           0
          8                    shared_ld_transactions           8           8           8          64
          8                    shared_st_transactions           9           9           9          72
          8                   shared_ld_bank_conflict           0           0           0           0
          8                   shared_st_bank_conflict           0           0           0           0
          8                           global_atom_cas           0           0           0           0
          8                          active_cycles_pm       67545       87540       76598      612784
          8                           active_warps_pm      264980      341672      299917     2399338
          8                         elapsed_cycles_pm     6008766     7637870     6745149    53961196
          8                inst_executed_fp16_pipe_s0           0           0           0           0
          8                inst_executed_fp16_pipe_s1           0           0           0           0
          8                inst_executed_fp16_pipe_s2           0           0           0           0
          8                inst_executed_fp16_pipe_s3           0           0           0           0
          8                inst_executed_fp64_pipe_s0           0           0           0           0
          8                inst_executed_fp64_pipe_s1           0           0           0           0
          8                inst_executed_fp64_pipe_s2           0           0           0           0
          8                inst_executed_fp64_pipe_s3           0           0           0           0
          8                 inst_executed_fma_pipe_s0          10          12          11          88
          8                 inst_executed_fma_pipe_s1          10          12          10          82
          8                 inst_executed_fma_pipe_s2          10          12          10          84
          8                 inst_executed_fma_pipe_s3          10          12          10          82
          8              tensor_pipe_active_cycles_s0           0           0           0           0
          8              tensor_pipe_active_cycles_s1           0           0           0           0
          8              tensor_pipe_active_cycles_s2           0           0           0           0
          8              tensor_pipe_active_cycles_s3           0           0           0           0
          8                      pcie_tx_active_pulse           0           0           0           0
          8                      pcie_rx_active_pulse           0           0           0           0
          8                         active_cycles_sys       69527       88373       78042      624336
          8                        elapsed_cycles_sys       69527       88373       78042      624336

==154802== Metric result:
Invocations                               Metric Name                                               Metric Description         Min         Max         Avg
Device "Tesla V100-SXM2-16GB (0)"
    Kernel: __omp_offloading_30_13579bc__Z8BFSGraphiPPc_l147
          8                             inst_per_warp                                            Instructions per warp  1.7407e+04  6.0212e+04  3.5943e+04
          8                         branch_efficiency                                                Branch Efficiency      88.34%      99.51%      95.56%
          8                 warp_execution_efficiency                                        Warp Execution Efficiency      36.13%      94.20%      63.02%
          8         warp_nonpred_execution_efficiency                         Warp Non-Predicated Execution Efficiency      34.93%      90.88%      60.86%
          8                      inst_replay_overhead                                      Instruction Replay Overhead    0.000400    0.000824    0.000575
          8      shared_load_transactions_per_request                      Shared Memory Load Transactions Per Request    1.000000    1.000000    1.000000
          8     shared_store_transactions_per_request                     Shared Memory Store Transactions Per Request    1.000000    1.000000    1.000000
          8       local_load_transactions_per_request                       Local Memory Load Transactions Per Request    2.294364    3.861272    3.090451
          8      local_store_transactions_per_request                      Local Memory Store Transactions Per Request    3.266441    3.972477    3.680732
          8              gld_transactions_per_request                             Global Load Transactions Per Request    1.000000    6.104775    2.433317
          8              gst_transactions_per_request                            Global Store Transactions Per Request    1.000000    3.591549    1.536922
          8                 shared_store_transactions                                        Shared Store Transactions           9           9           9
          8                  shared_load_transactions                                         Shared Load Transactions           8           8           8
          8                   local_load_transactions                                          Local Load Transactions        5344       21183       10757
          8                  local_store_transactions                                         Local Store Transactions        3897        5980        4620
          8                          gld_transactions                                         Global Load Transactions          66        9206        2779
          8                          gst_transactions                                        Global Store Transactions           2        2040         470
          8                  sysmem_read_transactions                                  System Memory Read Transactions           1           1           1
          8                 sysmem_write_transactions                                 System Memory Write Transactions           5           5           5
          8                      l2_read_transactions                                             L2 Read Transactions         379        3244        1769
          8                     l2_write_transactions                                            L2 Write Transactions        3925        7885        5124
          8                    dram_read_transactions                                  Device Memory Read Transactions         126        2980        1409
          8                   dram_write_transactions                                 Device Memory Write Transactions         564        3145        1984
          8                           global_hit_rate                                Global Hit Rate in unified l1/tex      35.53%      91.18%      70.91%
          8                            local_hit_rate                                                   Local Hit Rate      74.18%      90.70%      81.42%
          8                  gld_requested_throughput                                 Requested Global Load Throughput  17.340MB/s  197.16MB/s  91.015MB/s
          8                  gst_requested_throughput                                Requested Global Store Throughput  33.786KB/s  23.278MB/s  8.9068MB/s
          8                            gld_throughput                                           Global Load Throughput  34.502MB/s  1.2322GB/s  607.49MB/s
          8                            gst_throughput                                          Global Store Throughput  1.0558MB/s  269.48MB/s  102.79MB/s
          8                     local_memory_overhead                                            Local Memory Overhead      86.77%      98.93%      94.65%
          8                        tex_cache_hit_rate                                           Unified Cache Hit Rate      57.66%      78.08%      66.47%
          8                      l2_tex_read_hit_rate                                      L2 Hit Rate (Texture Reads)      23.18%      41.46%      31.84%
          8                     l2_tex_write_hit_rate                                     L2 Hit Rate (Texture Writes)      38.71%      68.75%      49.53%
          8                      dram_read_throughput                                    Device Memory Read Throughput  59.227MB/s  977.39MB/s  308.07MB/s
          8                     dram_write_throughput                                   Device Memory Write Throughput  193.12MB/s  1.2254GB/s  433.59MB/s
          8                      tex_cache_throughput                       Unified cache to Multiprocessor throughput  2.8231GB/s  4.5991GB/s  3.9416GB/s
          8                    l2_tex_read_throughput                                    L2 Throughput (Texture Reads)  21.113MB/s  147.21MB/s  80.883MB/s
          8                   l2_tex_write_throughput                                   L2 Throughput (Texture Writes)  854.55MB/s  2.0106GB/s  1.0865GB/s
          8                        l2_read_throughput                                            L2 Throughput (Reads)  187.32MB/s  1.0958GB/s  386.74MB/s
          8                       l2_write_throughput                                           L2 Throughput (Writes)  858.33MB/s  2.0235GB/s  1.0935GB/s
          8                    sysmem_read_throughput                                    System Memory Read Throughput  135.27KB/s  540.58KB/s  223.77KB/s
          8                   sysmem_write_throughput                                   System Memory Write Throughput  676.33KB/s  2.6396MB/s  1.0926MB/s
          8                     local_load_throughput                                     Local Memory Load Throughput  1.6116GB/s  2.7550GB/s  2.2957GB/s
          8                    local_store_throughput                                    Local Memory Store Throughput  728.07MB/s  2.0096GB/s  0.9861GB/s
          8                    shared_load_throughput                                    Shared Memory Load Throughput  4.2271MB/s  16.893MB/s  6.9929MB/s
          8                   shared_store_throughput                                   Shared Memory Store Throughput  4.7555MB/s  19.005MB/s  7.8671MB/s
          8                            gld_efficiency                                    Global Memory Load Efficiency      12.47%      54.36%      26.00%
          8                            gst_efficiency                                   Global Memory Store Efficiency       3.12%      10.13%       7.56%
          8                    tex_cache_transactions                     Unified cache to Multiprocessor transactions        1485        8913        4617
          8                             flop_count_dp                      Floating Point Operations(Double Precision)           0           0           0
          8                         flop_count_dp_add                  Floating Point Operations(Double Precision Add)           0           0           0
          8                         flop_count_dp_fma                  Floating Point Operations(Double Precision FMA)           0           0           0
          8                         flop_count_dp_mul                  Floating Point Operations(Double Precision Mul)           0           0           0
          8                             flop_count_sp                      Floating Point Operations(Single Precision)           0           0           0
          8                         flop_count_sp_add                  Floating Point Operations(Single Precision Add)           0           0           0
          8                         flop_count_sp_fma                  Floating Point Operations(Single Precision FMA)           0           0           0
          8                         flop_count_sp_mul                   Floating Point Operation(Single Precision Mul)           0           0           0
          8                     flop_count_sp_special              Floating Point Operations(Single Precision Special)         256         256         256
          8                             inst_executed                                            Instructions Executed       16307      140621       61676
          8                               inst_issued                                              Instructions Issued       16315       77472       42439
          8                          dram_utilization                                        Device Memory Utilization     Low (1)     Low (1)     Low (1)
          8                        sysmem_utilization                                        System Memory Utilization     Low (1)     Low (1)     Low (1)
          8                          stall_inst_fetch                         Issue Stall Reasons (Instructions Fetch)       2.27%      17.58%       6.71%
          8                     stall_exec_dependency                       Issue Stall Reasons (Execution Dependency)      72.33%      84.19%      80.13%
          8                   stall_memory_dependency                               Issue Stall Reasons (Data Request)       9.69%      14.74%      12.92%
          8                             stall_texture                                    Issue Stall Reasons (Texture)       0.00%       0.00%       0.00%
          8                                stall_sync                            Issue Stall Reasons (Synchronization)       0.02%       0.11%       0.06%
          8                               stall_other                                      Issue Stall Reasons (Other)       0.00%       0.01%       0.01%
          8          stall_constant_memory_dependency                         Issue Stall Reasons (Immediate constant)       0.07%       0.33%       0.18%
          8                           stall_pipe_busy                                  Issue Stall Reasons (Pipe Busy)       0.00%       0.00%       0.00%
          8                         shared_efficiency                                         Shared Memory Efficiency       1.47%       1.47%       1.47%
          8                                inst_fp_32                                          FP Instructions(Single)         256         256         256
          8                                inst_fp_64                                          FP Instructions(Double)           0           0           0
          8                              inst_integer                                             Integer Instructions      107617      225704      141184
          8                          inst_bit_convert                                         Bit-Convert Instructions         512         512         512
          8                              inst_control                                        Control-Flow Instructions       37561       57765       42917
          8                        inst_compute_ld_st                                          Load/Store Instructions       64469      113465       78346
          8                                 inst_misc                                                Misc Instructions      271916      529688      345241
          8           inst_inter_thread_communication                                        Inter-Thread Instructions           0           0           0
          8                               issue_slots                                                      Issue Slots       16315       77472       42439
          8                                 cf_issued                                 Issued Control-Flow Instructions        1507        4658        2851
          8                               cf_executed                               Executed Control-Flow Instructions        1507        4658        2851
          8                               ldst_issued                                   Issued Load/Store Instructions        2310        9194        5270
          8                             ldst_executed                                 Executed Load/Store Instructions        2310        9194        5270
          8                       atomic_transactions                                              Atomic Transactions           0           0           0
          8           atomic_transactions_per_request                                  Atomic Transactions Per Request    0.000000    0.000000    0.000000
          8                      l2_atomic_throughput                                  L2 Throughput (Atomic requests)  0.00000B/s  0.00000B/s  0.00000B/s
          8                    l2_atomic_transactions                                L2 Transactions (Atomic requests)           0           0           0
          8                  l2_tex_read_transactions                                  L2 Transactions (Texture Reads)          41        1074         370
          8                     stall_memory_throttle                            Issue Stall Reasons (Memory Throttle)       0.00%       0.00%       0.00%
          8                        stall_not_selected                               Issue Stall Reasons (Not Selected)       0.00%       0.00%       0.00%
          8                 l2_tex_write_transactions                                 L2 Transactions (Texture Writes)        3900        7860        5091
          8             nvlink_total_data_transmitted                                    NVLink Total Data Transmitted        7264       11936        7932
          8                nvlink_total_data_received                                       NVLink Total Data Received        5440        8640        5968
          8              nvlink_user_data_transmitted                                     NVLink User Data Transmitted         832        2368        1024
          8                 nvlink_user_data_received                                        NVLink User Data Received        2208        2400        2280
          8          nvlink_overhead_data_transmitted                                 NVLink Overhead Data Transmitted      80.16%      89.05%      87.63%
          8             nvlink_overhead_data_received                                    NVLink Overhead Data Received      58.79%      73.70%      60.99%
          8      nvlink_total_nratom_data_transmitted                             NVLink Total Nratom Data Transmitted           0           0           0
          8       nvlink_user_nratom_data_transmitted                              NVLink User Nratom Data Transmitted           0           0           0
          8       nvlink_total_ratom_data_transmitted                              NVLink Total Ratom Data Transmitted           0           0           0
          8        nvlink_user_ratom_data_transmitted                               NVLink User Ratom Data Transmitted           0           0           0
          8       nvlink_total_write_data_transmitted                              NVLink Total Write Data Transmitted         576         576         576
          8        nvlink_user_write_data_transmitted                               NVLink User Write Data Transmitted         192         192         192
          8                nvlink_transmit_throughput                                       NVLink Transmit Throughput  29.986MB/s  122.30MB/s  54.168MB/s
          8                 nvlink_receive_throughput                                        NVLink Receive Throughput  22.985MB/s  93.723MB/s  40.756MB/s
          8       nvlink_total_response_data_received                              NVLink Total Response Data Received        3024        3616        3436
          8        nvlink_user_response_data_received                               NVLink User Response Data Received        1888        2400        2240
          8                             flop_count_hp                        Floating Point Operations(Half Precision)           0           0           0
          8                         flop_count_hp_add                    Floating Point Operations(Half Precision Add)           0           0           0
          8                         flop_count_hp_mul                     Floating Point Operation(Half Precision Mul)           0           0           0
          8                         flop_count_hp_fma                    Floating Point Operations(Half Precision FMA)           0           0           0
          8                                inst_fp_16                                            HP Instructions(Half)           0           0           0
          8                                       ipc                                                     Executed IPC    0.194356    0.320242    0.269076
          8                                issued_ipc                                                       Issued IPC    0.158757    0.218705    0.193004
          8                    issue_slot_utilization                                           Issue Slot Utilization       3.97%       5.47%       4.83%
          8                             sm_efficiency                                          Multiprocessor Activity       1.15%       1.24%       1.21%
          8                        achieved_occupancy                                               Achieved Occupancy    0.048517    0.061071    0.056603
          8                  eligible_warps_per_cycle                                  Eligible Warps Per Active Cycle    0.158757    0.225219    0.194902
          8                        shared_utilization                                        Shared Memory Utilization     Low (1)     Low (1)     Low (1)
          8                            l2_utilization                                             L2 Cache Utilization     Low (1)     Low (1)     Low (1)
          8                           tex_utilization                                        Unified Cache Utilization     Low (1)     Low (1)     Low (1)
          8                       ldst_fu_utilization                             Load/Store Function Unit Utilization     Low (1)     Low (1)     Low (1)
          8                         cf_fu_utilization                           Control-Flow Function Unit Utilization     Low (1)     Low (1)     Low (1)
          8                        tex_fu_utilization                                Texture Function Unit Utilization    Idle (0)    Idle (0)    Idle (0)
          8                    special_fu_utilization                                Special Function Unit Utilization     Low (1)     Low (1)     Low (1)
          8             half_precision_fu_utilization                         Half-Precision Function Unit Utilization    Idle (0)    Idle (0)    Idle (0)
          8           single_precision_fu_utilization                       Single-Precision Function Unit Utilization     Low (1)     Low (1)     Low (1)
          8           double_precision_fu_utilization                       Double-Precision Function Unit Utilization    Idle (0)    Idle (0)    Idle (0)
          8                        flop_hp_efficiency                                       FLOP Efficiency(Peak Half)       0.00%       0.00%       0.00%
          8                        flop_sp_efficiency                                     FLOP Efficiency(Peak Single)       0.00%       0.00%       0.00%
          8                        flop_dp_efficiency                                     FLOP Efficiency(Peak Double)       0.00%       0.00%       0.00%
          8                   sysmem_read_utilization                                   System Memory Read Utilization     Low (1)     Low (1)     Low (1)
          8                  sysmem_write_utilization                                  System Memory Write Utilization     Low (1)     Low (1)     Low (1)
          8       nvlink_data_transmission_efficiency                              NVLink Data Transmission Efficiency       0.01%       0.02%       0.02%
          8            nvlink_data_receive_efficiency                                   NVLink Data Receive Efficiency       0.01%       0.02%       0.01%
          8                            stall_sleeping                                   Issue Stall Reasons (Sleeping)       0.00%       0.00%       0.00%
          8               pcie_total_data_transmitted                                      PCIe Total Data Transmitted           0           0           0
          8                  pcie_total_data_received                                         PCIe Total Data Received           0           0           0
          8                inst_executed_global_loads                         Warp level instructions for global loads          66        1584         742
          8                 inst_executed_local_loads                          Warp level instructions for local loads        1384        6750        3667
          8                inst_executed_shared_loads                         Warp level instructions for shared loads           8           8           8
          8               inst_executed_surface_loads                        Warp level instructions for surface loads           0           0           0
          8               inst_executed_global_stores                        Warp level instructions for global stores           2         568         204
          8                inst_executed_local_stores                         Warp level instructions for local stores         981        1604        1265
          8               inst_executed_shared_stores                        Warp level instructions for shared stores           9           9           9
          8              inst_executed_surface_stores                       Warp level instructions for surface stores           0           0           0
          8              inst_executed_global_atomics             Warp level instructions for global atom and atom cas           0           0           0
          8           inst_executed_global_reductions                    Warp level instructions for global reductions           0           0           0
          8             inst_executed_surface_atomics            Warp level instructions for surface atom and atom cas           0           0           0
          8          inst_executed_surface_reductions                   Warp level instructions for surface reductions           0           0           0
          8              inst_executed_shared_atomics             Warp level shared instructions for atom and atom CAS           0           0           0
          8                     inst_executed_tex_ops                              Warp level instructions for texture           0           0           0
          8                           dram_read_bytes                           Total bytes read from DRAM to L2 cache        4032       95360       45112
          8                          dram_write_bytes                        Total bytes written from L2 cache to DRAM       18048      100640       63492
          8                      global_load_requests         Total number of global load requests from Multiprocessor          66        1584         742
          8                       local_load_requests          Total number of local load requests from Multiprocessor        1384        6750        3667
          8                     surface_load_requests        Total number of surface load requests from Multiprocessor           0           0           0
          8                     global_store_requests        Total number of global store requests from Multiprocessor           2         568         204
          8                      local_store_requests         Total number of local store requests from Multiprocessor         981        1604        1265
          8                    surface_store_requests       Total number of surface store requests from Multiprocessor           0           0           0
          8                    global_atomic_requests       Total number of global atomic requests from Multiprocessor           0           0           0
          8                 global_reduction_requests    Total number of global reduction requests from Multiprocessor           0           0           0
          8                   surface_atomic_requests      Total number of surface atomic requests from Multiprocessor           0           0           0
          8                surface_reduction_requests   Total number of surface reduction requests from Multiprocessor           0           0           0
          8                      l2_global_load_bytes             Bytes read from L2 for misses in L1 for global loads        1312       31456       10760
          8                       l2_local_load_bytes              Bytes read from L2 for misses in L1 for local loads           0        2688        1008
          8                     l2_surface_load_bytes            Bytes read from L2 for misses in L1 for surface loads           0           0           0
          8              l2_global_atomic_store_bytes                   Bytes written to L2 from L1 for global atomics           0           0           0
          8               l2_local_global_store_bytes         Bytes written to L2 from L1 for local and global stores.      124800      251520      162920
          8                    l2_surface_store_bytes           Bytes read from L2 for misses in L1 for surface stores           0           0           0
          8                         sysmem_read_bytes                                         System Memory Read Bytes          32          32          32
          8                        sysmem_write_bytes                                        System Memory Write Bytes         160         160         160
          8                           l2_tex_hit_rate                                                L2 Cache Hit Rate      38.74%      64.24%      47.86%
          8                     texture_load_requests        Total number of texture Load requests from Multiprocessor           0           0           0
          8           tensor_precision_fu_utilization                       Tensor-Precision Function Unit Utilization    Idle (0)    Idle (0)    Idle (0)
    Kernel: __omp_offloading_30_13579bc__Z8BFSGraphiPPc_l169
          8                             inst_per_warp                                            Instructions per warp  1.6668e+04  1.8260e+04  1.7564e+04
          8                         branch_efficiency                                                Branch Efficiency      96.67%      99.59%      97.93%
          8                 warp_execution_efficiency                                        Warp Execution Efficiency      89.64%      97.13%      93.41%
          8         warp_nonpred_execution_efficiency                         Warp Non-Predicated Execution Efficiency      86.45%      93.66%      90.09%
          8                      inst_replay_overhead                                      Instruction Replay Overhead    0.000449    0.000540    0.000488
          8      shared_load_transactions_per_request                      Shared Memory Load Transactions Per Request    1.000000    1.000000    1.000000
          8     shared_store_transactions_per_request                     Shared Memory Store Transactions Per Request    1.000000    1.000000    1.000000
          8       local_load_transactions_per_request                       Local Memory Load Transactions Per Request    3.618220    4.000000    3.851911
          8      local_store_transactions_per_request                      Local Memory Store Transactions Per Request    4.000000    4.000000    4.000000
          8              gld_transactions_per_request                             Global Load Transactions Per Request    1.000000    1.000000    1.000000
          8              gst_transactions_per_request                            Global Store Transactions Per Request    0.000000    1.000000    0.875000
          8                 shared_store_transactions                                        Shared Store Transactions           9           9           9
          8                  shared_load_transactions                                         Shared Load Transactions           8           8           8
          8                   local_load_transactions                                          Local Load Transactions        4672        5824        5115
          8                  local_store_transactions                                         Local Store Transactions        3184        3184        3184
          8                          gld_transactions                                         Global Load Transactions          44          44          44
          8                          gst_transactions                                        Global Store Transactions           0         128          72
          8                  sysmem_read_transactions                                  System Memory Read Transactions           1           1           1
          8                 sysmem_write_transactions                                 System Memory Write Transactions           5           5           5
          8                      l2_read_transactions                                             L2 Read Transactions         345        2008        1375
          8                     l2_write_transactions                                            L2 Write Transactions        3209        3403        3289
          8                    dram_read_transactions                                  Device Memory Read Transactions         128        1708         915
          8                   dram_write_transactions                                 Device Memory Write Transactions         532        1957        1287
          8                           global_hit_rate                                Global Hit Rate in unified l1/tex      22.73%      70.35%      50.79%
          8                            local_hit_rate                                                   Local Hit Rate      78.41%      81.17%      79.51%
          8                  gld_requested_throughput                                 Requested Global Load Throughput  18.675MB/s  21.837MB/s  19.820MB/s
          8                  gst_requested_throughput                                Requested Global Store Throughput  0.00000B/s  26.877MB/s  7.4257MB/s
          8                            gld_throughput                                           Global Load Throughput  24.528MB/s  28.682MB/s  26.033MB/s
          8                            gst_throughput                                          Global Store Throughput  0.00000B/s  71.438MB/s  42.599MB/s
          8                     local_memory_overhead                                            Local Memory Overhead      98.48%      98.95%      98.61%
          8                        tex_cache_hit_rate                                           Unified Cache Hit Rate      59.06%      63.38%      60.62%
          8                      l2_tex_read_hit_rate                                      L2 Hit Rate (Texture Reads)      32.00%      36.00%      34.00%
          8                     l2_tex_write_hit_rate                                     L2 Hit Rate (Texture Writes)      47.21%      48.76%      48.03%
          8                      dram_read_throughput                                    Device Memory Read Throughput  71.438MB/s  1.0771GB/s  541.66MB/s
          8                     dram_write_throughput                                   Device Memory Write Throughput  346.79MB/s  1.1971GB/s  761.46MB/s
          8                      tex_cache_throughput                       Unified cache to Multiprocessor throughput  3.1439GB/s  3.3465GB/s  3.2564GB/s
          8                    l2_tex_read_throughput                                    L2 Throughput (Texture Reads)  27.873MB/s  32.593MB/s  29.583MB/s
          8                   l2_tex_write_throughput                                   L2 Throughput (Texture Writes)  1.8030GB/s  2.0269GB/s  1.8813GB/s
          8                        l2_read_throughput                                            L2 Throughput (Reads)  202.78MB/s  1.2573GB/s  813.82MB/s
          8                       l2_write_throughput                                           L2 Throughput (Writes)  1.8166GB/s  2.0428GB/s  1.9008GB/s
          8                    sysmem_read_throughput                                    System Memory Read Throughput  570.84KB/s  667.51KB/s  605.83KB/s
          8                   sysmem_write_throughput                                   System Memory Write Throughput  2.7873MB/s  3.2593MB/s  2.9583MB/s
          8                     local_load_throughput                                     Local Memory Load Throughput  2.8404GB/s  3.1743GB/s  2.9555GB/s
          8                    local_store_throughput                                    Local Memory Store Throughput  1.7334GB/s  2.0269GB/s  1.8397GB/s
          8                    shared_load_throughput                                    Shared Memory Load Throughput  17.839MB/s  20.860MB/s  18.933MB/s
          8                   shared_store_throughput                                   Shared Memory Store Throughput  20.069MB/s  23.467MB/s  21.300MB/s
          8                            gld_efficiency                                    Global Memory Load Efficiency      76.14%      76.14%      76.14%
          8                            gst_efficiency                                   Global Memory Store Efficiency       0.00%      37.62%      10.90%
          8                    tex_cache_transactions                     Unified cache to Multiprocessor transactions        1247        1535        1409
          8                             flop_count_dp                      Floating Point Operations(Double Precision)           0           0           0
          8                         flop_count_dp_add                  Floating Point Operations(Double Precision Add)           0           0           0
          8                         flop_count_dp_fma                  Floating Point Operations(Double Precision FMA)           0           0           0
          8                         flop_count_dp_mul                  Floating Point Operations(Double Precision Mul)           0           0           0
          8                             flop_count_sp                      Floating Point Operations(Single Precision)           0           0           0
          8                         flop_count_sp_add                  Floating Point Operations(Single Precision Add)           0           0           0
          8                         flop_count_sp_fma                  Floating Point Operations(Single Precision FMA)           0           0           0
          8                         flop_count_sp_mul                   Floating Point Operation(Single Precision Mul)           0           0           0
          8                     flop_count_sp_special              Floating Point Operations(Single Precision Special)         256         256         256
          8                             inst_executed                                            Instructions Executed       16035       67469       36031
          8                               inst_issued                                              Instructions Issued       14821       17829       16513
          8                          dram_utilization                                        Device Memory Utilization     Low (1)     Low (1)     Low (1)
          8                        sysmem_utilization                                        System Memory Utilization     Low (1)     Low (1)     Low (1)
          8                          stall_inst_fetch                         Issue Stall Reasons (Instructions Fetch)       5.19%      16.33%       7.02%
          8                     stall_exec_dependency                       Issue Stall Reasons (Execution Dependency)      74.12%      83.81%      81.72%
          8                   stall_memory_dependency                               Issue Stall Reasons (Data Request)       9.17%      11.81%      10.82%
          8                             stall_texture                                    Issue Stall Reasons (Texture)       0.00%       0.00%       0.00%
          8                                stall_sync                            Issue Stall Reasons (Synchronization)       0.07%       0.12%       0.09%
          8                               stall_other                                      Issue Stall Reasons (Other)       0.00%       0.01%       0.01%
          8          stall_constant_memory_dependency                         Issue Stall Reasons (Immediate constant)       0.28%       0.39%       0.34%
          8                           stall_pipe_busy                                  Issue Stall Reasons (Pipe Busy)       0.00%       0.00%       0.00%
          8                         shared_efficiency                                         Shared Memory Efficiency       1.47%       1.47%       1.47%
          8                                inst_fp_32                                          FP Instructions(Single)         256         256         256
          8                                inst_fp_64                                          FP Instructions(Double)           0           0           0
          8                              inst_integer                                             Integer Instructions      103331      113894      106016
          8                          inst_bit_convert                                         Bit-Convert Instructions         512         512         512
          8                              inst_control                                        Control-Flow Instructions       37528       38031       37655
          8                        inst_compute_ld_st                                          Load/Store Instructions       58117       63147       59395
          8                                 inst_misc                                                Misc Instructions      257548      287728      265220
          8           inst_inter_thread_communication                                        Inter-Thread Instructions           0           0           0
          8                               issue_slots                                                      Issue Slots       14821       17829       16513
          8                                 cf_issued                                 Issued Control-Flow Instructions        1457        1553        1511
          8                               cf_executed                               Executed Control-Flow Instructions        1457        1553        1511
          8                               ldst_issued                                   Issued Load/Store Instructions        2036        2356        2216
          8                             ldst_executed                                 Executed Load/Store Instructions        2036        2356        2216
          8                       atomic_transactions                                              Atomic Transactions           0           0           0
          8           atomic_transactions_per_request                                  Atomic Transactions Per Request    0.000000    0.000000    0.000000
          8                      l2_atomic_throughput                                  L2 Throughput (Atomic requests)  0.00000B/s  0.00000B/s  0.00000B/s
          8                    l2_atomic_transactions                                L2 Transactions (Atomic requests)           0           0           0
          8                  l2_tex_read_transactions                                  L2 Transactions (Texture Reads)          50          50          50
          8                     stall_memory_throttle                            Issue Stall Reasons (Memory Throttle)       0.00%       0.00%       0.00%
          8                        stall_not_selected                               Issue Stall Reasons (Not Selected)       0.00%       0.00%       0.00%
          8                 l2_tex_write_transactions                                 L2 Transactions (Texture Writes)        3184        3312        3256
          8             nvlink_total_data_transmitted                                    NVLink Total Data Transmitted        7184       12080        7924
          8                nvlink_total_data_received                                       NVLink Total Data Received        5312        8672        5928
          8              nvlink_user_data_transmitted                                     NVLink User Data Transmitted         832        2368        1056
          8                 nvlink_user_data_received                                        NVLink User Data Received        2016        2368        2228
          8          nvlink_overhead_data_transmitted                                 NVLink Overhead Data Transmitted      80.40%      88.72%      87.19%
          8             nvlink_overhead_data_received                                    NVLink Overhead Data Received      58.96%      74.54%      61.57%
          8      nvlink_total_nratom_data_transmitted                             NVLink Total Nratom Data Transmitted           0           0           0
          8       nvlink_user_nratom_data_transmitted                              NVLink User Nratom Data Transmitted           0           0           0
          8       nvlink_total_ratom_data_transmitted                              NVLink Total Ratom Data Transmitted           0           0           0
          8        nvlink_user_ratom_data_transmitted                               NVLink User Ratom Data Transmitted           0           0           0
          8       nvlink_total_write_data_transmitted                              NVLink Total Write Data Transmitted         576        5184        1152
          8        nvlink_user_write_data_transmitted                               NVLink User Write Data Transmitted         192        1728         384
          8                nvlink_transmit_throughput                                       NVLink Transmit Throughput  126.26MB/s  210.88MB/s  146.51MB/s
          8                 nvlink_receive_throughput                                        NVLink Receive Throughput  95.883MB/s  151.39MB/s  109.60MB/s
          8       nvlink_total_response_data_received                              NVLink Total Response Data Received        2976        3616        3338
          8        nvlink_user_response_data_received                               NVLink User Response Data Received        1856        2368        2160
          8                             flop_count_hp                        Floating Point Operations(Half Precision)           0           0           0
          8                         flop_count_hp_add                    Floating Point Operations(Half Precision Add)           0           0           0
          8                         flop_count_hp_mul                     Floating Point Operation(Half Precision Mul)           0           0           0
          8                         flop_count_hp_fma                    Floating Point Operations(Half Precision FMA)           0           0           0
          8                                inst_fp_16                                            HP Instructions(Half)           0           0           0
          8                                       ipc                                                     Executed IPC    0.221198    0.328181    0.286939
          8                                issued_ipc                                                       Issued IPC    0.196842    0.228021    0.216370
          8                    issue_slot_utilization                                           Issue Slot Utilization       4.92%       5.70%       5.41%
          8                             sm_efficiency                                          Multiprocessor Activity       1.12%       1.23%       1.17%
          8                        achieved_occupancy                                               Achieved Occupancy    0.062093    0.062496    0.062370
          8                  eligible_warps_per_cycle                                  Eligible Warps Per Active Cycle    0.196479    0.228594    0.209948
          8                        shared_utilization                                        Shared Memory Utilization     Low (1)     Low (1)     Low (1)
          8                            l2_utilization                                             L2 Cache Utilization     Low (1)     Low (1)     Low (1)
          8                           tex_utilization                                        Unified Cache Utilization     Low (1)     Low (1)     Low (1)
          8                       ldst_fu_utilization                             Load/Store Function Unit Utilization     Low (1)     Low (1)     Low (1)
          8                         cf_fu_utilization                           Control-Flow Function Unit Utilization     Low (1)     Low (1)     Low (1)
          8                        tex_fu_utilization                                Texture Function Unit Utilization    Idle (0)    Idle (0)    Idle (0)
          8                    special_fu_utilization                                Special Function Unit Utilization     Low (1)     Low (1)     Low (1)
          8             half_precision_fu_utilization                         Half-Precision Function Unit Utilization    Idle (0)    Idle (0)    Idle (0)
          8           single_precision_fu_utilization                       Single-Precision Function Unit Utilization     Low (1)     Low (1)     Low (1)
          8           double_precision_fu_utilization                       Double-Precision Function Unit Utilization    Idle (0)    Idle (0)    Idle (0)
          8                        flop_hp_efficiency                                       FLOP Efficiency(Peak Half)       0.00%       0.00%       0.00%
          8                        flop_sp_efficiency                                     FLOP Efficiency(Peak Single)       0.00%       0.00%       0.00%
          8                        flop_dp_efficiency                                     FLOP Efficiency(Peak Double)       0.00%       0.00%       0.00%
          8                   sysmem_read_utilization                                   System Memory Read Utilization     Low (1)     Low (1)     Low (1)
          8                  sysmem_write_utilization                                  System Memory Write Utilization     Low (1)     Low (1)     Low (1)
          8       nvlink_data_transmission_efficiency                              NVLink Data Transmission Efficiency       0.02%       0.03%       0.02%
          8            nvlink_data_receive_efficiency                                   NVLink Data Receive Efficiency       0.01%       0.02%       0.01%
          8                            stall_sleeping                                   Issue Stall Reasons (Sleeping)       0.00%       0.00%       0.00%
          8               pcie_total_data_transmitted                                      PCIe Total Data Transmitted           0           0           0
          8                  pcie_total_data_received                                         PCIe Total Data Received           0           0           0
          8                inst_executed_global_loads                         Warp level instructions for global loads          44          44          44
          8                 inst_executed_local_loads                          Warp level instructions for local loads        1168        1456        1330
          8                inst_executed_shared_loads                         Warp level instructions for shared loads           8           8           8
          8               inst_executed_surface_loads                        Warp level instructions for surface loads           0           0           0
          8               inst_executed_global_stores                        Warp level instructions for global stores           0         128          72
          8                inst_executed_local_stores                         Warp level instructions for local stores         796         796         796
          8               inst_executed_shared_stores                        Warp level instructions for shared stores           9           9           9
          8              inst_executed_surface_stores                       Warp level instructions for surface stores           0           0           0
          8              inst_executed_global_atomics             Warp level instructions for global atom and atom cas           0           0           0
          8           inst_executed_global_reductions                    Warp level instructions for global reductions           0           0           0
          8             inst_executed_surface_atomics            Warp level instructions for surface atom and atom cas           0           0           0
          8          inst_executed_surface_reductions                   Warp level instructions for surface reductions           0           0           0
          8              inst_executed_shared_atomics             Warp level shared instructions for atom and atom CAS           0           0           0
          8                     inst_executed_tex_ops                              Warp level instructions for texture           0           0           0
          8                           dram_read_bytes                           Total bytes read from DRAM to L2 cache        4096       54656       29296
          8                          dram_write_bytes                        Total bytes written from L2 cache to DRAM       17024       62624       41184
          8                      global_load_requests         Total number of global load requests from Multiprocessor          44          44          44
          8                       local_load_requests          Total number of local load requests from Multiprocessor        1168        1456        1330
          8                     surface_load_requests        Total number of surface load requests from Multiprocessor           0           0           0
          8                     global_store_requests        Total number of global store requests from Multiprocessor           0         128          72
          8                      local_store_requests         Total number of local store requests from Multiprocessor         796         796         796
          8                    surface_store_requests       Total number of surface store requests from Multiprocessor           0           0           0
          8                    global_atomic_requests       Total number of global atomic requests from Multiprocessor           0           0           0
          8                 global_reduction_requests    Total number of global reduction requests from Multiprocessor           0           0           0
          8                   surface_atomic_requests      Total number of surface atomic requests from Multiprocessor           0           0           0
          8                surface_reduction_requests   Total number of surface reduction requests from Multiprocessor           0           0           0
          8                      l2_global_load_bytes             Bytes read from L2 for misses in L1 for global loads        1088        1088        1088
          8                       l2_local_load_bytes              Bytes read from L2 for misses in L1 for local loads         512         512         512
          8                     l2_surface_load_bytes            Bytes read from L2 for misses in L1 for surface loads           0           0           0
          8              l2_global_atomic_store_bytes                   Bytes written to L2 from L1 for global atomics           0           0           0
          8               l2_local_global_store_bytes         Bytes written to L2 from L1 for local and global stores.      101888      105984      104192
          8                    l2_surface_store_bytes           Bytes read from L2 for misses in L1 for surface stores           0           0           0
          8                         sysmem_read_bytes                                         System Memory Read Bytes          32          32          32
          8                        sysmem_write_bytes                                        System Memory Write Bytes         160         160         160
          8                           l2_tex_hit_rate                                                L2 Cache Hit Rate      46.98%      48.57%      47.81%
          8                     texture_load_requests        Total number of texture Load requests from Multiprocessor           0           0           0
          8           tensor_precision_fu_utilization                       Tensor-Precision Function Unit Utilization    Idle (0)    Idle (0)    Idle (0)
