==106134== NVPROF is profiling process 106134, command: bfs_offload 32 ../../data/bfs/graph4k.txt
==106134== Profiling application: bfs_offload 32 ../../data/bfs/graph4k.txt
==106134== Profiling result:
            Type  Time(%)      Time     Calls       Avg       Min       Max  Name
                        %        ms                  ms        ms        ms
 GPU activities:    76.60  3.830876         8  0.478859  0.134432  0.955039  __omp_offloading_30_13579bc__Z8BFSGraphiPPc_l147
                    22.31  1.115711         8  0.139463  0.119584  0.155936  __omp_offloading_30_13579bc__Z8BFSGraphiPPc_l169
                     0.66  0.033088        15  2.21e-03  1.41e-03  5.95e-03  [CUDA memcpy HtoD]
                     0.42  0.021216        11  1.93e-03  1.82e-03  2.34e-03  [CUDA memcpy DtoH]
      API calls:    58.46  178.5179         1  178.5179  178.5179  178.5179  cuDevicePrimaryCtxRetain
                    30.28  92.45876         1  92.45876  92.45876  92.45876  cuDevicePrimaryCtxRelease
                     7.30  22.29745         1  22.29745  22.29745  22.29745  cuModuleLoadDataEx
                     1.45  4.442105         1  4.442105  4.442105  4.442105  cuModuleUnload
                     1.43  4.372263        24  0.182177  5.21e-03  1.007551  cuStreamSynchronize
                     0.40  1.233659         9  0.137073  0.022072  0.170793  cuMemcpyDtoHAsync
                     0.25  0.777227        32  0.024288  3.99e-03  0.329106  cuStreamCreate
                     0.14  0.419106         8  0.052388  6.21e-03  0.365815  cuMemAlloc
                     0.12  0.367620        32  0.011488  0.010984  0.016031  cuStreamDestroy
                     0.06  0.179281        16  0.011205  0.010006  0.016737  cuLaunchKernel
                     0.05  0.139262        15  9.28e-03  7.03e-03  0.022034  cuMemcpyHtoDAsync
                     0.02  0.060207         2  0.030103  0.026263  0.033944  cuMemcpyDtoH
                     0.01  0.038034         3  0.012678  0.012203  0.013501  cuMemFree
                     0.01  0.028320        59  4.80e-04  3.17e-04  1.41e-03  cuCtxSetCurrent
                     0.00  8.20e-03         4  2.05e-03  1.24e-03  3.25e-03  cuDeviceGetPCIBusId
                     0.00  6.28e-03        15  4.18e-04  3.06e-04  8.69e-04  cuDeviceGetAttribute
                     0.00  3.44e-03         3  1.15e-03  7.84e-04  1.59e-03  cuModuleGetGlobal
                     0.00  2.87e-03         5  5.74e-04  4.59e-04  6.90e-04  cuDeviceGet
                     0.00  2.02e-03         2  1.01e-03  8.75e-04  1.15e-03  cuModuleGetFunction
                     0.00  1.69e-03         2  8.45e-04  7.87e-04  9.03e-04  cuFuncGetAttribute
                     0.00  1.37e-03         3  4.56e-04  3.95e-04  5.57e-04  cuDeviceGetCount
                     0.00  8.29e-04         1  8.29e-04  8.29e-04  8.29e-04  cuDevicePrimaryCtxGetState
                     0.00  5.72e-04         1  5.72e-04  5.72e-04  5.72e-04  cuDevicePrimaryCtxSetFlags
                     0.00  3.88e-04         1  3.88e-04  3.88e-04  3.88e-04  cuCtxGetDevice
