==125100== NVPROF is profiling process 125100, command: bfs_offload 64 ../../data/bfs/graph512k.txt
==125100== Profiling application: bfs_offload 64 ../../data/bfs/graph512k.txt
==125100== Profiling result:
            Type  Time(%)      Time     Calls       Avg       Min       Max  Name
                        %        ms                  ms        ms        ms
 GPU activities:    76.96  432.4252        11  39.31138  9.912060  105.8713  __omp_offloading_30_13579bc__Z8BFSGraphiPPc_l147
                    22.73  127.7283        11  11.61166  10.04345  14.00767  __omp_offloading_30_13579bc__Z8BFSGraphiPPc_l169
                     0.30  1.685679        18  0.093648  1.28e-03  1.183060  [CUDA memcpy HtoD]
                     0.01  0.057151        14  4.08e-03  1.66e-03  0.035135  [CUDA memcpy DtoH]
      API calls:    49.96  433.6038        30  14.45346  5.19e-03  105.9515  cuStreamSynchronize
                    20.75  180.0878         1  180.0878  180.0878  180.0878  cuDevicePrimaryCtxRetain
                    14.75  128.0299        12  10.66916  0.186669  14.01652  cuMemcpyDtoHAsync
                    10.97  95.21888         1  95.21888  95.21888  95.21888  cuDevicePrimaryCtxRelease
                     2.33  20.19434         1  20.19434  20.19434  20.19434  cuModuleLoadDataEx
                     0.51  4.460828         1  4.460828  4.460828  4.460828  cuModuleUnload
                     0.25  2.196326        18  0.122018  8.47e-03  1.280129  cuMemcpyHtoDAsync
                     0.21  1.820744         8  0.227593  8.15e-03  0.538624  cuMemAlloc
                     0.09  0.766429        32  0.023950  3.94e-03  0.326414  cuStreamCreate
                     0.08  0.698340         6  0.116390  0.011396  0.243482  cuMemFree
                     0.04  0.376093        32  0.011752  0.011134  0.017417  cuStreamDestroy
                     0.03  0.250189        22  0.011372  9.81e-03  0.026102  cuLaunchKernel
                     0.01  0.059083         2  0.029541  0.024624  0.034459  cuMemcpyDtoH
                     0.00  0.035459        74  4.79e-04  3.10e-04  1.19e-03  cuCtxSetCurrent
                     0.00  7.59e-03         4  1.90e-03  1.08e-03  2.98e-03  cuDeviceGetPCIBusId
                     0.00  5.87e-03        15  3.91e-04  2.93e-04  6.68e-04  cuDeviceGetAttribute
                     0.00  5.46e-03         5  1.09e-03  4.63e-04  3.41e-03  cuDeviceGet
                     0.00  3.40e-03         3  1.13e-03  7.09e-04  1.50e-03  cuModuleGetGlobal
                     0.00  2.28e-03         2  1.14e-03  8.34e-04  1.44e-03  cuFuncGetAttribute
                     0.00  1.84e-03         2  9.22e-04  8.09e-04  1.03e-03  cuModuleGetFunction
                     0.00  1.58e-03         3  5.28e-04  4.00e-04  7.16e-04  cuDeviceGetCount
                     0.00  1.31e-03         1  1.31e-03  1.31e-03  1.31e-03  cuDevicePrimaryCtxGetState
                     0.00  5.92e-04         1  5.92e-04  5.92e-04  5.92e-04  cuDevicePrimaryCtxSetFlags
                     0.00  5.58e-04         1  5.58e-04  5.58e-04  5.58e-04  cuCtxGetDevice
