==164030== NVPROF is profiling process 164030, command: bfs_offload 8 ../../data/bfs/graph65536.txt
==164030== Some kernel(s) will be replayed on device 0 in order to collect all events/metrics.
==164030== Profiling application: bfs_offload 8 ../../data/bfs/graph65536.txt
==164030== Profiling result:
==164030== Event result:
Invocations                                Event Name         Min         Max         Avg       Total
Device "Tesla V100-SXM2-16GB (0)"
    Kernel: __omp_offloading_30_13579bc__Z8BFSGraphiPPc_l147
         10                     fb_subp0_read_sectors        1108       37256       11125      111259
         10                     fb_subp1_read_sectors        1042       37057       11046      110465
         10                    fb_subp0_write_sectors         616       17103        7221       72212
         10                    fb_subp1_write_sectors         914       16904        7153       71534
         10              l2_subp0_write_sector_misses         830       18339        7296       72960
         10              l2_subp1_write_sector_misses         816       18225        7314       73141
         10               l2_subp0_read_sector_misses        1076       37634       11178      111787
         10               l2_subp1_read_sector_misses        1074       37615       11240      112407
         10          l2_subp0_read_tex_sector_queries        1172       88190       18214      182140
         10          l2_subp1_read_tex_sector_queries        1168       87448       18132      181326
         10         l2_subp0_write_tex_sector_queries       22076      238063       74326      743265
         10         l2_subp1_write_tex_sector_queries       30222       94784       43276      432767
         10             l2_subp0_read_tex_hit_sectors         662       61502       11405      114052
         10             l2_subp1_read_tex_hit_sectors         659       61386       11417      114176
         10            l2_subp0_write_tex_hit_sectors       20880      235594       72600      726002
         10            l2_subp1_write_tex_hit_sectors       29024       92347       41557      415570
         10        l2_subp0_total_read_sector_queries        1298       90017       18827      188277
         10        l2_subp1_total_read_sector_queries        7911      162735       46142      461423
         10       l2_subp0_total_write_sector_queries       22088      238075       74345      743452
         10       l2_subp1_total_write_sector_queries       30235       94797       43299      432995
         10       l2_subp0_read_sysmem_sector_queries           0           0           0           0
         10       l2_subp1_read_sysmem_sector_queries        6643       73593       27383      273832
         10      l2_subp0_write_sysmem_sector_queries           0           4           1          16
         10      l2_subp1_write_sysmem_sector_queries           1           5           3          34
         10                         elapsed_cycles_sm   165148800  1827559300   819642422  8196424224
         10                           prof_trigger_00           0           0           0           0
         10                           prof_trigger_01           0           0           0           0
         10                           prof_trigger_02           0           0           0           0
         10                           prof_trigger_03           0           0           0           0
         10                           prof_trigger_04           0           0           0           0
         10                           prof_trigger_05           0           0           0           0
         10                           prof_trigger_06           0           0           0           0
         10                           prof_trigger_07           0           0           0           0
         10                            warps_launched           4           4           4          40
         10                              inst_issued0     7734108    85777505    31800227   318002279
         10                              inst_issued1      466701     5028306     1876476    18764761
         10                             inst_executed      476829    13596250     4701799    47017999
         10                      thread_inst_executed    63581270   164256248    83293395   832933954
         10   not_predicated_off_thread_inst_executed    61434771   159358675    80645706   806457066
         10                             active_cycles     2059325    22815400    10232755   102327554
         10                              active_warps    22477944   182507942    72333981   723339816
         10                               shared_atom           0           0           0           0
         10                           sm_cta_launched           1           1           1          10
         10                           shared_atom_cas           0           0           0           0
         10                               shared_load           0           0           0           0
         10                              shared_store           0           0           0           0
         10                              generic_load       39260      442234      164821     1648214
         10                             generic_store       12543       98831       38621      386210
         10                               global_load           0           0           0           0
         10                              global_store           0           0           0           0
         10                                local_load         380         380         380        3800
         10                               local_store         380         380         380        3800
         10                                atom_count           0           0           0           0
         10                                gred_count           0           0           0           0
         10                    shared_ld_transactions           8           8           8          80
         10                    shared_st_transactions           9          10           9          91
         10                   shared_ld_bank_conflict           0           0           0           0
         10                   shared_st_bank_conflict           0           0           0           0
         10                           global_atom_cas           0           0           0           0
         10                          active_cycles_pm     2065963    22904813     8524409    85244099
         10                           active_warps_pm     8200884    90805886    33676778   336767788
         10                         elapsed_cycles_pm   166061472  1834657438   683135121  6831351214
         10                inst_executed_fp16_pipe_s0           0           0           0           0
         10                inst_executed_fp16_pipe_s1           0           0           0           0
         10                inst_executed_fp16_pipe_s2           0           0           0           0
         10                inst_executed_fp16_pipe_s3           0           0           0           0
         10                inst_executed_fp64_pipe_s0           0           0           0           0
         10                inst_executed_fp64_pipe_s1           0           0           0           0
         10                inst_executed_fp64_pipe_s2           0           0           0           0
         10                inst_executed_fp64_pipe_s3           0           0           0           0
         10                 inst_executed_fma_pipe_s0          10          10          10         100
         10                 inst_executed_fma_pipe_s1          10          12          10         104
         10                 inst_executed_fma_pipe_s2          10          12          10         104
         10                 inst_executed_fma_pipe_s3          10          12          11         112
         10              tensor_pipe_active_cycles_s0           0           0           0           0
         10              tensor_pipe_active_cycles_s1           0           0           0           0
         10              tensor_pipe_active_cycles_s2           0           0           0           0
         10              tensor_pipe_active_cycles_s3           0           0           0           0
         10                      pcie_tx_active_pulse           0           1           0           1
         10                      pcie_rx_active_pulse           0           2           0           2
         10                         active_cycles_sys     1921257    21229806     7905125    79051253
         10                        elapsed_cycles_sys     1921257    21229806     7905125    79051253
    Kernel: __omp_offloading_30_13579bc__Z8BFSGraphiPPc_l169
         10                     fb_subp0_read_sectors        1104        1894        1476       14760
         10                     fb_subp1_read_sectors        1040        1848        1407       14078
         10                    fb_subp0_write_sectors         936        6495        3177       31777
         10                    fb_subp1_write_sectors         844        6478        3135       31350
         10              l2_subp0_write_sector_misses         752        6565        2786       27864
         10              l2_subp1_write_sector_misses         752        6602        2793       27936
         10               l2_subp0_read_sector_misses        1070        2272        1422       14220
         10               l2_subp1_read_sector_misses        1070        2336        1443       14432
         10          l2_subp0_read_tex_sector_queries        1057        1169        1127       11274
         10          l2_subp1_read_tex_sector_queries        1065        1185        1140       11402
         10         l2_subp0_write_tex_sector_queries       23772       26844       25022      250222
         10         l2_subp1_write_tex_sector_queries       27796       32916       29888      298886
         10             l2_subp0_read_tex_hit_sectors         540         653         609        6098
         10             l2_subp1_read_tex_hit_sectors         545         661         616        6166
         10            l2_subp0_write_tex_hit_sectors       22904       25464       23880      238806
         10            l2_subp1_write_tex_hit_sectors       26984       31591       28802      288025
         10        l2_subp0_total_read_sector_queries        1111        2153        1521       15212
         10        l2_subp1_total_read_sector_queries        7755       11161        9170       91709
         10       l2_subp0_total_write_sector_queries       23784       28811       25231      252315
         10       l2_subp1_total_write_sector_queries       27809       34823       30098      300983
         10       l2_subp0_read_sysmem_sector_queries           0           0           0           0
         10       l2_subp1_read_sysmem_sector_queries        6639        9159        7625       76259
         10      l2_subp0_write_sysmem_sector_queries           0           4           2          28
         10      l2_subp1_write_sysmem_sector_queries           1           5           2          22
         10                         elapsed_cycles_sm   166950864   552267550   309060972  3090609724
         10                           prof_trigger_00           0           0           0           0
         10                           prof_trigger_01           0           0           0           0
         10                           prof_trigger_02           0           0           0           0
         10                           prof_trigger_03           0           0           0           0
         10                           prof_trigger_04           0           0           0           0
         10                           prof_trigger_05           0           0           0           0
         10                           prof_trigger_06           0           0           0           0
         10                           prof_trigger_07           0           0           0           0
         10                            warps_launched           4           4           4          40
         10                              inst_issued0     7790662    10714452     8931205    89312055
         10                              inst_issued1      472453      664965      551008     5510088
         10                             inst_executed      472445     2403537     1523441    15234418
         10                      thread_inst_executed    63810371    70098257    65107964   651079640
         10   not_predicated_off_thread_inst_executed    61663898    67801191    62932066   629320663
         10                             active_cycles     2077425     6924501     4263619    42636198
         10                              active_warps    22497008    27701536    24569514   245695144
         10                               shared_atom           0           0           0           0
         10                           sm_cta_launched           1           1           1          10
         10                           shared_atom_cas           0           0           0           0
         10                               shared_load           0           0           0           0
         10                              shared_store           0           0           0           0
         10                              generic_load       39080       51368       44094      440942
         10                             generic_store       12469       20661       15811      158118
         10                               global_load           0           0           0           0
         10                              global_store           0           0           0           0
         10                                local_load         328         328         328        3280
         10                               local_store         328         328         328        3280
         10                                atom_count           0           0           0           0
         10                                gred_count           0           0           0           0
         10                    shared_ld_transactions           8           8           8          80
         10                    shared_st_transactions           9           9           9          90
         10                   shared_ld_bank_conflict           0           0           0           0
         10                   shared_st_bank_conflict           0           0           0           0
         10                           global_atom_cas           0           0           0           0
         10                          active_cycles_pm     2059501     2844221     2373741    23737414
         10                           active_warps_pm     8263942    11379492     9482289    94822894
         10                         elapsed_cycles_pm   165301298   228441626   190649336  1906493368
         10                inst_executed_fp16_pipe_s0           0           0           0           0
         10                inst_executed_fp16_pipe_s1           0           0           0           0
         10                inst_executed_fp16_pipe_s2           0           0           0           0
         10                inst_executed_fp16_pipe_s3           0           0           0           0
         10                inst_executed_fp64_pipe_s0           0           0           0           0
         10                inst_executed_fp64_pipe_s1           0           0           0           0
         10                inst_executed_fp64_pipe_s2           0           0           0           0
         10                inst_executed_fp64_pipe_s3           0           0           0           0
         10                 inst_executed_fma_pipe_s0          10          12          10         106
         10                 inst_executed_fma_pipe_s1          10          12          10         106
         10                 inst_executed_fma_pipe_s2          10          12          10         104
         10                 inst_executed_fma_pipe_s3          10          12          10         104
         10              tensor_pipe_active_cycles_s0           0           0           0           0
         10              tensor_pipe_active_cycles_s1           0           0           0           0
         10              tensor_pipe_active_cycles_s2           0           0           0           0
         10              tensor_pipe_active_cycles_s3           0           0           0           0
         10                      pcie_tx_active_pulse           0           0           0           0
         10                      pcie_rx_active_pulse           0           0           0           0
         10                         active_cycles_sys     1923837     2643483     2207251    22072513
         10                        elapsed_cycles_sys     1923837     2643483     2207251    22072513

==164030== Metric result:
Invocations                               Metric Name                                               Metric Description         Min         Max         Avg
Device "Tesla V100-SXM2-16GB (0)"
    Kernel: __omp_offloading_30_13579bc__Z8BFSGraphiPPc_l147
         10                             inst_per_warp                                            Instructions per warp  4.9833e+05  3.7074e+06  1.5005e+06
         10                         branch_efficiency                                                Branch Efficiency      85.23%      99.98%      96.06%
         10                 warp_execution_efficiency                                        Warp Execution Efficiency      23.32%      99.68%      64.43%
         10         warp_nonpred_execution_efficiency                         Warp Non-Predicated Execution Efficiency      22.63%      96.31%      62.30%
         10                      inst_replay_overhead                                      Instruction Replay Overhead    0.000017    0.000952    0.000240
         10      shared_load_transactions_per_request                      Shared Memory Load Transactions Per Request    1.000000    1.000000    1.000000
         10     shared_store_transactions_per_request                     Shared Memory Store Transactions Per Request    1.000000    1.111111    1.011111
         10       local_load_transactions_per_request                       Local Memory Load Transactions Per Request    1.766533    3.989663    3.110133
         10      local_store_transactions_per_request                      Local Memory Store Transactions Per Request    2.355142    3.996102    3.399965
         10              gld_transactions_per_request                             Global Load Transactions Per Request    1.000000    5.952969    2.121898
         10              gst_transactions_per_request                            Global Store Transactions Per Request    1.000000    3.339232    1.431160
         10                 shared_store_transactions                                        Shared Store Transactions           9          10           9
         10                  shared_load_transactions                                         Shared Load Transactions           8           8           8
         10                   local_load_transactions                                          Local Load Transactions      158633     1324913      450034
         10                  local_store_transactions                                         Local Store Transactions       52289      202824       91409
         10                          gld_transactions                                         Global Load Transactions        2103      698313      149501
         10                          gst_transactions                                        Global Store Transactions           6      130023       26193
         10                  sysmem_read_transactions                                  System Memory Read Transactions           2           8           3
         10                 sysmem_write_transactions                                 System Memory Write Transactions           5           5           5
         10                      l2_read_transactions                                             L2 Read Transactions        9209      252752       64970
         10                     l2_write_transactions                                            L2 Write Transactions       52323      332872      117644
         10                    dram_read_transactions                                  Device Memory Read Transactions        2150       75249       22419
         10                   dram_write_transactions                                 Device Memory Write Transactions        1646       36564       14610
         10                           global_hit_rate                                Global Hit Rate in unified l1/tex       2.03%      83.74%      43.96%
         10                            local_hit_rate                                                   Local Hit Rate      98.62%      99.53%      98.96%
         10                  gld_requested_throughput                                 Requested Global Load Throughput  37.882MB/s  212.71MB/s  120.87MB/s
         10                  gst_requested_throughput                                Requested Global Store Throughput  4.3398KB/s  22.438MB/s  11.977MB/s
         10                            gld_throughput                                           Global Load Throughput  47.156MB/s  1.3917GB/s  818.86MB/s
         10                            gst_throughput                                          Global Store Throughput  138.89KB/s  265.34MB/s  143.47MB/s
         10                     local_memory_overhead                                            Local Memory Overhead      49.59%      96.21%      81.07%
         10                        tex_cache_hit_rate                                           Unified Cache Hit Rate      74.34%      83.08%      76.66%
         10                      l2_tex_read_hit_rate                                      L2 Hit Rate (Texture Reads)      38.72%      69.97%      54.42%
         10                     l2_tex_write_hit_rate                                     L2 Hit Rate (Texture Writes)      93.38%      98.53%      95.98%
         10                      dram_read_throughput                                    Device Memory Read Throughput  48.210MB/s  192.65MB/s  122.80MB/s
         10                     dram_write_throughput                                   Device Memory Write Throughput  37.208MB/s  120.39MB/s  80.024MB/s
         10                      tex_cache_throughput                       Unified cache to Multiprocessor throughput  3.6619GB/s  5.5195GB/s  4.8417GB/s
         10                    l2_tex_read_throughput                                    L2 Throughput (Texture Reads)  52.493MB/s  358.43MB/s  199.08MB/s
         10                   l2_tex_write_throughput                                   L2 Throughput (Texture Writes)  432.80MB/s  1.1545GB/s  644.15MB/s
         10                        l2_read_throughput                                            L2 Throughput (Reads)  205.84MB/s  515.80MB/s  355.86MB/s
         10                       l2_write_throughput                                           L2 Throughput (Writes)  432.91MB/s  1.1550GB/s  644.38MB/s
         10                    sysmem_read_throughput                                    System Memory Read Throughput  8.9082KB/s  68.884KB/s  21.313KB/s
         10                   sysmem_write_throughput                                   System Memory Write Throughput  10.448KB/s  115.74KB/s  28.043KB/s
         10                     local_load_throughput                                     Local Memory Load Throughput  1.5728GB/s  3.5019GB/s  2.4072GB/s
         10                    local_store_throughput                                    Local Memory Store Throughput  332.72MB/s  1.1544GB/s  500.68MB/s
         10                    shared_load_throughput                                    Shared Memory Load Throughput  66.870KB/s  740.72KB/s  179.48KB/s
         10                   shared_store_throughput                                   Shared Memory Store Throughput  75.229KB/s  918.45KB/s  204.16KB/s
         10                            gld_efficiency                                    Global Memory Load Efficiency      12.94%      97.68%      44.57%
         10                            gst_efficiency                                   Global Memory Store Efficiency       3.12%      15.60%       7.67%
         10                    tex_cache_transactions                     Unified cache to Multiprocessor transactions       41902      692397      226293
         10                             flop_count_dp                      Floating Point Operations(Double Precision)           0           0           0
         10                         flop_count_dp_add                  Floating Point Operations(Double Precision Add)           0           0           0
         10                         flop_count_dp_fma                  Floating Point Operations(Double Precision FMA)           0           0           0
         10                         flop_count_dp_mul                  Floating Point Operations(Double Precision Mul)           0           0           0
         10                             flop_count_sp                      Floating Point Operations(Single Precision)           0           0           0
         10                         flop_count_sp_add                  Floating Point Operations(Single Precision Add)           0           0           0
         10                         flop_count_sp_fma                  Floating Point Operations(Single Precision FMA)           0           0           0
         10                         flop_count_sp_mul                   Floating Point Operation(Single Precision Mul)           0           0           0
         10                     flop_count_sp_special              Floating Point Operations(Single Precision Special)         256         256         256
         10                             inst_executed                                            Instructions Executed      476829    13596250     4701799
         10                               inst_issued                                              Instructions Issued      466701     5028306     1876476
         10                          dram_utilization                                        Device Memory Utilization     Low (1)     Low (1)     Low (1)
         10                        sysmem_utilization                                        System Memory Utilization     Low (1)     Low (1)     Low (1)
         10                          stall_inst_fetch                         Issue Stall Reasons (Instructions Fetch)       1.16%       2.13%       1.60%
         10                     stall_exec_dependency                       Issue Stall Reasons (Execution Dependency)      79.10%      82.08%      81.05%
         10                   stall_memory_dependency                               Issue Stall Reasons (Data Request)      16.40%      19.38%      17.34%
         10                             stall_texture                                    Issue Stall Reasons (Texture)       0.00%       0.00%       0.00%
         10                                stall_sync                            Issue Stall Reasons (Synchronization)       0.00%       0.00%       0.00%
         10                               stall_other                                      Issue Stall Reasons (Other)       0.00%       0.01%       0.00%
         10          stall_constant_memory_dependency                         Issue Stall Reasons (Immediate constant)       0.00%       0.01%       0.01%
         10                           stall_pipe_busy                                  Issue Stall Reasons (Pipe Busy)       0.00%       0.00%       0.00%
         10                         shared_efficiency                                         Shared Memory Efficiency       1.39%       1.47%       1.46%
         10                                inst_fp_32                                          FP Instructions(Single)         256         256         256
         10                                inst_fp_64                                          FP Instructions(Double)           0           0           0
         10                              inst_integer                                             Integer Instructions     3849523    12872660     5616692
         10                          inst_bit_convert                                         Bit-Convert Instructions         512         512         512
         10                              inst_control                                        Control-Flow Instructions     1198805     2636657     1480126
         10                        inst_compute_ld_st                                          Load/Store Instructions     1677359     5405719     2407809
         10                                 inst_misc                                                Misc Instructions     7820282    27528226    11680532
         10           inst_inter_thread_communication                                        Inter-Thread Instructions           0           0           0
         10                               issue_slots                                                      Issue Slots      466701     5028306     1876476
         10                                 cf_issued                                 Issued Control-Flow Instructions       41864      281994      114703
         10                               cf_executed                               Executed Control-Flow Instructions       41864      281994      114703
         10                               ldst_issued                                   Issued Load/Store Instructions       58855      572816      218658
         10                             ldst_executed                                 Executed Load/Store Instructions       58855      572816      218658
         10                       atomic_transactions                                              Atomic Transactions           0           0           0
         10           atomic_transactions_per_request                                  Atomic Transactions Per Request    0.000000    0.000000    0.000000
         10                      l2_atomic_throughput                                  L2 Throughput (Atomic requests)  0.00000B/s  0.00000B/s  0.00000B/s
         10                    l2_atomic_transactions                                L2 Transactions (Atomic requests)           0           0           0
         10                  l2_tex_read_transactions                                  L2 Transactions (Texture Reads)        2341      175638       36346
         10                     stall_memory_throttle                            Issue Stall Reasons (Memory Throttle)       0.00%       0.00%       0.00%
         10                        stall_not_selected                               Issue Stall Reasons (Not Selected)       0.00%       0.00%       0.00%
         10                 l2_tex_write_transactions                                 L2 Transactions (Texture Writes)       52298      332847      117603
         10             nvlink_total_data_transmitted                                    NVLink Total Data Transmitted        6944       12464        8436
         10                nvlink_total_data_received                                       NVLink Total Data Received        5088        9232        6350
         10              nvlink_user_data_transmitted                                     NVLink User Data Transmitted         832        2368        1139
         10                 nvlink_user_data_received                                        NVLink User Data Received        1856        2624        2345
         10          nvlink_overhead_data_transmitted                                 NVLink Overhead Data Transmitted      80.95%      89.43%      87.23%
         10             nvlink_overhead_data_received                                    NVLink Overhead Data Received      58.51%      72.54%      62.00%
         10      nvlink_total_nratom_data_transmitted                             NVLink Total Nratom Data Transmitted           0           0           0
         10       nvlink_user_nratom_data_transmitted                              NVLink User Nratom Data Transmitted           0           0           0
         10       nvlink_total_ratom_data_transmitted                              NVLink Total Ratom Data Transmitted           0           0           0
         10        nvlink_user_ratom_data_transmitted                               NVLink User Ratom Data Transmitted           0           0           0
         10       nvlink_total_write_data_transmitted                              NVLink Total Write Data Transmitted         576        5184        2419
         10        nvlink_user_write_data_transmitted                               NVLink User Write Data Transmitted         192        1728         806
         10                nvlink_transmit_throughput                                       NVLink Transmit Throughput  811.85KB/s  5.3928MB/s  1.4441MB/s
         10                 nvlink_receive_throughput                                        NVLink Receive Throughput  593.47KB/s  4.1259MB/s  1.0870MB/s
         10       nvlink_total_response_data_received                              NVLink Total Response Data Received        3120        3744        3452
         10        nvlink_user_response_data_received                               NVLink User Response Data Received        1952        2464        2236
         10                             flop_count_hp                        Floating Point Operations(Half Precision)           0           0           0
         10                         flop_count_hp_add                    Floating Point Operations(Half Precision Add)           0           0           0
         10                         flop_count_hp_mul                     Floating Point Operation(Half Precision Mul)           0           0           0
         10                         flop_count_hp_fma                    Floating Point Operations(Half Precision FMA)           0           0           0
         10                                inst_fp_16                                            HP Instructions(Half)           0           0           0
         10                                       ipc                                                     Executed IPC    0.215888    0.350388    0.256552
         10                                issued_ipc                                                       Issued IPC    0.215918    0.226100    0.221202
         10                    issue_slot_utilization                                           Issue Slot Utilization       5.40%       5.65%       5.53%
         10                             sm_efficiency                                          Multiprocessor Activity       1.24%       1.25%       1.25%
         10                        achieved_occupancy                                               Achieved Occupancy    0.060655    0.062500    0.061724
         10                  eligible_warps_per_cycle                                  Eligible Warps Per Active Cycle    0.215831    0.226098    0.221189
         10                        shared_utilization                                        Shared Memory Utilization     Low (1)     Low (1)     Low (1)
         10                            l2_utilization                                             L2 Cache Utilization     Low (1)     Low (1)     Low (1)
         10                           tex_utilization                                        Unified Cache Utilization     Low (1)     Low (1)     Low (1)
         10                       ldst_fu_utilization                             Load/Store Function Unit Utilization     Low (1)     Low (1)     Low (1)
         10                         cf_fu_utilization                           Control-Flow Function Unit Utilization     Low (1)     Low (1)     Low (1)
         10                        tex_fu_utilization                                Texture Function Unit Utilization    Idle (0)    Idle (0)    Idle (0)
         10                    special_fu_utilization                                Special Function Unit Utilization     Low (1)     Low (1)     Low (1)
         10             half_precision_fu_utilization                         Half-Precision Function Unit Utilization    Idle (0)    Idle (0)    Idle (0)
         10           single_precision_fu_utilization                       Single-Precision Function Unit Utilization     Low (1)     Low (1)     Low (1)
         10           double_precision_fu_utilization                       Double-Precision Function Unit Utilization    Idle (0)    Idle (0)    Idle (0)
         10                        flop_hp_efficiency                                       FLOP Efficiency(Peak Half)       0.00%       0.00%       0.00%
         10                        flop_sp_efficiency                                     FLOP Efficiency(Peak Single)       0.00%       0.00%       0.00%
         10                        flop_dp_efficiency                                     FLOP Efficiency(Peak Double)       0.00%       0.00%       0.00%
         10                   sysmem_read_utilization                                   System Memory Read Utilization     Low (1)     Low (1)     Low (1)
         10                  sysmem_write_utilization                                  System Memory Write Utilization     Low (1)     Low (1)     Low (1)
         10       nvlink_data_transmission_efficiency                              NVLink Data Transmission Efficiency       0.00%       0.00%       0.00%
         10            nvlink_data_receive_efficiency                                   NVLink Data Receive Efficiency       0.00%       0.00%       0.00%
         10                            stall_sleeping                                   Issue Stall Reasons (Sleeping)       0.00%       0.00%       0.00%
         10               pcie_total_data_transmitted                                      PCIe Total Data Transmitted           0         512          51
         10                  pcie_total_data_received                                         PCIe Total Data Received           0        1024         102
         10                inst_executed_global_loads                         Warp level instructions for global loads        2103      117305       38808
         10                 inst_executed_local_loads                          Warp level instructions for local loads       39761      438523      162862
         10                inst_executed_shared_loads                         Warp level instructions for shared loads           8           8           8
         10               inst_executed_surface_loads                        Warp level instructions for surface loads           0           0           0
         10               inst_executed_global_stores                        Warp level instructions for global stores           6       38938       10584
         10                inst_executed_local_stores                         Warp level instructions for local stores       13085       60444       28587
         10               inst_executed_shared_stores                        Warp level instructions for shared stores           9           9           9
         10              inst_executed_surface_stores                       Warp level instructions for surface stores           0           0           0
         10              inst_executed_global_atomics             Warp level instructions for global atom and atom cas           0           0           0
         10           inst_executed_global_reductions                    Warp level instructions for global reductions           0           0           0
         10             inst_executed_surface_atomics            Warp level instructions for surface atom and atom cas           0           0           0
         10          inst_executed_surface_reductions                   Warp level instructions for surface reductions           0           0           0
         10              inst_executed_shared_atomics             Warp level shared instructions for atom and atom CAS           0           0           0
         10                     inst_executed_tex_ops                              Warp level instructions for texture           0           0           0
         10                           dram_read_bytes                           Total bytes read from DRAM to L2 cache       68800     2407968      717420
         10                          dram_write_bytes                        Total bytes written from L2 cache to DRAM       52672     1170048      467523
         10                      global_load_requests         Total number of global load requests from Multiprocessor        2103      117305       38808
         10                       local_load_requests          Total number of local load requests from Multiprocessor       39761      438523      162862
         10                     surface_load_requests        Total number of surface load requests from Multiprocessor           0           0           0
         10                     global_store_requests        Total number of global store requests from Multiprocessor           6       38938       10584
         10                      local_store_requests         Total number of local store requests from Multiprocessor       13085       60444       28587
         10                    surface_store_requests       Total number of surface store requests from Multiprocessor           0           0           0
         10                    global_atomic_requests       Total number of global atomic requests from Multiprocessor           0           0           0
         10                 global_reduction_requests    Total number of global reduction requests from Multiprocessor           0           0           0
         10                   surface_atomic_requests      Total number of surface atomic requests from Multiprocessor           0           0           0
         10                surface_reduction_requests   Total number of surface reduction requests from Multiprocessor           0           0           0
         10                      l2_global_load_bytes             Bytes read from L2 for misses in L1 for global loads       65952     4923392     1046521
         10                       l2_local_load_bytes              Bytes read from L2 for misses in L1 for local loads        9600      321856       57459
         10                     l2_surface_load_bytes            Bytes read from L2 for misses in L1 for surface loads           0           0           0
         10              l2_global_atomic_store_bytes                   Bytes written to L2 from L1 for global atomics           0           0           0
         10               l2_local_global_store_bytes         Bytes written to L2 from L1 for local and global stores.     1673536    10651104     3763302
         10                    l2_surface_store_bytes           Bytes read from L2 for misses in L1 for surface stores           0           0           0
         10                         sysmem_read_bytes                                         System Memory Read Bytes          64         256         121
         10                        sysmem_write_bytes                                        System Memory Write Bytes         160         160         160
         10                           l2_tex_hit_rate                                                L2 Cache Hit Rate      82.70%      93.74%      90.46%
         10                     texture_load_requests        Total number of texture Load requests from Multiprocessor           0           0           0
         10           tensor_precision_fu_utilization                       Tensor-Precision Function Unit Utilization    Idle (0)    Idle (0)    Idle (0)
    Kernel: __omp_offloading_30_13579bc__Z8BFSGraphiPPc_l169
         10                             inst_per_warp                                            Instructions per warp  4.9900e+05  6.0088e+05  5.4057e+05
         10                         branch_efficiency                                                Branch Efficiency      94.20%      99.99%      97.55%
         10                 warp_execution_efficiency                                        Warp Execution Efficiency      85.61%      99.90%      94.49%
         10         warp_nonpred_execution_efficiency                         Warp Non-Predicated Execution Efficiency      82.76%      96.54%      91.33%
         10                      inst_replay_overhead                                      Instruction Replay Overhead    0.000012    0.000017    0.000015
         10      shared_load_transactions_per_request                      Shared Memory Load Transactions Per Request    1.000000    1.000000    1.000000
         10     shared_store_transactions_per_request                     Shared Memory Store Transactions Per Request    1.000000    1.000000    1.000000
         10       local_load_transactions_per_request                       Local Memory Load Transactions Per Request    3.432415    4.000000    3.842485
         10      local_store_transactions_per_request                      Local Memory Store Transactions Per Request    4.000000    4.000000    4.000000
         10              gld_transactions_per_request                             Global Load Transactions Per Request    1.000000    1.000000    1.000000
         10              gst_transactions_per_request                            Global Store Transactions Per Request    0.000000    1.000000    0.900000
         10                 shared_store_transactions                                        Shared Store Transactions           9           9           9
         10                  shared_load_transactions                                         Shared Load Transactions           8           8           8
         10                   local_load_transactions                                          Local Load Transactions      157888      231166      180110
         10                  local_store_transactions                                         Local Store Transactions       51568       51568       51568
         10                          gld_transactions                                         Global Load Transactions        2060        2060        2060
         10                          gst_transactions                                        Global Store Transactions           0        8192        3342
         10                  sysmem_read_transactions                                  System Memory Read Transactions           1           2           1
         10                 sysmem_write_transactions                                 System Memory Write Transactions           5           5           5
         10                      l2_read_transactions                                             L2 Read Transactions        8866       13146       10692
         10                     l2_write_transactions                                            L2 Write Transactions       51593       63634       55329
         10                    dram_read_transactions                                  Device Memory Read Transactions        2144        4608        2865
         10                   dram_write_transactions                                 Device Memory Write Transactions        1504       13167        5580
         10                           global_hit_rate                                Global Hit Rate in unified l1/tex       0.49%      70.01%      33.39%
         10                            local_hit_rate                                                   Local Hit Rate      99.00%      99.23%      99.12%
         10                  gld_requested_throughput                                 Requested Global Load Throughput  33.626MB/s  45.971MB/s  39.980MB/s
         10                  gst_requested_throughput                                Requested Global Store Throughput  0.00000B/s  49.918MB/s  12.495MB/s
         10                            gld_throughput                                           Global Load Throughput  33.798MB/s  46.207MB/s  40.185MB/s
         10                            gst_throughput                                          Global Store Throughput  0.00000B/s  134.46MB/s  65.209MB/s
         10                     local_memory_overhead                                            Local Memory Overhead      94.81%      96.18%      95.48%
         10                        tex_cache_hit_rate                                           Unified Cache Hit Rate      74.41%      78.80%      75.65%
         10                      l2_tex_read_hit_rate                                      L2 Hit Rate (Texture Reads)      50.98%      55.82%      53.99%
         10                     l2_tex_write_hit_rate                                     L2 Hit Rate (Texture Writes)      95.25%      96.74%      95.97%
         10                      dram_read_throughput                                    Device Memory Read Throughput  35.191MB/s  100.17MB/s  55.893MB/s
         10                     dram_write_throughput                                   Device Memory Write Throughput  33.717MB/s  216.03MB/s  108.85MB/s
         10                      tex_cache_throughput                       Unified cache to Multiprocessor throughput  3.4272GB/s  3.8479GB/s  3.7406GB/s
         10                    l2_tex_read_throughput                                    L2 Throughput (Texture Reads)  38.622MB/s  50.564MB/s  44.235MB/s
         10                   l2_tex_write_throughput                                   L2 Throughput (Texture Writes)  980.47MB/s  1.1313GB/s  1.0461GB/s
         10                        l2_read_throughput                                            L2 Throughput (Reads)  186.81MB/s  238.46MB/s  208.58MB/s
         10                       l2_write_throughput                                           L2 Throughput (Writes)  980.88MB/s  1.1319GB/s  1.0540GB/s
         10                    sysmem_read_throughput                                    System Memory Read Throughput  16.857KB/s  45.937KB/s  35.955KB/s
         10                   sysmem_write_throughput                                   System Memory Write Throughput  84.002KB/s  114.84KB/s  99.877KB/s
         10                     local_load_throughput                                     Local Memory Load Throughput  3.1642GB/s  3.7054GB/s  3.4311GB/s
         10                    local_store_throughput                                    Local Memory Store Throughput  846.07MB/s  1.1296GB/s  0.9824GB/s
         10                    shared_load_throughput                                    Shared Memory Load Throughput  537.62KB/s  735.00KB/s  639.22KB/s
         10                   shared_store_throughput                                   Shared Memory Store Throughput  604.82KB/s  826.87KB/s  719.12KB/s
         10                            gld_efficiency                                    Global Memory Load Efficiency      99.49%      99.49%      99.49%
         10                            gst_efficiency                                   Global Memory Store Efficiency       0.00%      37.12%       9.48%
         10                    tex_cache_transactions                     Unified cache to Multiprocessor transactions       41567       59999       49088
         10                             flop_count_dp                      Floating Point Operations(Double Precision)           0           0           0
         10                         flop_count_dp_add                  Floating Point Operations(Double Precision Add)           0           0           0
         10                         flop_count_dp_fma                  Floating Point Operations(Double Precision FMA)           0           0           0
         10                         flop_count_dp_mul                  Floating Point Operations(Double Precision Mul)           0           0           0
         10                             flop_count_sp                      Floating Point Operations(Single Precision)           0           0           0
         10                         flop_count_sp_add                  Floating Point Operations(Single Precision Add)           0           0           0
         10                         flop_count_sp_fma                  Floating Point Operations(Single Precision FMA)           0           0           0
         10                         flop_count_sp_mul                   Floating Point Operation(Single Precision Mul)           0           0           0
         10                     flop_count_sp_special              Floating Point Operations(Single Precision Special)         256         256         256
         10                             inst_executed                                            Instructions Executed      472445     2403537     1523441
         10                               inst_issued                                              Instructions Issued      472453      664965      551008
         10                          dram_utilization                                        Device Memory Utilization     Low (1)     Low (1)     Low (1)
         10                        sysmem_utilization                                        System Memory Utilization     Low (1)     Low (1)     Low (1)
         10                          stall_inst_fetch                         Issue Stall Reasons (Instructions Fetch)       1.61%       2.32%       1.84%
         10                     stall_exec_dependency                       Issue Stall Reasons (Execution Dependency)      81.89%      85.50%      83.71%
         10                   stall_memory_dependency                               Issue Stall Reasons (Data Request)      12.77%      16.27%      14.44%
         10                             stall_texture                                    Issue Stall Reasons (Texture)       0.00%       0.00%       0.00%
         10                                stall_sync                            Issue Stall Reasons (Synchronization)       0.00%       0.00%       0.00%
         10                               stall_other                                      Issue Stall Reasons (Other)       0.00%       0.00%       0.00%
         10          stall_constant_memory_dependency                         Issue Stall Reasons (Immediate constant)       0.01%       0.01%       0.01%
         10                           stall_pipe_busy                                  Issue Stall Reasons (Pipe Busy)       0.00%       0.00%       0.00%
         10                         shared_efficiency                                         Shared Memory Efficiency       1.47%       1.47%       1.47%
         10                                inst_fp_32                                          FP Instructions(Single)         256         256         256
         10                                inst_fp_64                                          FP Instructions(Double)           0           0           0
         10                              inst_integer                                             Integer Instructions     3974051     4640948     4111674
         10                          inst_bit_convert                                         Bit-Convert Instructions         512         512         512
         10                              inst_control                                        Control-Flow Instructions     1198744     1230501     1205297
         10                        inst_compute_ld_st                                          Load/Store Instructions     1670917     1988487     1736452
         10                                 inst_misc                                                Misc Instructions     7934476     9839896     8327686
         10           inst_inter_thread_communication                                        Inter-Thread Instructions           0           0           0
         10                               issue_slots                                                      Issue Slots      472453      664965      551008
         10                                 cf_issued                                 Issued Control-Flow Instructions       41777       47921       44284
         10                               cf_executed                               Executed Control-Flow Instructions       41777       47921       44284
         10                               ldst_issued                                   Issued Load/Store Instructions       58484       78964       66841
         10                             ldst_executed                                 Executed Load/Store Instructions       58484       78964       66841
         10                       atomic_transactions                                              Atomic Transactions           0           0           0
         10           atomic_transactions_per_request                                  Atomic Transactions Per Request    0.000000    0.000000    0.000000
         10                      l2_atomic_throughput                                  L2 Throughput (Atomic requests)  0.00000B/s  0.00000B/s  0.00000B/s
         10                    l2_atomic_transactions                                L2 Transactions (Atomic requests)           0           0           0
         10                  l2_tex_read_transactions                                  L2 Transactions (Texture Reads)        2122        2354        2267
         10                     stall_memory_throttle                            Issue Stall Reasons (Memory Throttle)       0.00%       0.00%       0.00%
         10                        stall_not_selected                               Issue Stall Reasons (Not Selected)       0.00%       0.00%       0.00%
         10                 l2_tex_write_transactions                                 L2 Transactions (Texture Writes)       51568       59760       54910
         10             nvlink_total_data_transmitted                                    NVLink Total Data Transmitted        6880       11872        8172
         10                nvlink_total_data_received                                       NVLink Total Data Received        5088        8640        6108
         10              nvlink_user_data_transmitted                                     NVLink User Data Transmitted         832        2368        1139
         10                 nvlink_user_data_received                                        NVLink User Data Received        1888        2272        2192
         10          nvlink_overhead_data_transmitted                                 NVLink Overhead Data Transmitted      79.42%      88.91%      86.82%
         10             nvlink_overhead_data_received                                    NVLink Overhead Data Received      59.20%      76.95%      62.99%
         10      nvlink_total_nratom_data_transmitted                             NVLink Total Nratom Data Transmitted           0           0           0
         10       nvlink_user_nratom_data_transmitted                              NVLink User Nratom Data Transmitted           0           0           0
         10       nvlink_total_ratom_data_transmitted                              NVLink Total Ratom Data Transmitted           0           0           0
         10        nvlink_user_ratom_data_transmitted                               NVLink User Ratom Data Transmitted           0           0           0
         10       nvlink_total_write_data_transmitted                              NVLink Total Write Data Transmitted         576        5184        1958
         10        nvlink_user_write_data_transmitted                               NVLink User Write Data Transmitted         192        1728         652
         10                nvlink_transmit_throughput                                       NVLink Transmit Throughput  3.7736MB/s  8.3217MB/s  4.9822MB/s
         10                 nvlink_receive_throughput                                        NVLink Receive Throughput  2.8548MB/s  6.0562MB/s  3.7240MB/s
         10       nvlink_total_response_data_received                              NVLink Total Response Data Received        3024        3552        3387
         10        nvlink_user_response_data_received                               NVLink User Response Data Received        1888        2304        2179
         10                             flop_count_hp                        Floating Point Operations(Half Precision)           0           0           0
         10                         flop_count_hp_add                    Floating Point Operations(Half Precision Add)           0           0           0
         10                         flop_count_hp_mul                     Floating Point Operation(Half Precision Mul)           0           0           0
         10                         flop_count_hp_fma                    Floating Point Operations(Half Precision FMA)           0           0           0
         10                                inst_fp_16                                            HP Instructions(Half)           0           0           0
         10                                       ipc                                                     Executed IPC    0.228145    0.355119    0.280290
         10                                issued_ipc                                                       Issued IPC    0.227011    0.235466    0.231683
         10                    issue_slot_utilization                                           Issue Slot Utilization       5.68%       5.89%       5.79%
         10                             sm_efficiency                                          Multiprocessor Activity       1.24%       1.25%       1.25%
         10                        achieved_occupancy                                               Achieved Occupancy    0.062340    0.062500    0.062471
         10                  eligible_warps_per_cycle                                  Eligible Warps Per Active Cycle    0.227011    0.236269    0.231780
         10                        shared_utilization                                        Shared Memory Utilization     Low (1)     Low (1)     Low (1)
         10                            l2_utilization                                             L2 Cache Utilization     Low (1)     Low (1)     Low (1)
         10                           tex_utilization                                        Unified Cache Utilization     Low (1)     Low (1)     Low (1)
         10                       ldst_fu_utilization                             Load/Store Function Unit Utilization     Low (1)     Low (1)     Low (1)
         10                         cf_fu_utilization                           Control-Flow Function Unit Utilization     Low (1)     Low (1)     Low (1)
         10                        tex_fu_utilization                                Texture Function Unit Utilization    Idle (0)    Idle (0)    Idle (0)
         10                    special_fu_utilization                                Special Function Unit Utilization     Low (1)     Low (1)     Low (1)
         10             half_precision_fu_utilization                         Half-Precision Function Unit Utilization    Idle (0)    Idle (0)    Idle (0)
         10           single_precision_fu_utilization                       Single-Precision Function Unit Utilization     Low (1)     Low (1)     Low (1)
         10           double_precision_fu_utilization                       Double-Precision Function Unit Utilization    Idle (0)    Idle (0)    Idle (0)
         10                        flop_hp_efficiency                                       FLOP Efficiency(Peak Half)       0.00%       0.00%       0.00%
         10                        flop_sp_efficiency                                     FLOP Efficiency(Peak Single)       0.00%       0.00%       0.00%
         10                        flop_dp_efficiency                                     FLOP Efficiency(Peak Double)       0.00%       0.00%       0.00%
         10                   sysmem_read_utilization                                   System Memory Read Utilization     Low (1)     Low (1)     Low (1)
         10                  sysmem_write_utilization                                  System Memory Write Utilization     Low (1)     Low (1)     Low (1)
         10       nvlink_data_transmission_efficiency                              NVLink Data Transmission Efficiency       0.00%       0.00%       0.00%
         10            nvlink_data_receive_efficiency                                   NVLink Data Receive Efficiency       0.00%       0.00%       0.00%
         10                            stall_sleeping                                   Issue Stall Reasons (Sleeping)       0.00%       0.00%       0.00%
         10               pcie_total_data_transmitted                                      PCIe Total Data Transmitted           0           0           0
         10                  pcie_total_data_received                                         PCIe Total Data Received           0           0           0
         10                inst_executed_global_loads                         Warp level instructions for global loads        2060        2060        2060
         10                 inst_executed_local_loads                          Warp level instructions for local loads       39472       57904       46993
         10                inst_executed_shared_loads                         Warp level instructions for shared loads           8           8           8
         10               inst_executed_surface_loads                        Warp level instructions for surface loads           0           0           0
         10               inst_executed_global_stores                        Warp level instructions for global stores           0        8192        3342
         10                inst_executed_local_stores                         Warp level instructions for local stores       12892       12892       12892
         10               inst_executed_shared_stores                        Warp level instructions for shared stores           9           9           9
         10              inst_executed_surface_stores                       Warp level instructions for surface stores           0           0           0
         10              inst_executed_global_atomics             Warp level instructions for global atom and atom cas           0           0           0
         10           inst_executed_global_reductions                    Warp level instructions for global reductions           0           0           0
         10             inst_executed_surface_atomics            Warp level instructions for surface atom and atom cas           0           0           0
         10          inst_executed_surface_reductions                   Warp level instructions for surface reductions           0           0           0
         10              inst_executed_shared_atomics             Warp level shared instructions for atom and atom CAS           0           0           0
         10                     inst_executed_tex_ops                              Warp level instructions for texture           0           0           0
         10                           dram_read_bytes                           Total bytes read from DRAM to L2 cache       68608      147456       91686
         10                          dram_write_bytes                        Total bytes written from L2 cache to DRAM       48128      421344      178560
         10                      global_load_requests         Total number of global load requests from Multiprocessor        2060        2060        2060
         10                       local_load_requests          Total number of local load requests from Multiprocessor       39472       57904       46993
         10                     surface_load_requests        Total number of surface load requests from Multiprocessor           0           0           0
         10                     global_store_requests        Total number of global store requests from Multiprocessor           0        8192        3342
         10                      local_store_requests         Total number of local store requests from Multiprocessor       12892       12892       12892
         10                    surface_store_requests       Total number of surface store requests from Multiprocessor           0           0           0
         10                    global_atomic_requests       Total number of global atomic requests from Multiprocessor           0           0           0
         10                 global_reduction_requests    Total number of global reduction requests from Multiprocessor           0           0           0
         10                   surface_atomic_requests      Total number of surface atomic requests from Multiprocessor           0           0           0
         10                surface_reduction_requests   Total number of surface reduction requests from Multiprocessor           0           0           0
         10                      l2_global_load_bytes             Bytes read from L2 for misses in L1 for global loads       65600       65600       65600
         10                       l2_local_load_bytes              Bytes read from L2 for misses in L1 for local loads        2432        9728        6937
         10                     l2_surface_load_bytes            Bytes read from L2 for misses in L1 for surface loads           0           0           0
         10              l2_global_atomic_store_bytes                   Bytes written to L2 from L1 for global atomics           0           0           0
         10               l2_local_global_store_bytes         Bytes written to L2 from L1 for local and global stores.     1650176     1912320     1757145
         10                    l2_surface_store_bytes           Bytes read from L2 for misses in L1 for surface stores           0           0           0
         10                         sysmem_read_bytes                                         System Memory Read Bytes          32          64          57
         10                        sysmem_write_bytes                                        System Memory Write Bytes         160         160         160
         10                           l2_tex_hit_rate                                                L2 Cache Hit Rate      93.67%      94.94%      94.31%
         10                     texture_load_requests        Total number of texture Load requests from Multiprocessor           0           0           0
         10           tensor_precision_fu_utilization                       Tensor-Precision Function Unit Utilization    Idle (0)    Idle (0)    Idle (0)
