==104385== NVPROF is profiling process 104385, command: bfs_offload 8 ../../data/bfs/graph128k.txt
==104385== Profiling application: bfs_offload 8 ../../data/bfs/graph128k.txt
==104385== Profiling result:
            Type  Time(%)      Time     Calls       Avg       Min       Max  Name
                        %        ms                  ms        ms        ms
 GPU activities:    77.59  115.8190        10  11.58190  2.948535  28.38500  __omp_offloading_30_13579bc__Z8BFSGraphiPPc_l147
                    22.21  33.14744        10  3.314744  2.687223  4.121619  __omp_offloading_30_13579bc__Z8BFSGraphiPPc_l169
                     0.18  0.265150        17  0.015597  1.31e-03  0.191231  [CUDA memcpy HtoD]
                     0.02  0.031488        13  2.42e-03  1.76e-03  9.60e-03  [CUDA memcpy DtoH]
      API calls:    39.74  184.1757         1  184.1757  184.1757  184.1757  cuDevicePrimaryCtxRetain
                    25.19  116.7278        28  4.168851  5.21e-03  28.46105  cuStreamSynchronize
                    21.40  99.18637         1  99.18637  99.18637  99.18637  cuDevicePrimaryCtxRelease
                     7.19  33.31878        11  3.028980  0.064986  4.133783  cuMemcpyDtoHAsync
                     4.81  22.30285         1  22.30285  22.30285  22.30285  cuModuleLoadDataEx
                     0.95  4.383859         1  4.383859  4.383859  4.383859  cuModuleUnload
                     0.18  0.826321         8  0.103290  7.07e-03  0.410286  cuMemAlloc
                     0.17  0.788714        32  0.024647  4.02e-03  0.337268  cuStreamCreate
                     0.12  0.565970        17  0.033292  8.00e-03  0.261295  cuMemcpyHtoDAsync
                     0.08  0.372698        32  0.011646  0.011109  0.016765  cuStreamDestroy
                     0.06  0.297053         6  0.049508  0.010931  0.233467  cuMemFree
                     0.05  0.223862        20  0.011193  9.90e-03  0.020515  cuLaunchKernel
                     0.05  0.212343         2  0.106171  0.025085  0.187258  cuMemcpyDtoH
                     0.01  0.032825        70  4.68e-04  3.46e-04  1.23e-03  cuCtxSetCurrent
                     0.00  8.98e-03         4  2.24e-03  1.15e-03  3.90e-03  cuDeviceGetPCIBusId
                     0.00  5.88e-03        15  3.92e-04  2.77e-04  7.44e-04  cuDeviceGetAttribute
                     0.00  3.73e-03         3  1.24e-03  6.94e-04  1.82e-03  cuModuleGetGlobal
                     0.00  3.08e-03         5  6.15e-04  5.04e-04  9.20e-04  cuDeviceGet
                     0.00  1.98e-03         2  9.89e-04  8.82e-04  1.10e-03  cuModuleGetFunction
                     0.00  1.61e-03         3  5.36e-04  3.77e-04  7.70e-04  cuDeviceGetCount
                     0.00  1.46e-03         2  7.31e-04  5.98e-04  8.65e-04  cuFuncGetAttribute
                     0.00  9.83e-04         1  9.83e-04  9.83e-04  9.83e-04  cuDevicePrimaryCtxGetState
                     0.00  5.91e-04         1  5.91e-04  5.91e-04  5.91e-04  cuDevicePrimaryCtxSetFlags
                     0.00  5.22e-04         1  5.22e-04  5.22e-04  5.22e-04  cuCtxGetDevice
