==104574== NVPROF is profiling process 104574, command: bfs_offload 8 ../../data/bfs/graph16k.txt
==104574== Profiling application: bfs_offload 8 ../../data/bfs/graph16k.txt
==104574== Profiling result:
            Type  Time(%)      Time     Calls       Avg       Min       Max  Name
                        %        ms                  ms        ms        ms
 GPU activities:    77.62  12.64919         9  1.405465  0.346368  3.173466  __omp_offloading_30_13579bc__Z8BFSGraphiPPc_l147
                    21.96  3.579448         9  0.397716  0.337183  0.461119  __omp_offloading_30_13579bc__Z8BFSGraphiPPc_l169
                     0.28  0.046431        16  2.90e-03  1.28e-03  0.010848  [CUDA memcpy HtoD]
                     0.13  0.021888        12  1.82e-03  1.70e-03  2.75e-03  [CUDA memcpy DtoH]
      API calls:    57.06  180.1031         1  180.1031  180.1031  180.1031  cuDevicePrimaryCtxRetain
                    29.13  91.94204         1  91.94204  91.94204  91.94204  cuDevicePrimaryCtxRelease
                     6.39  20.15980         1  20.15980  20.15980  20.15980  cuModuleLoadDataEx
                     4.19  13.22522        26  0.508662  5.09e-03  3.225156  cuStreamSynchronize
                     1.39  4.385279         1  4.385279  4.385279  4.385279  cuModuleUnload
                     1.17  3.708527        10  0.370852  0.025516  0.474893  cuMemcpyDtoHAsync
                     0.24  0.767801        32  0.023993  4.04e-03  0.327295  cuStreamCreate
                     0.13  0.413567         8  0.051695  6.60e-03  0.359786  cuMemAlloc
                     0.12  0.371089        32  0.011596  0.011217  0.016033  cuStreamDestroy
                     0.06  0.204090        18  0.011338  0.010170  0.018633  cuLaunchKernel
                     0.06  0.195182        16  0.012198  8.01e-03  0.043569  cuMemcpyHtoDAsync
                     0.02  0.069242         6  0.011540  0.010390  0.012847  cuMemFree
                     0.02  0.058390         2  0.029195  0.025165  0.033225  cuMemcpyDtoH
                     0.01  0.031097        66  4.71e-04  3.14e-04  1.58e-03  cuCtxSetCurrent
                     0.00  7.32e-03         4  1.83e-03  1.17e-03  3.09e-03  cuDeviceGetPCIBusId
                     0.00  6.60e-03        15  4.39e-04  3.44e-04  1.08e-03  cuDeviceGetAttribute
                     0.00  3.54e-03         3  1.18e-03  7.60e-04  1.62e-03  cuModuleGetGlobal
                     0.00  3.08e-03         5  6.16e-04  5.08e-04  7.09e-04  cuDeviceGet
                     0.00  2.01e-03         2  1.01e-03  7.95e-04  1.22e-03  cuModuleGetFunction
                     0.00  1.60e-03         2  8.00e-04  6.72e-04  9.28e-04  cuFuncGetAttribute
                     0.00  1.35e-03         3  4.51e-04  3.87e-04  5.70e-04  cuDeviceGetCount
                     0.00  7.90e-04         1  7.90e-04  7.90e-04  7.90e-04  cuDevicePrimaryCtxGetState
                     0.00  6.76e-04         1  6.76e-04  6.76e-04  6.76e-04  cuDevicePrimaryCtxSetFlags
                     0.00  4.61e-04         1  4.61e-04  4.61e-04  4.61e-04  cuCtxGetDevice
