==124273== NVPROF is profiling process 124273, command: bfs_offload 8 ../../data/bfs/graph2k.txt
==124273== Profiling application: bfs_offload 8 ../../data/bfs/graph2k.txt
==124273== Profiling result:
            Type  Time(%)      Time     Calls       Avg       Min       Max  Name
                        %        ms                  ms        ms        ms
 GPU activities:    75.97  1.770931         7  0.252990  0.080927  0.426589  __omp_offloading_30_13579bc__Z8BFSGraphiPPc_l147
                    22.18  0.516987         7  0.073855  0.063295  0.078848  __omp_offloading_30_13579bc__Z8BFSGraphiPPc_l169
                     1.11  0.025984        14  1.86e-03  1.28e-03  5.89e-03  [CUDA memcpy HtoD]
                     0.73  0.017088        10  1.71e-03  1.66e-03  1.95e-03  [CUDA memcpy DtoH]
      API calls:    58.71  178.8338         1  178.8338  178.8338  178.8338  cuDevicePrimaryCtxRetain
                    31.08  94.67236         1  94.67236  94.67236  94.67236  cuDevicePrimaryCtxRelease
                     6.92  21.07649         1  21.07649  21.07649  21.07649  cuModuleLoadDataEx
                     1.45  4.403137         1  4.403137  4.403137  4.403137  cuModuleUnload
                     0.73  2.216554        22  0.100752  5.10e-03  0.472165  cuStreamSynchronize
                     0.53  1.599287        32  0.049977  3.99e-03  1.157963  cuStreamCreate
                     0.20  0.606693         8  0.075836  0.021306  0.089862  cuMemcpyDtoHAsync
                     0.14  0.414790         8  0.051848  5.95e-03  0.363071  cuMemAlloc
                     0.12  0.368687        32  0.011521  0.011028  0.016070  cuStreamDestroy
                     0.05  0.155778        14  0.011127  9.48e-03  0.016859  cuLaunchKernel
                     0.04  0.114544        14  8.18e-03  6.37e-03  0.011589  cuMemcpyHtoDAsync
                     0.02  0.057184         2  0.028592  0.024547  0.032637  cuMemcpyDtoH
                     0.01  0.026680         2  0.013340  0.012708  0.013972  cuMemFree
                     0.01  0.025991        54  4.81e-04  3.43e-04  1.32e-03  cuCtxSetCurrent
                     0.00  8.16e-03         4  2.04e-03  1.21e-03  3.17e-03  cuDeviceGetPCIBusId
                     0.00  6.59e-03        15  4.39e-04  3.65e-04  7.46e-04  cuDeviceGetAttribute
                     0.00  3.47e-03         3  1.16e-03  7.52e-04  1.64e-03  cuModuleGetGlobal
                     0.00  2.77e-03         5  5.54e-04  4.73e-04  6.77e-04  cuDeviceGet
                     0.00  2.09e-03         2  1.04e-03  8.69e-04  1.22e-03  cuModuleGetFunction
                     0.00  1.69e-03         2  8.45e-04  7.24e-04  9.66e-04  cuFuncGetAttribute
                     0.00  1.41e-03         3  4.68e-04  3.58e-04  5.59e-04  cuDeviceGetCount
                     0.00  7.50e-04         1  7.50e-04  7.50e-04  7.50e-04  cuDevicePrimaryCtxGetState
                     0.00  6.81e-04         1  6.81e-04  6.81e-04  6.81e-04  cuDevicePrimaryCtxSetFlags
                     0.00  6.14e-04         1  6.14e-04  6.14e-04  6.14e-04  cuCtxGetDevice
