==106461== NVPROF is profiling process 106461, command: bfs_offload 8 ../../data/bfs/graph64k.txt
==106461== Profiling application: bfs_offload 8 ../../data/bfs/graph64k.txt
==106461== Profiling result:
            Type  Time(%)      Time     Calls       Avg       Min       Max  Name
                        %        ms                  ms        ms        ms
 GPU activities:    77.65  52.27658        10  5.227657  1.275133  12.82864  __omp_offloading_30_13579bc__Z8BFSGraphiPPc_l147
                    22.13  14.90022        10  1.490022  1.277149  1.773340  __omp_offloading_30_13579bc__Z8BFSGraphiPPc_l169
                     0.18  0.120927        17  7.11e-03  1.28e-03  0.061248  [CUDA memcpy HtoD]
                     0.04  0.026880        13  2.07e-03  1.66e-03  6.11e-03  [CUDA memcpy DtoH]
      API calls:    48.24  178.0531         1  178.0531  178.0531  178.0531  cuDevicePrimaryCtxRetain
                    25.89  95.56022         1  95.56022  95.56022  95.56022  cuDevicePrimaryCtxRelease
                    14.40  53.15480        28  1.898385  5.22e-03  12.91523  cuStreamSynchronize
                     5.48  20.22066         1  20.22066  20.22066  20.22066  cuModuleLoadDataEx
                     4.08  15.04619        11  1.367835  0.042998  1.786205  cuMemcpyDtoHAsync
                     1.19  4.378540         1  4.378540  4.378540  4.378540  cuModuleUnload
                     0.21  0.776406         8  0.097050  6.67e-03  0.365602  cuMemAlloc
                     0.21  0.766996        32  0.023968  4.05e-03  0.324535  cuStreamCreate
                     0.10  0.370011        32  0.011562  0.011031  0.016685  cuStreamDestroy
                     0.10  0.366781        17  0.021575  8.07e-03  0.144582  cuMemcpyHtoDAsync
                     0.06  0.224019        20  0.011200  0.010094  0.019827  cuLaunchKernel
                     0.02  0.072936         6  0.012156  0.010693  0.013745  cuMemFree
                     0.02  0.058989         2  0.029494  0.025191  0.033798  cuMemcpyDtoH
                     0.01  0.031828        70  4.54e-04  3.25e-04  1.25e-03  cuCtxSetCurrent
                     0.00  8.01e-03         4  2.00e-03  1.05e-03  3.62e-03  cuDeviceGetPCIBusId
                     0.00  5.54e-03        15  3.69e-04  2.84e-04  6.64e-04  cuDeviceGetAttribute
                     0.00  3.37e-03         3  1.12e-03  6.84e-04  1.58e-03  cuModuleGetGlobal
                     0.00  2.89e-03         5  5.77e-04  4.55e-04  7.70e-04  cuDeviceGet
                     0.00  1.98e-03         2  9.90e-04  8.53e-04  1.13e-03  cuModuleGetFunction
                     0.00  1.81e-03         2  9.04e-04  7.50e-04  1.06e-03  cuFuncGetAttribute
                     0.00  1.43e-03         3  4.77e-04  3.40e-04  5.62e-04  cuDeviceGetCount
                     0.00  1.01e-03         1  1.01e-03  1.01e-03  1.01e-03  cuDevicePrimaryCtxGetState
                     0.00  6.10e-04         1  6.10e-04  6.10e-04  6.10e-04  cuDevicePrimaryCtxSetFlags
                     0.00  5.49e-04         1  5.49e-04  5.49e-04  5.49e-04  cuCtxGetDevice
