==126577== NVPROF is profiling process 126577, command: needle_offload 1024 10 128
==126577== Profiling application: needle_offload 1024 10 128
==126577== Profiling result:
            Type  Time(%)      Time     Calls       Avg       Min       Max  Name
                        %        ms                  ms        ms        ms
 GPU activities:    50.78  3.97e+03         1  3.97e+03  3.97e+03  3.97e+03  __omp_offloading_2f_68d0ec__Z12nw_optimizedPiS_S_iii_l111
                    49.21  3.84e+03         1  3.84e+03  3.84e+03  3.84e+03  __omp_offloading_2f_68d0ec__Z12nw_optimizedPiS_S_iii_l171
                     0.01  0.575141         4  0.143785  1.31e-03  0.291490  [CUDA memcpy HtoD]
                     0.00  0.326147         3  0.108715  1.70e-03  0.322755  [CUDA memcpy DtoH]
      API calls:    95.95  7.81e+03         7  1.12e+03  5.45e-03  3.97e+03  cuStreamSynchronize
                     2.22  180.7332         1  180.7332  180.7332  180.7332  cuDevicePrimaryCtxRetain
                     1.18  96.02644         1  96.02644  96.02644  96.02644  cuDevicePrimaryCtxRelease
                     0.36  29.39552         1  29.39552  29.39552  29.39552  cuModuleLoadDataEx
                     0.16  13.37350         2  6.686751  0.034495  13.33901  cuLaunchKernel
                     0.08  6.393476         1  6.393476  6.393476  6.393476  cuModuleUnload
                     0.02  1.234217         4  0.308554  0.010099  0.433704  cuMemAlloc
                     0.01  0.771418        32  0.024106  4.09e-03  0.325940  cuStreamCreate
                     0.01  0.749134         4  0.187283  7.41e-03  0.375708  cuMemcpyHtoDAsync
                     0.01  0.507560         2  0.253780  0.207762  0.299798  cuMemFree
                     0.01  0.447001         1  0.447001  0.447001  0.447001  cuMemcpyDtoHAsync
                     0.00  0.375766        32  0.011742  0.011088  0.019224  cuStreamDestroy
                     0.00  0.057347         2  0.028673  0.024633  0.032714  cuMemcpyDtoH
                     0.00  0.012255        21  5.83e-04  3.36e-04  1.22e-03  cuCtxSetCurrent
                     0.00  9.06e-03         4  2.26e-03  1.19e-03  4.02e-03  cuDeviceGetPCIBusId
                     0.00  5.55e-03        15  3.70e-04  2.54e-04  7.15e-04  cuDeviceGetAttribute
                     0.00  3.67e-03         3  1.22e-03  7.23e-04  1.76e-03  cuModuleGetGlobal
                     0.00  2.88e-03         5  5.76e-04  4.55e-04  7.40e-04  cuDeviceGet
                     0.00  2.58e-03         2  1.29e-03  1.21e-03  1.37e-03  cuFuncGetAttribute
                     0.00  2.32e-03         2  1.16e-03  8.48e-04  1.47e-03  cuModuleGetFunction
                     0.00  1.40e-03         3  4.65e-04  3.86e-04  5.23e-04  cuDeviceGetCount
                     0.00  8.54e-04         1  8.54e-04  8.54e-04  8.54e-04  cuDevicePrimaryCtxGetState
                     0.00  5.33e-04         1  5.33e-04  5.33e-04  5.33e-04  cuCtxGetDevice
                     0.00  5.14e-04         1  5.14e-04  5.14e-04  5.14e-04  cuDevicePrimaryCtxSetFlags
