==126292== NVPROF is profiling process 126292, command: needle_offload 1024 10 16
==126292== Profiling application: needle_offload 1024 10 16
==126292== Profiling result:
            Type  Time(%)      Time     Calls       Avg       Min       Max  Name
                        %        ms                  ms        ms        ms
 GPU activities:    50.78  3.97e+03         1  3.97e+03  3.97e+03  3.97e+03  __omp_offloading_2f_68d0ec__Z12nw_optimizedPiS_S_iii_l111
                    49.21  3.84e+03         1  3.84e+03  3.84e+03  3.84e+03  __omp_offloading_2f_68d0ec__Z12nw_optimizedPiS_S_iii_l171
                     0.01  0.568069         4  0.142017  1.31e-03  0.291586  [CUDA memcpy HtoD]
                     0.00  0.317058         3  0.105686  1.70e-03  0.313666  [CUDA memcpy DtoH]
      API calls:    95.96  7.81e+03         7  1.12e+03  5.98e-03  3.97e+03  cuStreamSynchronize
                     2.21  179.7594         1  179.7594  179.7594  179.7594  cuDevicePrimaryCtxRetain
                     1.18  96.15002         1  96.15002  96.15002  96.15002  cuDevicePrimaryCtxRelease
                     0.36  29.39264         1  29.39264  29.39264  29.39264  cuModuleLoadDataEx
                     0.16  13.38807         2  6.694036  0.033337  13.35474  cuLaunchKernel
                     0.08  6.352334         1  6.352334  6.352334  6.352334  cuModuleUnload
                     0.02  1.231530         4  0.307882  9.85e-03  0.438267  cuMemAlloc
                     0.01  0.770522        32  0.024078  3.98e-03  0.328284  cuStreamCreate
                     0.01  0.740689         4  0.185172  7.45e-03  0.374082  cuMemcpyHtoDAsync
                     0.01  0.544775         2  0.272387  0.210326  0.334449  cuMemFree
                     0.01  0.442399         1  0.442399  0.442399  0.442399  cuMemcpyDtoHAsync
                     0.00  0.391647        32  0.012238  0.011424  0.022073  cuStreamDestroy
                     0.00  0.057892         2  0.028946  0.024118  0.033774  cuMemcpyDtoH
                     0.00  0.013189        21  6.28e-04  3.14e-04  1.42e-03  cuCtxSetCurrent
                     0.00  8.35e-03         4  2.09e-03  1.13e-03  3.67e-03  cuDeviceGetPCIBusId
                     0.00  5.55e-03        15  3.69e-04  2.62e-04  6.54e-04  cuDeviceGetAttribute
                     0.00  3.85e-03         3  1.28e-03  8.44e-04  1.83e-03  cuModuleGetGlobal
                     0.00  2.74e-03         5  5.48e-04  4.76e-04  6.52e-04  cuDeviceGet
                     0.00  2.45e-03         2  1.23e-03  1.15e-03  1.30e-03  cuFuncGetAttribute
                     0.00  1.98e-03         2  9.89e-04  8.11e-04  1.17e-03  cuModuleGetFunction
                     0.00  1.42e-03         3  4.74e-04  3.96e-04  5.67e-04  cuDeviceGetCount
                     0.00  8.59e-04         1  8.59e-04  8.59e-04  8.59e-04  cuDevicePrimaryCtxGetState
                     0.00  5.98e-04         1  5.98e-04  5.98e-04  5.98e-04  cuDevicePrimaryCtxSetFlags
                     0.00  5.00e-04         1  5.00e-04  5.00e-04  5.00e-04  cuCtxGetDevice
