==126397== NVPROF is profiling process 126397, command: needle_offload 1024 10 32
==126397== Profiling application: needle_offload 1024 10 32
==126397== Profiling result:
            Type  Time(%)      Time     Calls       Avg       Min       Max  Name
                        %        ms                  ms        ms        ms
 GPU activities:    50.78  3.97e+03         1  3.97e+03  3.97e+03  3.97e+03  __omp_offloading_2f_68d0ec__Z12nw_optimizedPiS_S_iii_l111
                    49.20  3.84e+03         1  3.84e+03  3.84e+03  3.84e+03  __omp_offloading_2f_68d0ec__Z12nw_optimizedPiS_S_iii_l171
                     0.01  0.555428         4  0.138857  1.31e-03  0.284482  [CUDA memcpy HtoD]
                     0.00  0.316323         3  0.105441  1.70e-03  0.312931  [CUDA memcpy DtoH]
      API calls:    95.89  7.81e+03         7  1.12e+03  5.77e-03  3.97e+03  cuStreamSynchronize
                     2.27  185.0375         1  185.0375  185.0375  185.0375  cuDevicePrimaryCtxRetain
                     1.18  95.78025         1  95.78025  95.78025  95.78025  cuDevicePrimaryCtxRelease
                     0.36  29.31173         1  29.31173  29.31173  29.31173  cuModuleLoadDataEx
                     0.18  14.27593         2  7.137967  0.033265  14.24267  cuLaunchKernel
                     0.08  6.373252         1  6.373252  6.373252  6.373252  cuModuleUnload
                     0.02  1.241318         4  0.310329  9.90e-03  0.439559  cuMemAlloc
                     0.01  0.764180        32  0.023880  4.00e-03  0.324223  cuStreamCreate
                     0.01  0.723515         4  0.180878  7.37e-03  0.363753  cuMemcpyHtoDAsync
                     0.01  0.506563         2  0.253281  0.207093  0.299470  cuMemFree
                     0.01  0.432684         1  0.432684  0.432684  0.432684  cuMemcpyDtoHAsync
                     0.00  0.375536        32  0.011735  0.011125  0.019867  cuStreamDestroy
                     0.00  0.059645         2  0.029822  0.024928  0.034717  cuMemcpyDtoH
                     0.00  0.012451        21  5.92e-04  3.12e-04  1.28e-03  cuCtxSetCurrent
                     0.00  8.23e-03         4  2.06e-03  1.10e-03  3.63e-03  cuDeviceGetPCIBusId
                     0.00  6.56e-03        15  4.37e-04  3.22e-04  8.12e-04  cuDeviceGetAttribute
                     0.00  3.83e-03         3  1.28e-03  7.42e-04  1.67e-03  cuModuleGetGlobal
                     0.00  3.16e-03         5  6.32e-04  5.00e-04  8.83e-04  cuDeviceGet
                     0.00  2.27e-03         2  1.14e-03  1.12e-03  1.15e-03  cuFuncGetAttribute
                     0.00  2.22e-03         2  1.11e-03  8.77e-04  1.34e-03  cuModuleGetFunction
                     0.00  1.47e-03         3  4.89e-04  4.34e-04  5.57e-04  cuDeviceGetCount
                     0.00  9.16e-04         1  9.16e-04  9.16e-04  9.16e-04  cuDevicePrimaryCtxGetState
                     0.00  5.25e-04         1  5.25e-04  5.25e-04  5.25e-04  cuDevicePrimaryCtxSetFlags
                     0.00  4.71e-04         1  4.71e-04  4.71e-04  4.71e-04  cuCtxGetDevice
