==125665== NVPROF is profiling process 125665, command: needle_offload 128 10 32
==125665== Profiling application: needle_offload 128 10 32
==125665== Profiling result:
            Type  Time(%)      Time     Calls       Avg       Min       Max  Name
                        %        ms                  ms        ms        ms
 GPU activities:    56.23  69.09438         1  69.09438  69.09438  69.09438  __omp_offloading_2f_68d0ec__Z12nw_optimizedPiS_S_iii_l111
                    43.75  53.75543         1  53.75543  53.75543  53.75543  __omp_offloading_2f_68d0ec__Z12nw_optimizedPiS_S_iii_l171
                     0.01  0.012160         4  3.04e-03  1.31e-03  4.70e-03  [CUDA memcpy HtoD]
                     0.01  7.04e-03         3  2.35e-03  1.66e-03  3.68e-03  [CUDA memcpy DtoH]
      API calls:    40.07  179.5386         1  179.5386  179.5386  179.5386  cuDevicePrimaryCtxRetain
                    27.46  123.0469         7  17.57813  5.59e-03  69.15773  cuStreamSynchronize
                    21.16  94.80669         1  94.80669  94.80669  94.80669  cuDevicePrimaryCtxRelease
                     6.54  29.29758         1  29.29758  29.29758  29.29758  cuModuleLoadDataEx
                     2.98  13.34251         2  6.671257  0.015808  13.32671  cuLaunchKernel
                     1.40  6.280003         1  6.280003  6.280003  6.280003  cuModuleUnload
                     0.17  0.764585        32  0.023893  3.93e-03  0.323077  cuStreamCreate
                     0.09  0.390340         4  0.097585  9.45e-03  0.360974  cuMemAlloc
                     0.08  0.373359        32  0.011667  0.011163  0.018219  cuStreamDestroy
                     0.01  0.056265         2  0.028132  0.023827  0.032438  cuMemcpyDtoH
                     0.01  0.055478         4  0.013869  7.15e-03  0.019819  cuMemcpyHtoDAsync
                     0.01  0.033159         1  0.033159  0.033159  0.033159  cuMemcpyDtoHAsync
                     0.01  0.031246         2  0.015623  0.015209  0.016037  cuMemFree
                     0.00  0.011109        21  5.29e-04  3.08e-04  1.27e-03  cuCtxSetCurrent
                     0.00  8.39e-03         4  2.10e-03  1.09e-03  3.47e-03  cuDeviceGetPCIBusId
                     0.00  6.23e-03        15  4.15e-04  2.62e-04  7.32e-04  cuDeviceGetAttribute
                     0.00  3.72e-03         3  1.24e-03  7.64e-04  1.69e-03  cuModuleGetGlobal
                     0.00  2.86e-03         5  5.71e-04  4.85e-04  7.34e-04  cuDeviceGet
                     0.00  2.32e-03         2  1.16e-03  9.49e-04  1.37e-03  cuModuleGetFunction
                     0.00  1.76e-03         2  8.80e-04  7.78e-04  9.83e-04  cuFuncGetAttribute
                     0.00  1.37e-03         3  4.55e-04  3.65e-04  6.08e-04  cuDeviceGetCount
                     0.00  7.99e-04         1  7.99e-04  7.99e-04  7.99e-04  cuDevicePrimaryCtxGetState
                     0.00  5.50e-04         1  5.50e-04  5.50e-04  5.50e-04  cuDevicePrimaryCtxSetFlags
                     0.00  4.55e-04         1  4.55e-04  4.55e-04  4.55e-04  cuCtxGetDevice
