==130285== NVPROF is profiling process 130285, command: needle_offload 4096 10 32
==130285== Profiling application: needle_offload 4096 10 32
==130285== Profiling result:
            Type  Time(%)      Time     Calls       Avg       Min       Max  Name
                        %        ms                  ms        ms        ms
 GPU activities:    50.19  6.27e+04         1  6.27e+04  6.27e+04  6.27e+04  __omp_offloading_2f_68d0ec__Z12nw_optimizedPiS_S_iii_l111
                    49.80  6.22e+04         1  6.22e+04  6.22e+04  6.22e+04  __omp_offloading_2f_68d0ec__Z12nw_optimizedPiS_S_iii_l171
                     0.01  10.22073         4  2.555182  1.31e-03  5.144142  [CUDA memcpy HtoD]
                     0.00  4.939212         3  1.646404  1.66e-03  4.935852  [CUDA memcpy DtoH]
      API calls:    99.72  1.25e+05         7  1.78e+04  7.20e-03  6.27e+04  cuStreamSynchronize
                     0.14  177.8347         1  177.8347  177.8347  177.8347  cuDevicePrimaryCtxRetain
                     0.08  96.23555         1  96.23555  96.23555  96.23555  cuDevicePrimaryCtxRelease
                     0.02  29.30449         1  29.30449  29.30449  29.30449  cuModuleLoadDataEx
                     0.01  13.74589         2  6.872945  0.036092  13.70980  cuLaunchKernel
                     0.01  10.40653         4  2.601632  7.46e-03  5.231565  cuMemcpyHtoDAsync
                     0.01  6.416141         1  6.416141  6.416141  6.416141  cuModuleUnload
                     0.00  5.026932         1  5.026932  5.026932  5.026932  cuMemcpyDtoHAsync
                     0.00  3.656674         4  0.914168  9.82e-03  1.772621  cuMemAlloc
                     0.00  0.842059         2  0.421029  0.364632  0.477427  cuMemFree
                     0.00  0.770411        32  0.024075  4.08e-03  0.328409  cuStreamCreate
                     0.00  0.375893        32  0.011746  0.011024  0.019306  cuStreamDestroy
                     0.00  0.057760         2  0.028880  0.024421  0.033339  cuMemcpyDtoH
                     0.00  0.013565        21  6.45e-04  3.30e-04  1.33e-03  cuCtxSetCurrent
                     0.00  8.98e-03         4  2.25e-03  1.22e-03  3.78e-03  cuDeviceGetPCIBusId
                     0.00  5.50e-03        15  3.66e-04  2.72e-04  7.13e-04  cuDeviceGetAttribute
                     0.00  4.69e-03         5  9.38e-04  4.81e-04  2.50e-03  cuDeviceGet
                     0.00  3.68e-03         3  1.23e-03  7.98e-04  1.64e-03  cuModuleGetGlobal
                     0.00  2.60e-03         2  1.30e-03  1.24e-03  1.36e-03  cuFuncGetAttribute
                     0.00  2.20e-03         2  1.10e-03  8.55e-04  1.35e-03  cuModuleGetFunction
                     0.00  1.44e-03         3  4.78e-04  3.77e-04  5.90e-04  cuDeviceGetCount
                     0.00  9.55e-04         1  9.55e-04  9.55e-04  9.55e-04  cuDevicePrimaryCtxGetState
                     0.00  5.59e-04         1  5.59e-04  5.59e-04  5.59e-04  cuDevicePrimaryCtxSetFlags
                     0.00  4.98e-04         1  4.98e-04  4.98e-04  4.98e-04  cuCtxGetDevice
