==126056== NVPROF is profiling process 126056, command: needle_offload 512 10 32
==126056== Profiling application: needle_offload 512 10 32
==126056== Profiling result:
            Type  Time(%)      Time     Calls       Avg       Min       Max  Name
                        %        ms                  ms        ms        ms
 GPU activities:    51.57  1.01e+03         1  1.01e+03  1.01e+03  1.01e+03  __omp_offloading_2f_68d0ec__Z12nw_optimizedPiS_S_iii_l111
                    48.43  946.4741         1  946.4741  946.4741  946.4741  __omp_offloading_2f_68d0ec__Z12nw_optimizedPiS_S_iii_l171
                     0.00  0.054048         4  0.013512  1.31e-03  0.025600  [CUDA memcpy HtoD]
                     0.00  0.023104         3  7.70e-03  1.70e-03  0.019712  [CUDA memcpy DtoH]
      API calls:    83.34  1.95e+03         7  279.2287  5.43e-03  1.01e+03  cuStreamSynchronize
                    10.40  243.8832         1  243.8832  243.8832  243.8832  cuDevicePrimaryCtxRetain
                     4.06  95.22050         1  95.22050  95.22050  95.22050  cuDevicePrimaryCtxRelease
                     1.25  29.33891         1  29.33891  29.33891  29.33891  cuModuleLoadDataEx
                     0.57  13.34053         2  6.670264  0.015384  13.32514  cuLaunchKernel
                     0.27  6.353716         1  6.353716  6.353716  6.353716  cuModuleUnload
                     0.03  0.767416        32  0.023981  3.91e-03  0.326546  cuStreamCreate
                     0.03  0.758749         4  0.189687  9.73e-03  0.384826  cuMemAlloc
                     0.02  0.376157        32  0.011754  0.011078  0.018862  cuStreamDestroy
                     0.01  0.259487         2  0.129743  0.016166  0.243321  cuMemFree
                     0.01  0.221238         4  0.055309  7.50e-03  0.107691  cuMemcpyHtoDAsync
                     0.01  0.135345         1  0.135345  0.135345  0.135345  cuMemcpyDtoHAsync
                     0.00  0.057333         2  0.028666  0.024243  0.033090  cuMemcpyDtoH
                     0.00  0.011293        21  5.37e-04  3.03e-04  1.31e-03  cuCtxSetCurrent
                     0.00  8.41e-03         4  2.10e-03  1.07e-03  3.34e-03  cuDeviceGetPCIBusId
                     0.00  5.76e-03        15  3.83e-04  2.69e-04  7.40e-04  cuDeviceGetAttribute
                     0.00  3.69e-03         3  1.23e-03  8.35e-04  1.64e-03  cuModuleGetGlobal
                     0.00  2.67e-03         5  5.34e-04  4.03e-04  6.52e-04  cuDeviceGet
                     0.00  2.04e-03         2  1.02e-03  7.82e-04  1.26e-03  cuModuleGetFunction
                     0.00  2.01e-03         2  1.00e-03  8.83e-04  1.13e-03  cuFuncGetAttribute
                     0.00  1.50e-03         3  4.98e-04  4.33e-04  5.68e-04  cuDeviceGetCount
                     0.00  7.52e-04         1  7.52e-04  7.52e-04  7.52e-04  cuDevicePrimaryCtxGetState
                     0.00  5.17e-04         1  5.17e-04  5.17e-04  5.17e-04  cuDevicePrimaryCtxSetFlags
                     0.00  4.84e-04         1  4.84e-04  4.84e-04  4.84e-04  cuCtxGetDevice
