==126197== NVPROF is profiling process 126197, command: needle_offload 1024 10 8
==126197== Profiling application: needle_offload 1024 10 8
==126197== Profiling result:
            Type  Time(%)      Time     Calls       Avg       Min       Max  Name
                        %        ms                  ms        ms        ms
 GPU activities:    50.78  3.97e+03         1  3.97e+03  3.97e+03  3.97e+03  __omp_offloading_2f_68d0ec__Z12nw_optimizedPiS_S_iii_l111
                    49.21  3.84e+03         1  3.84e+03  3.84e+03  3.84e+03  __omp_offloading_2f_68d0ec__Z12nw_optimizedPiS_S_iii_l171
                     0.01  0.569188         4  0.142297  1.31e-03  0.289346  [CUDA memcpy HtoD]
                     0.00  0.327331         3  0.109110  1.70e-03  0.323939  [CUDA memcpy DtoH]
      API calls:    95.93  7.81e+03         7  1.12e+03  5.45e-03  3.97e+03  cuStreamSynchronize
                     2.22  181.0329         1  181.0329  181.0329  181.0329  cuDevicePrimaryCtxRetain
                     1.18  96.06480         1  96.06480  96.06480  96.06480  cuDevicePrimaryCtxRelease
                     0.37  30.28841         1  30.28841  30.28841  30.28841  cuModuleLoadDataEx
                     0.16  13.40671         2  6.703353  0.032966  13.37374  cuLaunchKernel
                     0.08  6.552208         1  6.552208  6.552208  6.552208  cuModuleUnload
                     0.02  1.320003         4  0.330000  0.010109  0.445635  cuMemAlloc
                     0.01  0.769739        32  0.024054  4.05e-03  0.325709  cuStreamCreate
                     0.01  0.742529         4  0.185632  8.05e-03  0.372237  cuMemcpyHtoDAsync
                     0.01  0.510341         2  0.255170  0.208836  0.301505  cuMemFree
                     0.01  0.443922         1  0.443922  0.443922  0.443922  cuMemcpyDtoHAsync
                     0.00  0.383267        32  0.011977  0.011341  0.019137  cuStreamDestroy
                     0.00  0.072453         2  0.036226  0.031236  0.041217  cuMemcpyDtoH
                     0.00  0.013289        21  6.32e-04  3.93e-04  1.25e-03  cuCtxSetCurrent
                     0.00  9.13e-03        15  6.08e-04  3.62e-04  9.55e-04  cuDeviceGetAttribute
                     0.00  8.53e-03         4  2.13e-03  1.14e-03  3.54e-03  cuDeviceGetPCIBusId
                     0.00  4.58e-03         3  1.53e-03  1.20e-03  1.95e-03  cuModuleGetGlobal
                     0.00  3.65e-03         5  7.30e-04  6.59e-04  8.20e-04  cuDeviceGet
                     0.00  2.77e-03         2  1.39e-03  1.07e-03  1.70e-03  cuModuleGetFunction
                     0.00  2.49e-03         2  1.25e-03  1.17e-03  1.32e-03  cuFuncGetAttribute
                     0.00  1.67e-03         3  5.56e-04  3.54e-04  7.67e-04  cuDeviceGetCount
                     0.00  7.81e-04         1  7.81e-04  7.81e-04  7.81e-04  cuDevicePrimaryCtxGetState
                     0.00  5.47e-04         1  5.47e-04  5.47e-04  5.47e-04  cuDevicePrimaryCtxSetFlags
                     0.00  4.76e-04         1  4.76e-04  4.76e-04  4.76e-04  cuCtxGetDevice
