==125767== NVPROF is profiling process 125767, command: needle_offload 256 10 8
==125767== Profiling application: needle_offload 256 10 8
==125767== Profiling result:
            Type  Time(%)      Time     Calls       Avg       Min       Max  Name
                        %        ms                  ms        ms        ms
 GPU activities:    53.13  260.0481         1  260.0481  260.0481  260.0481  __omp_offloading_2f_68d0ec__Z12nw_optimizedPiS_S_iii_l111
                    46.86  229.3351         1  229.3351  229.3351  229.3351  __omp_offloading_2f_68d0ec__Z12nw_optimizedPiS_S_iii_l171
                     0.00  0.021472         4  5.37e-03  1.31e-03  9.57e-03  [CUDA memcpy HtoD]
                     0.00  9.92e-03         3  3.31e-03  1.66e-03  6.56e-03  [CUDA memcpy DtoH]
      API calls:    59.92  489.5634         7  69.93762  6.64e-03  260.1023  cuStreamSynchronize
                    22.25  181.8151         1  181.8151  181.8151  181.8151  cuDevicePrimaryCtxRetain
                    11.59  94.72861         1  94.72861  94.72861  94.72861  cuDevicePrimaryCtxRelease
                     3.60  29.44063         1  29.44063  29.44063  29.44063  cuModuleLoadDataEx
                     1.63  13.34273         2  6.671362  0.015164  13.32756  cuLaunchKernel
                     0.78  6.348430         1  6.348430  6.348430  6.348430  cuModuleUnload
                     0.09  0.766448        32  0.023951  4.01e-03  0.326985  cuStreamCreate
                     0.05  0.384066         4  0.096016  9.59e-03  0.354688  cuMemAlloc
                     0.05  0.372437        32  0.011638  0.011051  0.017401  cuStreamDestroy
                     0.01  0.087538         4  0.021884  7.24e-03  0.037393  cuMemcpyHtoDAsync
                     0.01  0.057502         2  0.028751  0.024241  0.033261  cuMemcpyDtoH
                     0.01  0.048539         1  0.048539  0.048539  0.048539  cuMemcpyDtoHAsync
                     0.00  0.029412         2  0.014706  0.013166  0.016246  cuMemFree
                     0.00  0.011113        21  5.29e-04  2.95e-04  1.35e-03  cuCtxSetCurrent
                     0.00  8.03e-03         4  2.01e-03  1.07e-03  3.54e-03  cuDeviceGetPCIBusId
                     0.00  5.96e-03        15  3.97e-04  2.74e-04  7.73e-04  cuDeviceGetAttribute
                     0.00  3.85e-03         3  1.28e-03  7.67e-04  1.82e-03  cuModuleGetGlobal
                     0.00  2.58e-03         5  5.15e-04  4.14e-04  6.52e-04  cuDeviceGet
                     0.00  2.17e-03         2  1.09e-03  9.05e-04  1.27e-03  cuModuleGetFunction
                     0.00  2.01e-03         2  1.01e-03  8.68e-04  1.14e-03  cuFuncGetAttribute
                     0.00  1.38e-03         3  4.60e-04  3.98e-04  5.26e-04  cuDeviceGetCount
                     0.00  8.89e-04         1  8.89e-04  8.89e-04  8.89e-04  cuDevicePrimaryCtxGetState
                     0.00  5.33e-04         1  5.33e-04  5.33e-04  5.33e-04  cuDevicePrimaryCtxSetFlags
                     0.00  4.66e-04         1  4.66e-04  4.66e-04  4.66e-04  cuCtxGetDevice
