==125957== NVPROF is profiling process 125957, command: needle_offload 512 10 8
==125957== Profiling application: needle_offload 512 10 8
==125957== Profiling result:
            Type  Time(%)      Time     Calls       Avg       Min       Max  Name
                        %        ms                  ms        ms        ms
 GPU activities:    51.57  1.01e+03         1  1.01e+03  1.01e+03  1.01e+03  __omp_offloading_2f_68d0ec__Z12nw_optimizedPiS_S_iii_l111
                    48.43  946.4321         1  946.4321  946.4321  946.4321  __omp_offloading_2f_68d0ec__Z12nw_optimizedPiS_S_iii_l171
                     0.00  0.053985         4  0.013496  1.28e-03  0.026016  [CUDA memcpy HtoD]
                     0.00  0.023072         3  7.69e-03  1.66e-03  0.019712  [CUDA memcpy DtoH]
      API calls:    85.77  1.95e+03         7  279.2163  5.38e-03  1.01e+03  cuStreamSynchronize
                     7.90  179.9098         1  179.9098  179.9098  179.9098  cuDevicePrimaryCtxRetain
                     4.07  92.63619         1  92.63619  92.63619  92.63619  cuDevicePrimaryCtxRelease
                     1.29  29.34546         1  29.34546  29.34546  29.34546  cuModuleLoadDataEx
                     0.59  13.34594         2  6.672969  0.015297  13.33064  cuLaunchKernel
                     0.28  6.335617         1  6.335617  6.335617  6.335617  cuModuleUnload
                     0.03  0.764599        32  0.023893  3.96e-03  0.324297  cuStreamCreate
                     0.03  0.754682         4  0.188670  9.79e-03  0.376322  cuMemAlloc
                     0.02  0.374935        32  0.011716  0.011094  0.018814  cuStreamDestroy
                     0.01  0.266669         2  0.133334  0.015744  0.250925  cuMemFree
                     0.01  0.219291         4  0.054822  7.43e-03  0.105470  cuMemcpyHtoDAsync
                     0.01  0.132800         1  0.132800  0.132800  0.132800  cuMemcpyDtoHAsync
                     0.00  0.057547         2  0.028773  0.024648  0.032899  cuMemcpyDtoH
                     0.00  0.011723        21  5.58e-04  3.46e-04  1.23e-03  cuCtxSetCurrent
                     0.00  7.92e-03         4  1.98e-03  1.13e-03  3.50e-03  cuDeviceGetPCIBusId
                     0.00  6.24e-03        15  4.16e-04  3.22e-04  7.76e-04  cuDeviceGetAttribute
                     0.00  3.97e-03         3  1.32e-03  8.13e-04  1.87e-03  cuModuleGetGlobal
                     0.00  2.75e-03         5  5.49e-04  4.80e-04  6.68e-04  cuDeviceGet
                     0.00  2.12e-03         2  1.06e-03  8.55e-04  1.27e-03  cuModuleGetFunction
                     0.00  1.97e-03         2  9.87e-04  8.50e-04  1.13e-03  cuFuncGetAttribute
                     0.00  1.44e-03         3  4.79e-04  3.79e-04  5.84e-04  cuDeviceGetCount
                     0.00  7.50e-04         1  7.50e-04  7.50e-04  7.50e-04  cuDevicePrimaryCtxGetState
                     0.00  6.31e-04         1  6.31e-04  6.31e-04  6.31e-04  cuDevicePrimaryCtxSetFlags
                     0.00  4.98e-04         1  4.98e-04  4.98e-04  4.98e-04  cuCtxGetDevice
