==74499== NVPROF is profiling process 74499, command: mm_offload 128 100
==74499== Some kernel(s) will be replayed on device 0 in order to collect all events/metrics.
==74499== Profiling application: mm_offload 128 100
==74499== Profiling result:
==74499== Event result:
Invocations                                Event Name         Min         Max         Avg       Total
Device "Tesla V100-SXM2-16GB (0)"
    Kernel: __omp_offloading_2f_13046cf_main_l50
          1                     fb_subp0_read_sectors       42088       42088       42088       42088
          1                     fb_subp1_read_sectors       42203       42203       42203       42203
          1                    fb_subp0_write_sectors      221990      221990      221990      221990
          1                    fb_subp1_write_sectors      221376      221376      221376      221376
          1              l2_subp0_write_sector_misses      229961      229961      229961      229961
          1              l2_subp1_write_sector_misses      229480      229480      229480      229480
          1               l2_subp0_read_sector_misses       43666       43666       43666       43666
          1               l2_subp1_read_sector_misses       43713       43713       43713       43713
          1          l2_subp0_read_tex_sector_queries      224912      224912      224912      224912
          1          l2_subp1_read_tex_sector_queries      224716      224716      224716      224716
          1         l2_subp0_write_tex_sector_queries      681592      681592      681592      681592
          1         l2_subp1_write_tex_sector_queries      696712      696712      696712      696712
          1             l2_subp0_read_tex_hit_sectors      183063      183063      183063      183063
          1             l2_subp1_read_tex_hit_sectors      182959      182959      182959      182959
          1            l2_subp0_write_tex_hit_sectors      488436      488436      488436      488436
          1            l2_subp1_write_tex_hit_sectors      503532      503532      503532      503532
          1        l2_subp0_total_read_sector_queries      225562      225562      225562      225562
          1        l2_subp1_total_read_sector_queries      226470      226470      226470      226470
          1       l2_subp0_total_write_sector_queries      693698      693698      693698      693698
          1       l2_subp1_total_write_sector_queries      708759      708759      708759      708759
          1       l2_subp0_read_sysmem_sector_queries           0           0           0           0
          1       l2_subp1_read_sysmem_sector_queries        1162        1162        1162        1162
          1      l2_subp0_write_sysmem_sector_queries           0           0           0           0
          1      l2_subp1_write_sysmem_sector_queries           5           5           5           5
          1                         elapsed_cycles_sm    34559452    34559452    34559452    34559452
          1                           prof_trigger_00           0           0           0           0
          1                           prof_trigger_01           0           0           0           0
          1                           prof_trigger_02           0           0           0           0
          1                           prof_trigger_03           0           0           0           0
          1                           prof_trigger_04           0           0           0           0
          1                           prof_trigger_05           0           0           0           0
          1                           prof_trigger_06           0           0           0           0
          1                           prof_trigger_07           0           0           0           0
          1                            warps_launched         512         512         512         512
          1                              inst_issued0   117363744   117363744   117363744   117363744
          1                              inst_issued1     9859712     9859712     9859712     9859712
          1                             inst_executed    28574848    28574848    28574848    28574848
          1                      thread_inst_executed   908257280   908257280   908257280   908257280
          1   not_predicated_off_thread_inst_executed   879943296   879943296   879943296   879943296
          1                             active_cycles    33446433    33446433    33446433    33446433
          1                              active_warps   395744352   395744352   395744352   395744352
          1                               shared_atom           0           0           0           0
          1                           sm_cta_launched         128         128         128         128
          1                           shared_atom_cas           0           0           0           0
          1                               shared_load           0           0           0           0
          1                              shared_store           0           0           0           0
          1                              generic_load      702464      702464      702464      702464
          1                             generic_store      170624      170624      170624      170624
          1                               global_load           0           0           0           0
          1                              global_store           0           0           0           0
          1                                local_load       74752       74752       74752       74752
          1                               local_store       75776       75776       75776       75776
          1                                atom_count           0           0           0           0
          1                                gred_count           0           0           0           0
          1                    shared_ld_transactions        1567        1567        1567        1567
          1                    shared_st_transactions        1165        1165        1165        1165
          1                   shared_ld_bank_conflict           1           1           1           1
          1                   shared_st_bank_conflict           0           0           0           0
          1                           global_atom_cas           0           0           0           0
          1                          active_cycles_pm    31923736    31923736    31923736    31923736
          1                           active_warps_pm   204341270   204341270   204341270   204341270
          1                         elapsed_cycles_pm    33020254    33020254    33020254    33020254
          1                inst_executed_fp16_pipe_s0           0           0           0           0
          1                inst_executed_fp16_pipe_s1           0           0           0           0
          1                inst_executed_fp16_pipe_s2           0           0           0           0
          1                inst_executed_fp16_pipe_s3           0           0           0           0
          1                inst_executed_fp64_pipe_s0       32768       32768       32768       32768
          1                inst_executed_fp64_pipe_s1       32768       32768       32768       32768
          1                inst_executed_fp64_pipe_s2       32768       32768       32768       32768
          1                inst_executed_fp64_pipe_s3       32768       32768       32768       32768
          1                 inst_executed_fma_pipe_s0       70344       70344       70344       70344
          1                 inst_executed_fma_pipe_s1       70336       70336       70336       70336
          1                 inst_executed_fma_pipe_s2       70326       70326       70326       70326
          1                 inst_executed_fma_pipe_s3       70338       70338       70338       70338
          1              tensor_pipe_active_cycles_s0           0           0           0           0
          1              tensor_pipe_active_cycles_s1           0           0           0           0
          1              tensor_pipe_active_cycles_s2           0           0           0           0
          1              tensor_pipe_active_cycles_s3           0           0           0           0
          1                      pcie_tx_active_pulse           0           0           0           0
          1                      pcie_rx_active_pulse           0           0           0           0
          1                         active_cycles_sys      382831      382831      382831      382831
          1                        elapsed_cycles_sys      382831      382831      382831      382831
    Kernel: __omp_offloading_2f_13046cf_main_l64
          1                     fb_subp0_read_sectors       42200       42200       42200       42200
          1                     fb_subp1_read_sectors       42315       42315       42315       42315
          1                    fb_subp0_write_sectors      223756      223756      223756      223756
          1                    fb_subp1_write_sectors      222712      222712      222712      222712
          1              l2_subp0_write_sector_misses      230527      230527      230527      230527
          1              l2_subp1_write_sector_misses      230158      230158      230158      230158
          1               l2_subp0_read_sector_misses       43899       43899       43899       43899
          1               l2_subp1_read_sector_misses       43708       43708       43708       43708
          1          l2_subp0_read_tex_sector_queries      224912      224912      224912      224912
          1          l2_subp1_read_tex_sector_queries      224772      224772      224772      224772
          1         l2_subp0_write_tex_sector_queries      681592      681592      681592      681592
          1         l2_subp1_write_tex_sector_queries      696712      696712      696712      696712
          1             l2_subp0_read_tex_hit_sectors      183618      183618      183618      183618
          1             l2_subp1_read_tex_hit_sectors      183572      183572      183572      183572
          1            l2_subp0_write_tex_hit_sectors      488400      488400      488400      488400
          1            l2_subp1_write_tex_hit_sectors      503568      503568      503568      503568
          1        l2_subp0_total_read_sector_queries      225508      225508      225508      225508
          1        l2_subp1_total_read_sector_queries      226230      226230      226230      226230
          1       l2_subp0_total_write_sector_queries      693736      693736      693736      693736
          1       l2_subp1_total_write_sector_queries      708836      708836      708836      708836
          1       l2_subp0_read_sysmem_sector_queries           0           0           0           0
          1       l2_subp1_read_sysmem_sector_queries        1160        1160        1160        1160
          1      l2_subp0_write_sysmem_sector_queries           4           4           4           4
          1      l2_subp1_write_sysmem_sector_queries           1           1           1           1
          1                         elapsed_cycles_sm    33014412    33014412    33014412    33014412
          1                           prof_trigger_00           0           0           0           0
          1                           prof_trigger_01           0           0           0           0
          1                           prof_trigger_02           0           0           0           0
          1                           prof_trigger_03           0           0           0           0
          1                           prof_trigger_04           0           0           0           0
          1                           prof_trigger_05           0           0           0           0
          1                           prof_trigger_06           0           0           0           0
          1                           prof_trigger_07           0           0           0           0
          1                            warps_launched         512         512         512         512
          1                              inst_issued0   117479098   117479098   117479098   117479098
          1                              inst_issued1     9859712     9859712     9859712     9859712
          1                             inst_executed    28574848    28574848    28574848    28574848
          1                      thread_inst_executed   908257280   908257280   908257280   908257280
          1   not_predicated_off_thread_inst_executed   879943296   879943296   879943296   879943296
          1                             active_cycles    31982449    31982449    31982449    31982449
          1                              active_warps   389441754   389441754   389441754   389441754
          1                               shared_atom           0           0           0           0
          1                           sm_cta_launched         128         128         128         128
          1                           shared_atom_cas           0           0           0           0
          1                               shared_load           0           0           0           0
          1                              shared_store           0           0           0           0
          1                              generic_load      702464      702464      702464      702464
          1                             generic_store      170624      170624      170624      170624
          1                               global_load           0           0           0           0
          1                              global_store           0           0           0           0
          1                                local_load       74752       74752       74752       74752
          1                               local_store       75776       75776       75776       75776
          1                                atom_count           0           0           0           0
          1                                gred_count           0           0           0           0
          1                    shared_ld_transactions        1558        1558        1558        1558
          1                    shared_st_transactions        1153        1153        1153        1153
          1                   shared_ld_bank_conflict           0           0           0           0
          1                   shared_st_bank_conflict           0           0           0           0
          1                           global_atom_cas           0           0           0           0
          1                          active_cycles_pm    31981351    31981351    31981351    31981351
          1                           active_warps_pm   204524406   204524406   204524406   204524406
          1                         elapsed_cycles_pm    33037024    33037024    33037024    33037024
          1                inst_executed_fp16_pipe_s0           0           0           0           0
          1                inst_executed_fp16_pipe_s1           0           0           0           0
          1                inst_executed_fp16_pipe_s2           0           0           0           0
          1                inst_executed_fp16_pipe_s3           0           0           0           0
          1                inst_executed_fp64_pipe_s0       32768       32768       32768       32768
          1                inst_executed_fp64_pipe_s1       32768       32768       32768       32768
          1                inst_executed_fp64_pipe_s2       32768       32768       32768       32768
          1                inst_executed_fp64_pipe_s3       32768       32768       32768       32768
          1                 inst_executed_fma_pipe_s0       70326       70326       70326       70326
          1                 inst_executed_fma_pipe_s1       70330       70330       70330       70330
          1                 inst_executed_fma_pipe_s2       70350       70350       70350       70350
          1                 inst_executed_fma_pipe_s3       70338       70338       70338       70338
          1              tensor_pipe_active_cycles_s0           0           0           0           0
          1              tensor_pipe_active_cycles_s1           0           0           0           0
          1              tensor_pipe_active_cycles_s2           0           0           0           0
          1              tensor_pipe_active_cycles_s3           0           0           0           0
          1                      pcie_tx_active_pulse           1           1           1           1
          1                      pcie_rx_active_pulse           4           4           4           4
          1                         active_cycles_sys      383022      383022      383022      383022
          1                        elapsed_cycles_sys      383022      383022      383022      383022

==74499== Metric result:
Invocations                               Metric Name                                               Metric Description         Min         Max         Avg
Device "Tesla V100-SXM2-16GB (0)"
    Kernel: __omp_offloading_2f_13046cf_main_l50
          1                             inst_per_warp                                            Instructions per warp  5.5810e+04  5.5810e+04  5.5810e+04
          1                         branch_efficiency                                                Branch Efficiency      99.86%      99.86%      99.86%
          1                 warp_execution_efficiency                                        Warp Execution Efficiency      99.33%      99.33%      99.33%
          1         warp_nonpred_execution_efficiency                         Warp Non-Predicated Execution Efficiency      96.23%      96.23%      96.23%
          1                      inst_replay_overhead                                      Instruction Replay Overhead    0.000208    0.000208    0.000208
          1      shared_load_transactions_per_request                      Shared Memory Load Transactions Per Request    1.020182    1.020182    1.020182
          1     shared_store_transactions_per_request                     Shared Memory Store Transactions Per Request    1.011285    1.011285    1.011285
          1       local_load_transactions_per_request                       Local Memory Load Transactions Per Request    4.000000    4.000000    4.000000
          1      local_store_transactions_per_request                      Local Memory Store Transactions Per Request    4.000000    4.000000    4.000000
          1              gld_transactions_per_request                             Global Load Transactions Per Request    4.446154    4.446154    4.446154
          1              gst_transactions_per_request                            Global Store Transactions Per Request    8.000000    8.000000    8.000000
          1                 shared_store_transactions                                        Shared Store Transactions        1165        1165        1165
          1                  shared_load_transactions                                         Shared Load Transactions        1567        1567        1567
          1                   local_load_transactions                                          Local Load Transactions     2975744     2975744     2975744
          1                  local_store_transactions                                         Local Store Transactions     1374208     1374208     1374208
          1                          gld_transactions                                         Global Load Transactions      591872      591872      591872
          1                          gst_transactions                                        Global Store Transactions        4096        4096        4096
          1                  sysmem_read_transactions                                  System Memory Read Transactions          20          20          20
          1                 sysmem_write_transactions                                 System Memory Write Transactions           5           5           5
          1                      l2_read_transactions                                             L2 Read Transactions      452032      452032      452032
          1                     l2_write_transactions                                            L2 Write Transactions     1402457     1402457     1402457
          1                    dram_read_transactions                                  Device Memory Read Transactions       87379       87379       87379
          1                   dram_write_transactions                                 Device Memory Write Transactions      459441      459441      459441
          1                           global_hit_rate                                Global Hit Rate in unified l1/tex      43.60%      43.60%      43.60%
          1                            local_hit_rate                                                   Local Hit Rate      88.70%      88.70%      88.70%
          1                  gld_requested_throughput                                 Requested Global Load Throughput  55.715GB/s  55.715GB/s  55.715GB/s
          1                  gst_requested_throughput                                Requested Global Store Throughput  432.01MB/s  432.01MB/s  432.01MB/s
          1                            gld_throughput                                           Global Load Throughput  60.962GB/s  60.962GB/s  60.962GB/s
          1                            gst_throughput                                          Global Store Throughput  432.01MB/s  432.01MB/s  432.01MB/s
          1                     local_memory_overhead                                            Local Memory Overhead      81.61%      81.61%      81.61%
          1                        tex_cache_hit_rate                                           Unified Cache Hit Rate      63.04%      63.04%      63.04%
          1                      l2_tex_read_hit_rate                                      L2 Hit Rate (Texture Reads)      81.41%      81.41%      81.41%
          1                     l2_tex_write_hit_rate                                     L2 Hit Rate (Texture Writes)      71.97%      71.97%      71.97%
          1                      dram_read_throughput                                    Device Memory Read Throughput  8.9999GB/s  8.9999GB/s  8.9999GB/s
          1                     dram_write_throughput                                   Device Memory Write Throughput  47.322GB/s  47.322GB/s  47.322GB/s
          1                      tex_cache_throughput                       Unified cache to Multiprocessor throughput  417.61GB/s  417.61GB/s  417.61GB/s
          1                    l2_tex_read_throughput                                    L2 Throughput (Texture Reads)  46.311GB/s  46.311GB/s  46.311GB/s
          1                   l2_tex_write_throughput                                   L2 Throughput (Texture Writes)  141.96GB/s  141.96GB/s  141.96GB/s
          1                        l2_read_throughput                                            L2 Throughput (Reads)  46.559GB/s  46.559GB/s  46.559GB/s
          1                       l2_write_throughput                                           L2 Throughput (Writes)  144.45GB/s  144.45GB/s  144.45GB/s
          1                    sysmem_read_throughput                                    System Memory Read Throughput  2.1094MB/s  2.1094MB/s  2.1094MB/s
          1                   sysmem_write_throughput                                   System Memory Write Throughput  540.01KB/s  540.01KB/s  540.01KB/s
          1                     local_load_throughput                                     Local Memory Load Throughput  306.50GB/s  306.50GB/s  306.50GB/s
          1                    local_store_throughput                                    Local Memory Store Throughput  141.54GB/s  141.54GB/s  141.54GB/s
          1                    shared_load_throughput                                    Shared Memory Load Throughput  661.09MB/s  661.09MB/s  661.09MB/s
          1                   shared_store_throughput                                   Shared Memory Store Throughput  491.49MB/s  491.49MB/s  491.49MB/s
          1                            gld_efficiency                                    Global Memory Load Efficiency      91.39%      91.39%      91.39%
          1                            gst_efficiency                                   Global Memory Store Efficiency     100.00%     100.00%     100.00%
          1                    tex_cache_transactions                     Unified cache to Multiprocessor transactions     1013632     1013632     1013632
          1                             flop_count_dp                      Floating Point Operations(Double Precision)     4194304     4194304     4194304
          1                         flop_count_dp_add                  Floating Point Operations(Double Precision Add)     2097152     2097152     2097152
          1                         flop_count_dp_fma                  Floating Point Operations(Double Precision FMA)           0           0           0
          1                         flop_count_dp_mul                  Floating Point Operations(Double Precision Mul)     2097152     2097152     2097152
          1                             flop_count_sp                      Floating Point Operations(Single Precision)           0           0           0
          1                         flop_count_sp_add                  Floating Point Operations(Single Precision Add)           0           0           0
          1                         flop_count_sp_fma                  Floating Point Operations(Single Precision FMA)           0           0           0
          1                         flop_count_sp_mul                   Floating Point Operation(Single Precision Mul)           0           0           0
          1                     flop_count_sp_special              Floating Point Operations(Single Precision Special)       98304       98304       98304
          1                             inst_executed                                            Instructions Executed    28574848    28574848    28574848
          1                               inst_issued                                              Instructions Issued     9859712     9859712     9859712
          1                          dram_utilization                                        Device Memory Utilization     Low (1)     Low (1)     Low (1)
          1                        sysmem_utilization                                        System Memory Utilization     Low (1)     Low (1)     Low (1)
          1                          stall_inst_fetch                         Issue Stall Reasons (Instructions Fetch)       1.45%       1.45%       1.45%
          1                     stall_exec_dependency                       Issue Stall Reasons (Execution Dependency)      69.79%      69.79%      69.79%
          1                   stall_memory_dependency                               Issue Stall Reasons (Data Request)      28.41%      28.41%      28.41%
          1                             stall_texture                                    Issue Stall Reasons (Texture)       0.00%       0.00%       0.00%
          1                                stall_sync                            Issue Stall Reasons (Synchronization)       0.03%       0.03%       0.03%
          1                               stall_other                                      Issue Stall Reasons (Other)       0.00%       0.00%       0.00%
          1          stall_constant_memory_dependency                         Issue Stall Reasons (Immediate constant)       0.07%       0.07%       0.07%
          1                           stall_pipe_busy                                  Issue Stall Reasons (Pipe Busy)       0.02%       0.02%       0.02%
          1                         shared_efficiency                                         Shared Memory Efficiency       1.32%       1.32%       1.32%
          1                                inst_fp_32                                          FP Instructions(Single)       98304       98304       98304
          1                                inst_fp_64                                          FP Instructions(Double)     4194304     4194304     4194304
          1                              inst_integer                                             Integer Instructions    86397312    86397312    86397312
          1                          inst_bit_convert                                         Bit-Convert Instructions      196608      196608      196608
          1                              inst_control                                        Control-Flow Instructions     9554048     9554048     9554048
          1                        inst_compute_ld_st                                          Load/Store Instructions    32850560    32850560    32850560
          1                                 inst_misc                                                Misc Instructions   175982080   175982080   175982080
          1           inst_inter_thread_communication                                        Inter-Thread Instructions           0           0           0
          1                               issue_slots                                                      Issue Slots     9859712     9859712     9859712
          1                                 cf_issued                                 Issued Control-Flow Instructions      407680      407680      407680
          1                               cf_executed                               Executed Control-Flow Instructions      407680      407680      407680
          1                               ldst_issued                                   Issued Load/Store Instructions     1117184     1117184     1117184
          1                             ldst_executed                                 Executed Load/Store Instructions     1117184     1117184     1117184
          1                       atomic_transactions                                              Atomic Transactions           0           0           0
          1           atomic_transactions_per_request                                  Atomic Transactions Per Request    0.000000    0.000000    0.000000
          1                      l2_atomic_throughput                                  L2 Throughput (Atomic requests)  0.00000B/s  0.00000B/s  0.00000B/s
          1                    l2_atomic_transactions                                L2 Transactions (Atomic requests)           0           0           0
          1                  l2_tex_read_transactions                                  L2 Transactions (Texture Reads)      449628      449628      449628
          1                     stall_memory_throttle                            Issue Stall Reasons (Memory Throttle)       0.21%       0.21%       0.21%
          1                        stall_not_selected                               Issue Stall Reasons (Not Selected)       0.01%       0.01%       0.01%
          1                 l2_tex_write_transactions                                 L2 Transactions (Texture Writes)     1378304     1378304     1378304
          1             nvlink_total_data_transmitted                                    NVLink Total Data Transmitted        9856        9856        9856
          1                nvlink_total_data_received                                       NVLink Total Data Received        7552        7552        7552
          1              nvlink_user_data_transmitted                                     NVLink User Data Transmitted         960         960         960
          1                 nvlink_user_data_received                                        NVLink User Data Received        3232        3232        3232
          1          nvlink_overhead_data_transmitted                                 NVLink Overhead Data Transmitted      90.26%      90.26%      90.26%
          1             nvlink_overhead_data_received                                    NVLink Overhead Data Received      57.20%      57.20%      57.20%
          1      nvlink_total_nratom_data_transmitted                             NVLink Total Nratom Data Transmitted           0           0           0
          1       nvlink_user_nratom_data_transmitted                              NVLink User Nratom Data Transmitted           0           0           0
          1       nvlink_total_ratom_data_transmitted                              NVLink Total Ratom Data Transmitted           0           0           0
          1        nvlink_user_ratom_data_transmitted                               NVLink User Ratom Data Transmitted           0           0           0
          1       nvlink_total_write_data_transmitted                              NVLink Total Write Data Transmitted         576         576         576
          1        nvlink_user_write_data_transmitted                               NVLink User Write Data Transmitted         192         192         192
          1                nvlink_transmit_throughput                                       NVLink Transmit Throughput  32.485MB/s  32.485MB/s  32.485MB/s
          1                 nvlink_receive_throughput                                        NVLink Receive Throughput  24.891MB/s  24.891MB/s  24.891MB/s
          1       nvlink_total_response_data_received                              NVLink Total Response Data Received        3872        3872        3872
          1        nvlink_user_response_data_received                               NVLink User Response Data Received        2464        2464        2464
          1                             flop_count_hp                        Floating Point Operations(Half Precision)           0           0           0
          1                         flop_count_hp_add                    Floating Point Operations(Half Precision Add)           0           0           0
          1                         flop_count_hp_mul                     Floating Point Operation(Half Precision Mul)           0           0           0
          1                         flop_count_hp_fma                    Floating Point Operations(Half Precision FMA)           0           0           0
          1                                inst_fp_16                                            HP Instructions(Half)           0           0           0
          1                                       ipc                                                     Executed IPC    0.295248    0.295248    0.295248
          1                                issued_ipc                                                       Issued IPC    0.295309    0.295309    0.295309
          1                    issue_slot_utilization                                           Issue Slot Utilization       7.38%       7.38%       7.38%
          1                             sm_efficiency                                          Multiprocessor Activity      96.71%      96.71%      96.71%
          1                        achieved_occupancy                                               Achieved Occupancy    0.100238    0.100238    0.100238
          1                  eligible_warps_per_cycle                                  Eligible Warps Per Active Cycle    0.308939    0.308939    0.308939
          1                        shared_utilization                                        Shared Memory Utilization     Low (1)     Low (1)     Low (1)
          1                            l2_utilization                                             L2 Cache Utilization     Low (1)     Low (1)     Low (1)
          1                           tex_utilization                                        Unified Cache Utilization     Low (1)     Low (1)     Low (1)
          1                       ldst_fu_utilization                             Load/Store Function Unit Utilization     Low (1)     Low (1)     Low (1)
          1                         cf_fu_utilization                           Control-Flow Function Unit Utilization     Low (1)     Low (1)     Low (1)
          1                        tex_fu_utilization                                Texture Function Unit Utilization    Idle (0)    Idle (0)    Idle (0)
          1                    special_fu_utilization                                Special Function Unit Utilization     Low (1)     Low (1)     Low (1)
          1             half_precision_fu_utilization                         Half-Precision Function Unit Utilization    Idle (0)    Idle (0)    Idle (0)
          1           single_precision_fu_utilization                       Single-Precision Function Unit Utilization     Low (1)     Low (1)     Low (1)
          1           double_precision_fu_utilization                       Double-Precision Function Unit Utilization     Low (1)     Low (1)     Low (1)
          1                        flop_hp_efficiency                                       FLOP Efficiency(Peak Half)       0.00%       0.00%       0.00%
          1                        flop_sp_efficiency                                     FLOP Efficiency(Peak Single)       0.00%       0.00%       0.00%
          1                        flop_dp_efficiency                                     FLOP Efficiency(Peak Double)       0.19%       0.19%       0.19%
          1                   sysmem_read_utilization                                   System Memory Read Utilization     Low (1)     Low (1)     Low (1)
          1                  sysmem_write_utilization                                  System Memory Write Utilization     Low (1)     Low (1)     Low (1)
          1       nvlink_data_transmission_efficiency                              NVLink Data Transmission Efficiency       0.01%       0.01%       0.01%
          1            nvlink_data_receive_efficiency                                   NVLink Data Receive Efficiency       0.01%       0.01%       0.01%
          1                            stall_sleeping                                   Issue Stall Reasons (Sleeping)       0.00%       0.00%       0.00%
          1               pcie_total_data_transmitted                                      PCIe Total Data Transmitted           0           0           0
          1                  pcie_total_data_received                                         PCIe Total Data Received           0           0           0
          1                inst_executed_global_loads                         Warp level instructions for global loads      133120      133120      133120
          1                 inst_executed_local_loads                          Warp level instructions for local loads      743936      743936      743936
          1                inst_executed_shared_loads                         Warp level instructions for shared loads        1536        1536        1536
          1               inst_executed_surface_loads                        Warp level instructions for surface loads           0           0           0
          1               inst_executed_global_stores                        Warp level instructions for global stores         512         512         512
          1                inst_executed_local_stores                         Warp level instructions for local stores      343552      343552      343552
          1               inst_executed_shared_stores                        Warp level instructions for shared stores        1152        1152        1152
          1              inst_executed_surface_stores                       Warp level instructions for surface stores           0           0           0
          1              inst_executed_global_atomics             Warp level instructions for global atom and atom cas           0           0           0
          1           inst_executed_global_reductions                    Warp level instructions for global reductions           0           0           0
          1             inst_executed_surface_atomics            Warp level instructions for surface atom and atom cas           0           0           0
          1          inst_executed_surface_reductions                   Warp level instructions for surface reductions           0           0           0
          1              inst_executed_shared_atomics             Warp level shared instructions for atom and atom CAS           0           0           0
          1                     inst_executed_tex_ops                              Warp level instructions for texture           0           0           0
          1                           dram_read_bytes                           Total bytes read from DRAM to L2 cache     2796128     2796128     2796128
          1                          dram_write_bytes                        Total bytes written from L2 cache to DRAM    14702112    14702112    14702112
          1                      global_load_requests         Total number of global load requests from Multiprocessor      133120      133120      133120
          1                       local_load_requests          Total number of local load requests from Multiprocessor      743936      743936      743936
          1                     surface_load_requests        Total number of surface load requests from Multiprocessor           0           0           0
          1                     global_store_requests        Total number of global store requests from Multiprocessor         512         512         512
          1                      local_store_requests         Total number of local store requests from Multiprocessor      343552      343552      343552
          1                    surface_store_requests       Total number of surface store requests from Multiprocessor           0           0           0
          1                    global_atomic_requests       Total number of global atomic requests from Multiprocessor           0           0           0
          1                 global_reduction_requests    Total number of global reduction requests from Multiprocessor           0           0           0
          1                   surface_atomic_requests      Total number of surface atomic requests from Multiprocessor           0           0           0
          1                surface_reduction_requests   Total number of surface reduction requests from Multiprocessor           0           0           0
          1                      l2_global_load_bytes             Bytes read from L2 for misses in L1 for global loads    10624512    10624512    10624512
          1                       l2_local_load_bytes              Bytes read from L2 for misses in L1 for local loads     3727104     3727104     3727104
          1                     l2_surface_load_bytes            Bytes read from L2 for misses in L1 for surface loads           0           0           0
          1              l2_global_atomic_store_bytes                   Bytes written to L2 from L1 for global atomics           0           0           0
          1               l2_local_global_store_bytes         Bytes written to L2 from L1 for local and global stores.    44105728    44105728    44105728
          1                    l2_surface_store_bytes           Bytes read from L2 for misses in L1 for surface stores           0           0           0
          1                         sysmem_read_bytes                                         System Memory Read Bytes         640         640         640
          1                        sysmem_write_bytes                                        System Memory Write Bytes         160         160         160
          1                           l2_tex_hit_rate                                                L2 Cache Hit Rate      74.29%      74.29%      74.29%
          1                     texture_load_requests        Total number of texture Load requests from Multiprocessor           0           0           0
          1           tensor_precision_fu_utilization                       Tensor-Precision Function Unit Utilization    Idle (0)    Idle (0)    Idle (0)
    Kernel: __omp_offloading_2f_13046cf_main_l64
          1                             inst_per_warp                                            Instructions per warp  5.5810e+04  5.5810e+04  5.5810e+04
          1                         branch_efficiency                                                Branch Efficiency      99.86%      99.86%      99.86%
          1                 warp_execution_efficiency                                        Warp Execution Efficiency      99.33%      99.33%      99.33%
          1         warp_nonpred_execution_efficiency                         Warp Non-Predicated Execution Efficiency      96.23%      96.23%      96.23%
          1                      inst_replay_overhead                                      Instruction Replay Overhead    0.000215    0.000215    0.000215
          1      shared_load_transactions_per_request                      Shared Memory Load Transactions Per Request    1.014323    1.014323    1.014323
          1     shared_store_transactions_per_request                     Shared Memory Store Transactions Per Request    1.000868    1.000868    1.000868
          1       local_load_transactions_per_request                       Local Memory Load Transactions Per Request    4.000000    4.000000    4.000000
          1      local_store_transactions_per_request                      Local Memory Store Transactions Per Request    4.000000    4.000000    4.000000
          1              gld_transactions_per_request                             Global Load Transactions Per Request    4.446154    4.446154    4.446154
          1              gst_transactions_per_request                            Global Store Transactions Per Request    8.000000    8.000000    8.000000
          1                 shared_store_transactions                                        Shared Store Transactions        1153        1153        1153
          1                  shared_load_transactions                                         Shared Load Transactions        1558        1558        1558
          1                   local_load_transactions                                          Local Load Transactions     2975744     2975744     2975744
          1                  local_store_transactions                                         Local Store Transactions     1374208     1374208     1374208
          1                          gld_transactions                                         Global Load Transactions      591872      591872      591872
          1                          gst_transactions                                        Global Store Transactions        4096        4096        4096
          1                  sysmem_read_transactions                                  System Memory Read Transactions          21          21          21
          1                 sysmem_write_transactions                                 System Memory Write Transactions           5           5           5
          1                      l2_read_transactions                                             L2 Read Transactions      451738      451738      451738
          1                     l2_write_transactions                                            L2 Write Transactions     1402572     1402572     1402572
          1                    dram_read_transactions                                  Device Memory Read Transactions       87607       87607       87607
          1                   dram_write_transactions                                 Device Memory Write Transactions      460685      460685      460685
          1                           global_hit_rate                                Global Hit Rate in unified l1/tex      43.60%      43.60%      43.60%
          1                            local_hit_rate                                                   Local Hit Rate      88.70%      88.70%      88.70%
          1                  gld_requested_throughput                                 Requested Global Load Throughput  55.658GB/s  55.658GB/s  55.658GB/s
          1                  gst_requested_throughput                                Requested Global Store Throughput  431.57MB/s  431.57MB/s  431.57MB/s
          1                            gld_throughput                                           Global Load Throughput  60.900GB/s  60.900GB/s  60.900GB/s
          1                            gst_throughput                                          Global Store Throughput  431.57MB/s  431.57MB/s  431.57MB/s
          1                     local_memory_overhead                                            Local Memory Overhead      81.61%      81.61%      81.61%
          1                        tex_cache_hit_rate                                           Unified Cache Hit Rate      63.04%      63.04%      63.04%
          1                      l2_tex_read_hit_rate                                      L2 Hit Rate (Texture Reads)      81.66%      81.66%      81.66%
          1                     l2_tex_write_hit_rate                                     L2 Hit Rate (Texture Writes)      71.97%      71.97%      71.97%
          1                      dram_read_throughput                                    Device Memory Read Throughput  9.0143GB/s  9.0143GB/s  9.0143GB/s
          1                     dram_write_throughput                                   Device Memory Write Throughput  47.402GB/s  47.402GB/s  47.402GB/s
          1                      tex_cache_throughput                       Unified cache to Multiprocessor throughput  417.19GB/s  417.19GB/s  417.19GB/s
          1                    l2_tex_read_throughput                                    L2 Throughput (Texture Reads)  46.270GB/s  46.270GB/s  46.270GB/s
          1                   l2_tex_write_throughput                                   L2 Throughput (Texture Writes)  141.82GB/s  141.82GB/s  141.82GB/s
          1                        l2_read_throughput                                            L2 Throughput (Reads)  46.481GB/s  46.481GB/s  46.481GB/s
          1                       l2_write_throughput                                           L2 Throughput (Writes)  144.32GB/s  144.32GB/s  144.32GB/s
          1                    sysmem_read_throughput                                    System Memory Read Throughput  2.2126MB/s  2.2126MB/s  2.2126MB/s
          1                   sysmem_write_throughput                                   System Memory Write Throughput  539.46KB/s  539.46KB/s  539.46KB/s
          1                     local_load_throughput                                     Local Memory Load Throughput  306.19GB/s  306.19GB/s  306.19GB/s
          1                    local_store_throughput                                    Local Memory Store Throughput  141.40GB/s  141.40GB/s  141.40GB/s
          1                    shared_load_throughput                                    Shared Memory Load Throughput  656.63MB/s  656.63MB/s  656.63MB/s
          1                   shared_store_throughput                                   Shared Memory Store Throughput  485.94MB/s  485.94MB/s  485.94MB/s
          1                            gld_efficiency                                    Global Memory Load Efficiency      91.39%      91.39%      91.39%
          1                            gst_efficiency                                   Global Memory Store Efficiency     100.00%     100.00%     100.00%
          1                    tex_cache_transactions                     Unified cache to Multiprocessor transactions     1013632     1013632     1013632
          1                             flop_count_dp                      Floating Point Operations(Double Precision)     4194304     4194304     4194304
          1                         flop_count_dp_add                  Floating Point Operations(Double Precision Add)     2097152     2097152     2097152
          1                         flop_count_dp_fma                  Floating Point Operations(Double Precision FMA)           0           0           0
          1                         flop_count_dp_mul                  Floating Point Operations(Double Precision Mul)     2097152     2097152     2097152
          1                             flop_count_sp                      Floating Point Operations(Single Precision)           0           0           0
          1                         flop_count_sp_add                  Floating Point Operations(Single Precision Add)           0           0           0
          1                         flop_count_sp_fma                  Floating Point Operations(Single Precision FMA)           0           0           0
          1                         flop_count_sp_mul                   Floating Point Operation(Single Precision Mul)           0           0           0
          1                     flop_count_sp_special              Floating Point Operations(Single Precision Special)       98304       98304       98304
          1                             inst_executed                                            Instructions Executed    28574848    28574848    28574848
          1                               inst_issued                                              Instructions Issued     9859712     9859712     9859712
          1                          dram_utilization                                        Device Memory Utilization     Low (1)     Low (1)     Low (1)
          1                        sysmem_utilization                                        System Memory Utilization     Low (1)     Low (1)     Low (1)
          1                          stall_inst_fetch                         Issue Stall Reasons (Instructions Fetch)       2.91%       2.91%       2.91%
          1                     stall_exec_dependency                       Issue Stall Reasons (Execution Dependency)      69.13%      69.13%      69.13%
          1                   stall_memory_dependency                               Issue Stall Reasons (Data Request)      27.65%      27.65%      27.65%
          1                             stall_texture                                    Issue Stall Reasons (Texture)       0.00%       0.00%       0.00%
          1                                stall_sync                            Issue Stall Reasons (Synchronization)       0.02%       0.02%       0.02%
          1                               stall_other                                      Issue Stall Reasons (Other)       0.00%       0.00%       0.00%
          1          stall_constant_memory_dependency                         Issue Stall Reasons (Immediate constant)       0.05%       0.05%       0.05%
          1                           stall_pipe_busy                                  Issue Stall Reasons (Pipe Busy)       0.02%       0.02%       0.02%
          1                         shared_efficiency                                         Shared Memory Efficiency       1.33%       1.33%       1.33%
          1                                inst_fp_32                                          FP Instructions(Single)       98304       98304       98304
          1                                inst_fp_64                                          FP Instructions(Double)     4194304     4194304     4194304
          1                              inst_integer                                             Integer Instructions    86397312    86397312    86397312
          1                          inst_bit_convert                                         Bit-Convert Instructions      196608      196608      196608
          1                              inst_control                                        Control-Flow Instructions     9554048     9554048     9554048
          1                        inst_compute_ld_st                                          Load/Store Instructions    32850560    32850560    32850560
          1                                 inst_misc                                                Misc Instructions   175982080   175982080   175982080
          1           inst_inter_thread_communication                                        Inter-Thread Instructions           0           0           0
          1                               issue_slots                                                      Issue Slots     9859712     9859712     9859712
          1                                 cf_issued                                 Issued Control-Flow Instructions      407680      407680      407680
          1                               cf_executed                               Executed Control-Flow Instructions      407680      407680      407680
          1                               ldst_issued                                   Issued Load/Store Instructions     1117184     1117184     1117184
          1                             ldst_executed                                 Executed Load/Store Instructions     1117184     1117184     1117184
          1                       atomic_transactions                                              Atomic Transactions           0           0           0
          1           atomic_transactions_per_request                                  Atomic Transactions Per Request    0.000000    0.000000    0.000000
          1                      l2_atomic_throughput                                  L2 Throughput (Atomic requests)  0.00000B/s  0.00000B/s  0.00000B/s
          1                    l2_atomic_transactions                                L2 Transactions (Atomic requests)           0           0           0
          1                  l2_tex_read_transactions                                  L2 Transactions (Texture Reads)      449684      449684      449684
          1                     stall_memory_throttle                            Issue Stall Reasons (Memory Throttle)       0.20%       0.20%       0.20%
          1                        stall_not_selected                               Issue Stall Reasons (Not Selected)       0.01%       0.01%       0.01%
          1                 l2_tex_write_transactions                                 L2 Transactions (Texture Writes)     1378304     1378304     1378304
          1             nvlink_total_data_transmitted                                    NVLink Total Data Transmitted        9440        9440        9440
          1                nvlink_total_data_received                                       NVLink Total Data Received        7360        7360        7360
          1              nvlink_user_data_transmitted                                     NVLink User Data Transmitted         832         832         832
          1                 nvlink_user_data_received                                        NVLink User Data Received        3040        3040        3040
          1          nvlink_overhead_data_transmitted                                 NVLink Overhead Data Transmitted      91.19%      91.19%      91.19%
          1             nvlink_overhead_data_received                                    NVLink Overhead Data Received      58.70%      58.70%      58.70%
          1      nvlink_total_nratom_data_transmitted                             NVLink Total Nratom Data Transmitted           0           0           0
          1       nvlink_user_nratom_data_transmitted                              NVLink User Nratom Data Transmitted           0           0           0
          1       nvlink_total_ratom_data_transmitted                              NVLink Total Ratom Data Transmitted           0           0           0
          1        nvlink_user_ratom_data_transmitted                               NVLink User Ratom Data Transmitted           0           0           0
          1       nvlink_total_write_data_transmitted                              NVLink Total Write Data Transmitted         576         576         576
          1        nvlink_user_write_data_transmitted                               NVLink User Write Data Transmitted         192         192         192
          1                nvlink_transmit_throughput                                       NVLink Transmit Throughput  31.082MB/s  31.082MB/s  31.082MB/s
          1                 nvlink_receive_throughput                                        NVLink Receive Throughput  24.234MB/s  24.234MB/s  24.234MB/s
          1       nvlink_total_response_data_received                              NVLink Total Response Data Received        4512        4512        4512
          1        nvlink_user_response_data_received                               NVLink User Response Data Received        2976        2976        2976
          1                             flop_count_hp                        Floating Point Operations(Half Precision)           0           0           0
          1                         flop_count_hp_add                    Floating Point Operations(Half Precision Add)           0           0           0
          1                         flop_count_hp_mul                     Floating Point Operation(Half Precision Mul)           0           0           0
          1                         flop_count_hp_fma                    Floating Point Operations(Half Precision FMA)           0           0           0
          1                                inst_fp_16                                            HP Instructions(Half)           0           0           0
          1                                       ipc                                                     Executed IPC    0.294422    0.294422    0.294422
          1                                issued_ipc                                                       Issued IPC    0.294486    0.294486    0.294486
          1                    issue_slot_utilization                                           Issue Slot Utilization       7.36%       7.36%       7.36%
          1                             sm_efficiency                                          Multiprocessor Activity      96.72%      96.72%      96.72%
          1                        achieved_occupancy                                               Achieved Occupancy    0.100036    0.100036    0.100036
          1                  eligible_warps_per_cycle                                  Eligible Warps Per Active Cycle    0.309712    0.309712    0.309712
          1                        shared_utilization                                        Shared Memory Utilization     Low (1)     Low (1)     Low (1)
          1                            l2_utilization                                             L2 Cache Utilization     Low (1)     Low (1)     Low (1)
          1                           tex_utilization                                        Unified Cache Utilization     Low (1)     Low (1)     Low (1)
          1                       ldst_fu_utilization                             Load/Store Function Unit Utilization     Low (1)     Low (1)     Low (1)
          1                         cf_fu_utilization                           Control-Flow Function Unit Utilization     Low (1)     Low (1)     Low (1)
          1                        tex_fu_utilization                                Texture Function Unit Utilization    Idle (0)    Idle (0)    Idle (0)
          1                    special_fu_utilization                                Special Function Unit Utilization     Low (1)     Low (1)     Low (1)
          1             half_precision_fu_utilization                         Half-Precision Function Unit Utilization    Idle (0)    Idle (0)    Idle (0)
          1           single_precision_fu_utilization                       Single-Precision Function Unit Utilization     Low (1)     Low (1)     Low (1)
          1           double_precision_fu_utilization                       Double-Precision Function Unit Utilization     Low (1)     Low (1)     Low (1)
          1                        flop_hp_efficiency                                       FLOP Efficiency(Peak Half)       0.00%       0.00%       0.00%
          1                        flop_sp_efficiency                                     FLOP Efficiency(Peak Single)       0.00%       0.00%       0.00%
          1                        flop_dp_efficiency                                     FLOP Efficiency(Peak Double)       0.20%       0.20%       0.20%
          1                   sysmem_read_utilization                                   System Memory Read Utilization     Low (1)     Low (1)     Low (1)
          1                  sysmem_write_utilization                                  System Memory Write Utilization     Low (1)     Low (1)     Low (1)
          1       nvlink_data_transmission_efficiency                              NVLink Data Transmission Efficiency       0.01%       0.01%       0.01%
          1            nvlink_data_receive_efficiency                                   NVLink Data Receive Efficiency       0.01%       0.01%       0.01%
          1                            stall_sleeping                                   Issue Stall Reasons (Sleeping)       0.00%       0.00%       0.00%
          1               pcie_total_data_transmitted                                      PCIe Total Data Transmitted         512         512         512
          1                  pcie_total_data_received                                         PCIe Total Data Received        2048        2048        2048
          1                inst_executed_global_loads                         Warp level instructions for global loads      133120      133120      133120
          1                 inst_executed_local_loads                          Warp level instructions for local loads      743936      743936      743936
          1                inst_executed_shared_loads                         Warp level instructions for shared loads        1536        1536        1536
          1               inst_executed_surface_loads                        Warp level instructions for surface loads           0           0           0
          1               inst_executed_global_stores                        Warp level instructions for global stores         512         512         512
          1                inst_executed_local_stores                         Warp level instructions for local stores      343552      343552      343552
          1               inst_executed_shared_stores                        Warp level instructions for shared stores        1152        1152        1152
          1              inst_executed_surface_stores                       Warp level instructions for surface stores           0           0           0
          1              inst_executed_global_atomics             Warp level instructions for global atom and atom cas           0           0           0
          1           inst_executed_global_reductions                    Warp level instructions for global reductions           0           0           0
          1             inst_executed_surface_atomics            Warp level instructions for surface atom and atom cas           0           0           0
          1          inst_executed_surface_reductions                   Warp level instructions for surface reductions           0           0           0
          1              inst_executed_shared_atomics             Warp level shared instructions for atom and atom CAS           0           0           0
          1                     inst_executed_tex_ops                              Warp level instructions for texture           0           0           0
          1                           dram_read_bytes                           Total bytes read from DRAM to L2 cache     2803424     2803424     2803424
          1                          dram_write_bytes                        Total bytes written from L2 cache to DRAM    14741920    14741920    14741920
          1                      global_load_requests         Total number of global load requests from Multiprocessor      133120      133120      133120
          1                       local_load_requests          Total number of local load requests from Multiprocessor      743936      743936      743936
          1                     surface_load_requests        Total number of surface load requests from Multiprocessor           0           0           0
          1                     global_store_requests        Total number of global store requests from Multiprocessor         512         512         512
          1                      local_store_requests         Total number of local store requests from Multiprocessor      343552      343552      343552
          1                    surface_store_requests       Total number of surface store requests from Multiprocessor           0           0           0
          1                    global_atomic_requests       Total number of global atomic requests from Multiprocessor           0           0           0
          1                 global_reduction_requests    Total number of global reduction requests from Multiprocessor           0           0           0
          1                   surface_atomic_requests      Total number of surface atomic requests from Multiprocessor           0           0           0
          1                surface_reduction_requests   Total number of surface reduction requests from Multiprocessor           0           0           0
          1                      l2_global_load_bytes             Bytes read from L2 for misses in L1 for global loads    10624512    10624512    10624512
          1                       l2_local_load_bytes              Bytes read from L2 for misses in L1 for local loads     3726208     3726208     3726208
          1                     l2_surface_load_bytes            Bytes read from L2 for misses in L1 for surface loads           0           0           0
          1              l2_global_atomic_store_bytes                   Bytes written to L2 from L1 for global atomics           0           0           0
          1               l2_local_global_store_bytes         Bytes written to L2 from L1 for local and global stores.    44105728    44105728    44105728
          1                    l2_surface_store_bytes           Bytes read from L2 for misses in L1 for surface stores           0           0           0
          1                         sysmem_read_bytes                                         System Memory Read Bytes         672         672         672
          1                        sysmem_write_bytes                                        System Memory Write Bytes         160         160         160
          1                           l2_tex_hit_rate                                                L2 Cache Hit Rate      74.35%      74.35%      74.35%
          1                     texture_load_requests        Total number of texture Load requests from Multiprocessor           0           0           0
          1           tensor_precision_fu_utilization                       Tensor-Precision Function Unit Utilization    Idle (0)    Idle (0)    Idle (0)
