==91263== NVPROF is profiling process 91263, command: mm_offload 128 250
==91263== Profiling application: mm_offload 128 250
==91263== Profiling result:
            Type  Time(%)      Time     Calls       Avg       Min       Max  Name
                        %        ms                  ms        ms        ms
 GPU activities:    48.26  0.319198         1  0.319198  0.319198  0.319198  __omp_offloading_30_13046cf_main_l50
                    47.41  0.313630         1  0.313630  0.313630  0.313630  __omp_offloading_30_13046cf_main_l64
                     3.05  0.020160         3  6.72e-03  6.21e-03  7.26e-03  [CUDA memcpy HtoD]
                     1.28  8.48e-03         3  2.83e-03  1.82e-03  4.83e-03  [CUDA memcpy DtoH]
      API calls:    69.99  283.1738         1  283.1738  283.1738  283.1738  cuDevicePrimaryCtxRetain
                    22.79  92.20775         1  92.20775  92.20775  92.20775  cuDevicePrimaryCtxRelease
                     5.44  22.00088         1  22.00088  22.00088  22.00088  cuModuleLoadDataEx
                     1.08  4.354926         1  4.354926  4.354926  4.354926  cuModuleUnload
                     0.19  0.786660         6  0.131110  7.75e-03  0.366555  cuStreamSynchronize
                     0.19  0.775936        32  0.024248  4.00e-03  0.330811  cuStreamCreate
                     0.10  0.389897         5  0.077979  5.15e-03  0.364145  cuMemAlloc
                     0.09  0.367125        32  0.011472  0.010961  0.016718  cuStreamDestroy
                     0.07  0.273639         5  0.054727  9.94e-03  0.227025  cuMemFree
                     0.02  0.078299         1  0.078299  0.078299  0.078299  cuMemcpyDtoHAsync
                     0.02  0.070750         3  0.023583  0.021985  0.025599  cuMemcpyHtoDAsync
                     0.01  0.059849         2  0.029924  0.025858  0.033991  cuMemcpyDtoH
                     0.01  0.032509         2  0.016254  0.013578  0.018931  cuLaunchKernel
                     0.00  0.012259        24  5.10e-04  3.20e-04  1.25e-03  cuCtxSetCurrent
                     0.00  9.02e-03         4  2.25e-03  1.38e-03  3.35e-03  cuDeviceGetPCIBusId
                     0.00  6.14e-03        15  4.09e-04  3.22e-04  8.02e-04  cuDeviceGetAttribute
                     0.00  6.13e-03         5  1.23e-03  4.41e-04  3.94e-03  cuDeviceGet
                     0.00  3.15e-03         3  1.05e-03  7.52e-04  1.34e-03  cuModuleGetGlobal
                     0.00  2.64e-03         1  2.64e-03  2.64e-03  2.64e-03  cuDevicePrimaryCtxGetState
                     0.00  1.80e-03         2  8.98e-04  7.91e-04  1.01e-03  cuModuleGetFunction
                     0.00  1.64e-03         1  1.64e-03  1.64e-03  1.64e-03  cuDevicePrimaryCtxSetFlags
                     0.00  1.59e-03         2  7.92e-04  7.23e-04  8.62e-04  cuFuncGetAttribute
                     0.00  1.47e-03         3  4.91e-04  3.94e-04  5.74e-04  cuDeviceGetCount
                     0.00  5.00e-04         1  5.00e-04  5.00e-04  5.00e-04  cuCtxGetDevice
