==3160== NVPROF is profiling process 3160, command: mm_offload 128 400
==3160== Profiling application: mm_offload 128 400
==3160== Profiling result:
            Type  Time(%)      Time     Calls       Avg       Min       Max  Name
                        %        ms                  ms        ms        ms
 GPU activities:    47.94  0.316350         1  0.316350  0.316350  0.316350  __omp_offloading_30_13046cf_main_l50
                    47.75  0.315102         1  0.315102  0.315102  0.315102  __omp_offloading_30_13046cf_main_l64
                     3.01  0.019840         3  6.61e-03  6.37e-03  7.10e-03  [CUDA memcpy HtoD]
                     1.30  8.58e-03         3  2.86e-03  1.82e-03  4.90e-03  [CUDA memcpy DtoH]
      API calls:    69.82  282.0828         1  282.0828  282.0828  282.0828  cuDevicePrimaryCtxRetain
                    22.87  92.39343         1  92.39343  92.39343  92.39343  cuDevicePrimaryCtxRelease
                     5.51  22.26783         1  22.26783  22.26783  22.26783  cuModuleLoadDataEx
                     1.09  4.388066         1  4.388066  4.388066  4.388066  cuModuleUnload
                     0.19  0.785668         6  0.130944  6.14e-03  0.365370  cuStreamSynchronize
                     0.19  0.777650        32  0.024301  4.01e-03  0.331234  cuStreamCreate
                     0.10  0.406058         5  0.081211  5.12e-03  0.380672  cuMemAlloc
                     0.09  0.365708        32  0.011428  0.010967  0.016390  cuStreamDestroy
                     0.07  0.273558         5  0.054711  0.010108  0.226838  cuMemFree
                     0.02  0.072446         3  0.024148  0.022300  0.027165  cuMemcpyHtoDAsync
                     0.02  0.061151         2  0.030575  0.026475  0.034676  cuMemcpyDtoH
                     0.01  0.042944         1  0.042944  0.042944  0.042944  cuMemcpyDtoHAsync
                     0.01  0.033018         2  0.016509  0.014097  0.018921  cuLaunchKernel
                     0.00  0.012719        24  5.29e-04  3.18e-04  1.39e-03  cuCtxSetCurrent
                     0.00  9.33e-03         4  2.33e-03  1.36e-03  3.80e-03  cuDeviceGetPCIBusId
                     0.00  6.61e-03        15  4.40e-04  2.69e-04  1.25e-03  cuDeviceGetAttribute
                     0.00  6.42e-03         5  1.28e-03  4.28e-04  4.45e-03  cuDeviceGet
                     0.00  3.55e-03         1  3.55e-03  3.55e-03  3.55e-03  cuDevicePrimaryCtxGetState
                     0.00  3.21e-03         3  1.07e-03  7.10e-04  1.39e-03  cuModuleGetGlobal
                     0.00  2.22e-03         1  2.22e-03  2.22e-03  2.22e-03  cuDevicePrimaryCtxSetFlags
                     0.00  1.92e-03         2  9.59e-04  8.05e-04  1.11e-03  cuModuleGetFunction
                     0.00  1.66e-03         2  8.32e-04  7.13e-04  9.51e-04  cuFuncGetAttribute
                     0.00  1.56e-03         3  5.20e-04  3.80e-04  6.91e-04  cuDeviceGetCount
                     0.00  8.94e-04         1  8.94e-04  8.94e-04  8.94e-04  cuCtxGetDevice
