==78144== NVPROF is profiling process 78144, command: mm_offload 128 450
==78144== Some kernel(s) will be replayed on device 0 in order to collect all events/metrics.
==78144== Profiling application: mm_offload 128 450
==78144== Profiling result:
==78144== Event result:
Invocations                                Event Name         Min         Max         Avg       Total
Device "Tesla V100-SXM2-16GB (0)"
    Kernel: __omp_offloading_2f_13046cf_main_l50
          1                     fb_subp0_read_sectors       41667       41667       41667       41667
          1                     fb_subp1_read_sectors       43367       43367       43367       43367
          1                    fb_subp0_write_sectors      220168      220168      220168      220168
          1                    fb_subp1_write_sectors      222796      222796      222796      222796
          1              l2_subp0_write_sector_misses      229525      229525      229525      229525
          1              l2_subp1_write_sector_misses      229032      229032      229032      229032
          1               l2_subp0_read_sector_misses       43718       43718       43718       43718
          1               l2_subp1_read_sector_misses       44223       44223       44223       44223
          1          l2_subp0_read_tex_sector_queries      224840      224840      224840      224840
          1          l2_subp1_read_tex_sector_queries      225000      225000      225000      225000
          1         l2_subp0_write_tex_sector_queries      683404      683404      683404      683404
          1         l2_subp1_write_tex_sector_queries      694900      694900      694900      694900
          1             l2_subp0_read_tex_hit_sectors      182555      182555      182555      182555
          1             l2_subp1_read_tex_hit_sectors      182247      182247      182247      182247
          1            l2_subp0_write_tex_hit_sectors      490196      490196      490196      490196
          1            l2_subp1_write_tex_hit_sectors      501848      501848      501848      501848
          1        l2_subp0_total_read_sector_queries      226493      226493      226493      226493
          1        l2_subp1_total_read_sector_queries      225586      225586      225586      225586
          1       l2_subp0_total_write_sector_queries      695414      695414      695414      695414
          1       l2_subp1_total_write_sector_queries      706875      706875      706875      706875
          1       l2_subp0_read_sysmem_sector_queries        1158        1158        1158        1158
          1       l2_subp1_read_sysmem_sector_queries           0           0           0           0
          1      l2_subp0_write_sysmem_sector_queries           5           5           5           5
          1      l2_subp1_write_sysmem_sector_queries           0           0           0           0
          1                         elapsed_cycles_sm    35011492    35011492    35011492    35011492
          1                           prof_trigger_00           0           0           0           0
          1                           prof_trigger_01           0           0           0           0
          1                           prof_trigger_02           0           0           0           0
          1                           prof_trigger_03           0           0           0           0
          1                           prof_trigger_04           0           0           0           0
          1                           prof_trigger_05           0           0           0           0
          1                           prof_trigger_06           0           0           0           0
          1                           prof_trigger_07           0           0           0           0
          1                            warps_launched         512         512         512         512
          1                              inst_issued0   118498312   118498312   118498312   118498312
          1                              inst_issued1     9859776     9859776     9859776     9859776
          1                             inst_executed    28574848    28574848    28574848    28574848
          1                      thread_inst_executed   908257280   908257280   908257280   908257280
          1   not_predicated_off_thread_inst_executed   879943296   879943296   879943296   879943296
          1                             active_cycles    33761452    33761452    33761452    33761452
          1                              active_warps   392721304   392721304   392721304   392721304
          1                               shared_atom           0           0           0           0
          1                           sm_cta_launched         128         128         128         128
          1                           shared_atom_cas           0           0           0           0
          1                               shared_load           0           0           0           0
          1                              shared_store           0           0           0           0
          1                              generic_load      702464      702464      702464      702464
          1                             generic_store      170624      170624      170624      170624
          1                               global_load           0           0           0           0
          1                              global_store           0           0           0           0
          1                                local_load       74752       74752       74752       74752
          1                               local_store       75776       75776       75776       75776
          1                                atom_count           0           0           0           0
          1                                gred_count           0           0           0           0
          1                    shared_ld_transactions        1546        1546        1546        1546
          1                    shared_st_transactions        1176        1176        1176        1176
          1                   shared_ld_bank_conflict           2           2           2           2
          1                   shared_st_bank_conflict           0           0           0           0
          1                           global_atom_cas           0           0           0           0
          1                          active_cycles_pm    32250220    32250220    32250220    32250220
          1                           active_warps_pm   206196224   206196224   206196224   206196224
          1                         elapsed_cycles_pm    33384702    33384702    33384702    33384702
          1                inst_executed_fp16_pipe_s0           0           0           0           0
          1                inst_executed_fp16_pipe_s1           0           0           0           0
          1                inst_executed_fp16_pipe_s2           0           0           0           0
          1                inst_executed_fp16_pipe_s3           0           0           0           0
          1                inst_executed_fp64_pipe_s0       32768       32768       32768       32768
          1                inst_executed_fp64_pipe_s1       32768       32768       32768       32768
          1                inst_executed_fp64_pipe_s2       32768       32768       32768       32768
          1                inst_executed_fp64_pipe_s3       32768       32768       32768       32768
          1                 inst_executed_fma_pipe_s0       70336       70336       70336       70336
          1                 inst_executed_fma_pipe_s1       70346       70346       70346       70346
          1                 inst_executed_fma_pipe_s2       70338       70338       70338       70338
          1                 inst_executed_fma_pipe_s3       70324       70324       70324       70324
          1              tensor_pipe_active_cycles_s0           0           0           0           0
          1              tensor_pipe_active_cycles_s1           0           0           0           0
          1              tensor_pipe_active_cycles_s2           0           0           0           0
          1              tensor_pipe_active_cycles_s3           0           0           0           0
          1                      pcie_tx_active_pulse           0           0           0           0
          1                      pcie_rx_active_pulse           0           0           0           0
          1                         active_cycles_sys      384806      384806      384806      384806
          1                        elapsed_cycles_sys      384806      384806      384806      384806
    Kernel: __omp_offloading_2f_13046cf_main_l64
          1                     fb_subp0_read_sectors       41684       41684       41684       41684
          1                     fb_subp1_read_sectors       42975       42975       42975       42975
          1                    fb_subp0_write_sectors      219705      219705      219705      219705
          1                    fb_subp1_write_sectors      222042      222042      222042      222042
          1              l2_subp0_write_sector_misses      229558      229558      229558      229558
          1              l2_subp1_write_sector_misses      229410      229410      229410      229410
          1               l2_subp0_read_sector_misses       43504       43504       43504       43504
          1               l2_subp1_read_sector_misses       44205       44205       44205       44205
          1          l2_subp0_read_tex_sector_queries      224476      224476      224476      224476
          1          l2_subp1_read_tex_sector_queries      224972      224972      224972      224972
          1         l2_subp0_write_tex_sector_queries      683404      683404      683404      683404
          1         l2_subp1_write_tex_sector_queries      694900      694900      694900      694900
          1             l2_subp0_read_tex_hit_sectors      182799      182799      182799      182799
          1             l2_subp1_read_tex_hit_sectors      182375      182375      182375      182375
          1            l2_subp0_write_tex_hit_sectors      490164      490164      490164      490164
          1            l2_subp1_write_tex_hit_sectors      501828      501828      501828      501828
          1        l2_subp0_total_read_sector_queries      226459      226459      226459      226459
          1        l2_subp1_total_read_sector_queries      225572      225572      225572      225572
          1       l2_subp0_total_write_sector_queries      683443      683443      683443      683443
          1       l2_subp1_total_write_sector_queries      694971      694971      694971      694971
          1       l2_subp0_read_sysmem_sector_queries        1164        1164        1164        1164
          1       l2_subp1_read_sysmem_sector_queries           0           0           0           0
          1      l2_subp0_write_sysmem_sector_queries           1           1           1           1
          1      l2_subp1_write_sysmem_sector_queries           4           4           4           4
          1                         elapsed_cycles_sm    34146130    34146130    34146130    34146130
          1                           prof_trigger_00           0           0           0           0
          1                           prof_trigger_01           0           0           0           0
          1                           prof_trigger_02           0           0           0           0
          1                           prof_trigger_03           0           0           0           0
          1                           prof_trigger_04           0           0           0           0
          1                           prof_trigger_05           0           0           0           0
          1                           prof_trigger_06           0           0           0           0
          1                           prof_trigger_07           0           0           0           0
          1                            warps_launched         512         512         512         512
          1                              inst_issued0   118506957   118506957   118506957   118506957
          1                              inst_issued1     9859764     9859764     9859764     9859764
          1                             inst_executed     9857664     9857664     9857664     9857664
          1                      thread_inst_executed   908257280   908257280   908257280   908257280
          1   not_predicated_off_thread_inst_executed   879943296   879943296   879943296   879943296
          1                             active_cycles    32330538    32330538    32330538    32330538
          1                              active_warps   390696758   390696758   390696758   390696758
          1                               shared_atom           0           0           0           0
          1                           sm_cta_launched         128         128         128         128
          1                           shared_atom_cas           0           0           0           0
          1                               shared_load           0           0           0           0
          1                              shared_store           0           0           0           0
          1                              generic_load      702464      702464      702464      702464
          1                             generic_store      170624      170624      170624      170624
          1                               global_load           0           0           0           0
          1                              global_store           0           0           0           0
          1                                local_load       74752       74752       74752       74752
          1                               local_store       75776       75776       75776       75776
          1                                atom_count           0           0           0           0
          1                                gred_count           0           0           0           0
          1                    shared_ld_transactions        1568        1568        1568        1568
          1                    shared_st_transactions        1159        1159        1159        1159
          1                   shared_ld_bank_conflict           1           1           1           1
          1                   shared_st_bank_conflict           0           0           0           0
          1                           global_atom_cas           0           0           0           0
          1                          active_cycles_pm    32393457    32393457    32393457    32393457
          1                           active_warps_pm   206182768   206182768   206182768   206182768
          1                         elapsed_cycles_pm    33565648    33565648    33565648    33565648
          1                inst_executed_fp16_pipe_s0           0           0           0           0
          1                inst_executed_fp16_pipe_s1           0           0           0           0
          1                inst_executed_fp16_pipe_s2           0           0           0           0
          1                inst_executed_fp16_pipe_s3           0           0           0           0
          1                inst_executed_fp64_pipe_s0       32768       32768       32768       32768
          1                inst_executed_fp64_pipe_s1       32768       32768       32768       32768
          1                inst_executed_fp64_pipe_s2       32768       32768       32768       32768
          1                inst_executed_fp64_pipe_s3       32768       32768       32768       32768
          1                 inst_executed_fma_pipe_s0       70340       70340       70340       70340
          1                 inst_executed_fma_pipe_s1       70324       70324       70324       70324
          1                 inst_executed_fma_pipe_s2       70330       70330       70330       70330
          1                 inst_executed_fma_pipe_s3       70350       70350       70350       70350
          1              tensor_pipe_active_cycles_s0           0           0           0           0
          1              tensor_pipe_active_cycles_s1           0           0           0           0
          1              tensor_pipe_active_cycles_s2           0           0           0           0
          1              tensor_pipe_active_cycles_s3           0           0           0           0
          1                      pcie_tx_active_pulse           0           0           0           0
          1                      pcie_rx_active_pulse           0           0           0           0
          1                         active_cycles_sys      386872      386872      386872      386872
          1                        elapsed_cycles_sys      386872      386872      386872      386872

==78144== Metric result:
Invocations                               Metric Name                                               Metric Description         Min         Max         Avg
Device "Tesla V100-SXM2-16GB (0)"
    Kernel: __omp_offloading_2f_13046cf_main_l50
          1                             inst_per_warp                                            Instructions per warp  5.5810e+04  5.5810e+04  5.5810e+04
          1                         branch_efficiency                                                Branch Efficiency      99.86%      99.86%      99.86%
          1                 warp_execution_efficiency                                        Warp Execution Efficiency      99.33%      99.33%      99.33%
          1         warp_nonpred_execution_efficiency                         Warp Non-Predicated Execution Efficiency      96.23%      96.23%      96.23%
          1                      inst_replay_overhead                                      Instruction Replay Overhead    0.000208    0.000208    0.000208
          1      shared_load_transactions_per_request                      Shared Memory Load Transactions Per Request    1.006510    1.006510    1.006510
          1     shared_store_transactions_per_request                     Shared Memory Store Transactions Per Request    1.020833    1.020833    1.020833
          1       local_load_transactions_per_request                       Local Memory Load Transactions Per Request    4.000000    4.000000    4.000000
          1      local_store_transactions_per_request                      Local Memory Store Transactions Per Request    4.000000    4.000000    4.000000
          1              gld_transactions_per_request                             Global Load Transactions Per Request    4.446154    4.446154    4.446154
          1              gst_transactions_per_request                            Global Store Transactions Per Request    8.000000    8.000000    8.000000
          1                 shared_store_transactions                                        Shared Store Transactions        1176        1176        1176
          1                  shared_load_transactions                                         Shared Load Transactions        1546        1546        1546
          1                   local_load_transactions                                          Local Load Transactions     2975744     2975744     2975744
          1                  local_store_transactions                                         Local Store Transactions     1374208     1374208     1374208
          1                          gld_transactions                                         Global Load Transactions      591872      591872      591872
          1                          gst_transactions                                        Global Store Transactions        4096        4096        4096
          1                  sysmem_read_transactions                                  System Memory Read Transactions          23          23          23
          1                 sysmem_write_transactions                                 System Memory Write Transactions           5           5           5
          1                      l2_read_transactions                                             L2 Read Transactions      452079      452079      452079
          1                     l2_write_transactions                                            L2 Write Transactions     1402289     1402289     1402289
          1                    dram_read_transactions                                  Device Memory Read Transactions       87941       87941       87941
          1                   dram_write_transactions                                 Device Memory Write Transactions      458557      458557      458557
          1                           global_hit_rate                                Global Hit Rate in unified l1/tex      43.60%      43.60%      43.60%
          1                            local_hit_rate                                                   Local Hit Rate      88.69%      88.69%      88.69%
          1                  gld_requested_throughput                                 Requested Global Load Throughput  58.483GB/s  58.483GB/s  58.483GB/s
          1                  gst_requested_throughput                                Requested Global Store Throughput  453.48MB/s  453.48MB/s  453.48MB/s
          1                            gld_throughput                                           Global Load Throughput  63.991GB/s  63.991GB/s  63.991GB/s
          1                            gst_throughput                                          Global Store Throughput  453.48MB/s  453.48MB/s  453.48MB/s
          1                     local_memory_overhead                                            Local Memory Overhead      81.61%      81.61%      81.61%
          1                        tex_cache_hit_rate                                           Unified Cache Hit Rate      63.04%      63.04%      63.04%
          1                      l2_tex_read_hit_rate                                      L2 Hit Rate (Texture Reads)      81.10%      81.10%      81.10%
          1                     l2_tex_write_hit_rate                                     L2 Hit Rate (Texture Writes)      71.98%      71.98%      71.98%
          1                      dram_read_throughput                                    Device Memory Read Throughput  9.5079GB/s  9.5079GB/s  9.5079GB/s
          1                     dram_write_throughput                                   Device Memory Write Throughput  49.578GB/s  49.578GB/s  49.578GB/s
          1                      tex_cache_throughput                       Unified cache to Multiprocessor throughput  438.36GB/s  438.36GB/s  438.36GB/s
          1                    l2_tex_read_throughput                                    L2 Throughput (Texture Reads)  48.635GB/s  48.635GB/s  48.635GB/s
          1                   l2_tex_write_throughput                                   L2 Throughput (Texture Writes)  149.02GB/s  149.02GB/s  149.02GB/s
          1                        l2_read_throughput                                            L2 Throughput (Reads)  48.877GB/s  48.877GB/s  48.877GB/s
          1                       l2_write_throughput                                           L2 Throughput (Writes)  151.61GB/s  151.61GB/s  151.61GB/s
          1                    sysmem_read_throughput                                    System Memory Read Throughput  2.5464MB/s  2.5464MB/s  2.5464MB/s
          1                   sysmem_write_throughput                                   System Memory Write Throughput  566.84KB/s  566.84KB/s  566.84KB/s
          1                     local_load_throughput                                     Local Memory Load Throughput  321.73GB/s  321.73GB/s  321.73GB/s
          1                    local_store_throughput                                    Local Memory Store Throughput  148.58GB/s  148.58GB/s  148.58GB/s
          1                    shared_load_throughput                                    Shared Memory Load Throughput  684.64MB/s  684.64MB/s  684.64MB/s
          1                   shared_store_throughput                                   Shared Memory Store Throughput  520.79MB/s  520.79MB/s  520.79MB/s
          1                            gld_efficiency                                    Global Memory Load Efficiency      91.39%      91.39%      91.39%
          1                            gst_efficiency                                   Global Memory Store Efficiency     100.00%     100.00%     100.00%
          1                    tex_cache_transactions                     Unified cache to Multiprocessor transactions     1013632     1013632     1013632
          1                             flop_count_dp                      Floating Point Operations(Double Precision)     4194304     4194304     4194304
          1                         flop_count_dp_add                  Floating Point Operations(Double Precision Add)     2097152     2097152     2097152
          1                         flop_count_dp_fma                  Floating Point Operations(Double Precision FMA)           0           0           0
          1                         flop_count_dp_mul                  Floating Point Operations(Double Precision Mul)     2097152     2097152     2097152
          1                             flop_count_sp                      Floating Point Operations(Single Precision)           0           0           0
          1                         flop_count_sp_add                  Floating Point Operations(Single Precision Add)           0           0           0
          1                         flop_count_sp_fma                  Floating Point Operations(Single Precision FMA)           0           0           0
          1                         flop_count_sp_mul                   Floating Point Operation(Single Precision Mul)           0           0           0
          1                     flop_count_sp_special              Floating Point Operations(Single Precision Special)       98304       98304       98304
          1                             inst_executed                                            Instructions Executed    28574848    28574848    28574848
          1                               inst_issued                                              Instructions Issued     9859776     9859776     9859776
          1                          dram_utilization                                        Device Memory Utilization     Low (1)     Low (1)     Low (1)
          1                        sysmem_utilization                                        System Memory Utilization     Low (1)     Low (1)     Low (1)
          1                          stall_inst_fetch                         Issue Stall Reasons (Instructions Fetch)       1.59%       1.59%       1.59%
          1                     stall_exec_dependency                       Issue Stall Reasons (Execution Dependency)      69.14%      69.14%      69.14%
          1                   stall_memory_dependency                               Issue Stall Reasons (Data Request)      28.90%      28.90%      28.90%
          1                             stall_texture                                    Issue Stall Reasons (Texture)       0.00%       0.00%       0.00%
          1                                stall_sync                            Issue Stall Reasons (Synchronization)       0.03%       0.03%       0.03%
          1                               stall_other                                      Issue Stall Reasons (Other)       0.00%       0.00%       0.00%
          1          stall_constant_memory_dependency                         Issue Stall Reasons (Immediate constant)       0.07%       0.07%       0.07%
          1                           stall_pipe_busy                                  Issue Stall Reasons (Pipe Busy)       0.02%       0.02%       0.02%
          1                         shared_efficiency                                         Shared Memory Efficiency       1.32%       1.32%       1.32%
          1                                inst_fp_32                                          FP Instructions(Single)       98304       98304       98304
          1                                inst_fp_64                                          FP Instructions(Double)     4194304     4194304     4194304
          1                              inst_integer                                             Integer Instructions    86397312    86397312    86397312
          1                          inst_bit_convert                                         Bit-Convert Instructions      196608      196608      196608
          1                              inst_control                                        Control-Flow Instructions     9554048     9554048     9554048
          1                        inst_compute_ld_st                                          Load/Store Instructions    32850560    32850560    32850560
          1                                 inst_misc                                                Misc Instructions   175982080   175982080   175982080
          1           inst_inter_thread_communication                                        Inter-Thread Instructions           0           0           0
          1                               issue_slots                                                      Issue Slots     9859776     9859776     9859776
          1                                 cf_issued                                 Issued Control-Flow Instructions      407680      407680      407680
          1                               cf_executed                               Executed Control-Flow Instructions      407680      407680      407680
          1                               ldst_issued                                   Issued Load/Store Instructions     1117184     1117184     1117184
          1                             ldst_executed                                 Executed Load/Store Instructions     1117184     1117184     1117184
          1                       atomic_transactions                                              Atomic Transactions           0           0           0
          1           atomic_transactions_per_request                                  Atomic Transactions Per Request    0.000000    0.000000    0.000000
          1                      l2_atomic_throughput                                  L2 Throughput (Atomic requests)  0.00000B/s  0.00000B/s  0.00000B/s
          1                    l2_atomic_transactions                                L2 Transactions (Atomic requests)           0           0           0
          1                  l2_tex_read_transactions                                  L2 Transactions (Texture Reads)      449840      449840      449840
          1                     stall_memory_throttle                            Issue Stall Reasons (Memory Throttle)       0.23%       0.23%       0.23%
          1                        stall_not_selected                               Issue Stall Reasons (Not Selected)       0.01%       0.01%       0.01%
          1                 l2_tex_write_transactions                                 L2 Transactions (Texture Writes)     1378304     1378304     1378304
          1             nvlink_total_data_transmitted                                    NVLink Total Data Transmitted        9584        9584        9584
          1                nvlink_total_data_received                                       NVLink Total Data Received        7360        7360        7360
          1              nvlink_user_data_transmitted                                     NVLink User Data Transmitted         960         960         960
          1                 nvlink_user_data_received                                        NVLink User Data Received        3136        3136        3136
          1          nvlink_overhead_data_transmitted                                 NVLink Overhead Data Transmitted      89.98%      89.98%      89.98%
          1             nvlink_overhead_data_received                                    NVLink Overhead Data Received      57.39%      57.39%      57.39%
          1      nvlink_total_nratom_data_transmitted                             NVLink Total Nratom Data Transmitted           0           0           0
          1       nvlink_user_nratom_data_transmitted                              NVLink User Nratom Data Transmitted           0           0           0
          1       nvlink_total_ratom_data_transmitted                              NVLink Total Ratom Data Transmitted           0           0           0
          1        nvlink_user_ratom_data_transmitted                               NVLink User Ratom Data Transmitted           0           0           0
          1       nvlink_total_write_data_transmitted                              NVLink Total Write Data Transmitted         576         576         576
          1        nvlink_user_write_data_transmitted                               NVLink User Write Data Transmitted         192         192         192
          1                nvlink_transmit_throughput                                       NVLink Transmit Throughput  33.158MB/s  33.158MB/s  33.158MB/s
          1                 nvlink_receive_throughput                                        NVLink Receive Throughput  25.464MB/s  25.464MB/s  25.464MB/s
          1       nvlink_total_response_data_received                              NVLink Total Response Data Received        3824        3824        3824
          1        nvlink_user_response_data_received                               NVLink User Response Data Received        2432        2432        2432
          1                             flop_count_hp                        Floating Point Operations(Half Precision)           0           0           0
          1                         flop_count_hp_add                    Floating Point Operations(Half Precision Add)           0           0           0
          1                         flop_count_hp_mul                     Floating Point Operation(Half Precision Mul)           0           0           0
          1                         flop_count_hp_fma                    Floating Point Operations(Half Precision FMA)           0           0           0
          1                                inst_fp_16                                            HP Instructions(Half)           0           0           0
          1                                       ipc                                                     Executed IPC    0.292375    0.292375    0.292375
          1                                issued_ipc                                                       Issued IPC    0.292435    0.292435    0.292435
          1                    issue_slot_utilization                                           Issue Slot Utilization       7.31%       7.31%       7.31%
          1                             sm_efficiency                                          Multiprocessor Activity      96.43%      96.43%      96.43%
          1                        achieved_occupancy                                               Achieved Occupancy    0.100061    0.100061    0.100061
          1                  eligible_warps_per_cycle                                  Eligible Warps Per Active Cycle    0.306706    0.306706    0.306706
          1                        shared_utilization                                        Shared Memory Utilization     Low (1)     Low (1)     Low (1)
          1                            l2_utilization                                             L2 Cache Utilization     Low (1)     Low (1)     Low (1)
          1                           tex_utilization                                        Unified Cache Utilization     Low (1)     Low (1)     Low (1)
          1                       ldst_fu_utilization                             Load/Store Function Unit Utilization     Low (1)     Low (1)     Low (1)
          1                         cf_fu_utilization                           Control-Flow Function Unit Utilization     Low (1)     Low (1)     Low (1)
          1                        tex_fu_utilization                                Texture Function Unit Utilization    Idle (0)    Idle (0)    Idle (0)
          1                    special_fu_utilization                                Special Function Unit Utilization     Low (1)     Low (1)     Low (1)
          1             half_precision_fu_utilization                         Half-Precision Function Unit Utilization    Idle (0)    Idle (0)    Idle (0)
          1           single_precision_fu_utilization                       Single-Precision Function Unit Utilization     Low (1)     Low (1)     Low (1)
          1           double_precision_fu_utilization                       Double-Precision Function Unit Utilization     Low (1)     Low (1)     Low (1)
          1                        flop_hp_efficiency                                       FLOP Efficiency(Peak Half)       0.00%       0.00%       0.00%
          1                        flop_sp_efficiency                                     FLOP Efficiency(Peak Single)       0.00%       0.00%       0.00%
          1                        flop_dp_efficiency                                     FLOP Efficiency(Peak Double)       0.19%       0.19%       0.19%
          1                   sysmem_read_utilization                                   System Memory Read Utilization     Low (1)     Low (1)     Low (1)
          1                  sysmem_write_utilization                                  System Memory Write Utilization     Low (1)     Low (1)     Low (1)
          1       nvlink_data_transmission_efficiency                              NVLink Data Transmission Efficiency       0.01%       0.01%       0.01%
          1            nvlink_data_receive_efficiency                                   NVLink Data Receive Efficiency       0.01%       0.01%       0.01%
          1                            stall_sleeping                                   Issue Stall Reasons (Sleeping)       0.00%       0.00%       0.00%
          1               pcie_total_data_transmitted                                      PCIe Total Data Transmitted           0           0           0
          1                  pcie_total_data_received                                         PCIe Total Data Received           0           0           0
          1                inst_executed_global_loads                         Warp level instructions for global loads      133120      133120      133120
          1                 inst_executed_local_loads                          Warp level instructions for local loads      743936      743936      743936
          1                inst_executed_shared_loads                         Warp level instructions for shared loads        1536        1536        1536
          1               inst_executed_surface_loads                        Warp level instructions for surface loads           0           0           0
          1               inst_executed_global_stores                        Warp level instructions for global stores         512         512         512
          1                inst_executed_local_stores                         Warp level instructions for local stores      343552      343552      343552
          1               inst_executed_shared_stores                        Warp level instructions for shared stores        1152        1152        1152
          1              inst_executed_surface_stores                       Warp level instructions for surface stores           0           0           0
          1              inst_executed_global_atomics             Warp level instructions for global atom and atom cas           0           0           0
          1           inst_executed_global_reductions                    Warp level instructions for global reductions           0           0           0
          1             inst_executed_surface_atomics            Warp level instructions for surface atom and atom cas           0           0           0
          1          inst_executed_surface_reductions                   Warp level instructions for surface reductions           0           0           0
          1              inst_executed_shared_atomics             Warp level shared instructions for atom and atom CAS           0           0           0
          1                     inst_executed_tex_ops                              Warp level instructions for texture           0           0           0
          1                           dram_read_bytes                           Total bytes read from DRAM to L2 cache     2814112     2814112     2814112
          1                          dram_write_bytes                        Total bytes written from L2 cache to DRAM    14673824    14673824    14673824
          1                      global_load_requests         Total number of global load requests from Multiprocessor      133120      133120      133120
          1                       local_load_requests          Total number of local load requests from Multiprocessor      743936      743936      743936
          1                     surface_load_requests        Total number of surface load requests from Multiprocessor           0           0           0
          1                     global_store_requests        Total number of global store requests from Multiprocessor         512         512         512
          1                      local_store_requests         Total number of local store requests from Multiprocessor      343552      343552      343552
          1                    surface_store_requests       Total number of surface store requests from Multiprocessor           0           0           0
          1                    global_atomic_requests       Total number of global atomic requests from Multiprocessor           0           0           0
          1                 global_reduction_requests    Total number of global reduction requests from Multiprocessor           0           0           0
          1                   surface_atomic_requests      Total number of surface atomic requests from Multiprocessor           0           0           0
          1                surface_reduction_requests   Total number of surface reduction requests from Multiprocessor           0           0           0
          1                      l2_global_load_bytes             Bytes read from L2 for misses in L1 for global loads    10624512    10624512    10624512
          1                       l2_local_load_bytes              Bytes read from L2 for misses in L1 for local loads     3736448     3736448     3736448
          1                     l2_surface_load_bytes            Bytes read from L2 for misses in L1 for surface loads           0           0           0
          1              l2_global_atomic_store_bytes                   Bytes written to L2 from L1 for global atomics           0           0           0
          1               l2_local_global_store_bytes         Bytes written to L2 from L1 for local and global stores.    44105728    44105728    44105728
          1                    l2_surface_store_bytes           Bytes read from L2 for misses in L1 for surface stores           0           0           0
          1                         sysmem_read_bytes                                         System Memory Read Bytes         736         736         736
          1                        sysmem_write_bytes                                        System Memory Write Bytes         160         160         160
          1                           l2_tex_hit_rate                                                L2 Cache Hit Rate      74.22%      74.22%      74.22%
          1                     texture_load_requests        Total number of texture Load requests from Multiprocessor           0           0           0
          1           tensor_precision_fu_utilization                       Tensor-Precision Function Unit Utilization    Idle (0)    Idle (0)    Idle (0)
    Kernel: __omp_offloading_2f_13046cf_main_l64
          1                             inst_per_warp                                            Instructions per warp  5.5810e+04  5.5810e+04  5.5810e+04
          1                         branch_efficiency                                                Branch Efficiency      99.86%      99.86%      99.86%
          1                 warp_execution_efficiency                                        Warp Execution Efficiency      99.33%      99.33%      99.33%
          1         warp_nonpred_execution_efficiency                         Warp Non-Predicated Execution Efficiency      96.23%      96.23%      96.23%
          1                      inst_replay_overhead                                      Instruction Replay Overhead    0.000213    0.000213    0.000213
          1      shared_load_transactions_per_request                      Shared Memory Load Transactions Per Request    1.020833    1.020833    1.020833
          1     shared_store_transactions_per_request                     Shared Memory Store Transactions Per Request    1.006076    1.006076    1.006076
          1       local_load_transactions_per_request                       Local Memory Load Transactions Per Request    4.000000    4.000000    4.000000
          1      local_store_transactions_per_request                      Local Memory Store Transactions Per Request    4.000000    4.000000    4.000000
          1              gld_transactions_per_request                             Global Load Transactions Per Request    4.446154    4.446154    4.446154
          1              gst_transactions_per_request                            Global Store Transactions Per Request    8.000000    8.000000    8.000000
          1                 shared_store_transactions                                        Shared Store Transactions        1159        1159        1159
          1                  shared_load_transactions                                         Shared Load Transactions        1568        1568        1568
          1                   local_load_transactions                                          Local Load Transactions     2975744     2975744     2975744
          1                  local_store_transactions                                         Local Store Transactions     1374208     1374208     1374208
          1                          gld_transactions                                         Global Load Transactions      591872      591872      591872
          1                          gst_transactions                                        Global Store Transactions        4096        4096        4096
          1                  sysmem_read_transactions                                  System Memory Read Transactions          19          19          19
          1                 sysmem_write_transactions                                 System Memory Write Transactions           5           5           5
          1                      l2_read_transactions                                             L2 Read Transactions      452031      452031      452031
          1                     l2_write_transactions                                            L2 Write Transactions     1378414     1378414     1378414
          1                    dram_read_transactions                                  Device Memory Read Transactions       87709       87709       87709
          1                   dram_write_transactions                                 Device Memory Write Transactions      458968      458968      458968
          1                           global_hit_rate                                Global Hit Rate in unified l1/tex      43.60%      43.60%      43.60%
          1                            local_hit_rate                                                   Local Hit Rate      88.68%      88.68%      88.68%
          1                  gld_requested_throughput                                 Requested Global Load Throughput  58.345GB/s  58.345GB/s  58.345GB/s
          1                  gst_requested_throughput                                Requested Global Store Throughput  452.40MB/s  452.40MB/s  452.40MB/s
          1                            gld_throughput                                           Global Load Throughput  63.840GB/s  63.840GB/s  63.840GB/s
          1                            gst_throughput                                          Global Store Throughput  452.40MB/s  452.40MB/s  452.40MB/s
          1                     local_memory_overhead                                            Local Memory Overhead      81.61%      81.61%      81.61%
          1                        tex_cache_hit_rate                                           Unified Cache Hit Rate      63.05%      63.05%      63.05%
          1                      l2_tex_read_hit_rate                                      L2 Hit Rate (Texture Reads)      81.25%      81.25%      81.25%
          1                     l2_tex_write_hit_rate                                     L2 Hit Rate (Texture Writes)      71.97%      71.97%      71.97%
          1                      dram_read_throughput                                    Device Memory Read Throughput  9.4603GB/s  9.4603GB/s  9.4603GB/s
          1                     dram_write_throughput                                   Device Memory Write Throughput  49.505GB/s  49.505GB/s  49.505GB/s
          1                      tex_cache_throughput                       Unified cache to Multiprocessor throughput  437.32GB/s  437.32GB/s  437.32GB/s
          1                    l2_tex_read_throughput                                    L2 Throughput (Texture Reads)  48.478GB/s  48.478GB/s  48.478GB/s
          1                   l2_tex_write_throughput                                   L2 Throughput (Texture Writes)  148.66GB/s  148.66GB/s  148.66GB/s
          1                        l2_read_throughput                                            L2 Throughput (Reads)  48.756GB/s  48.756GB/s  48.756GB/s
          1                       l2_write_throughput                                           L2 Throughput (Writes)  148.68GB/s  148.68GB/s  148.68GB/s
          1                    sysmem_read_throughput                                    System Memory Read Throughput  2.0985MB/s  2.0985MB/s  2.0985MB/s
          1                   sysmem_write_throughput                                   System Memory Write Throughput  565.50KB/s  565.50KB/s  565.50KB/s
          1                     local_load_throughput                                     Local Memory Load Throughput  320.97GB/s  320.97GB/s  320.97GB/s
          1                    local_store_throughput                                    Local Memory Store Throughput  148.22GB/s  148.22GB/s  148.22GB/s
          1                    shared_load_throughput                                    Shared Memory Load Throughput  692.74MB/s  692.74MB/s  692.74MB/s
          1                   shared_store_throughput                                   Shared Memory Store Throughput  512.04MB/s  512.04MB/s  512.04MB/s
          1                            gld_efficiency                                    Global Memory Load Efficiency      91.39%      91.39%      91.39%
          1                            gst_efficiency                                   Global Memory Store Efficiency     100.00%     100.00%     100.00%
          1                    tex_cache_transactions                     Unified cache to Multiprocessor transactions     1013632     1013632     1013632
          1                             flop_count_dp                      Floating Point Operations(Double Precision)     4194304     4194304     4194304
          1                         flop_count_dp_add                  Floating Point Operations(Double Precision Add)     2097152     2097152     2097152
          1                         flop_count_dp_fma                  Floating Point Operations(Double Precision FMA)           0           0           0
          1                         flop_count_dp_mul                  Floating Point Operations(Double Precision Mul)     2097152     2097152     2097152
          1                             flop_count_sp                      Floating Point Operations(Single Precision)           0           0           0
          1                         flop_count_sp_add                  Floating Point Operations(Single Precision Add)           0           0           0
          1                         flop_count_sp_fma                  Floating Point Operations(Single Precision FMA)           0           0           0
          1                         flop_count_sp_mul                   Floating Point Operation(Single Precision Mul)           0           0           0
          1                     flop_count_sp_special              Floating Point Operations(Single Precision Special)       98304       98304       98304
          1                             inst_executed                                            Instructions Executed     9857664     9857664     9857664
          1                               inst_issued                                              Instructions Issued     9859764     9859764     9859764
          1                          dram_utilization                                        Device Memory Utilization     Low (1)     Low (1)     Low (1)
          1                        sysmem_utilization                                        System Memory Utilization     Low (1)     Low (1)     Low (1)
          1                          stall_inst_fetch                         Issue Stall Reasons (Instructions Fetch)       3.23%       3.23%       3.23%
          1                     stall_exec_dependency                       Issue Stall Reasons (Execution Dependency)      67.84%      67.84%      67.84%
          1                   stall_memory_dependency                               Issue Stall Reasons (Data Request)      28.61%      28.61%      28.61%
          1                             stall_texture                                    Issue Stall Reasons (Texture)       0.00%       0.00%       0.00%
          1                                stall_sync                            Issue Stall Reasons (Synchronization)       0.03%       0.03%       0.03%
          1                               stall_other                                      Issue Stall Reasons (Other)       0.00%       0.00%       0.00%
          1          stall_constant_memory_dependency                         Issue Stall Reasons (Immediate constant)       0.07%       0.07%       0.07%
          1                           stall_pipe_busy                                  Issue Stall Reasons (Pipe Busy)       0.02%       0.02%       0.02%
          1                         shared_efficiency                                         Shared Memory Efficiency       1.32%       1.32%       1.32%
          1                                inst_fp_32                                          FP Instructions(Single)       98304       98304       98304
          1                                inst_fp_64                                          FP Instructions(Double)     4194304     4194304     4194304
          1                              inst_integer                                             Integer Instructions    86397312    86397312    86397312
          1                          inst_bit_convert                                         Bit-Convert Instructions      196608      196608      196608
          1                              inst_control                                        Control-Flow Instructions     9554048     9554048     9554048
          1                        inst_compute_ld_st                                          Load/Store Instructions    32850560    32850560    32850560
          1                                 inst_misc                                                Misc Instructions   175982080   175982080   175982080
          1           inst_inter_thread_communication                                        Inter-Thread Instructions           0           0           0
          1                               issue_slots                                                      Issue Slots     9859764     9859764     9859764
          1                                 cf_issued                                 Issued Control-Flow Instructions      407680      407680      407680
          1                               cf_executed                               Executed Control-Flow Instructions      407680      407680      407680
          1                               ldst_issued                                   Issued Load/Store Instructions     1117184     1117184     1117184
          1                             ldst_executed                                 Executed Load/Store Instructions     1117184     1117184     1117184
          1                       atomic_transactions                                              Atomic Transactions           0           0           0
          1           atomic_transactions_per_request                                  Atomic Transactions Per Request    0.000000    0.000000    0.000000
          1                      l2_atomic_throughput                                  L2 Throughput (Atomic requests)  0.00000B/s  0.00000B/s  0.00000B/s
          1                    l2_atomic_transactions                                L2 Transactions (Atomic requests)           0           0           0
          1                  l2_tex_read_transactions                                  L2 Transactions (Texture Reads)      449448      449448      449448
          1                     stall_memory_throttle                            Issue Stall Reasons (Memory Throttle)       0.18%       0.18%       0.18%
          1                        stall_not_selected                               Issue Stall Reasons (Not Selected)       0.01%       0.01%       0.01%
          1                 l2_tex_write_transactions                                 L2 Transactions (Texture Writes)     1378304     1378304     1378304
          1             nvlink_total_data_transmitted                                    NVLink Total Data Transmitted        8288        8288        8288
          1                nvlink_total_data_received                                       NVLink Total Data Received        6240        6240        6240
          1              nvlink_user_data_transmitted                                     NVLink User Data Transmitted         832         832         832
          1                 nvlink_user_data_received                                        NVLink User Data Received        2464        2464        2464
          1          nvlink_overhead_data_transmitted                                 NVLink Overhead Data Transmitted      89.96%      89.96%      89.96%
          1             nvlink_overhead_data_received                                    NVLink Overhead Data Received      60.51%      60.51%      60.51%
          1      nvlink_total_nratom_data_transmitted                             NVLink Total Nratom Data Transmitted           0           0           0
          1       nvlink_user_nratom_data_transmitted                              NVLink User Nratom Data Transmitted           0           0           0
          1       nvlink_total_ratom_data_transmitted                              NVLink Total Ratom Data Transmitted           0           0           0
          1        nvlink_user_ratom_data_transmitted                               NVLink User Ratom Data Transmitted           0           0           0
          1       nvlink_total_write_data_transmitted                              NVLink Total Write Data Transmitted         576         576         576
          1        nvlink_user_write_data_transmitted                               NVLink User Write Data Transmitted         192         192         192
          1                nvlink_transmit_throughput                                       NVLink Transmit Throughput  28.606MB/s  28.606MB/s  28.606MB/s
          1                 nvlink_receive_throughput                                        NVLink Receive Throughput  21.538MB/s  21.538MB/s  21.538MB/s
          1       nvlink_total_response_data_received                              NVLink Total Response Data Received        4464        4464        4464
          1        nvlink_user_response_data_received                               NVLink User Response Data Received        2912        2912        2912
          1                             flop_count_hp                        Floating Point Operations(Half Precision)           0           0           0
          1                         flop_count_hp_add                    Floating Point Operations(Half Precision Add)           0           0           0
          1                         flop_count_hp_mul                     Floating Point Operation(Half Precision Mul)           0           0           0
          1                         flop_count_hp_fma                    Floating Point Operations(Half Precision FMA)           0           0           0
          1                                inst_fp_16                                            HP Instructions(Half)           0           0           0
          1                                       ipc                                                     Executed IPC    0.468322    0.468322    0.468322
          1                                issued_ipc                                                       Issued IPC    0.305238    0.305238    0.305238
          1                    issue_slot_utilization                                           Issue Slot Utilization       7.63%       7.63%       7.63%
          1                             sm_efficiency                                          Multiprocessor Activity      96.80%      96.80%      96.80%
          1                        achieved_occupancy                                               Achieved Occupancy    0.100051    0.100051    0.100051
          1                  eligible_warps_per_cycle                                  Eligible Warps Per Active Cycle    0.305809    0.305809    0.305809
          1                        shared_utilization                                        Shared Memory Utilization     Low (1)     Low (1)     Low (1)
          1                            l2_utilization                                             L2 Cache Utilization     Low (1)     Low (1)     Low (1)
          1                           tex_utilization                                        Unified Cache Utilization     Low (1)     Low (1)     Low (1)
          1                       ldst_fu_utilization                             Load/Store Function Unit Utilization     Low (1)     Low (1)     Low (1)
          1                         cf_fu_utilization                           Control-Flow Function Unit Utilization     Low (1)     Low (1)     Low (1)
          1                        tex_fu_utilization                                Texture Function Unit Utilization    Idle (0)    Idle (0)    Idle (0)
          1                    special_fu_utilization                                Special Function Unit Utilization     Low (1)     Low (1)     Low (1)
          1             half_precision_fu_utilization                         Half-Precision Function Unit Utilization    Idle (0)    Idle (0)    Idle (0)
          1           single_precision_fu_utilization                       Single-Precision Function Unit Utilization     Low (1)     Low (1)     Low (1)
          1           double_precision_fu_utilization                       Double-Precision Function Unit Utilization     Low (1)     Low (1)     Low (1)
          1                        flop_hp_efficiency                                       FLOP Efficiency(Peak Half)       0.00%       0.00%       0.00%
          1                        flop_sp_efficiency                                     FLOP Efficiency(Peak Single)       0.00%       0.00%       0.00%
          1                        flop_dp_efficiency                                     FLOP Efficiency(Peak Double)       0.19%       0.19%       0.19%
          1                   sysmem_read_utilization                                   System Memory Read Utilization     Low (1)     Low (1)     Low (1)
          1                  sysmem_write_utilization                                  System Memory Write Utilization     Low (1)     Low (1)     Low (1)
          1       nvlink_data_transmission_efficiency                              NVLink Data Transmission Efficiency       0.01%       0.01%       0.01%
          1            nvlink_data_receive_efficiency                                   NVLink Data Receive Efficiency       0.01%       0.01%       0.01%
          1                            stall_sleeping                                   Issue Stall Reasons (Sleeping)       0.00%       0.00%       0.00%
          1               pcie_total_data_transmitted                                      PCIe Total Data Transmitted           0           0           0
          1                  pcie_total_data_received                                         PCIe Total Data Received           0           0           0
          1                inst_executed_global_loads                         Warp level instructions for global loads      133120      133120      133120
          1                 inst_executed_local_loads                          Warp level instructions for local loads      743936      743936      743936
          1                inst_executed_shared_loads                         Warp level instructions for shared loads        1536        1536        1536
          1               inst_executed_surface_loads                        Warp level instructions for surface loads           0           0           0
          1               inst_executed_global_stores                        Warp level instructions for global stores         512         512         512
          1                inst_executed_local_stores                         Warp level instructions for local stores      343552      343552      343552
          1               inst_executed_shared_stores                        Warp level instructions for shared stores        1152        1152        1152
          1              inst_executed_surface_stores                       Warp level instructions for surface stores           0           0           0
          1              inst_executed_global_atomics             Warp level instructions for global atom and atom cas           0           0           0
          1           inst_executed_global_reductions                    Warp level instructions for global reductions           0           0           0
          1             inst_executed_surface_atomics            Warp level instructions for surface atom and atom cas           0           0           0
          1          inst_executed_surface_reductions                   Warp level instructions for surface reductions           0           0           0
          1              inst_executed_shared_atomics             Warp level shared instructions for atom and atom CAS           0           0           0
          1                     inst_executed_tex_ops                              Warp level instructions for texture           0           0           0
          1                           dram_read_bytes                           Total bytes read from DRAM to L2 cache     2806688     2806688     2806688
          1                          dram_write_bytes                        Total bytes written from L2 cache to DRAM    14686976    14686976    14686976
          1                      global_load_requests         Total number of global load requests from Multiprocessor      133120      133120      133120
          1                       local_load_requests          Total number of local load requests from Multiprocessor      743936      743936      743936
          1                     surface_load_requests        Total number of surface load requests from Multiprocessor           0           0           0
          1                     global_store_requests        Total number of global store requests from Multiprocessor         512         512         512
          1                      local_store_requests         Total number of local store requests from Multiprocessor      343552      343552      343552
          1                    surface_store_requests       Total number of surface store requests from Multiprocessor           0           0           0
          1                    global_atomic_requests       Total number of global atomic requests from Multiprocessor           0           0           0
          1                 global_reduction_requests    Total number of global reduction requests from Multiprocessor           0           0           0
          1                   surface_atomic_requests      Total number of surface atomic requests from Multiprocessor           0           0           0
          1                surface_reduction_requests   Total number of surface reduction requests from Multiprocessor           0           0           0
          1                      l2_global_load_bytes             Bytes read from L2 for misses in L1 for global loads    10624512    10624512    10624512
          1                       l2_local_load_bytes              Bytes read from L2 for misses in L1 for local loads     3753600     3753600     3753600
          1                     l2_surface_load_bytes            Bytes read from L2 for misses in L1 for surface loads           0           0           0
          1              l2_global_atomic_store_bytes                   Bytes written to L2 from L1 for global atomics           0           0           0
          1               l2_local_global_store_bytes         Bytes written to L2 from L1 for local and global stores.    44105728    44105728    44105728
          1                    l2_surface_store_bytes           Bytes read from L2 for misses in L1 for surface stores           0           0           0
          1                         sysmem_read_bytes                                         System Memory Read Bytes         608         608         608
          1                        sysmem_write_bytes                                        System Memory Write Bytes         160         160         160
          1                           l2_tex_hit_rate                                                L2 Cache Hit Rate      74.25%      74.25%      74.25%
          1                     texture_load_requests        Total number of texture Load requests from Multiprocessor           0           0           0
          1           tensor_precision_fu_utilization                       Tensor-Precision Function Unit Utilization    Idle (0)    Idle (0)    Idle (0)
