==90852== NVPROF is profiling process 90852, command: mm_offload 128 200
==90852== Profiling application: mm_offload 128 200
==90852== Profiling result:
            Type  Time(%)      Time     Calls       Avg       Min       Max  Name
                        %        ms                  ms        ms        ms
 GPU activities:    47.90  0.316798         1  0.316798  0.316798  0.316798  __omp_offloading_30_13046cf_main_l50
                    47.90  0.316766         1  0.316766  0.316766  0.316766  __omp_offloading_30_13046cf_main_l64
                     2.92  0.019295         3  6.43e-03  5.92e-03  7.01e-03  [CUDA memcpy HtoD]
                     1.28  8.45e-03         3  2.82e-03  1.82e-03  4.80e-03  [CUDA memcpy DtoH]
      API calls:    69.83  282.6403         1  282.6403  282.6403  282.6403  cuDevicePrimaryCtxRetain
                    22.93  92.80508         1  92.80508  92.80508  92.80508  cuDevicePrimaryCtxRelease
                     5.45  22.06117         1  22.06117  22.06117  22.06117  cuModuleLoadDataEx
                     1.09  4.392597         1  4.392597  4.392597  4.392597  cuModuleUnload
                     0.19  0.787034         6  0.131172  6.16e-03  0.366830  cuStreamSynchronize
                     0.19  0.774162        32  0.024192  4.00e-03  0.330146  cuStreamCreate
                     0.10  0.391218         5  0.078243  5.04e-03  0.365567  cuMemAlloc
                     0.09  0.367977        32  0.011499  0.010961  0.016709  cuStreamDestroy
                     0.07  0.271835         5  0.054367  0.010094  0.225141  cuMemFree
                     0.02  0.071540         3  0.023846  0.022087  0.026362  cuMemcpyHtoDAsync
                     0.01  0.058470         2  0.029235  0.024276  0.034194  cuMemcpyDtoH
                     0.01  0.040678         1  0.040678  0.040678  0.040678  cuMemcpyDtoHAsync
                     0.01  0.033119         2  0.016559  0.014024  0.019095  cuLaunchKernel
                     0.00  0.012060        24  5.02e-04  3.17e-04  1.36e-03  cuCtxSetCurrent
                     0.00  8.70e-03         4  2.17e-03  1.34e-03  3.28e-03  cuDeviceGetPCIBusId
                     0.00  6.13e-03        15  4.08e-04  3.30e-04  7.40e-04  cuDeviceGetAttribute
                     0.00  5.92e-03         5  1.18e-03  4.61e-04  3.75e-03  cuDeviceGet
                     0.00  3.60e-03         3  1.20e-03  7.66e-04  1.81e-03  cuModuleGetGlobal
                     0.00  2.80e-03         1  2.80e-03  2.80e-03  2.80e-03  cuDevicePrimaryCtxGetState
                     0.00  1.90e-03         2  9.49e-04  8.05e-04  1.09e-03  cuModuleGetFunction
                     0.00  1.75e-03         2  8.74e-04  7.89e-04  9.59e-04  cuFuncGetAttribute
                     0.00  1.65e-03         1  1.65e-03  1.65e-03  1.65e-03  cuDevicePrimaryCtxSetFlags
                     0.00  1.39e-03         3  4.63e-04  3.79e-04  5.71e-04  cuDeviceGetCount
                     0.00  4.75e-04         1  4.75e-04  4.75e-04  4.75e-04  cuCtxGetDevice
