==89815== NVPROF is profiling process 89815, command: mm_offload 16 100
==89815== Profiling application: mm_offload 16 100
==89815== Profiling result:
            Type  Time(%)      Time     Calls       Avg       Min       Max  Name
                        %        ms                  ms        ms        ms
 GPU activities:    48.00  0.094048         1  0.094048  0.094048  0.094048  __omp_offloading_30_13046cf_main_l50
                    46.48  0.091071         1  0.091071  0.091071  0.091071  __omp_offloading_30_13046cf_main_l64
                     2.94  5.76e-03         3  1.92e-03  1.82e-03  2.11e-03  [CUDA memcpy DtoH]
                     2.58  5.06e-03         3  1.68e-03  1.60e-03  1.82e-03  [CUDA memcpy HtoD]
      API calls:    60.25  184.3491         1  184.3491  184.3491  184.3491  cuDevicePrimaryCtxRetain
                    30.35  92.86822         1  92.86822  92.86822  92.86822  cuDevicePrimaryCtxRelease
                     7.24  22.15958         1  22.15958  22.15958  22.15958  cuModuleLoadDataEx
                     1.46  4.461181         1  4.461181  4.461181  4.461181  cuModuleUnload
                     0.26  0.802411        32  0.025075  4.13e-03  0.342728  cuStreamCreate
                     0.13  0.401092         5  0.080218  5.42e-03  0.375188  cuMemAlloc
                     0.12  0.371828        32  0.011619  0.011045  0.018917  cuStreamDestroy
                     0.11  0.344695         6  0.057449  5.53e-03  0.151079  cuStreamSynchronize
                     0.02  0.064285         2  0.032142  0.025165  0.039120  cuMemcpyDtoH
                     0.01  0.035329         2  0.017664  0.015007  0.020322  cuLaunchKernel
                     0.01  0.028332         3  9.44e-03  8.07e-03  0.012167  cuMemcpyHtoDAsync
                     0.01  0.027730         1  0.027730  0.027730  0.027730  cuMemcpyDtoHAsync
                     0.00  0.011570        19  6.08e-04  3.38e-04  1.60e-03  cuCtxSetCurrent
                     0.00  0.010784         4  2.70e-03  1.45e-03  4.77e-03  cuDeviceGetPCIBusId
                     0.00  6.82e-03        15  4.54e-04  3.03e-04  1.13e-03  cuDeviceGetAttribute
                     0.00  4.25e-03         3  1.42e-03  9.16e-04  1.97e-03  cuModuleGetGlobal
                     0.00  3.65e-03         5  7.30e-04  5.18e-04  1.41e-03  cuDeviceGet
                     0.00  2.39e-03         2  1.19e-03  9.72e-04  1.42e-03  cuModuleGetFunction
                     0.00  2.33e-03         2  1.17e-03  7.61e-04  1.57e-03  cuFuncGetAttribute
                     0.00  1.84e-03         3  6.12e-04  4.00e-04  9.29e-04  cuDeviceGetCount
                     0.00  1.37e-03         1  1.37e-03  1.37e-03  1.37e-03  cuDevicePrimaryCtxGetState
                     0.00  7.32e-04         1  7.32e-04  7.32e-04  7.32e-04  cuDevicePrimaryCtxSetFlags
                     0.00  6.23e-04         1  6.23e-04  6.23e-04  6.23e-04  cuCtxGetDevice
