==90639== NVPROF is profiling process 90639, command: mm_offload 16 200
==90639== Profiling application: mm_offload 16 200
==90639== Profiling result:
            Type  Time(%)      Time     Calls       Avg       Min       Max  Name
                        %        ms                  ms        ms        ms
 GPU activities:    48.01  0.094271         1  0.094271  0.094271  0.094271  __omp_offloading_30_13046cf_main_l50
                    46.35  0.091008         1  0.091008  0.091008  0.091008  __omp_offloading_30_13046cf_main_l64
                     3.06  6.02e-03         3  2.01e-03  1.82e-03  2.11e-03  [CUDA memcpy DtoH]
                     2.57  5.06e-03         3  1.68e-03  1.60e-03  1.86e-03  [CUDA memcpy HtoD]
      API calls:    60.15  181.9433         1  181.9433  181.9433  181.9433  cuDevicePrimaryCtxRetain
                    30.46  92.13503         1  92.13503  92.13503  92.13503  cuDevicePrimaryCtxRelease
                     7.28  22.01671         1  22.01671  22.01671  22.01671  cuModuleLoadDataEx
                     1.44  4.345411         1  4.345411  4.345411  4.345411  cuModuleUnload
                     0.26  0.780613        32  0.024394  3.99e-03  0.334258  cuStreamCreate
                     0.13  0.389767         5  0.077953  5.84e-03  0.363466  cuMemAlloc
                     0.12  0.366368        32  0.011449  0.010956  0.016769  cuStreamDestroy
                     0.11  0.325623         6  0.054270  5.60e-03  0.142727  cuStreamSynchronize
                     0.02  0.060184         2  0.030092  0.025751  0.034433  cuMemcpyDtoH
                     0.01  0.030290         2  0.015145  0.013361  0.016929  cuLaunchKernel
                     0.01  0.027304         1  0.027304  0.027304  0.027304  cuMemcpyDtoHAsync
                     0.01  0.026231         3  8.74e-03  7.33e-03  0.011046  cuMemcpyHtoDAsync
                     0.00  0.011183        19  5.88e-04  3.06e-04  1.49e-03  cuCtxSetCurrent
                     0.00  9.14e-03         4  2.28e-03  1.32e-03  3.73e-03  cuDeviceGetPCIBusId
                     0.00  6.13e-03        15  4.08e-04  2.72e-04  8.94e-04  cuDeviceGetAttribute
                     0.00  3.81e-03         3  1.27e-03  8.59e-04  1.63e-03  cuModuleGetGlobal
                     0.00  2.91e-03         5  5.81e-04  4.12e-04  9.96e-04  cuDeviceGet
                     0.00  2.11e-03         2  1.06e-03  8.84e-04  1.23e-03  cuModuleGetFunction
                     0.00  1.67e-03         2  8.36e-04  7.76e-04  8.96e-04  cuFuncGetAttribute
                     0.00  1.36e-03         3  4.53e-04  3.28e-04  5.97e-04  cuDeviceGetCount
                     0.00  1.08e-03         1  1.08e-03  1.08e-03  1.08e-03  cuDevicePrimaryCtxGetState
                     0.00  6.80e-04         1  6.80e-04  6.80e-04  6.80e-04  cuDevicePrimaryCtxSetFlags
                     0.00  3.79e-04         1  3.79e-04  3.79e-04  3.79e-04  cuCtxGetDevice
