==91880== NVPROF is profiling process 91880, command: mm_offload 16 350
==91880== Profiling application: mm_offload 16 350
==91880== Profiling result:
            Type  Time(%)      Time     Calls       Avg       Min       Max  Name
                        %        ms                  ms        ms        ms
 GPU activities:    48.04  0.094528         1  0.094528  0.094528  0.094528  __omp_offloading_30_13046cf_main_l50
                    46.38  0.091264         1  0.091264  0.091264  0.091264  __omp_offloading_30_13046cf_main_l64
                     3.01  5.92e-03         3  1.97e-03  1.82e-03  2.27e-03  [CUDA memcpy DtoH]
                     2.57  5.06e-03         3  1.68e-03  1.60e-03  1.82e-03  [CUDA memcpy HtoD]
      API calls:    65.00  237.8120         1  237.8120  237.8120  237.8120  cuDevicePrimaryCtxRetain
                    26.76  97.91403         1  97.91403  97.91403  97.91403  cuDevicePrimaryCtxRelease
                     6.16  22.52419         1  22.52419  22.52419  22.52419  cuModuleLoadDataEx
                     1.49  5.439440         1  5.439440  5.439440  5.439440  cuModuleUnload
                     0.21  0.779469        32  0.024358  4.06e-03  0.331877  cuStreamCreate
                     0.13  0.479598         5  0.095919  5.32e-03  0.450345  cuMemAlloc
                     0.10  0.364788        32  0.011399  0.010954  0.016699  cuStreamDestroy
                     0.09  0.346921         6  0.057820  6.73e-03  0.144899  cuStreamSynchronize
                     0.02  0.071865         2  0.035932  0.031068  0.040797  cuMemcpyDtoH
                     0.01  0.038590         2  0.019295  0.016767  0.021823  cuLaunchKernel
                     0.01  0.030850         1  0.030850  0.030850  0.030850  cuMemcpyDtoHAsync
                     0.01  0.026966         3  8.99e-03  7.79e-03  0.011361  cuMemcpyHtoDAsync
                     0.00  0.012173        19  6.40e-04  3.07e-04  1.34e-03  cuCtxSetCurrent
                     0.00  8.91e-03         4  2.23e-03  1.37e-03  3.45e-03  cuDeviceGetPCIBusId
                     0.00  6.65e-03        15  4.43e-04  3.15e-04  9.13e-04  cuDeviceGetAttribute
                     0.00  4.62e-03         3  1.54e-03  1.26e-03  1.89e-03  cuModuleGetGlobal
                     0.00  3.82e-03         5  7.63e-04  4.53e-04  1.69e-03  cuDeviceGet
                     0.00  3.05e-03         2  1.52e-03  1.09e-03  1.96e-03  cuModuleGetFunction
                     0.00  2.49e-03         2  1.24e-03  1.03e-03  1.45e-03  cuFuncGetAttribute
                     0.00  1.52e-03         3  5.05e-04  3.85e-04  6.71e-04  cuDeviceGetCount
                     0.00  1.52e-03         1  1.52e-03  1.52e-03  1.52e-03  cuDevicePrimaryCtxGetState
                     0.00  9.49e-04         1  9.49e-04  9.49e-04  9.49e-04  cuDevicePrimaryCtxSetFlags
                     0.00  5.90e-04         1  5.90e-04  5.90e-04  5.90e-04  cuCtxGetDevice
