==1231== NVPROF is profiling process 1231, command: mm_offload 32 200
==1231== Profiling application: mm_offload 32 200
==1231== Profiling result:
            Type  Time(%)      Time     Calls       Avg       Min       Max  Name
                        %        ms                  ms        ms        ms
 GPU activities:    48.06  0.119711         1  0.119711  0.119711  0.119711  __omp_offloading_30_13046cf_main_l50
                    46.74  0.116416         1  0.116416  0.116416  0.116416  __omp_offloading_30_13046cf_main_l64
                     2.77  6.91e-03         3  2.30e-03  2.30e-03  2.30e-03  [CUDA memcpy HtoD]
                     2.43  6.05e-03         3  2.01e-03  1.82e-03  2.37e-03  [CUDA memcpy DtoH]
      API calls:    60.93  189.2594         1  189.2594  189.2594  189.2594  cuDevicePrimaryCtxRetain
                    29.80  92.57227         1  92.57227  92.57227  92.57227  cuDevicePrimaryCtxRelease
                     7.17  22.26193         1  22.26193  22.26193  22.26193  cuModuleLoadDataEx
                     1.41  4.388369         1  4.388369  4.388369  4.388369  cuModuleUnload
                     0.25  0.780662        32  0.024395  4.00e-03  0.333267  cuStreamCreate
                     0.13  0.402411         5  0.080482  5.98e-03  0.375755  cuMemAlloc
                     0.12  0.377345         6  0.062890  5.29e-03  0.168946  cuStreamSynchronize
                     0.12  0.364126        32  0.011378  0.010882  0.016536  cuStreamDestroy
                     0.02  0.059985         2  0.029992  0.024629  0.035356  cuMemcpyDtoH
                     0.01  0.030903         2  0.015451  0.013615  0.017288  cuLaunchKernel
                     0.01  0.028073         1  0.028073  0.028073  0.028073  cuMemcpyDtoHAsync
                     0.01  0.027887         3  9.29e-03  8.09e-03  0.011437  cuMemcpyHtoDAsync
                     0.00  0.010504        19  5.52e-04  3.09e-04  1.39e-03  cuCtxSetCurrent
                     0.00  9.57e-03         4  2.39e-03  1.43e-03  3.83e-03  cuDeviceGetPCIBusId
                     0.00  7.18e-03        15  4.79e-04  3.26e-04  1.48e-03  cuDeviceGetAttribute
                     0.00  4.33e-03         5  8.66e-04  4.05e-04  2.30e-03  cuDeviceGet
                     0.00  3.43e-03         3  1.14e-03  7.70e-04  1.58e-03  cuModuleGetGlobal
                     0.00  1.93e-03         2  9.64e-04  7.95e-04  1.13e-03  cuModuleGetFunction
                     0.00  1.74e-03         2  8.70e-04  7.27e-04  1.01e-03  cuFuncGetAttribute
                     0.00  1.68e-03         1  1.68e-03  1.68e-03  1.68e-03  cuDevicePrimaryCtxGetState
                     0.00  1.29e-03         3  4.29e-04  3.09e-04  5.67e-04  cuDeviceGetCount
                     0.00  7.36e-04         1  7.36e-04  7.36e-04  7.36e-04  cuDevicePrimaryCtxSetFlags
                     0.00  5.67e-04         1  5.67e-04  5.67e-04  5.67e-04  cuCtxGetDevice
