==1735== NVPROF is profiling process 1735, command: mm_offload 32 250
==1735== Profiling application: mm_offload 32 250
==1735== Profiling result:
            Type  Time(%)      Time     Calls       Avg       Min       Max  Name
                        %        ms                  ms        ms        ms
 GPU activities:    48.18  0.120031         1  0.120031  0.120031  0.120031  __omp_offloading_30_13046cf_main_l50
                    46.71  0.116351         1  0.116351  0.116351  0.116351  __omp_offloading_30_13046cf_main_l64
                     2.76  6.88e-03         3  2.29e-03  2.27e-03  2.30e-03  [CUDA memcpy HtoD]
                     2.35  5.86e-03         3  1.95e-03  1.82e-03  2.21e-03  [CUDA memcpy DtoH]
      API calls:    59.85  181.1964         1  181.1964  181.1964  181.1964  cuDevicePrimaryCtxRetain
                    30.65  92.77815         1  92.77815  92.77815  92.77815  cuDevicePrimaryCtxRelease
                     7.35  22.25172         1  22.25172  22.25172  22.25172  cuModuleLoadDataEx
                     1.45  4.391223         1  4.391223  4.391223  4.391223  cuModuleUnload
                     0.26  0.783485        32  0.024483  4.11e-03  0.331610  cuStreamCreate
                     0.13  0.401628         5  0.080325  5.91e-03  0.375051  cuMemAlloc
                     0.12  0.376617         6  0.062769  5.30e-03  0.167899  cuStreamSynchronize
                     0.12  0.361539        32  0.011298  0.010814  0.016765  cuStreamDestroy
                     0.02  0.060142         2  0.030071  0.024642  0.035500  cuMemcpyDtoH
                     0.01  0.030283         2  0.015141  0.013175  0.017108  cuLaunchKernel
                     0.01  0.028399         3  9.47e-03  8.27e-03  0.011482  cuMemcpyHtoDAsync
                     0.01  0.027997         1  0.027997  0.027997  0.027997  cuMemcpyDtoHAsync
                     0.00  0.010722        19  5.64e-04  2.99e-04  1.68e-03  cuCtxSetCurrent
                     0.00  9.23e-03         4  2.31e-03  1.31e-03  3.51e-03  cuDeviceGetPCIBusId
                     0.00  6.58e-03        15  4.38e-04  2.77e-04  1.07e-03  cuDeviceGetAttribute
                     0.00  3.82e-03         3  1.27e-03  7.59e-04  1.96e-03  cuModuleGetGlobal
                     0.00  3.27e-03         5  6.53e-04  4.30e-04  1.15e-03  cuDeviceGet
                     0.00  1.95e-03         2  9.74e-04  8.78e-04  1.07e-03  cuModuleGetFunction
                     0.00  1.75e-03         2  8.73e-04  7.30e-04  1.02e-03  cuFuncGetAttribute
                     0.00  1.48e-03         3  4.94e-04  4.16e-04  5.74e-04  cuDeviceGetCount
                     0.00  1.38e-03         1  1.38e-03  1.38e-03  1.38e-03  cuDevicePrimaryCtxGetState
                     0.00  6.45e-04         1  6.45e-04  6.45e-04  6.45e-04  cuCtxGetDevice
                     0.00  6.22e-04         1  6.22e-04  6.22e-04  6.22e-04  cuDevicePrimaryCtxSetFlags
