==91521== NVPROF is profiling process 91521, command: mm_offload 32 300
==91521== Profiling application: mm_offload 32 300
==91521== Profiling result:
            Type  Time(%)      Time     Calls       Avg       Min       Max  Name
                        %        ms                  ms        ms        ms
 GPU activities:    48.31  0.120256         1  0.120256  0.120256  0.120256  __omp_offloading_30_13046cf_main_l50
                    46.63  0.116063         1  0.116063  0.116063  0.116063  __omp_offloading_30_13046cf_main_l64
                     2.76  6.88e-03         3  2.29e-03  2.27e-03  2.30e-03  [CUDA memcpy HtoD]
                     2.30  5.73e-03         3  1.91e-03  1.79e-03  2.11e-03  [CUDA memcpy DtoH]
      API calls:    60.96  190.1693         1  190.1693  190.1693  190.1693  cuDevicePrimaryCtxRetain
                    29.68  92.58652         1  92.58652  92.58652  92.58652  cuDevicePrimaryCtxRelease
                     7.21  22.49563         1  22.49563  22.49563  22.49563  cuModuleLoadDataEx
                     1.42  4.441605         1  4.441605  4.441605  4.441605  cuModuleUnload
                     0.25  0.787179        32  0.024599  4.14e-03  0.336578  cuStreamCreate
                     0.15  0.481061         5  0.096212  5.50e-03  0.452178  cuMemAlloc
                     0.13  0.398526         6  0.066421  5.40e-03  0.179264  cuStreamSynchronize
                     0.12  0.364654        32  0.011395  0.010820  0.016696  cuStreamDestroy
                     0.02  0.075821         2  0.037910  0.032434  0.043387  cuMemcpyDtoH
                     0.01  0.031013         3  0.010337  8.42e-03  0.011544  cuMemcpyHtoDAsync
                     0.01  0.030979         2  0.015489  0.013535  0.017444  cuLaunchKernel
                     0.01  0.027458         1  0.027458  0.027458  0.027458  cuMemcpyDtoHAsync
                     0.00  0.010986        19  5.78e-04  2.95e-04  1.23e-03  cuCtxSetCurrent
                     0.00  8.93e-03         4  2.23e-03  1.40e-03  3.58e-03  cuDeviceGetPCIBusId
                     0.00  6.12e-03        15  4.08e-04  3.14e-04  8.46e-04  cuDeviceGetAttribute
                     0.00  4.55e-03         3  1.52e-03  1.21e-03  2.07e-03  cuModuleGetGlobal
                     0.00  4.45e-03         5  8.90e-04  4.83e-04  2.19e-03  cuDeviceGet
                     0.00  2.66e-03         2  1.33e-03  1.05e-03  1.61e-03  cuModuleGetFunction
                     0.00  1.68e-03         1  1.68e-03  1.68e-03  1.68e-03  cuDevicePrimaryCtxGetState
                     0.00  1.67e-03         2  8.35e-04  7.30e-04  9.41e-04  cuFuncGetAttribute
                     0.00  1.46e-03         3  4.85e-04  4.20e-04  5.66e-04  cuDeviceGetCount
                     0.00  9.82e-04         1  9.82e-04  9.82e-04  9.82e-04  cuDevicePrimaryCtxSetFlags
                     0.00  6.02e-04         1  6.02e-04  6.02e-04  6.02e-04  cuCtxGetDevice
