==3415== NVPROF is profiling process 3415, command: mm_offload 32 450
==3415== Profiling application: mm_offload 32 450
==3415== Profiling result:
            Type  Time(%)      Time     Calls       Avg       Min       Max  Name
                        %        ms                  ms        ms        ms
 GPU activities:    48.28  0.120192         1  0.120192  0.120192  0.120192  __omp_offloading_30_13046cf_main_l50
                    46.54  0.115871         1  0.115871  0.115871  0.115871  __omp_offloading_30_13046cf_main_l64
                     2.78  6.91e-03         3  2.30e-03  2.30e-03  2.30e-03  [CUDA memcpy HtoD]
                     2.40  5.98e-03         3  1.99e-03  1.82e-03  2.30e-03  [CUDA memcpy DtoH]
      API calls:    65.38  239.6722         1  239.6722  239.6722  239.6722  cuDevicePrimaryCtxRetain
                    26.31  96.44010         1  96.44010  96.44010  96.44010  cuDevicePrimaryCtxRelease
                     6.19  22.69726         1  22.69726  22.69726  22.69726  cuModuleLoadDataEx
                     1.48  5.412131         1  5.412131  5.412131  5.412131  cuModuleUnload
                     0.21  0.783952        32  0.024498  3.95e-03  0.335268  cuStreamCreate
                     0.13  0.487801         5  0.097560  7.35e-03  0.453853  cuMemAlloc
                     0.13  0.477232        32  0.014913  0.014125  0.022263  cuStreamDestroy
                     0.11  0.390725         6  0.065120  6.44e-03  0.169023  cuStreamSynchronize
                     0.02  0.073714         2  0.036857  0.030571  0.043143  cuMemcpyDtoH
                     0.01  0.039273         2  0.019636  0.017071  0.022202  cuLaunchKernel
                     0.01  0.031021         1  0.031021  0.031021  0.031021  cuMemcpyDtoHAsync
                     0.01  0.028882         3  9.63e-03  8.38e-03  0.011577  cuMemcpyHtoDAsync
                     0.00  0.012650        19  6.65e-04  3.78e-04  1.40e-03  cuCtxSetCurrent
                     0.00  8.68e-03         4  2.17e-03  1.31e-03  3.64e-03  cuDeviceGetPCIBusId
                     0.00  6.38e-03        15  4.25e-04  2.56e-04  9.29e-04  cuDeviceGetAttribute
                     0.00  4.55e-03         3  1.52e-03  1.21e-03  2.05e-03  cuModuleGetGlobal
                     0.00  4.40e-03         5  8.80e-04  4.37e-04  2.32e-03  cuDeviceGet
                     0.00  2.89e-03         2  1.45e-03  1.07e-03  1.82e-03  cuModuleGetFunction
                     0.00  2.83e-03         2  1.41e-03  9.06e-04  1.93e-03  cuFuncGetAttribute
                     0.00  2.37e-03         1  2.37e-03  2.37e-03  2.37e-03  cuDevicePrimaryCtxGetState
                     0.00  1.39e-03         3  4.64e-04  3.58e-04  5.37e-04  cuDeviceGetCount
                     0.00  1.29e-03         1  1.29e-03  1.29e-03  1.29e-03  cuDevicePrimaryCtxSetFlags
                     0.00  9.53e-04         1  9.53e-04  9.53e-04  9.53e-04  cuCtxGetDevice
