==1318== NVPROF is profiling process 1318, command: mm_offload 64 200
==1318== Profiling application: mm_offload 64 200
==1318== Profiling result:
            Type  Time(%)      Time     Calls       Avg       Min       Max  Name
                        %        ms                  ms        ms        ms
 GPU activities:    47.53  0.170399         1  0.170399  0.170399  0.170399  __omp_offloading_30_13046cf_main_l50
                    46.37  0.166239         1  0.166239  0.166239  0.166239  __omp_offloading_30_13046cf_main_l64
                     4.17  0.014944         3  4.98e-03  4.96e-03  4.99e-03  [CUDA memcpy HtoD]
                     1.93  6.91e-03         3  2.30e-03  1.86e-03  3.20e-03  [CUDA memcpy DtoH]
      API calls:    70.00  284.2621         1  284.2621  284.2621  284.2621  cuDevicePrimaryCtxRetain
                    22.82  92.66639         1  92.66639  92.66639  92.66639  cuDevicePrimaryCtxRelease
                     5.48  22.27399         1  22.27399  22.27399  22.27399  cuModuleLoadDataEx
                     1.08  4.390102         1  4.390102  4.390102  4.390102  cuModuleUnload
                     0.19  0.785135        32  0.024535  4.06e-03  0.333350  cuStreamCreate
                     0.12  0.483124         6  0.080520  5.27e-03  0.218117  cuStreamSynchronize
                     0.10  0.408371         5  0.081674  5.38e-03  0.382272  cuMemAlloc
                     0.09  0.367263        32  0.011476  0.010928  0.016810  cuStreamDestroy
                     0.07  0.270200         5  0.054040  9.94e-03  0.223150  cuMemFree
                     0.02  0.061997         2  0.030998  0.026497  0.035500  cuMemcpyDtoH
                     0.01  0.035744         3  0.011914  0.010654  0.014186  cuMemcpyHtoDAsync
                     0.01  0.032341         2  0.016170  0.014416  0.017925  cuLaunchKernel
                     0.01  0.030051         1  0.030051  0.030051  0.030051  cuMemcpyDtoHAsync
                     0.00  0.012912        24  5.38e-04  3.11e-04  1.48e-03  cuCtxSetCurrent
                     0.00  0.010093         4  2.52e-03  1.36e-03  3.88e-03  cuDeviceGetPCIBusId
                     0.00  6.31e-03        15  4.20e-04  2.54e-04  1.17e-03  cuDeviceGetAttribute
                     0.00  5.82e-03         5  1.16e-03  4.19e-04  3.80e-03  cuDeviceGet
                     0.00  3.41e-03         1  3.41e-03  3.41e-03  3.41e-03  cuDevicePrimaryCtxGetState
                     0.00  3.29e-03         3  1.10e-03  7.25e-04  1.46e-03  cuModuleGetGlobal
                     0.00  2.07e-03         1  2.07e-03  2.07e-03  2.07e-03  cuDevicePrimaryCtxSetFlags
                     0.00  2.02e-03         2  1.01e-03  7.97e-04  1.22e-03  cuModuleGetFunction
                     0.00  1.76e-03         2  8.78e-04  7.70e-04  9.86e-04  cuFuncGetAttribute
                     0.00  1.40e-03         3  4.67e-04  3.67e-04  5.79e-04  cuDeviceGetCount
                     0.00  6.59e-04         1  6.59e-04  6.59e-04  6.59e-04  cuCtxGetDevice
