==2654== NVPROF is profiling process 2654, command: mm_offload 64 350
==2654== Profiling application: mm_offload 64 350
==2654== Profiling result:
            Type  Time(%)      Time     Calls       Avg       Min       Max  Name
                        %        ms                  ms        ms        ms
 GPU activities:    47.99  0.180287         1  0.180287  0.180287  0.180287  __omp_offloading_30_13046cf_main_l50
                    46.25  0.173760         1  0.173760  0.173760  0.173760  __omp_offloading_30_13046cf_main_l64
                     3.97  0.014912         3  4.97e-03  4.96e-03  4.99e-03  [CUDA memcpy HtoD]
                     1.79  6.72e-03         3  2.24e-03  1.82e-03  3.07e-03  [CUDA memcpy DtoH]
      API calls:    69.98  283.7861         1  283.7861  283.7861  283.7861  cuDevicePrimaryCtxRetain
                    22.83  92.56840         1  92.56840  92.56840  92.56840  cuDevicePrimaryCtxRelease
                     5.49  22.25189         1  22.25189  22.25189  22.25189  cuModuleLoadDataEx
                     1.08  4.386812         1  4.386812  4.386812  4.386812  cuModuleUnload
                     0.19  0.780787        32  0.024399  4.02e-03  0.333018  cuStreamCreate
                     0.12  0.500490         6  0.083415  5.24e-03  0.228838  cuStreamSynchronize
                     0.10  0.414609         5  0.082921  5.50e-03  0.388180  cuMemAlloc
                     0.09  0.362893        32  0.011340  0.010872  0.016638  cuStreamDestroy
                     0.07  0.268163         5  0.053632  9.90e-03  0.221579  cuMemFree
                     0.01  0.060271         2  0.030135  0.026301  0.033970  cuMemcpyDtoH
                     0.01  0.035556         3  0.011852  0.010517  0.014267  cuMemcpyHtoDAsync
                     0.01  0.031493         2  0.015746  0.013949  0.017544  cuLaunchKernel
                     0.01  0.028851         1  0.028851  0.028851  0.028851  cuMemcpyDtoHAsync
                     0.00  0.012993        24  5.41e-04  3.06e-04  1.44e-03  cuCtxSetCurrent
                     0.00  9.83e-03         4  2.46e-03  1.31e-03  4.06e-03  cuDeviceGetPCIBusId
                     0.00  6.28e-03        15  4.18e-04  2.64e-04  1.43e-03  cuDeviceGetAttribute
                     0.00  5.70e-03         5  1.14e-03  4.10e-04  3.74e-03  cuDeviceGet
                     0.00  3.49e-03         3  1.16e-03  7.68e-04  1.55e-03  cuModuleGetGlobal
                     0.00  3.11e-03         1  3.11e-03  3.11e-03  3.11e-03  cuDevicePrimaryCtxGetState
                     0.00  1.95e-03         1  1.95e-03  1.95e-03  1.95e-03  cuDevicePrimaryCtxSetFlags
                     0.00  1.93e-03         2  9.65e-04  8.07e-04  1.12e-03  cuModuleGetFunction
                     0.00  1.71e-03         2  8.55e-04  7.77e-04  9.33e-04  cuFuncGetAttribute
                     0.00  1.49e-03         3  4.95e-04  3.71e-04  6.84e-04  cuDeviceGetCount
                     0.00  8.56e-04         1  8.56e-04  8.56e-04  8.56e-04  cuCtxGetDevice
