==2242== NVPROF is profiling process 2242, command: mm_offload 64 300
==2242== Profiling application: mm_offload 64 300
==2242== Profiling result:
            Type  Time(%)      Time     Calls       Avg       Min       Max  Name
                        %        ms                  ms        ms        ms
 GPU activities:    47.18  0.170111         1  0.170111  0.170111  0.170111  __omp_offloading_30_13046cf_main_l50
                    46.79  0.168703         1  0.168703  0.168703  0.168703  __omp_offloading_30_13046cf_main_l64
                     4.14  0.014944         3  4.98e-03  4.96e-03  4.99e-03  [CUDA memcpy HtoD]
                     1.89  6.82e-03         3  2.27e-03  1.86e-03  3.10e-03  [CUDA memcpy DtoH]
      API calls:    70.02  283.3981         1  283.3981  283.3981  283.3981  cuDevicePrimaryCtxRetain
                    22.78  92.19322         1  92.19322  92.19322  92.19322  cuDevicePrimaryCtxRelease
                     5.49  22.23901         1  22.23901  22.23901  22.23901  cuModuleLoadDataEx
                     1.09  4.395043         1  4.395043  4.395043  4.395043  cuModuleUnload
                     0.19  0.783378        32  0.024480  4.04e-03  0.334162  cuStreamCreate
                     0.12  0.482842         6  0.080473  5.17e-03  0.217530  cuStreamSynchronize
                     0.10  0.410971         5  0.082194  5.56e-03  0.383916  cuMemAlloc
                     0.09  0.362331        32  0.011322  0.010798  0.016579  cuStreamDestroy
                     0.07  0.268796         5  0.053759  9.98e-03  0.222314  cuMemFree
                     0.01  0.059058         2  0.029529  0.024636  0.034422  cuMemcpyDtoH
                     0.01  0.038280         2  0.019140  0.018077  0.020203  cuLaunchKernel
                     0.01  0.034346         3  0.011448  0.010341  0.013595  cuMemcpyHtoDAsync
                     0.01  0.029829         1  0.029829  0.029829  0.029829  cuMemcpyDtoHAsync
                     0.00  0.013050        24  5.43e-04  2.99e-04  1.65e-03  cuCtxSetCurrent
                     0.00  0.010869         4  2.72e-03  1.49e-03  3.96e-03  cuDeviceGetPCIBusId
                     0.00  6.58e-03        15  4.38e-04  2.66e-04  1.22e-03  cuDeviceGetAttribute
                     0.00  5.72e-03         5  1.14e-03  4.85e-04  3.45e-03  cuDeviceGet
                     0.00  3.52e-03         1  3.52e-03  3.52e-03  3.52e-03  cuDevicePrimaryCtxGetState
                     0.00  3.42e-03         3  1.14e-03  7.52e-04  1.55e-03  cuModuleGetGlobal
                     0.00  1.95e-03         2  9.76e-04  8.07e-04  1.15e-03  cuModuleGetFunction
                     0.00  1.92e-03         1  1.92e-03  1.92e-03  1.92e-03  cuDevicePrimaryCtxSetFlags
                     0.00  1.79e-03         3  5.95e-04  3.91e-04  8.62e-04  cuDeviceGetCount
                     0.00  1.78e-03         2  8.89e-04  7.37e-04  1.04e-03  cuFuncGetAttribute
                     0.00  5.86e-04         1  5.86e-04  5.86e-04  5.86e-04  cuCtxGetDevice
