==3475== NVPROF is profiling process 3475, command: mm_offload 64 450
==3475== Profiling application: mm_offload 64 450
==3475== Profiling result:
            Type  Time(%)      Time     Calls       Avg       Min       Max  Name
                        %        ms                  ms        ms        ms
 GPU activities:    47.82  0.172255         1  0.172255  0.172255  0.172255  __omp_offloading_30_13046cf_main_l50
                    46.15  0.166239         1  0.166239  0.166239  0.166239  __omp_offloading_30_13046cf_main_l64
                     4.16  0.014976         3  4.99e-03  4.99e-03  4.99e-03  [CUDA memcpy HtoD]
                     1.87  6.72e-03         3  2.24e-03  1.82e-03  3.07e-03  [CUDA memcpy DtoH]
      API calls:    69.78  280.4745         1  280.4745  280.4745  280.4745  cuDevicePrimaryCtxRetain
                    22.99  92.41282         1  92.41282  92.41282  92.41282  cuDevicePrimaryCtxRelease
                     5.52  22.19455         1  22.19455  22.19455  22.19455  cuModuleLoadDataEx
                     1.08  4.341885         1  4.341885  4.341885  4.341885  cuModuleUnload
                     0.20  0.787195        32  0.024599  3.92e-03  0.334710  cuStreamCreate
                     0.12  0.489236         6  0.081539  5.24e-03  0.220658  cuStreamSynchronize
                     0.10  0.402216         5  0.080443  5.59e-03  0.375719  cuMemAlloc
                     0.09  0.368685        32  0.011521  0.010836  0.017263  cuStreamDestroy
                     0.07  0.269112         5  0.053822  9.82e-03  0.222876  cuMemFree
                     0.02  0.062750         2  0.031375  0.026637  0.036113  cuMemcpyDtoH
                     0.01  0.035537         3  0.011845  0.010516  0.014058  cuMemcpyHtoDAsync
                     0.01  0.031940         2  0.015970  0.014033  0.017907  cuLaunchKernel
                     0.01  0.028576         1  0.028576  0.028576  0.028576  cuMemcpyDtoHAsync
                     0.00  0.012896        24  5.37e-04  3.15e-04  1.55e-03  cuCtxSetCurrent
                     0.00  8.52e-03         4  2.13e-03  1.38e-03  3.26e-03  cuDeviceGetPCIBusId
                     0.00  6.14e-03        15  4.09e-04  2.58e-04  1.12e-03  cuDeviceGetAttribute
                     0.00  5.77e-03         5  1.15e-03  4.30e-04  3.81e-03  cuDeviceGet
                     0.00  3.39e-03         3  1.13e-03  7.97e-04  1.45e-03  cuModuleGetGlobal
                     0.00  3.13e-03         1  3.13e-03  3.13e-03  3.13e-03  cuDevicePrimaryCtxGetState
                     0.00  2.07e-03         1  2.07e-03  2.07e-03  2.07e-03  cuDevicePrimaryCtxSetFlags
                     0.00  2.01e-03         2  1.01e-03  7.56e-04  1.25e-03  cuFuncGetAttribute
                     0.00  1.91e-03         2  9.57e-04  8.09e-04  1.11e-03  cuModuleGetFunction
                     0.00  1.41e-03         3  4.69e-04  3.55e-04  5.99e-04  cuDeviceGetCount
                     0.00  6.29e-04         1  6.29e-04  6.29e-04  6.29e-04  cuCtxGetDevice
