==179344== NVPROF is profiling process 179344, command: mm_offload 64 50
==179344== Profiling application: mm_offload 64 50
==179344== Profiling result:
            Type  Time(%)      Time     Calls       Avg       Min       Max  Name
                        %        ms                  ms        ms        ms
 GPU activities:    47.81  0.172255         1  0.172255  0.172255  0.172255  __omp_offloading_30_13046cf_main_l50
                    46.11  0.166143         1  0.166143  0.166143  0.166143  __omp_offloading_30_13046cf_main_l64
                     4.13  0.014880         3  4.96e-03  4.96e-03  4.96e-03  [CUDA memcpy HtoD]
                     1.95  7.04e-03         3  2.35e-03  1.86e-03  3.33e-03  [CUDA memcpy DtoH]
      API calls:    68.83  272.6501         1  272.6501  272.6501  272.6501  cuDevicePrimaryCtxRetain
                    23.40  92.67937         1  92.67937  92.67937  92.67937  cuDevicePrimaryCtxRelease
                     5.97  23.65467         1  23.65467  23.65467  23.65467  cuModuleLoadDataEx
                     1.11  4.407479         1  4.407479  4.407479  4.407479  cuModuleUnload
                     0.20  0.781433        32  0.024419  3.96e-03  0.333348  cuStreamCreate
                     0.13  0.503748         6  0.083958  6.58e-03  0.227067  cuStreamSynchronize
                     0.12  0.494688         5  0.098937  7.41e-03  0.459267  cuMemAlloc
                     0.10  0.378975        32  0.011842  0.010853  0.017084  cuStreamDestroy
                     0.09  0.347641         5  0.069528  0.011748  0.290262  cuMemFree
                     0.02  0.073831         2  0.036915  0.030616  0.043215  cuMemcpyDtoH
                     0.01  0.039979         2  0.019989  0.017443  0.022536  cuLaunchKernel
                     0.01  0.038612         3  0.012870  0.010355  0.014211  cuMemcpyHtoDAsync
                     0.01  0.034940         1  0.034940  0.034940  0.034940  cuMemcpyDtoHAsync
                     0.00  0.014622        24  6.09e-04  3.29e-04  1.30e-03  cuCtxSetCurrent
                     0.00  9.36e-03         4  2.34e-03  1.39e-03  3.83e-03  cuDeviceGetPCIBusId
                     0.00  6.29e-03        15  4.19e-04  2.69e-04  1.10e-03  cuDeviceGetAttribute
                     0.00  6.18e-03         5  1.24e-03  4.92e-04  3.99e-03  cuDeviceGet
                     0.00  4.00e-03         3  1.33e-03  1.07e-03  1.69e-03  cuModuleGetGlobal
                     0.00  3.28e-03         1  3.28e-03  3.28e-03  3.28e-03  cuDevicePrimaryCtxGetState
                     0.00  3.02e-03         2  1.51e-03  1.01e-03  2.01e-03  cuModuleGetFunction
                     0.00  2.60e-03         2  1.30e-03  9.51e-04  1.65e-03  cuFuncGetAttribute
                     0.00  2.02e-03         1  2.02e-03  2.02e-03  2.02e-03  cuDevicePrimaryCtxSetFlags
                     0.00  1.46e-03         3  4.86e-04  3.90e-04  5.51e-04  cuDeviceGetCount
                     0.00  4.83e-04         1  4.83e-04  4.83e-04  4.83e-04  cuCtxGetDevice
