==3892== NVPROF is profiling process 3892, command: mm_offload 64 500
==3892== Profiling application: mm_offload 64 500
==3892== Profiling result:
            Type  Time(%)      Time     Calls       Avg       Min       Max  Name
                        %        ms                  ms        ms        ms
 GPU activities:    48.12  0.175423         1  0.175423  0.175423  0.175423  __omp_offloading_30_13046cf_main_l50
                    45.94  0.167455         1  0.167455  0.167455  0.167455  __omp_offloading_30_13046cf_main_l64
                     4.10  0.014944         3  4.98e-03  4.96e-03  4.99e-03  [CUDA memcpy HtoD]
                     1.84  6.72e-03         3  2.24e-03  1.82e-03  3.07e-03  [CUDA memcpy DtoH]
      API calls:    66.09  244.5518         1  244.5518  244.5518  244.5518  cuDevicePrimaryCtxRetain
                    25.58  94.66552         1  94.66552  94.66552  94.66552  cuDevicePrimaryCtxRelease
                     6.11  22.61807         1  22.61807  22.61807  22.61807  cuModuleLoadDataEx
                     1.45  5.361026         1  5.361026  5.361026  5.361026  cuModuleUnload
                     0.21  0.780731        32  0.024397  4.07e-03  0.334127  cuStreamCreate
                     0.13  0.499050         6  0.083175  6.74e-03  0.225094  cuStreamSynchronize
                     0.13  0.485999         5  0.097199  7.29e-03  0.452301  cuMemAlloc
                     0.13  0.468504        32  0.014640  0.013933  0.021745  cuStreamDestroy
                     0.09  0.349326         5  0.069865  0.011810  0.291389  cuMemFree
                     0.02  0.073772         2  0.036886  0.030596  0.043176  cuMemcpyDtoH
                     0.01  0.040499         2  0.020249  0.017398  0.023101  cuLaunchKernel
                     0.01  0.036962         3  0.012320  0.010603  0.014228  cuMemcpyHtoDAsync
                     0.01  0.033975         1  0.033975  0.033975  0.033975  cuMemcpyDtoHAsync
                     0.00  0.015152        24  6.31e-04  3.77e-04  1.12e-03  cuCtxSetCurrent
                     0.00  9.20e-03         4  2.30e-03  1.46e-03  3.54e-03  cuDeviceGetPCIBusId
                     0.00  6.60e-03        15  4.39e-04  3.45e-04  1.21e-03  cuDeviceGetAttribute
                     0.00  5.69e-03         5  1.14e-03  4.37e-04  3.68e-03  cuDeviceGet
                     0.00  4.28e-03         3  1.43e-03  1.18e-03  1.89e-03  cuModuleGetGlobal
                     0.00  3.29e-03         2  1.64e-03  1.00e-03  2.29e-03  cuModuleGetFunction
                     0.00  2.73e-03         1  2.73e-03  2.73e-03  2.73e-03  cuDevicePrimaryCtxGetState
                     0.00  2.50e-03         2  1.25e-03  9.25e-04  1.58e-03  cuFuncGetAttribute
                     0.00  2.02e-03         1  2.02e-03  2.02e-03  2.02e-03  cuDevicePrimaryCtxSetFlags
                     0.00  1.50e-03         3  4.99e-04  3.96e-04  6.06e-04  cuDeviceGetCount
                     0.00  7.46e-04         1  7.46e-04  7.46e-04  7.46e-04  cuCtxGetDevice
