==179609== NVPROF is profiling process 179609, command: mm_offload 8 100
==179609== Profiling application: mm_offload 8 100
==179609== Profiling result:
            Type  Time(%)      Time     Calls       Avg       Min       Max  Name
                        %        ms                  ms        ms        ms
 GPU activities:    48.29  0.082624         1  0.082624  0.082624  0.082624  __omp_offloading_30_13046cf_main_l50
                    45.50  0.077855         1  0.077855  0.077855  0.077855  __omp_offloading_30_13046cf_main_l64
                     3.44  5.89e-03         3  1.96e-03  1.82e-03  2.21e-03  [CUDA memcpy DtoH]
                     2.77  4.74e-03         3  1.58e-03  1.44e-03  1.82e-03  [CUDA memcpy HtoD]
      API calls:    59.96  180.5387         1  180.5387  180.5387  180.5387  cuDevicePrimaryCtxRetain
                    30.54  91.95133         1  91.95133  91.95133  91.95133  cuDevicePrimaryCtxRelease
                     7.38  22.22415         1  22.22415  22.22415  22.22415  cuModuleLoadDataEx
                     1.45  4.356116         1  4.356116  4.356116  4.356116  cuModuleUnload
                     0.26  0.782379        32  0.024449  4.01e-03  0.333557  cuStreamCreate
                     0.13  0.400322         5  0.080064  5.75e-03  0.374177  cuMemAlloc
                     0.12  0.364932        32  0.011404  0.010921  0.016302  cuStreamDestroy
                     0.10  0.299635         6  0.049939  5.18e-03  0.130936  cuStreamSynchronize
                     0.02  0.059423         2  0.029711  0.026139  0.033284  cuMemcpyDtoH
                     0.01  0.030967         2  0.015483  0.013349  0.017618  cuLaunchKernel
                     0.01  0.028319         1  0.028319  0.028319  0.028319  cuMemcpyDtoHAsync
                     0.01  0.025815         3  8.61e-03  7.27e-03  0.011163  cuMemcpyHtoDAsync
                     0.00  0.010849        19  5.71e-04  3.09e-04  1.47e-03  cuCtxSetCurrent
                     0.00  8.64e-03         4  2.16e-03  1.39e-03  3.51e-03  cuDeviceGetPCIBusId
                     0.00  6.36e-03        15  4.24e-04  2.73e-04  1.10e-03  cuDeviceGetAttribute
                     0.00  3.43e-03         5  6.85e-04  4.43e-04  1.33e-03  cuDeviceGet
                     0.00  3.39e-03         3  1.13e-03  8.16e-04  1.49e-03  cuModuleGetGlobal
                     0.00  1.98e-03         2  9.91e-04  8.22e-04  1.16e-03  cuModuleGetFunction
                     0.00  1.87e-03         2  9.32e-04  6.76e-04  1.19e-03  cuFuncGetAttribute
                     0.00  1.49e-03         3  4.95e-04  3.73e-04  6.10e-04  cuDeviceGetCount
                     0.00  1.13e-03         1  1.13e-03  1.13e-03  1.13e-03  cuDevicePrimaryCtxGetState
                     0.00  9.12e-04         1  9.12e-04  9.12e-04  9.12e-04  cuCtxGetDevice
                     0.00  7.44e-04         1  7.44e-04  7.44e-04  7.44e-04  cuDevicePrimaryCtxSetFlags
