==1142== NVPROF is profiling process 1142, command: mm_offload 8 200
==1142== Profiling application: mm_offload 8 200
==1142== Profiling result:
            Type  Time(%)      Time     Calls       Avg       Min       Max  Name
                        %        ms                  ms        ms        ms
 GPU activities:    48.22  0.081280         1  0.081280  0.081280  0.081280  __omp_offloading_30_13046cf_main_l50
                    45.40  0.076512         1  0.076512  0.076512  0.076512  __omp_offloading_30_13046cf_main_l64
                     3.57  6.02e-03         3  2.01e-03  1.82e-03  2.34e-03  [CUDA memcpy DtoH]
                     2.81  4.74e-03         3  1.58e-03  1.44e-03  1.82e-03  [CUDA memcpy HtoD]
      API calls:    63.71  211.5756         1  211.5756  211.5756  211.5756  cuDevicePrimaryCtxRetain
                    27.65  91.81555         1  91.81555  91.81555  91.81555  cuDevicePrimaryCtxRelease
                     6.70  22.24225         1  22.24225  22.24225  22.24225  cuModuleLoadDataEx
                     1.32  4.394556         1  4.394556  4.394556  4.394556  cuModuleUnload
                     0.23  0.776577        32  0.024268  3.98e-03  0.331454  cuStreamCreate
                     0.12  0.399941         5  0.079988  5.57e-03  0.373731  cuMemAlloc
                     0.11  0.363128        32  0.011347  0.010908  0.016312  cuStreamDestroy
                     0.10  0.317592         6  0.052932  5.03e-03  0.139719  cuStreamSynchronize
                     0.02  0.060453         2  0.030226  0.026579  0.033874  cuMemcpyDtoH
                     0.01  0.031516         2  0.015758  0.014169  0.017347  cuLaunchKernel
                     0.01  0.028327         1  0.028327  0.028327  0.028327  cuMemcpyDtoHAsync
                     0.01  0.025736         3  8.58e-03  7.37e-03  0.010857  cuMemcpyHtoDAsync
                     0.00  0.010715        19  5.63e-04  3.07e-04  1.55e-03  cuCtxSetCurrent
                     0.00  8.93e-03         4  2.23e-03  1.36e-03  3.76e-03  cuDeviceGetPCIBusId
                     0.00  6.51e-03        15  4.34e-04  2.54e-04  1.17e-03  cuDeviceGetAttribute
                     0.00  3.38e-03         3  1.13e-03  7.83e-04  1.53e-03  cuModuleGetGlobal
                     0.00  2.97e-03         5  5.94e-04  4.44e-04  9.59e-04  cuDeviceGet
                     0.00  1.88e-03         2  9.41e-04  7.87e-04  1.10e-03  cuModuleGetFunction
                     0.00  1.77e-03         2  8.83e-04  7.40e-04  1.03e-03  cuFuncGetAttribute
                     0.00  1.38e-03         3  4.60e-04  3.19e-04  6.00e-04  cuDeviceGetCount
                     0.00  1.30e-03         1  1.30e-03  1.30e-03  1.30e-03  cuDevicePrimaryCtxGetState
                     0.00  6.56e-04         1  6.56e-04  6.56e-04  6.56e-04  cuDevicePrimaryCtxSetFlags
                     0.00  6.45e-04         1  6.45e-04  6.45e-04  6.45e-04  cuCtxGetDevice
