==91007== NVPROF is profiling process 91007, command: mm_offload 8 250
==91007== Profiling application: mm_offload 8 250
==91007== Profiling result:
            Type  Time(%)      Time     Calls       Avg       Min       Max  Name
                        %        ms                  ms        ms        ms
 GPU activities:    48.37  0.081504         1  0.081504  0.081504  0.081504  __omp_offloading_30_13046cf_main_l50
                    45.29  0.076319         1  0.076319  0.076319  0.076319  __omp_offloading_30_13046cf_main_l64
                     3.59  6.05e-03         3  2.02e-03  1.82e-03  2.37e-03  [CUDA memcpy DtoH]
                     2.75  4.64e-03         3  1.55e-03  1.44e-03  1.76e-03  [CUDA memcpy HtoD]
      API calls:    59.94  182.0932         1  182.0932  182.0932  182.0932  cuDevicePrimaryCtxRetain
                    30.25  91.90082         1  91.90082  91.90082  91.90082  cuDevicePrimaryCtxRelease
                     7.27  22.07824         1  22.07824  22.07824  22.07824  cuModuleLoadDataEx
                     1.43  4.347556         1  4.347556  4.347556  4.347556  cuModuleUnload
                     0.57  1.726865         5  0.345373  5.00e-03  1.702050  cuMemAlloc
                     0.26  0.784239        32  0.024507  4.08e-03  0.333037  cuStreamCreate
                     0.12  0.367651        32  0.011489  0.010988  0.016370  cuStreamDestroy
                     0.10  0.309292         6  0.051548  5.25e-03  0.135970  cuStreamSynchronize
                     0.02  0.059145         2  0.029572  0.025887  0.033258  cuMemcpyDtoH
                     0.01  0.030231         2  0.015115  0.013246  0.016985  cuLaunchKernel
                     0.01  0.027917         1  0.027917  0.027917  0.027917  cuMemcpyDtoHAsync
                     0.01  0.025452         3  8.48e-03  7.01e-03  0.011146  cuMemcpyHtoDAsync
                     0.00  0.010072        19  5.30e-04  3.11e-04  1.39e-03  cuCtxSetCurrent
                     0.00  8.94e-03         4  2.23e-03  1.40e-03  3.16e-03  cuDeviceGetPCIBusId
                     0.00  5.52e-03        15  3.68e-04  2.64e-04  7.71e-04  cuDeviceGetAttribute
                     0.00  3.17e-03         3  1.06e-03  7.01e-04  1.38e-03  cuModuleGetGlobal
                     0.00  2.95e-03         5  5.90e-04  4.65e-04  8.24e-04  cuDeviceGet
                     0.00  1.85e-03         2  9.23e-04  7.65e-04  1.08e-03  cuModuleGetFunction
                     0.00  1.71e-03         2  8.57e-04  7.68e-04  9.46e-04  cuFuncGetAttribute
                     0.00  1.40e-03         3  4.67e-04  3.77e-04  5.30e-04  cuDeviceGetCount
                     0.00  9.90e-04         1  9.90e-04  9.90e-04  9.90e-04  cuDevicePrimaryCtxGetState
                     0.00  6.04e-04         1  6.04e-04  6.04e-04  6.04e-04  cuCtxGetDevice
                     0.00  4.80e-04         1  4.80e-04  4.80e-04  4.80e-04  cuDevicePrimaryCtxSetFlags
