==3735== NVPROF is profiling process 3735, command: mm_offload 8 500
==3735== Profiling application: mm_offload 8 500
==3735== Profiling result:
            Type  Time(%)      Time     Calls       Avg       Min       Max  Name
                        %        ms                  ms        ms        ms
 GPU activities:    48.55  0.082784         1  0.082784  0.082784  0.082784  __omp_offloading_30_13046cf_main_l50
                    45.25  0.077152         1  0.077152  0.077152  0.077152  __omp_offloading_30_13046cf_main_l64
                     3.42  5.82e-03         3  1.94e-03  1.86e-03  2.11e-03  [CUDA memcpy DtoH]
                     2.78  4.74e-03         3  1.58e-03  1.44e-03  1.82e-03  [CUDA memcpy HtoD]
      API calls:    59.96  181.3672         1  181.3672  181.3672  181.3672  cuDevicePrimaryCtxRetain
                    30.58  92.48547         1  92.48547  92.48547  92.48547  cuDevicePrimaryCtxRelease
                     7.34  22.20678         1  22.20678  22.20678  22.20678  cuModuleLoadDataEx
                     1.44  4.367711         1  4.367711  4.367711  4.367711  cuModuleUnload
                     0.26  0.782982        32  0.024468  4.07e-03  0.332729  cuStreamCreate
                     0.13  0.399703         5  0.079940  5.60e-03  0.373964  cuMemAlloc
                     0.12  0.364880        32  0.011402  0.010925  0.016216  cuStreamDestroy
                     0.10  0.298042         6  0.049673  5.16e-03  0.130661  cuStreamSynchronize
                     0.02  0.059976         2  0.029988  0.026446  0.033530  cuMemcpyDtoH
                     0.01  0.030662         2  0.015331  0.013164  0.017498  cuLaunchKernel
                     0.01  0.027370         1  0.027370  0.027370  0.027370  cuMemcpyDtoHAsync
                     0.01  0.025287         3  8.43e-03  7.20e-03  0.010837  cuMemcpyHtoDAsync
                     0.00  0.010677        19  5.61e-04  2.97e-04  1.62e-03  cuCtxSetCurrent
                     0.00  8.77e-03         4  2.19e-03  1.44e-03  3.54e-03  cuDeviceGetPCIBusId
                     0.00  6.88e-03        15  4.58e-04  2.65e-04  1.44e-03  cuDeviceGetAttribute
                     0.00  3.11e-03         5  6.21e-04  4.43e-04  1.09e-03  cuDeviceGet
                     0.00  3.06e-03         3  1.02e-03  7.17e-04  1.28e-03  cuModuleGetGlobal
                     0.00  2.12e-03         2  1.06e-03  7.93e-04  1.33e-03  cuModuleGetFunction
                     0.00  1.74e-03         2  8.69e-04  7.38e-04  1.00e-03  cuFuncGetAttribute
                     0.00  1.42e-03         3  4.74e-04  3.58e-04  5.74e-04  cuDeviceGetCount
                     0.00  1.19e-03         1  1.19e-03  1.19e-03  1.19e-03  cuDevicePrimaryCtxGetState
                     0.00  7.97e-04         1  7.97e-04  7.97e-04  7.97e-04  cuDevicePrimaryCtxSetFlags
                     0.00  7.27e-04         1  7.27e-04  7.27e-04  7.27e-04  cuCtxGetDevice
